[0.016s] Invoking command in '/home/xytron/xycar_ws/build/vesc_driver': AMENT_PREFIX_PATH=/home/xytron/xycar_ws/install/vesc_msgs:${AMENT_PREFIX_PATH} CMAKE_PREFIX_PATH=/home/xytron/xycar_ws/install/vesc_msgs:/opt/ros/humble LD_LIBRARY_PATH=/home/xytron/xycar_ws/install/vesc_msgs/lib:${LD_LIBRARY_PATH} PYTHONPATH=/home/xytron/xycar_ws/install/vesc_msgs/local/lib/python3.10/dist-packages:${PYTHONPATH} /usr/bin/cmake /home/xytron/xycar_ws/src/xycar_device/vesc/vesc_driver -DCMAKE_INSTALL_PREFIX=/home/xytron/xycar_ws/install/vesc_driver
[0.139s] -- The C compiler identification is GNU 11.4.0
[0.319s] -- The CXX compiler identification is GNU 11.4.0
[0.343s] -- Detecting C compiler ABI info
[0.561s] -- Detecting C compiler ABI info - done
[0.584s] -- Check for working C compiler: /usr/bin/cc - skipped
[0.584s] -- Detecting C compile features
[0.585s] -- Detecting C compile features - done
[0.590s] -- Detecting CXX compiler ABI info
[0.734s] -- Detecting CXX compiler ABI info - done
[0.747s] -- Check for working CXX compiler: /usr/bin/c++ - skipped
[0.748s] -- Detecting CXX compile features
[0.748s] -- Detecting CXX compile features - done
[0.753s] -- Found ament_cmake_auto: 1.3.11 (/opt/ros/humble/share/ament_cmake_auto/cmake)
[0.985s] -- Found Python3: /usr/bin/python3 (found version "3.10.12") found components: Interpreter 
[1.194s] -- Found rosidl_generator_c: 3.1.6 (/opt/ros/humble/share/rosidl_generator_c/cmake)
[1.199s] -- Found rosidl_adapter: 3.1.6 (/opt/ros/humble/share/rosidl_adapter/cmake)
[1.206s] -- Found rosidl_generator_cpp: 3.1.6 (/opt/ros/humble/share/rosidl_generator_cpp/cmake)
[1.218s] -- Using all available rosidl_typesupport_c: rosidl_typesupport_fastrtps_c;rosidl_typesupport_introspection_c
[1.233s] -- Using all available rosidl_typesupport_cpp: rosidl_typesupport_fastrtps_cpp;rosidl_typesupport_introspection_cpp
[1.274s] -- Found rmw_implementation_cmake: 6.1.2 (/opt/ros/humble/share/rmw_implementation_cmake/cmake)
[1.276s] -- Found rmw_fastrtps_cpp: 6.2.7 (/opt/ros/humble/share/rmw_fastrtps_cpp/cmake)
[1.399s] -- Found OpenSSL: /usr/lib/x86_64-linux-gnu/libcrypto.so (found version "3.0.2")  
[1.452s] -- Found FastRTPS: /opt/ros/humble/include  
[1.523s] -- Using RMW implementation 'rmw_fastrtps_cpp' as default
[1.538s] -- Looking for pthread.h
[1.805s] -- Looking for pthread.h - found
[1.808s] -- Performing Test CMAKE_HAVE_LIBC_PTHREAD
[1.983s] -- Performing Test CMAKE_HAVE_LIBC_PTHREAD - Success
[1.985s] -- Found Threads: TRUE  
[2.269s] -- Found asio_cmake_module: 1.2.0 (/opt/ros/humble/share/asio_cmake_module/cmake)
[2.272s] -- Found ASIO: /usr/include  
[2.389s] -- Found ament_lint_auto: 0.12.11 (/opt/ros/humble/share/ament_lint_auto/cmake)
[2.436s] -- Added test 'copyright' to check source files copyright and LICENSE
[2.438s] -- Added test 'cppcheck' to perform static code analysis on C / C++ code
[2.439s] -- Configured cppcheck include dirs: /home/xytron/xycar_ws/src/xycar_device/vesc/vesc_driver/include
[2.439s] -- Configured cppcheck exclude dirs and/or files: 
[2.441s] -- Added test 'cpplint' to check C / C++ code against the Google style
[2.441s] -- Configured cpplint exclude dirs and/or files: 
[2.442s] -- Added test 'flake8' to check Python code syntax and style conventions
[2.443s] -- Added test 'lint_cmake' to check CMake code style
[2.444s] -- Added test 'pep257' to check Python code against some of the docstring style conventions in PEP 257
[2.457s] -- Added test 'uncrustify' to check C / C++ code style
[2.457s] -- Configured uncrustify additional arguments: 
[2.458s] -- Added test 'xmllint' to check XML markup files
[2.463s] -- Configuring done
[2.550s] -- Generating done
[2.574s] -- Build files have been written to: /home/xytron/xycar_ws/build/vesc_driver
[2.601s] Invoked command in '/home/xytron/xycar_ws/build/vesc_driver' returned '0': AMENT_PREFIX_PATH=/home/xytron/xycar_ws/install/vesc_msgs:${AMENT_PREFIX_PATH} CMAKE_PREFIX_PATH=/home/xytron/xycar_ws/install/vesc_msgs:/opt/ros/humble LD_LIBRARY_PATH=/home/xytron/xycar_ws/install/vesc_msgs/lib:${LD_LIBRARY_PATH} PYTHONPATH=/home/xytron/xycar_ws/install/vesc_msgs/local/lib/python3.10/dist-packages:${PYTHONPATH} /usr/bin/cmake /home/xytron/xycar_ws/src/xycar_device/vesc/vesc_driver -DCMAKE_INSTALL_PREFIX=/home/xytron/xycar_ws/install/vesc_driver
[2.604s] Invoking command in '/home/xytron/xycar_ws/build/vesc_driver': AMENT_PREFIX_PATH=/home/xytron/xycar_ws/install/vesc_msgs:${AMENT_PREFIX_PATH} CMAKE_PREFIX_PATH=/home/xytron/xycar_ws/install/vesc_msgs:/opt/ros/humble LD_LIBRARY_PATH=/home/xytron/xycar_ws/install/vesc_msgs/lib:${LD_LIBRARY_PATH} PYTHONPATH=/home/xytron/xycar_ws/install/vesc_msgs/local/lib/python3.10/dist-packages:${PYTHONPATH} /usr/bin/cmake --build /home/xytron/xycar_ws/build/vesc_driver -- -j16 -l16
[2.750s] [ 10%] [32mBuilding CXX object CMakeFiles/vesc_driver.dir/src/vesc_driver.cpp.o[0m
[2.754s] [ 20%] [32mBuilding CXX object CMakeFiles/vesc_driver.dir/src/vesc_packet.cpp.o[0m
[2.754s] [ 30%] [32mBuilding CXX object CMakeFiles/vesc_driver.dir/src/vesc_interface.cpp.o[0m
[2.756s] [ 40%] [32mBuilding CXX object CMakeFiles/vesc_driver_node.dir/rclcpp_components/node_main_vesc_driver_node.cpp.o[0m
[2.761s] [ 50%] [32mBuilding CXX object CMakeFiles/vesc_driver.dir/src/vesc_packet_factory.cpp.o[0m
[14.171s] [ 60%] [32m[1mLinking CXX executable vesc_driver_node[0m
[14.471s] [ 60%] Built target vesc_driver_node
[20.308s] [ 70%] [32m[1mLinking CXX shared library libvesc_driver.so[0m
[21.144s] [ 70%] Built target vesc_driver
[21.168s] [ 90%] [32mBuilding CXX object CMakeFiles/vesc_device_namer.dir/src/vesc_device_namer.cpp.o[0m
[21.168s] [ 90%] [32mBuilding CXX object CMakeFiles/vesc_device_namer.dir/src/vesc_device_uuid_lookup.cpp.o[0m
[21.822s] [100%] [32m[1mLinking CXX executable vesc_device_namer[0m
[22.297s] [100%] Built target vesc_device_namer
[22.311s] Invoked command in '/home/xytron/xycar_ws/build/vesc_driver' returned '0': AMENT_PREFIX_PATH=/home/xytron/xycar_ws/install/vesc_msgs:${AMENT_PREFIX_PATH} CMAKE_PREFIX_PATH=/home/xytron/xycar_ws/install/vesc_msgs:/opt/ros/humble LD_LIBRARY_PATH=/home/xytron/xycar_ws/install/vesc_msgs/lib:${LD_LIBRARY_PATH} PYTHONPATH=/home/xytron/xycar_ws/install/vesc_msgs/local/lib/python3.10/dist-packages:${PYTHONPATH} /usr/bin/cmake --build /home/xytron/xycar_ws/build/vesc_driver -- -j16 -l16
[22.313s] Invoking command in '/home/xytron/xycar_ws/build/vesc_driver': AMENT_PREFIX_PATH=/home/xytron/xycar_ws/install/vesc_msgs:${AMENT_PREFIX_PATH} CMAKE_PREFIX_PATH=/home/xytron/xycar_ws/install/vesc_msgs:/opt/ros/humble LD_LIBRARY_PATH=/home/xytron/xycar_ws/install/vesc_msgs/lib:${LD_LIBRARY_PATH} PYTHONPATH=/home/xytron/xycar_ws/install/vesc_msgs/local/lib/python3.10/dist-packages:${PYTHONPATH} /usr/bin/cmake --install /home/xytron/xycar_ws/build/vesc_driver
[22.322s] -- Install configuration: ""
[22.322s] -- Installing: /home/xytron/xycar_ws/install/vesc_driver/lib/vesc_driver/vesc_driver_node
[22.323s] -- Set runtime path of "/home/xytron/xycar_ws/install/vesc_driver/lib/vesc_driver/vesc_driver_node" to ""
[22.323s] -- Installing: /home/xytron/xycar_ws/install/vesc_driver/include
[22.323s] -- Installing: /home/xytron/xycar_ws/install/vesc_driver/include/vesc_driver
[22.323s] -- Installing: /home/xytron/xycar_ws/install/vesc_driver/include/vesc_driver/vesc_driver.hpp
[22.323s] -- Installing: /home/xytron/xycar_ws/install/vesc_driver/include/vesc_driver/vesc_packet.hpp
[22.323s] -- Installing: /home/xytron/xycar_ws/install/vesc_driver/include/vesc_driver/crc.hpp
[22.323s] -- Installing: /home/xytron/xycar_ws/install/vesc_driver/include/vesc_driver/datatypes.hpp
[22.323s] -- Installing: /home/xytron/xycar_ws/install/vesc_driver/include/vesc_driver/vesc_device_uuid_lookup.hpp
[22.323s] -- Installing: /home/xytron/xycar_ws/install/vesc_driver/include/vesc_driver/vesc_interface.hpp
[22.324s] -- Installing: /home/xytron/xycar_ws/install/vesc_driver/include/vesc_driver/vesc_packet_factory.hpp
[22.324s] -- Installing: /home/xytron/xycar_ws/install/vesc_driver/share/vesc_driver/environment/library_path.sh
[22.324s] -- Installing: /home/xytron/xycar_ws/install/vesc_driver/share/vesc_driver/environment/library_path.dsv
[22.324s] -- Installing: /home/xytron/xycar_ws/install/vesc_driver/lib/libvesc_driver.so
[22.334s] -- Set runtime path of "/home/xytron/xycar_ws/install/vesc_driver/lib/libvesc_driver.so" to ""
[22.334s] -- Installing: /home/xytron/xycar_ws/install/vesc_driver/lib/vesc_driver/vesc_device_namer
[22.334s] -- Set runtime path of "/home/xytron/xycar_ws/install/vesc_driver/lib/vesc_driver/vesc_device_namer" to ""
[22.334s] -- Installing: /home/xytron/xycar_ws/install/vesc_driver/share/vesc_driver/launch
[22.334s] -- Installing: /home/xytron/xycar_ws/install/vesc_driver/share/vesc_driver/launch/vesc_driver_node.launch.py
[22.335s] -- Installing: /home/xytron/xycar_ws/install/vesc_driver/share/vesc_driver/params
[22.335s] -- Installing: /home/xytron/xycar_ws/install/vesc_driver/share/vesc_driver/params/vesc_config.yaml
[22.335s] -- Installing: /home/xytron/xycar_ws/install/vesc_driver/share/ament_index/resource_index/package_run_dependencies/vesc_driver
[22.335s] -- Installing: /home/xytron/xycar_ws/install/vesc_driver/share/ament_index/resource_index/parent_prefix_path/vesc_driver
[22.335s] -- Installing: /home/xytron/xycar_ws/install/vesc_driver/share/vesc_driver/environment/ament_prefix_path.sh
[22.335s] -- Installing: /home/xytron/xycar_ws/install/vesc_driver/share/vesc_driver/environment/ament_prefix_path.dsv
[22.335s] -- Installing: /home/xytron/xycar_ws/install/vesc_driver/share/vesc_driver/environment/path.sh
[22.335s] -- Installing: /home/xytron/xycar_ws/install/vesc_driver/share/vesc_driver/environment/path.dsv
[22.335s] -- Installing: /home/xytron/xycar_ws/install/vesc_driver/share/vesc_driver/local_setup.bash
[22.335s] -- Installing: /home/xytron/xycar_ws/install/vesc_driver/share/vesc_driver/local_setup.sh
[22.336s] -- Installing: /home/xytron/xycar_ws/install/vesc_driver/share/vesc_driver/local_setup.zsh
[22.336s] -- Installing: /home/xytron/xycar_ws/install/vesc_driver/share/vesc_driver/local_setup.dsv
[22.336s] -- Installing: /home/xytron/xycar_ws/install/vesc_driver/share/vesc_driver/package.dsv
[22.336s] -- Installing: /home/xytron/xycar_ws/install/vesc_driver/share/ament_index/resource_index/packages/vesc_driver
[22.336s] -- Installing: /home/xytron/xycar_ws/install/vesc_driver/share/ament_index/resource_index/rclcpp_components/vesc_driver
[22.336s] -- Installing: /home/xytron/xycar_ws/install/vesc_driver/share/vesc_driver/cmake/ament_cmake_export_dependencies-extras.cmake
[22.337s] -- Installing: /home/xytron/xycar_ws/install/vesc_driver/share/vesc_driver/cmake/ament_cmake_export_include_directories-extras.cmake
[22.337s] -- Installing: /home/xytron/xycar_ws/install/vesc_driver/share/vesc_driver/cmake/ament_cmake_export_libraries-extras.cmake
[22.337s] -- Installing: /home/xytron/xycar_ws/install/vesc_driver/share/vesc_driver/cmake/vesc_driverConfig.cmake
[22.337s] -- Installing: /home/xytron/xycar_ws/install/vesc_driver/share/vesc_driver/cmake/vesc_driverConfig-version.cmake
[22.337s] -- Installing: /home/xytron/xycar_ws/install/vesc_driver/share/vesc_driver/package.xml
[22.341s] Invoked command in '/home/xytron/xycar_ws/build/vesc_driver' returned '0': AMENT_PREFIX_PATH=/home/xytron/xycar_ws/install/vesc_msgs:${AMENT_PREFIX_PATH} CMAKE_PREFIX_PATH=/home/xytron/xycar_ws/install/vesc_msgs:/opt/ros/humble LD_LIBRARY_PATH=/home/xytron/xycar_ws/install/vesc_msgs/lib:${LD_LIBRARY_PATH} PYTHONPATH=/home/xytron/xycar_ws/install/vesc_msgs/local/lib/python3.10/dist-packages:${PYTHONPATH} /usr/bin/cmake --install /home/xytron/xycar_ws/build/vesc_driver
