running egg_info
creating ../../../build/app_path_planning/app_path_planning.egg-info
writing ../../../build/app_path_planning/app_path_planning.egg-info/PKG-INFO
writing dependency_links to ../../../build/app_path_planning/app_path_planning.egg-info/dependency_links.txt
writing entry points to ../../../build/app_path_planning/app_path_planning.egg-info/entry_points.txt
writing requirements to ../../../build/app_path_planning/app_path_planning.egg-info/requires.txt
writing top-level names to ../../../build/app_path_planning/app_path_planning.egg-info/top_level.txt
writing manifest file '../../../build/app_path_planning/app_path_planning.egg-info/SOURCES.txt'
reading manifest file '../../../build/app_path_planning/app_path_planning.egg-info/SOURCES.txt'
adding license file 'LICENSE'
writing manifest file '../../../build/app_path_planning/app_path_planning.egg-info/SOURCES.txt'
running build
running build_py
creating /home/xytron/xycar_ws/build/app_path_planning/build
creating /home/xytron/xycar_ws/build/app_path_planning/build/lib
creating /home/xytron/xycar_ws/build/app_path_planning/build/lib/app_path_planning
copying app_path_planning/__init__.py -> /home/xytron/xycar_ws/build/app_path_planning/build/lib/app_path_planning
copying app_path_planning/main.py -> /home/xytron/xycar_ws/build/app_path_planning/build/lib/app_path_planning
copying app_path_planning/parking_1_Reeds_Shepp_Pure_Pursuit.py -> /home/xytron/xycar_ws/build/app_path_planning/build/lib/app_path_planning
copying app_path_planning/parking.py -> /home/xytron/xycar_ws/build/app_path_planning/build/lib/app_path_planning
copying app_path_planning/parking_2_Bezier_Pure_Pursuit.py -> /home/xytron/xycar_ws/build/app_path_planning/build/lib/app_path_planning
copying app_path_planning/simulator.py -> /home/xytron/xycar_ws/build/app_path_planning/build/lib/app_path_planning
copying app_path_planning/motion_planning.py -> /home/xytron/xycar_ws/build/app_path_planning/build/lib/app_path_planning
copying app_path_planning/path_planning.py -> /home/xytron/xycar_ws/build/app_path_planning/build/lib/app_path_planning
copying app_path_planning/parking_3_Polyfit_Pure_Pursuit.py -> /home/xytron/xycar_ws/build/app_path_planning/build/lib/app_path_planning
running install
running install_lib
creating /home/xytron/xycar_ws/install/app_path_planning/lib/python3.10/site-packages/app_path_planning
copying /home/xytron/xycar_ws/build/app_path_planning/build/lib/app_path_planning/__init__.py -> /home/xytron/xycar_ws/install/app_path_planning/lib/python3.10/site-packages/app_path_planning
copying /home/xytron/xycar_ws/build/app_path_planning/build/lib/app_path_planning/main.py -> /home/xytron/xycar_ws/install/app_path_planning/lib/python3.10/site-packages/app_path_planning
copying /home/xytron/xycar_ws/build/app_path_planning/build/lib/app_path_planning/parking_1_Reeds_Shepp_Pure_Pursuit.py -> /home/xytron/xycar_ws/install/app_path_planning/lib/python3.10/site-packages/app_path_planning
copying /home/xytron/xycar_ws/build/app_path_planning/build/lib/app_path_planning/parking.py -> /home/xytron/xycar_ws/install/app_path_planning/lib/python3.10/site-packages/app_path_planning
copying /home/xytron/xycar_ws/build/app_path_planning/build/lib/app_path_planning/parking_2_Bezier_Pure_Pursuit.py -> /home/xytron/xycar_ws/install/app_path_planning/lib/python3.10/site-packages/app_path_planning
copying /home/xytron/xycar_ws/build/app_path_planning/build/lib/app_path_planning/simulator.py -> /home/xytron/xycar_ws/install/app_path_planning/lib/python3.10/site-packages/app_path_planning
copying /home/xytron/xycar_ws/build/app_path_planning/build/lib/app_path_planning/motion_planning.py -> /home/xytron/xycar_ws/install/app_path_planning/lib/python3.10/site-packages/app_path_planning
copying /home/xytron/xycar_ws/build/app_path_planning/build/lib/app_path_planning/path_planning.py -> /home/xytron/xycar_ws/install/app_path_planning/lib/python3.10/site-packages/app_path_planning
copying /home/xytron/xycar_ws/build/app_path_planning/build/lib/app_path_planning/parking_3_Polyfit_Pure_Pursuit.py -> /home/xytron/xycar_ws/install/app_path_planning/lib/python3.10/site-packages/app_path_planning
byte-compiling /home/xytron/xycar_ws/install/app_path_planning/lib/python3.10/site-packages/app_path_planning/__init__.py to __init__.cpython-310.pyc
byte-compiling /home/xytron/xycar_ws/install/app_path_planning/lib/python3.10/site-packages/app_path_planning/main.py to main.cpython-310.pyc
byte-compiling /home/xytron/xycar_ws/install/app_path_planning/lib/python3.10/site-packages/app_path_planning/parking_1_Reeds_Shepp_Pure_Pursuit.py to parking_1_Reeds_Shepp_Pure_Pursuit.cpython-310.pyc
byte-compiling /home/xytron/xycar_ws/install/app_path_planning/lib/python3.10/site-packages/app_path_planning/parking.py to parking.cpython-310.pyc
byte-compiling /home/xytron/xycar_ws/install/app_path_planning/lib/python3.10/site-packages/app_path_planning/parking_2_Bezier_Pure_Pursuit.py to parking_2_Bezier_Pure_Pursuit.cpython-310.pyc
byte-compiling /home/xytron/xycar_ws/install/app_path_planning/lib/python3.10/site-packages/app_path_planning/simulator.py to simulator.cpython-310.pyc
byte-compiling /home/xytron/xycar_ws/install/app_path_planning/lib/python3.10/site-packages/app_path_planning/motion_planning.py to motion_planning.cpython-310.pyc
byte-compiling /home/xytron/xycar_ws/install/app_path_planning/lib/python3.10/site-packages/app_path_planning/path_planning.py to path_planning.cpython-310.pyc
byte-compiling /home/xytron/xycar_ws/install/app_path_planning/lib/python3.10/site-packages/app_path_planning/parking_3_Polyfit_Pure_Pursuit.py to parking_3_Polyfit_Pure_Pursuit.cpython-310.pyc
running install_data
creating /home/xytron/xycar_ws/install/app_path_planning/share/ament_index
creating /home/xytron/xycar_ws/install/app_path_planning/share/ament_index/resource_index
creating /home/xytron/xycar_ws/install/app_path_planning/share/ament_index/resource_index/packages
copying resource/app_path_planning -> /home/xytron/xycar_ws/install/app_path_planning/share/ament_index/resource_index/packages
copying package.xml -> /home/xytron/xycar_ws/install/app_path_planning/share/app_path_planning
creating /home/xytron/xycar_ws/install/app_path_planning/share/app_path_planning/launch
copying launch/app_path_planning.launch.py -> /home/xytron/xycar_ws/install/app_path_planning/share/app_path_planning/launch
creating /home/xytron/xycar_ws/install/app_path_planning/lib/app_path_planning
copying app_path_planning/parking.so -> /home/xytron/xycar_ws/install/app_path_planning/lib/app_path_planning
copying app_path_planning/motion_planning.so -> /home/xytron/xycar_ws/install/app_path_planning/lib/app_path_planning
copying app_path_planning/path_planning.so -> /home/xytron/xycar_ws/install/app_path_planning/lib/app_path_planning
copying app_path_planning/simulator.so -> /home/xytron/xycar_ws/install/app_path_planning/lib/app_path_planning
running install_egg_info
Copying ../../../build/app_path_planning/app_path_planning.egg-info to /home/xytron/xycar_ws/install/app_path_planning/lib/python3.10/site-packages/app_path_planning-0.0.0-py3.10.egg-info
running install_scripts
Installing main script to /home/xytron/xycar_ws/install/app_path_planning/lib/app_path_planning
writing list of installed files to '/home/xytron/xycar_ws/build/app_path_planning/install.log'
