[6.096s] Invoking command in '/home/xytron/xycar_ws/src/xycar_application/app_path_planning': PYTHONPATH=/home/xytron/xycar_ws/build/app_path_planning/prefix_override:/usr/lib/python3/dist-packages/colcon_core/task/python/colcon_distutils_commands:/home/xytron/xycar_ws/install/app_path_planning/lib/python3.10/site-packages:${PYTHONPATH} /usr/bin/python3 -W ignore:setup.py install is deprecated -W ignore:easy_install command is deprecated setup.py egg_info --egg-base ../../../build/app_path_planning build --build-base /home/xytron/xycar_ws/build/app_path_planning/build install --record /home/xytron/xycar_ws/build/app_path_planning/install.log --single-version-externally-managed install_data
[8.101s] running egg_info
[8.102s] creating ../../../build/app_path_planning/app_path_planning.egg-info
[8.115s] writing ../../../build/app_path_planning/app_path_planning.egg-info/PKG-INFO
[8.115s] writing dependency_links to ../../../build/app_path_planning/app_path_planning.egg-info/dependency_links.txt
[8.124s] writing entry points to ../../../build/app_path_planning/app_path_planning.egg-info/entry_points.txt
[8.124s] writing requirements to ../../../build/app_path_planning/app_path_planning.egg-info/requires.txt
[8.124s] writing top-level names to ../../../build/app_path_planning/app_path_planning.egg-info/top_level.txt
[8.124s] writing manifest file '../../../build/app_path_planning/app_path_planning.egg-info/SOURCES.txt'
[8.174s] reading manifest file '../../../build/app_path_planning/app_path_planning.egg-info/SOURCES.txt'
[8.174s] adding license file 'LICENSE'
[8.176s] writing manifest file '../../../build/app_path_planning/app_path_planning.egg-info/SOURCES.txt'
[8.176s] running build
[8.176s] running build_py
[8.179s] creating /home/xytron/xycar_ws/build/app_path_planning/build
[8.180s] creating /home/xytron/xycar_ws/build/app_path_planning/build/lib
[8.181s] creating /home/xytron/xycar_ws/build/app_path_planning/build/lib/app_path_planning
[8.182s] copying app_path_planning/__init__.py -> /home/xytron/xycar_ws/build/app_path_planning/build/lib/app_path_planning
[8.183s] copying app_path_planning/main.py -> /home/xytron/xycar_ws/build/app_path_planning/build/lib/app_path_planning
[8.183s] copying app_path_planning/parking_1_Reeds_Shepp_Pure_Pursuit.py -> /home/xytron/xycar_ws/build/app_path_planning/build/lib/app_path_planning
[8.183s] copying app_path_planning/parking.py -> /home/xytron/xycar_ws/build/app_path_planning/build/lib/app_path_planning
[8.183s] copying app_path_planning/parking_2_Bezier_Pure_Pursuit.py -> /home/xytron/xycar_ws/build/app_path_planning/build/lib/app_path_planning
[8.183s] copying app_path_planning/simulator.py -> /home/xytron/xycar_ws/build/app_path_planning/build/lib/app_path_planning
[8.186s] copying app_path_planning/motion_planning.py -> /home/xytron/xycar_ws/build/app_path_planning/build/lib/app_path_planning
[8.186s] copying app_path_planning/path_planning.py -> /home/xytron/xycar_ws/build/app_path_planning/build/lib/app_path_planning
[8.186s] copying app_path_planning/parking_3_Polyfit_Pure_Pursuit.py -> /home/xytron/xycar_ws/build/app_path_planning/build/lib/app_path_planning
[8.186s] running install
[8.186s] running install_lib
[8.196s] creating /home/xytron/xycar_ws/install/app_path_planning/lib/python3.10/site-packages/app_path_planning
[8.201s] copying /home/xytron/xycar_ws/build/app_path_planning/build/lib/app_path_planning/__init__.py -> /home/xytron/xycar_ws/install/app_path_planning/lib/python3.10/site-packages/app_path_planning
[8.201s] copying /home/xytron/xycar_ws/build/app_path_planning/build/lib/app_path_planning/main.py -> /home/xytron/xycar_ws/install/app_path_planning/lib/python3.10/site-packages/app_path_planning
[8.201s] copying /home/xytron/xycar_ws/build/app_path_planning/build/lib/app_path_planning/parking_1_Reeds_Shepp_Pure_Pursuit.py -> /home/xytron/xycar_ws/install/app_path_planning/lib/python3.10/site-packages/app_path_planning
[8.202s] copying /home/xytron/xycar_ws/build/app_path_planning/build/lib/app_path_planning/parking.py -> /home/xytron/xycar_ws/install/app_path_planning/lib/python3.10/site-packages/app_path_planning
[8.211s] copying /home/xytron/xycar_ws/build/app_path_planning/build/lib/app_path_planning/parking_2_Bezier_Pure_Pursuit.py -> /home/xytron/xycar_ws/install/app_path_planning/lib/python3.10/site-packages/app_path_planning
[8.212s] copying /home/xytron/xycar_ws/build/app_path_planning/build/lib/app_path_planning/simulator.py -> /home/xytron/xycar_ws/install/app_path_planning/lib/python3.10/site-packages/app_path_planning
[8.212s] copying /home/xytron/xycar_ws/build/app_path_planning/build/lib/app_path_planning/motion_planning.py -> /home/xytron/xycar_ws/install/app_path_planning/lib/python3.10/site-packages/app_path_planning
[8.212s] copying /home/xytron/xycar_ws/build/app_path_planning/build/lib/app_path_planning/path_planning.py -> /home/xytron/xycar_ws/install/app_path_planning/lib/python3.10/site-packages/app_path_planning
[8.219s] copying /home/xytron/xycar_ws/build/app_path_planning/build/lib/app_path_planning/parking_3_Polyfit_Pure_Pursuit.py -> /home/xytron/xycar_ws/install/app_path_planning/lib/python3.10/site-packages/app_path_planning
[8.220s] byte-compiling /home/xytron/xycar_ws/install/app_path_planning/lib/python3.10/site-packages/app_path_planning/__init__.py to __init__.cpython-310.pyc
[8.221s] byte-compiling /home/xytron/xycar_ws/install/app_path_planning/lib/python3.10/site-packages/app_path_planning/main.py to main.cpython-310.pyc
[8.229s] byte-compiling /home/xytron/xycar_ws/install/app_path_planning/lib/python3.10/site-packages/app_path_planning/parking_1_Reeds_Shepp_Pure_Pursuit.py to parking_1_Reeds_Shepp_Pure_Pursuit.cpython-310.pyc
[8.231s] byte-compiling /home/xytron/xycar_ws/install/app_path_planning/lib/python3.10/site-packages/app_path_planning/parking.py to parking.cpython-310.pyc
[8.234s] byte-compiling /home/xytron/xycar_ws/install/app_path_planning/lib/python3.10/site-packages/app_path_planning/parking_2_Bezier_Pure_Pursuit.py to parking_2_Bezier_Pure_Pursuit.cpython-310.pyc
[8.241s] byte-compiling /home/xytron/xycar_ws/install/app_path_planning/lib/python3.10/site-packages/app_path_planning/simulator.py to simulator.cpython-310.pyc
[8.263s] byte-compiling /home/xytron/xycar_ws/install/app_path_planning/lib/python3.10/site-packages/app_path_planning/motion_planning.py to motion_planning.cpython-310.pyc
[8.270s] byte-compiling /home/xytron/xycar_ws/install/app_path_planning/lib/python3.10/site-packages/app_path_planning/path_planning.py to path_planning.cpython-310.pyc
[8.301s] byte-compiling /home/xytron/xycar_ws/install/app_path_planning/lib/python3.10/site-packages/app_path_planning/parking_3_Polyfit_Pure_Pursuit.py to parking_3_Polyfit_Pure_Pursuit.cpython-310.pyc
[8.308s] running install_data
[8.308s] creating /home/xytron/xycar_ws/install/app_path_planning/share/ament_index
[8.310s] creating /home/xytron/xycar_ws/install/app_path_planning/share/ament_index/resource_index
[8.310s] creating /home/xytron/xycar_ws/install/app_path_planning/share/ament_index/resource_index/packages
[8.310s] copying resource/app_path_planning -> /home/xytron/xycar_ws/install/app_path_planning/share/ament_index/resource_index/packages
[8.310s] copying package.xml -> /home/xytron/xycar_ws/install/app_path_planning/share/app_path_planning
[8.311s] creating /home/xytron/xycar_ws/install/app_path_planning/share/app_path_planning/launch
[8.311s] copying launch/app_path_planning.launch.py -> /home/xytron/xycar_ws/install/app_path_planning/share/app_path_planning/launch
[8.311s] creating /home/xytron/xycar_ws/install/app_path_planning/lib/app_path_planning
[8.311s] copying app_path_planning/parking.so -> /home/xytron/xycar_ws/install/app_path_planning/lib/app_path_planning
[8.318s] copying app_path_planning/motion_planning.so -> /home/xytron/xycar_ws/install/app_path_planning/lib/app_path_planning
[8.334s] copying app_path_planning/path_planning.so -> /home/xytron/xycar_ws/install/app_path_planning/lib/app_path_planning
[8.334s] copying app_path_planning/simulator.so -> /home/xytron/xycar_ws/install/app_path_planning/lib/app_path_planning
[8.334s] running install_egg_info
[8.349s] Copying ../../../build/app_path_planning/app_path_planning.egg-info to /home/xytron/xycar_ws/install/app_path_planning/lib/python3.10/site-packages/app_path_planning-0.0.0-py3.10.egg-info
[8.350s] running install_scripts
[8.479s] Installing main script to /home/xytron/xycar_ws/install/app_path_planning/lib/app_path_planning
[8.483s] writing list of installed files to '/home/xytron/xycar_ws/build/app_path_planning/install.log'
[8.820s] Invoked command in '/home/xytron/xycar_ws/src/xycar_application/app_path_planning' returned '0': PYTHONPATH=/home/xytron/xycar_ws/build/app_path_planning/prefix_override:/usr/lib/python3/dist-packages/colcon_core/task/python/colcon_distutils_commands:/home/xytron/xycar_ws/install/app_path_planning/lib/python3.10/site-packages:${PYTHONPATH} /usr/bin/python3 -W ignore:setup.py install is deprecated -W ignore:easy_install command is deprecated setup.py egg_info --egg-base ../../../build/app_path_planning build --build-base /home/xytron/xycar_ws/build/app_path_planning/build install --record /home/xytron/xycar_ws/build/app_path_planning/install.log --single-version-externally-managed install_data
