[1.654s] Invoking command in '/home/xytron/xycar_ws/build/yolo_msgs': CMAKE_PREFIX_PATH=${CMAKE_PREFIX_PATH}:/home/xytron/xycar_ws/install/xycar_planner:/home/xytron/xycar_ws/install/control_motor:/home/xytron/xycar_ws/install/xycar_motor:/home/xytron/xycar_ws/install/xycar_imu:/home/xytron/xycar_ws/install/xycar_cam:/home/xytron/xycar_ws/install/app_ultra_viewer:/home/xytron/xycar_ws/install/app_turtlesim:/home/xytron/xycar_ws/install/app_sensor_drive:/home/xytron/xycar_ws/install/app_rule_drive_sim:/home/xytron/xycar_ws/install/app_pubsub:/home/xytron/xycar_ws/install/app_path_planning:/home/xytron/xycar_ws/install/app_hough_drive:/home/xytron/xycar_ws/install/app_cam_exposure:/home/xytron/xycar_ws/install/app_8_drive:/opt/ros/humble /usr/bin/cmake --build /home/xytron/xycar_ws/build/yolo_msgs -- -j16 -l16
[1.840s] [  0%] Built target yolo_msgs__cpp
[1.840s] [ 12%] Built target yolo_msgs__rosidl_generator_c
[1.855s] [ 12%] Built target ament_cmake_python_copy_yolo_msgs
[1.929s] [ 24%] Built target yolo_msgs__rosidl_typesupport_fastrtps_cpp
[1.929s] [ 48%] Built target yolo_msgs__rosidl_typesupport_introspection_cpp
[1.929s] [ 48%] Built target yolo_msgs__rosidl_typesupport_cpp
[1.938s] [ 60%] Built target yolo_msgs__rosidl_typesupport_introspection_c
[1.948s] [ 82%] Built target yolo_msgs__rosidl_typesupport_c
[1.949s] [ 84%] Built target yolo_msgs__rosidl_typesupport_fastrtps_c
[2.017s] [ 84%] Built target yolo_msgs
[2.091s] [ 85%] Built target yolo_msgs__py
[2.176s] [ 96%] Built target yolo_msgs__rosidl_generator_py
[2.258s] [ 97%] Built target yolo_msgs__rosidl_typesupport_fastrtps_c__pyext
[2.260s] [ 99%] Built target yolo_msgs__rosidl_typesupport_introspection_c__pyext
[2.274s] [100%] Built target yolo_msgs__rosidl_typesupport_c__pyext
[2.653s] running egg_info
[2.654s] writing yolo_msgs.egg-info/PKG-INFO
[2.654s] writing dependency_links to yolo_msgs.egg-info/dependency_links.txt
[2.655s] writing top-level names to yolo_msgs.egg-info/top_level.txt
[2.659s] reading manifest file 'yolo_msgs.egg-info/SOURCES.txt'
[2.660s] writing manifest file 'yolo_msgs.egg-info/SOURCES.txt'
[2.746s] [100%] Built target ament_cmake_python_build_yolo_msgs_egg
[2.873s] Invoked command in '/home/xytron/xycar_ws/build/yolo_msgs' returned '0': CMAKE_PREFIX_PATH=${CMAKE_PREFIX_PATH}:/home/xytron/xycar_ws/install/xycar_planner:/home/xytron/xycar_ws/install/control_motor:/home/xytron/xycar_ws/install/xycar_motor:/home/xytron/xycar_ws/install/xycar_imu:/home/xytron/xycar_ws/install/xycar_cam:/home/xytron/xycar_ws/install/app_ultra_viewer:/home/xytron/xycar_ws/install/app_turtlesim:/home/xytron/xycar_ws/install/app_sensor_drive:/home/xytron/xycar_ws/install/app_rule_drive_sim:/home/xytron/xycar_ws/install/app_pubsub:/home/xytron/xycar_ws/install/app_path_planning:/home/xytron/xycar_ws/install/app_hough_drive:/home/xytron/xycar_ws/install/app_cam_exposure:/home/xytron/xycar_ws/install/app_8_drive:/opt/ros/humble /usr/bin/cmake --build /home/xytron/xycar_ws/build/yolo_msgs -- -j16 -l16
[2.876s] Invoking command in '/home/xytron/xycar_ws/build/yolo_msgs': CMAKE_PREFIX_PATH=${CMAKE_PREFIX_PATH}:/home/xytron/xycar_ws/install/xycar_planner:/home/xytron/xycar_ws/install/control_motor:/home/xytron/xycar_ws/install/xycar_motor:/home/xytron/xycar_ws/install/xycar_imu:/home/xytron/xycar_ws/install/xycar_cam:/home/xytron/xycar_ws/install/app_ultra_viewer:/home/xytron/xycar_ws/install/app_turtlesim:/home/xytron/xycar_ws/install/app_sensor_drive:/home/xytron/xycar_ws/install/app_rule_drive_sim:/home/xytron/xycar_ws/install/app_pubsub:/home/xytron/xycar_ws/install/app_path_planning:/home/xytron/xycar_ws/install/app_hough_drive:/home/xytron/xycar_ws/install/app_cam_exposure:/home/xytron/xycar_ws/install/app_8_drive:/opt/ros/humble /usr/bin/cmake --install /home/xytron/xycar_ws/build/yolo_msgs
[2.904s] -- Install configuration: ""
[2.904s] -- Up-to-date: /home/xytron/xycar_ws/install/yolo_msgs/share/ament_index/resource_index/rosidl_interfaces/yolo_msgs
[2.904s] -- Up-to-date: /home/xytron/xycar_ws/install/yolo_msgs/include/yolo_msgs/yolo_msgs
[2.904s] -- Up-to-date: /home/xytron/xycar_ws/install/yolo_msgs/include/yolo_msgs/yolo_msgs/srv
[2.904s] -- Up-to-date: /home/xytron/xycar_ws/install/yolo_msgs/include/yolo_msgs/yolo_msgs/srv/set_classes.h
[2.905s] -- Up-to-date: /home/xytron/xycar_ws/install/yolo_msgs/include/yolo_msgs/yolo_msgs/srv/detail
[2.905s] -- Up-to-date: /home/xytron/xycar_ws/install/yolo_msgs/include/yolo_msgs/yolo_msgs/srv/detail/set_classes__functions.h
[2.905s] -- Up-to-date: /home/xytron/xycar_ws/install/yolo_msgs/include/yolo_msgs/yolo_msgs/srv/detail/set_classes__functions.c
[2.905s] -- Up-to-date: /home/xytron/xycar_ws/install/yolo_msgs/include/yolo_msgs/yolo_msgs/srv/detail/set_classes__type_support.h
[2.905s] -- Up-to-date: /home/xytron/xycar_ws/install/yolo_msgs/include/yolo_msgs/yolo_msgs/srv/detail/set_classes__struct.h
[2.905s] -- Up-to-date: /home/xytron/xycar_ws/install/yolo_msgs/include/yolo_msgs/yolo_msgs/msg
[2.905s] -- Up-to-date: /home/xytron/xycar_ws/install/yolo_msgs/include/yolo_msgs/yolo_msgs/msg/bounding_box2_d.h
[2.905s] -- Up-to-date: /home/xytron/xycar_ws/install/yolo_msgs/include/yolo_msgs/yolo_msgs/msg/vector2.h
[2.906s] -- Up-to-date: /home/xytron/xycar_ws/install/yolo_msgs/include/yolo_msgs/yolo_msgs/msg/key_point3_d.h
[2.906s] -- Up-to-date: /home/xytron/xycar_ws/install/yolo_msgs/include/yolo_msgs/yolo_msgs/msg/key_point2_d.h
[2.906s] -- Up-to-date: /home/xytron/xycar_ws/install/yolo_msgs/include/yolo_msgs/yolo_msgs/msg/detection.h
[2.906s] -- Up-to-date: /home/xytron/xycar_ws/install/yolo_msgs/include/yolo_msgs/yolo_msgs/msg/bounding_box3_d.h
[2.906s] -- Up-to-date: /home/xytron/xycar_ws/install/yolo_msgs/include/yolo_msgs/yolo_msgs/msg/detection_array.h
[2.906s] -- Up-to-date: /home/xytron/xycar_ws/install/yolo_msgs/include/yolo_msgs/yolo_msgs/msg/pose2_d.h
[2.906s] -- Up-to-date: /home/xytron/xycar_ws/install/yolo_msgs/include/yolo_msgs/yolo_msgs/msg/key_point2_d_array.h
[2.907s] -- Up-to-date: /home/xytron/xycar_ws/install/yolo_msgs/include/yolo_msgs/yolo_msgs/msg/mask.h
[2.907s] -- Up-to-date: /home/xytron/xycar_ws/install/yolo_msgs/include/yolo_msgs/yolo_msgs/msg/rosidl_generator_c__visibility_control.h
[2.907s] -- Up-to-date: /home/xytron/xycar_ws/install/yolo_msgs/include/yolo_msgs/yolo_msgs/msg/key_point3_d_array.h
[2.907s] -- Up-to-date: /home/xytron/xycar_ws/install/yolo_msgs/include/yolo_msgs/yolo_msgs/msg/detail
[2.907s] -- Up-to-date: /home/xytron/xycar_ws/install/yolo_msgs/include/yolo_msgs/yolo_msgs/msg/detail/vector2__struct.h
[2.907s] -- Up-to-date: /home/xytron/xycar_ws/install/yolo_msgs/include/yolo_msgs/yolo_msgs/msg/detail/detection__functions.c
[2.907s] -- Up-to-date: /home/xytron/xycar_ws/install/yolo_msgs/include/yolo_msgs/yolo_msgs/msg/detail/vector2__functions.c
[2.907s] -- Up-to-date: /home/xytron/xycar_ws/install/yolo_msgs/include/yolo_msgs/yolo_msgs/msg/detail/point2_d__functions.h
[2.908s] -- Up-to-date: /home/xytron/xycar_ws/install/yolo_msgs/include/yolo_msgs/yolo_msgs/msg/detail/detection__functions.h
[2.908s] -- Up-to-date: /home/xytron/xycar_ws/install/yolo_msgs/include/yolo_msgs/yolo_msgs/msg/detail/key_point2_d__struct.h
[2.908s] -- Up-to-date: /home/xytron/xycar_ws/install/yolo_msgs/include/yolo_msgs/yolo_msgs/msg/detail/bounding_box3_d__struct.h
[2.908s] -- Up-to-date: /home/xytron/xycar_ws/install/yolo_msgs/include/yolo_msgs/yolo_msgs/msg/detail/pose2_d__type_support.h
[2.908s] -- Up-to-date: /home/xytron/xycar_ws/install/yolo_msgs/include/yolo_msgs/yolo_msgs/msg/detail/pose2_d__struct.h
[2.908s] -- Up-to-date: /home/xytron/xycar_ws/install/yolo_msgs/include/yolo_msgs/yolo_msgs/msg/detail/key_point2_d__type_support.h
[2.908s] -- Up-to-date: /home/xytron/xycar_ws/install/yolo_msgs/include/yolo_msgs/yolo_msgs/msg/detail/detection_array__type_support.h
[2.908s] -- Up-to-date: /home/xytron/xycar_ws/install/yolo_msgs/include/yolo_msgs/yolo_msgs/msg/detail/bounding_box2_d__type_support.h
[2.908s] -- Up-to-date: /home/xytron/xycar_ws/install/yolo_msgs/include/yolo_msgs/yolo_msgs/msg/detail/point2_d__type_support.h
[2.909s] -- Up-to-date: /home/xytron/xycar_ws/install/yolo_msgs/include/yolo_msgs/yolo_msgs/msg/detail/key_point2_d__functions.c
[2.909s] -- Up-to-date: /home/xytron/xycar_ws/install/yolo_msgs/include/yolo_msgs/yolo_msgs/msg/detail/vector2__type_support.h
[2.909s] -- Up-to-date: /home/xytron/xycar_ws/install/yolo_msgs/include/yolo_msgs/yolo_msgs/msg/detail/key_point3_d_array__type_support.h
[2.909s] -- Up-to-date: /home/xytron/xycar_ws/install/yolo_msgs/include/yolo_msgs/yolo_msgs/msg/detail/point2_d__struct.h
[2.909s] -- Up-to-date: /home/xytron/xycar_ws/install/yolo_msgs/include/yolo_msgs/yolo_msgs/msg/detail/key_point2_d_array__functions.h
[2.909s] -- Up-to-date: /home/xytron/xycar_ws/install/yolo_msgs/include/yolo_msgs/yolo_msgs/msg/detail/detection__struct.h
[2.909s] -- Up-to-date: /home/xytron/xycar_ws/install/yolo_msgs/include/yolo_msgs/yolo_msgs/msg/detail/bounding_box3_d__functions.c
[2.911s] -- Up-to-date: /home/xytron/xycar_ws/install/yolo_msgs/include/yolo_msgs/yolo_msgs/msg/detail/bounding_box3_d__functions.h
[2.912s] -- Up-to-date: /home/xytron/xycar_ws/install/yolo_msgs/include/yolo_msgs/yolo_msgs/msg/detail/key_point2_d__functions.h
[2.912s] -- Up-to-date: /home/xytron/xycar_ws/install/yolo_msgs/include/yolo_msgs/yolo_msgs/msg/detail/key_point3_d_array__struct.h
[2.912s] -- Up-to-date: /home/xytron/xycar_ws/install/yolo_msgs/include/yolo_msgs/yolo_msgs/msg/detail/mask__functions.c
[2.912s] -- Up-to-date: /home/xytron/xycar_ws/install/yolo_msgs/include/yolo_msgs/yolo_msgs/msg/detail/bounding_box3_d__type_support.h
[2.912s] -- Up-to-date: /home/xytron/xycar_ws/install/yolo_msgs/include/yolo_msgs/yolo_msgs/msg/detail/bounding_box2_d__functions.h
[2.913s] -- Up-to-date: /home/xytron/xycar_ws/install/yolo_msgs/include/yolo_msgs/yolo_msgs/msg/detail/detection_array__functions.h
[2.913s] -- Up-to-date: /home/xytron/xycar_ws/install/yolo_msgs/include/yolo_msgs/yolo_msgs/msg/detail/key_point3_d__struct.h
[2.913s] -- Up-to-date: /home/xytron/xycar_ws/install/yolo_msgs/include/yolo_msgs/yolo_msgs/msg/detail/key_point2_d_array__functions.c
[2.913s] -- Up-to-date: /home/xytron/xycar_ws/install/yolo_msgs/include/yolo_msgs/yolo_msgs/msg/detail/detection_array__functions.c
[2.916s] -- Up-to-date: /home/xytron/xycar_ws/install/yolo_msgs/include/yolo_msgs/yolo_msgs/msg/detail/bounding_box2_d__functions.c
[2.919s] -- Up-to-date: /home/xytron/xycar_ws/install/yolo_msgs/include/yolo_msgs/yolo_msgs/msg/detail/pose2_d__functions.c
[2.920s] -- Up-to-date: /home/xytron/xycar_ws/install/yolo_msgs/include/yolo_msgs/yolo_msgs/msg/detail/mask__functions.h
[2.920s] -- Up-to-date: /home/xytron/xycar_ws/install/yolo_msgs/include/yolo_msgs/yolo_msgs/msg/detail/point2_d__functions.c
[2.921s] -- Up-to-date: /home/xytron/xycar_ws/install/yolo_msgs/include/yolo_msgs/yolo_msgs/msg/detail/detection__type_support.h
[2.922s] -- Up-to-date: /home/xytron/xycar_ws/install/yolo_msgs/include/yolo_msgs/yolo_msgs/msg/detail/key_point3_d__type_support.h
[2.924s] -- Up-to-date: /home/xytron/xycar_ws/install/yolo_msgs/include/yolo_msgs/yolo_msgs/msg/detail/mask__type_support.h
[2.924s] -- Up-to-date: /home/xytron/xycar_ws/install/yolo_msgs/include/yolo_msgs/yolo_msgs/msg/detail/pose2_d__functions.h
[2.924s] -- Up-to-date: /home/xytron/xycar_ws/install/yolo_msgs/include/yolo_msgs/yolo_msgs/msg/detail/vector2__functions.h
[2.925s] -- Up-to-date: /home/xytron/xycar_ws/install/yolo_msgs/include/yolo_msgs/yolo_msgs/msg/detail/key_point3_d__functions.h
[2.927s] -- Up-to-date: /home/xytron/xycar_ws/install/yolo_msgs/include/yolo_msgs/yolo_msgs/msg/detail/bounding_box2_d__struct.h
[2.928s] -- Up-to-date: /home/xytron/xycar_ws/install/yolo_msgs/include/yolo_msgs/yolo_msgs/msg/detail/key_point3_d_array__functions.c
[2.928s] -- Up-to-date: /home/xytron/xycar_ws/install/yolo_msgs/include/yolo_msgs/yolo_msgs/msg/detail/key_point3_d__functions.c
[2.929s] -- Up-to-date: /home/xytron/xycar_ws/install/yolo_msgs/include/yolo_msgs/yolo_msgs/msg/detail/key_point2_d_array__type_support.h
[2.930s] -- Up-to-date: /home/xytron/xycar_ws/install/yolo_msgs/include/yolo_msgs/yolo_msgs/msg/detail/detection_array__struct.h
[2.930s] -- Up-to-date: /home/xytron/xycar_ws/install/yolo_msgs/include/yolo_msgs/yolo_msgs/msg/detail/key_point3_d_array__functions.h
[2.930s] -- Up-to-date: /home/xytron/xycar_ws/install/yolo_msgs/include/yolo_msgs/yolo_msgs/msg/detail/mask__struct.h
[2.931s] -- Up-to-date: /home/xytron/xycar_ws/install/yolo_msgs/include/yolo_msgs/yolo_msgs/msg/detail/key_point2_d_array__struct.h
[2.931s] -- Up-to-date: /home/xytron/xycar_ws/install/yolo_msgs/include/yolo_msgs/yolo_msgs/msg/point2_d.h
[2.931s] -- Up-to-date: /home/xytron/xycar_ws/install/yolo_msgs/share/yolo_msgs/environment/library_path.sh
[2.931s] -- Up-to-date: /home/xytron/xycar_ws/install/yolo_msgs/share/yolo_msgs/environment/library_path.dsv
[2.931s] -- Up-to-date: /home/xytron/xycar_ws/install/yolo_msgs/lib/libyolo_msgs__rosidl_generator_c.so
[2.932s] -- Up-to-date: /home/xytron/xycar_ws/install/yolo_msgs/include/yolo_msgs/yolo_msgs
[2.932s] -- Up-to-date: /home/xytron/xycar_ws/install/yolo_msgs/include/yolo_msgs/yolo_msgs/srv
[2.934s] -- Up-to-date: /home/xytron/xycar_ws/install/yolo_msgs/include/yolo_msgs/yolo_msgs/srv/detail
[2.938s] -- Up-to-date: /home/xytron/xycar_ws/install/yolo_msgs/include/yolo_msgs/yolo_msgs/srv/detail/set_classes__rosidl_typesupport_fastrtps_c.h
[2.938s] -- Up-to-date: /home/xytron/xycar_ws/install/yolo_msgs/include/yolo_msgs/yolo_msgs/msg
[2.939s] -- Up-to-date: /home/xytron/xycar_ws/install/yolo_msgs/include/yolo_msgs/yolo_msgs/msg/rosidl_typesupport_fastrtps_c__visibility_control.h
[2.939s] -- Up-to-date: /home/xytron/xycar_ws/install/yolo_msgs/include/yolo_msgs/yolo_msgs/msg/detail
[2.939s] -- Up-to-date: /home/xytron/xycar_ws/install/yolo_msgs/include/yolo_msgs/yolo_msgs/msg/detail/mask__rosidl_typesupport_fastrtps_c.h
[2.939s] -- Up-to-date: /home/xytron/xycar_ws/install/yolo_msgs/include/yolo_msgs/yolo_msgs/msg/detail/key_point2_d_array__rosidl_typesupport_fastrtps_c.h
[2.939s] -- Up-to-date: /home/xytron/xycar_ws/install/yolo_msgs/include/yolo_msgs/yolo_msgs/msg/detail/vector2__rosidl_typesupport_fastrtps_c.h
[2.939s] -- Up-to-date: /home/xytron/xycar_ws/install/yolo_msgs/include/yolo_msgs/yolo_msgs/msg/detail/key_point3_d__rosidl_typesupport_fastrtps_c.h
[2.939s] -- Up-to-date: /home/xytron/xycar_ws/install/yolo_msgs/include/yolo_msgs/yolo_msgs/msg/detail/detection_array__rosidl_typesupport_fastrtps_c.h
[2.940s] -- Up-to-date: /home/xytron/xycar_ws/install/yolo_msgs/include/yolo_msgs/yolo_msgs/msg/detail/detection__rosidl_typesupport_fastrtps_c.h
[2.940s] -- Up-to-date: /home/xytron/xycar_ws/install/yolo_msgs/include/yolo_msgs/yolo_msgs/msg/detail/bounding_box2_d__rosidl_typesupport_fastrtps_c.h
[2.941s] -- Up-to-date: /home/xytron/xycar_ws/install/yolo_msgs/include/yolo_msgs/yolo_msgs/msg/detail/key_point2_d__rosidl_typesupport_fastrtps_c.h
[2.942s] -- Up-to-date: /home/xytron/xycar_ws/install/yolo_msgs/include/yolo_msgs/yolo_msgs/msg/detail/pose2_d__rosidl_typesupport_fastrtps_c.h
[2.942s] -- Up-to-date: /home/xytron/xycar_ws/install/yolo_msgs/include/yolo_msgs/yolo_msgs/msg/detail/key_point3_d_array__rosidl_typesupport_fastrtps_c.h
[2.947s] -- Up-to-date: /home/xytron/xycar_ws/install/yolo_msgs/include/yolo_msgs/yolo_msgs/msg/detail/bounding_box3_d__rosidl_typesupport_fastrtps_c.h
[2.950s] -- Up-to-date: /home/xytron/xycar_ws/install/yolo_msgs/include/yolo_msgs/yolo_msgs/msg/detail/point2_d__rosidl_typesupport_fastrtps_c.h
[2.953s] -- Up-to-date: /home/xytron/xycar_ws/install/yolo_msgs/lib/libyolo_msgs__rosidl_typesupport_fastrtps_c.so
[2.954s] -- Up-to-date: /home/xytron/xycar_ws/install/yolo_msgs/include/yolo_msgs/yolo_msgs
[2.954s] -- Up-to-date: /home/xytron/xycar_ws/install/yolo_msgs/include/yolo_msgs/yolo_msgs/srv
[2.955s] -- Up-to-date: /home/xytron/xycar_ws/install/yolo_msgs/include/yolo_msgs/yolo_msgs/srv/detail
[2.955s] -- Up-to-date: /home/xytron/xycar_ws/install/yolo_msgs/include/yolo_msgs/yolo_msgs/srv/detail/set_classes__type_support.c
[2.956s] -- Up-to-date: /home/xytron/xycar_ws/install/yolo_msgs/include/yolo_msgs/yolo_msgs/srv/detail/set_classes__rosidl_typesupport_introspection_c.h
[2.957s] -- Up-to-date: /home/xytron/xycar_ws/install/yolo_msgs/include/yolo_msgs/yolo_msgs/msg
[2.957s] -- Up-to-date: /home/xytron/xycar_ws/install/yolo_msgs/include/yolo_msgs/yolo_msgs/msg/rosidl_typesupport_introspection_c__visibility_control.h
[2.957s] -- Up-to-date: /home/xytron/xycar_ws/install/yolo_msgs/include/yolo_msgs/yolo_msgs/msg/detail
[2.958s] -- Up-to-date: /home/xytron/xycar_ws/install/yolo_msgs/include/yolo_msgs/yolo_msgs/msg/detail/bounding_box2_d__rosidl_typesupport_introspection_c.h
[2.958s] -- Up-to-date: /home/xytron/xycar_ws/install/yolo_msgs/include/yolo_msgs/yolo_msgs/msg/detail/bounding_box3_d__type_support.c
[2.958s] -- Up-to-date: /home/xytron/xycar_ws/install/yolo_msgs/include/yolo_msgs/yolo_msgs/msg/detail/key_point3_d__type_support.c
[2.958s] -- Up-to-date: /home/xytron/xycar_ws/install/yolo_msgs/include/yolo_msgs/yolo_msgs/msg/detail/key_point2_d__rosidl_typesupport_introspection_c.h
[2.958s] -- Up-to-date: /home/xytron/xycar_ws/install/yolo_msgs/include/yolo_msgs/yolo_msgs/msg/detail/key_point2_d__type_support.c
[2.958s] -- Up-to-date: /home/xytron/xycar_ws/install/yolo_msgs/include/yolo_msgs/yolo_msgs/msg/detail/bounding_box2_d__type_support.c
[2.959s] -- Up-to-date: /home/xytron/xycar_ws/install/yolo_msgs/include/yolo_msgs/yolo_msgs/msg/detail/pose2_d__rosidl_typesupport_introspection_c.h
[2.959s] -- Up-to-date: /home/xytron/xycar_ws/install/yolo_msgs/include/yolo_msgs/yolo_msgs/msg/detail/vector2__type_support.c
[2.959s] -- Up-to-date: /home/xytron/xycar_ws/install/yolo_msgs/include/yolo_msgs/yolo_msgs/msg/detail/key_point2_d_array__type_support.c
[2.959s] -- Up-to-date: /home/xytron/xycar_ws/install/yolo_msgs/include/yolo_msgs/yolo_msgs/msg/detail/bounding_box3_d__rosidl_typesupport_introspection_c.h
[2.959s] -- Up-to-date: /home/xytron/xycar_ws/install/yolo_msgs/include/yolo_msgs/yolo_msgs/msg/detail/point2_d__type_support.c
[2.959s] -- Up-to-date: /home/xytron/xycar_ws/install/yolo_msgs/include/yolo_msgs/yolo_msgs/msg/detail/mask__type_support.c
[2.959s] -- Up-to-date: /home/xytron/xycar_ws/install/yolo_msgs/include/yolo_msgs/yolo_msgs/msg/detail/detection__type_support.c
[2.960s] -- Up-to-date: /home/xytron/xycar_ws/install/yolo_msgs/include/yolo_msgs/yolo_msgs/msg/detail/key_point3_d__rosidl_typesupport_introspection_c.h
[2.960s] -- Up-to-date: /home/xytron/xycar_ws/install/yolo_msgs/include/yolo_msgs/yolo_msgs/msg/detail/detection_array__rosidl_typesupport_introspection_c.h
[2.960s] -- Up-to-date: /home/xytron/xycar_ws/install/yolo_msgs/include/yolo_msgs/yolo_msgs/msg/detail/key_point2_d_array__rosidl_typesupport_introspection_c.h
[2.960s] -- Up-to-date: /home/xytron/xycar_ws/install/yolo_msgs/include/yolo_msgs/yolo_msgs/msg/detail/point2_d__rosidl_typesupport_introspection_c.h
[2.960s] -- Up-to-date: /home/xytron/xycar_ws/install/yolo_msgs/include/yolo_msgs/yolo_msgs/msg/detail/vector2__rosidl_typesupport_introspection_c.h
[2.960s] -- Up-to-date: /home/xytron/xycar_ws/install/yolo_msgs/include/yolo_msgs/yolo_msgs/msg/detail/key_point3_d_array__rosidl_typesupport_introspection_c.h
[2.960s] -- Up-to-date: /home/xytron/xycar_ws/install/yolo_msgs/include/yolo_msgs/yolo_msgs/msg/detail/detection__rosidl_typesupport_introspection_c.h
[2.961s] -- Up-to-date: /home/xytron/xycar_ws/install/yolo_msgs/include/yolo_msgs/yolo_msgs/msg/detail/key_point3_d_array__type_support.c
[2.961s] -- Up-to-date: /home/xytron/xycar_ws/install/yolo_msgs/include/yolo_msgs/yolo_msgs/msg/detail/pose2_d__type_support.c
[2.961s] -- Up-to-date: /home/xytron/xycar_ws/install/yolo_msgs/include/yolo_msgs/yolo_msgs/msg/detail/detection_array__type_support.c
[2.961s] -- Up-to-date: /home/xytron/xycar_ws/install/yolo_msgs/include/yolo_msgs/yolo_msgs/msg/detail/mask__rosidl_typesupport_introspection_c.h
[2.961s] -- Up-to-date: /home/xytron/xycar_ws/install/yolo_msgs/lib/libyolo_msgs__rosidl_typesupport_introspection_c.so
[2.962s] -- Up-to-date: /home/xytron/xycar_ws/install/yolo_msgs/lib/libyolo_msgs__rosidl_typesupport_c.so
[2.962s] -- Up-to-date: /home/xytron/xycar_ws/install/yolo_msgs/include/yolo_msgs/yolo_msgs
[2.962s] -- Up-to-date: /home/xytron/xycar_ws/install/yolo_msgs/include/yolo_msgs/yolo_msgs/srv
[2.962s] -- Up-to-date: /home/xytron/xycar_ws/install/yolo_msgs/include/yolo_msgs/yolo_msgs/srv/set_classes.hpp
[2.962s] -- Up-to-date: /home/xytron/xycar_ws/install/yolo_msgs/include/yolo_msgs/yolo_msgs/srv/detail
[2.962s] -- Up-to-date: /home/xytron/xycar_ws/install/yolo_msgs/include/yolo_msgs/yolo_msgs/srv/detail/set_classes__builder.hpp
[2.962s] -- Up-to-date: /home/xytron/xycar_ws/install/yolo_msgs/include/yolo_msgs/yolo_msgs/srv/detail/set_classes__traits.hpp
[2.962s] -- Up-to-date: /home/xytron/xycar_ws/install/yolo_msgs/include/yolo_msgs/yolo_msgs/srv/detail/set_classes__type_support.hpp
[2.963s] -- Up-to-date: /home/xytron/xycar_ws/install/yolo_msgs/include/yolo_msgs/yolo_msgs/srv/detail/set_classes__struct.hpp
[2.963s] -- Up-to-date: /home/xytron/xycar_ws/install/yolo_msgs/include/yolo_msgs/yolo_msgs/msg
[2.963s] -- Up-to-date: /home/xytron/xycar_ws/install/yolo_msgs/include/yolo_msgs/yolo_msgs/msg/detection_array.hpp
[2.963s] -- Up-to-date: /home/xytron/xycar_ws/install/yolo_msgs/include/yolo_msgs/yolo_msgs/msg/bounding_box2_d.hpp
[2.963s] -- Up-to-date: /home/xytron/xycar_ws/install/yolo_msgs/include/yolo_msgs/yolo_msgs/msg/detection.hpp
[2.963s] -- Up-to-date: /home/xytron/xycar_ws/install/yolo_msgs/include/yolo_msgs/yolo_msgs/msg/bounding_box3_d.hpp
[2.963s] -- Up-to-date: /home/xytron/xycar_ws/install/yolo_msgs/include/yolo_msgs/yolo_msgs/msg/key_point3_d_array.hpp
[2.963s] -- Up-to-date: /home/xytron/xycar_ws/install/yolo_msgs/include/yolo_msgs/yolo_msgs/msg/key_point3_d.hpp
[2.964s] -- Up-to-date: /home/xytron/xycar_ws/install/yolo_msgs/include/yolo_msgs/yolo_msgs/msg/point2_d.hpp
[2.964s] -- Up-to-date: /home/xytron/xycar_ws/install/yolo_msgs/include/yolo_msgs/yolo_msgs/msg/mask.hpp
[2.964s] -- Up-to-date: /home/xytron/xycar_ws/install/yolo_msgs/include/yolo_msgs/yolo_msgs/msg/key_point2_d.hpp
[2.964s] -- Up-to-date: /home/xytron/xycar_ws/install/yolo_msgs/include/yolo_msgs/yolo_msgs/msg/vector2.hpp
[2.964s] -- Up-to-date: /home/xytron/xycar_ws/install/yolo_msgs/include/yolo_msgs/yolo_msgs/msg/pose2_d.hpp
[2.964s] -- Up-to-date: /home/xytron/xycar_ws/install/yolo_msgs/include/yolo_msgs/yolo_msgs/msg/rosidl_generator_cpp__visibility_control.hpp
[2.965s] -- Up-to-date: /home/xytron/xycar_ws/install/yolo_msgs/include/yolo_msgs/yolo_msgs/msg/key_point2_d_array.hpp
[2.965s] -- Up-to-date: /home/xytron/xycar_ws/install/yolo_msgs/include/yolo_msgs/yolo_msgs/msg/detail
[2.965s] -- Up-to-date: /home/xytron/xycar_ws/install/yolo_msgs/include/yolo_msgs/yolo_msgs/msg/detail/key_point2_d_array__traits.hpp
[2.965s] -- Up-to-date: /home/xytron/xycar_ws/install/yolo_msgs/include/yolo_msgs/yolo_msgs/msg/detail/bounding_box2_d__struct.hpp
[2.965s] -- Up-to-date: /home/xytron/xycar_ws/install/yolo_msgs/include/yolo_msgs/yolo_msgs/msg/detail/key_point3_d__builder.hpp
[2.965s] -- Up-to-date: /home/xytron/xycar_ws/install/yolo_msgs/include/yolo_msgs/yolo_msgs/msg/detail/bounding_box3_d__builder.hpp
[2.965s] -- Up-to-date: /home/xytron/xycar_ws/install/yolo_msgs/include/yolo_msgs/yolo_msgs/msg/detail/key_point3_d__type_support.hpp
[2.965s] -- Up-to-date: /home/xytron/xycar_ws/install/yolo_msgs/include/yolo_msgs/yolo_msgs/msg/detail/bounding_box2_d__type_support.hpp
[2.965s] -- Up-to-date: /home/xytron/xycar_ws/install/yolo_msgs/include/yolo_msgs/yolo_msgs/msg/detail/key_point2_d_array__builder.hpp
[2.966s] -- Up-to-date: /home/xytron/xycar_ws/install/yolo_msgs/include/yolo_msgs/yolo_msgs/msg/detail/bounding_box3_d__type_support.hpp
[2.966s] -- Up-to-date: /home/xytron/xycar_ws/install/yolo_msgs/include/yolo_msgs/yolo_msgs/msg/detail/key_point3_d_array__type_support.hpp
[2.966s] -- Up-to-date: /home/xytron/xycar_ws/install/yolo_msgs/include/yolo_msgs/yolo_msgs/msg/detail/mask__struct.hpp
[2.967s] -- Up-to-date: /home/xytron/xycar_ws/install/yolo_msgs/include/yolo_msgs/yolo_msgs/msg/detail/detection_array__traits.hpp
[2.967s] -- Up-to-date: /home/xytron/xycar_ws/install/yolo_msgs/include/yolo_msgs/yolo_msgs/msg/detail/bounding_box3_d__struct.hpp
[2.968s] -- Up-to-date: /home/xytron/xycar_ws/install/yolo_msgs/include/yolo_msgs/yolo_msgs/msg/detail/key_point3_d_array__builder.hpp
[2.968s] -- Up-to-date: /home/xytron/xycar_ws/install/yolo_msgs/include/yolo_msgs/yolo_msgs/msg/detail/detection_array__struct.hpp
[2.968s] -- Up-to-date: /home/xytron/xycar_ws/install/yolo_msgs/include/yolo_msgs/yolo_msgs/msg/detail/key_point3_d__struct.hpp
[2.968s] -- Up-to-date: /home/xytron/xycar_ws/install/yolo_msgs/include/yolo_msgs/yolo_msgs/msg/detail/pose2_d__traits.hpp
[2.968s] -- Up-to-date: /home/xytron/xycar_ws/install/yolo_msgs/include/yolo_msgs/yolo_msgs/msg/detail/mask__builder.hpp
[2.968s] -- Up-to-date: /home/xytron/xycar_ws/install/yolo_msgs/include/yolo_msgs/yolo_msgs/msg/detail/key_point3_d__traits.hpp
[2.968s] -- Up-to-date: /home/xytron/xycar_ws/install/yolo_msgs/include/yolo_msgs/yolo_msgs/msg/detail/point2_d__type_support.hpp
[2.968s] -- Up-to-date: /home/xytron/xycar_ws/install/yolo_msgs/include/yolo_msgs/yolo_msgs/msg/detail/detection__builder.hpp
[2.969s] -- Up-to-date: /home/xytron/xycar_ws/install/yolo_msgs/include/yolo_msgs/yolo_msgs/msg/detail/point2_d__traits.hpp
[2.969s] -- Up-to-date: /home/xytron/xycar_ws/install/yolo_msgs/include/yolo_msgs/yolo_msgs/msg/detail/point2_d__struct.hpp
[2.969s] -- Up-to-date: /home/xytron/xycar_ws/install/yolo_msgs/include/yolo_msgs/yolo_msgs/msg/detail/detection_array__type_support.hpp
[2.969s] -- Up-to-date: /home/xytron/xycar_ws/install/yolo_msgs/include/yolo_msgs/yolo_msgs/msg/detail/key_point2_d__type_support.hpp
[2.969s] -- Up-to-date: /home/xytron/xycar_ws/install/yolo_msgs/include/yolo_msgs/yolo_msgs/msg/detail/vector2__struct.hpp
[2.970s] -- Up-to-date: /home/xytron/xycar_ws/install/yolo_msgs/include/yolo_msgs/yolo_msgs/msg/detail/detection__type_support.hpp
[2.970s] -- Up-to-date: /home/xytron/xycar_ws/install/yolo_msgs/include/yolo_msgs/yolo_msgs/msg/detail/bounding_box2_d__builder.hpp
[2.970s] -- Up-to-date: /home/xytron/xycar_ws/install/yolo_msgs/include/yolo_msgs/yolo_msgs/msg/detail/pose2_d__builder.hpp
[2.970s] -- Up-to-date: /home/xytron/xycar_ws/install/yolo_msgs/include/yolo_msgs/yolo_msgs/msg/detail/key_point3_d_array__struct.hpp
[2.970s] -- Up-to-date: /home/xytron/xycar_ws/install/yolo_msgs/include/yolo_msgs/yolo_msgs/msg/detail/bounding_box2_d__traits.hpp
[2.970s] -- Up-to-date: /home/xytron/xycar_ws/install/yolo_msgs/include/yolo_msgs/yolo_msgs/msg/detail/detection_array__builder.hpp
[2.972s] -- Up-to-date: /home/xytron/xycar_ws/install/yolo_msgs/include/yolo_msgs/yolo_msgs/msg/detail/pose2_d__struct.hpp
[2.973s] -- Up-to-date: /home/xytron/xycar_ws/install/yolo_msgs/include/yolo_msgs/yolo_msgs/msg/detail/key_point2_d__traits.hpp
[2.975s] -- Up-to-date: /home/xytron/xycar_ws/install/yolo_msgs/include/yolo_msgs/yolo_msgs/msg/detail/mask__traits.hpp
[2.976s] -- Up-to-date: /home/xytron/xycar_ws/install/yolo_msgs/include/yolo_msgs/yolo_msgs/msg/detail/mask__type_support.hpp
[2.976s] -- Up-to-date: /home/xytron/xycar_ws/install/yolo_msgs/include/yolo_msgs/yolo_msgs/msg/detail/pose2_d__type_support.hpp
[2.977s] -- Up-to-date: /home/xytron/xycar_ws/install/yolo_msgs/include/yolo_msgs/yolo_msgs/msg/detail/detection__struct.hpp
[2.978s] -- Up-to-date: /home/xytron/xycar_ws/install/yolo_msgs/include/yolo_msgs/yolo_msgs/msg/detail/key_point2_d__struct.hpp
[2.978s] -- Up-to-date: /home/xytron/xycar_ws/install/yolo_msgs/include/yolo_msgs/yolo_msgs/msg/detail/key_point3_d_array__traits.hpp
[2.979s] -- Up-to-date: /home/xytron/xycar_ws/install/yolo_msgs/include/yolo_msgs/yolo_msgs/msg/detail/point2_d__builder.hpp
[2.979s] -- Up-to-date: /home/xytron/xycar_ws/install/yolo_msgs/include/yolo_msgs/yolo_msgs/msg/detail/vector2__builder.hpp
[2.979s] -- Up-to-date: /home/xytron/xycar_ws/install/yolo_msgs/include/yolo_msgs/yolo_msgs/msg/detail/vector2__traits.hpp
[2.980s] -- Up-to-date: /home/xytron/xycar_ws/install/yolo_msgs/include/yolo_msgs/yolo_msgs/msg/detail/detection__traits.hpp
[2.980s] -- Up-to-date: /home/xytron/xycar_ws/install/yolo_msgs/include/yolo_msgs/yolo_msgs/msg/detail/key_point2_d_array__struct.hpp
[2.980s] -- Up-to-date: /home/xytron/xycar_ws/install/yolo_msgs/include/yolo_msgs/yolo_msgs/msg/detail/vector2__type_support.hpp
[2.981s] -- Up-to-date: /home/xytron/xycar_ws/install/yolo_msgs/include/yolo_msgs/yolo_msgs/msg/detail/bounding_box3_d__traits.hpp
[2.981s] -- Up-to-date: /home/xytron/xycar_ws/install/yolo_msgs/include/yolo_msgs/yolo_msgs/msg/detail/key_point2_d__builder.hpp
[2.981s] -- Up-to-date: /home/xytron/xycar_ws/install/yolo_msgs/include/yolo_msgs/yolo_msgs/msg/detail/key_point2_d_array__type_support.hpp
[2.981s] -- Up-to-date: /home/xytron/xycar_ws/install/yolo_msgs/include/yolo_msgs/yolo_msgs
[2.981s] -- Up-to-date: /home/xytron/xycar_ws/install/yolo_msgs/include/yolo_msgs/yolo_msgs/srv
[2.982s] -- Up-to-date: /home/xytron/xycar_ws/install/yolo_msgs/include/yolo_msgs/yolo_msgs/srv/detail
[2.982s] -- Up-to-date: /home/xytron/xycar_ws/install/yolo_msgs/include/yolo_msgs/yolo_msgs/srv/detail/dds_fastrtps
[2.982s] -- Up-to-date: /home/xytron/xycar_ws/install/yolo_msgs/include/yolo_msgs/yolo_msgs/srv/detail/set_classes__rosidl_typesupport_fastrtps_cpp.hpp
[2.982s] -- Up-to-date: /home/xytron/xycar_ws/install/yolo_msgs/include/yolo_msgs/yolo_msgs/msg
[2.983s] -- Up-to-date: /home/xytron/xycar_ws/install/yolo_msgs/include/yolo_msgs/yolo_msgs/msg/rosidl_typesupport_fastrtps_cpp__visibility_control.h
[2.983s] -- Up-to-date: /home/xytron/xycar_ws/install/yolo_msgs/include/yolo_msgs/yolo_msgs/msg/detail
[2.983s] -- Up-to-date: /home/xytron/xycar_ws/install/yolo_msgs/include/yolo_msgs/yolo_msgs/msg/detail/detection__rosidl_typesupport_fastrtps_cpp.hpp
[2.983s] -- Up-to-date: /home/xytron/xycar_ws/install/yolo_msgs/include/yolo_msgs/yolo_msgs/msg/detail/bounding_box2_d__rosidl_typesupport_fastrtps_cpp.hpp
[2.983s] -- Up-to-date: /home/xytron/xycar_ws/install/yolo_msgs/include/yolo_msgs/yolo_msgs/msg/detail/detection_array__rosidl_typesupport_fastrtps_cpp.hpp
[2.983s] -- Up-to-date: /home/xytron/xycar_ws/install/yolo_msgs/include/yolo_msgs/yolo_msgs/msg/detail/key_point3_d_array__rosidl_typesupport_fastrtps_cpp.hpp
[2.984s] -- Up-to-date: /home/xytron/xycar_ws/install/yolo_msgs/include/yolo_msgs/yolo_msgs/msg/detail/key_point2_d__rosidl_typesupport_fastrtps_cpp.hpp
[2.984s] -- Up-to-date: /home/xytron/xycar_ws/install/yolo_msgs/include/yolo_msgs/yolo_msgs/msg/detail/key_point3_d__rosidl_typesupport_fastrtps_cpp.hpp
[2.984s] -- Up-to-date: /home/xytron/xycar_ws/install/yolo_msgs/include/yolo_msgs/yolo_msgs/msg/detail/mask__rosidl_typesupport_fastrtps_cpp.hpp
[2.984s] -- Up-to-date: /home/xytron/xycar_ws/install/yolo_msgs/include/yolo_msgs/yolo_msgs/msg/detail/point2_d__rosidl_typesupport_fastrtps_cpp.hpp
[2.984s] -- Up-to-date: /home/xytron/xycar_ws/install/yolo_msgs/include/yolo_msgs/yolo_msgs/msg/detail/pose2_d__rosidl_typesupport_fastrtps_cpp.hpp
[2.985s] -- Up-to-date: /home/xytron/xycar_ws/install/yolo_msgs/include/yolo_msgs/yolo_msgs/msg/detail/dds_fastrtps
[2.985s] -- Up-to-date: /home/xytron/xycar_ws/install/yolo_msgs/include/yolo_msgs/yolo_msgs/msg/detail/vector2__rosidl_typesupport_fastrtps_cpp.hpp
[2.985s] -- Up-to-date: /home/xytron/xycar_ws/install/yolo_msgs/include/yolo_msgs/yolo_msgs/msg/detail/bounding_box3_d__rosidl_typesupport_fastrtps_cpp.hpp
[2.985s] -- Up-to-date: /home/xytron/xycar_ws/install/yolo_msgs/include/yolo_msgs/yolo_msgs/msg/detail/key_point2_d_array__rosidl_typesupport_fastrtps_cpp.hpp
[2.985s] -- Up-to-date: /home/xytron/xycar_ws/install/yolo_msgs/lib/libyolo_msgs__rosidl_typesupport_fastrtps_cpp.so
[2.986s] -- Up-to-date: /home/xytron/xycar_ws/install/yolo_msgs/include/yolo_msgs/yolo_msgs
[2.986s] -- Up-to-date: /home/xytron/xycar_ws/install/yolo_msgs/include/yolo_msgs/yolo_msgs/srv
[2.987s] -- Up-to-date: /home/xytron/xycar_ws/install/yolo_msgs/include/yolo_msgs/yolo_msgs/srv/detail
[2.987s] -- Up-to-date: /home/xytron/xycar_ws/install/yolo_msgs/include/yolo_msgs/yolo_msgs/srv/detail/set_classes__type_support.cpp
[2.987s] -- Up-to-date: /home/xytron/xycar_ws/install/yolo_msgs/include/yolo_msgs/yolo_msgs/srv/detail/set_classes__rosidl_typesupport_introspection_cpp.hpp
[2.987s] -- Up-to-date: /home/xytron/xycar_ws/install/yolo_msgs/include/yolo_msgs/yolo_msgs/msg
[2.987s] -- Up-to-date: /home/xytron/xycar_ws/install/yolo_msgs/include/yolo_msgs/yolo_msgs/msg/detail
[2.987s] -- Up-to-date: /home/xytron/xycar_ws/install/yolo_msgs/include/yolo_msgs/yolo_msgs/msg/detail/detection_array__rosidl_typesupport_introspection_cpp.hpp
[2.987s] -- Up-to-date: /home/xytron/xycar_ws/install/yolo_msgs/include/yolo_msgs/yolo_msgs/msg/detail/vector2__type_support.cpp
[2.987s] -- Up-to-date: /home/xytron/xycar_ws/install/yolo_msgs/include/yolo_msgs/yolo_msgs/msg/detail/bounding_box3_d__rosidl_typesupport_introspection_cpp.hpp
[2.988s] -- Up-to-date: /home/xytron/xycar_ws/install/yolo_msgs/include/yolo_msgs/yolo_msgs/msg/detail/key_point2_d_array__type_support.cpp
[2.988s] -- Up-to-date: /home/xytron/xycar_ws/install/yolo_msgs/include/yolo_msgs/yolo_msgs/msg/detail/key_point2_d__type_support.cpp
[2.988s] -- Up-to-date: /home/xytron/xycar_ws/install/yolo_msgs/include/yolo_msgs/yolo_msgs/msg/detail/bounding_box3_d__type_support.cpp
[2.988s] -- Up-to-date: /home/xytron/xycar_ws/install/yolo_msgs/include/yolo_msgs/yolo_msgs/msg/detail/detection_array__type_support.cpp
[2.988s] -- Up-to-date: /home/xytron/xycar_ws/install/yolo_msgs/include/yolo_msgs/yolo_msgs/msg/detail/pose2_d__type_support.cpp
[2.988s] -- Up-to-date: /home/xytron/xycar_ws/install/yolo_msgs/include/yolo_msgs/yolo_msgs/msg/detail/key_point2_d__rosidl_typesupport_introspection_cpp.hpp
[2.989s] -- Up-to-date: /home/xytron/xycar_ws/install/yolo_msgs/include/yolo_msgs/yolo_msgs/msg/detail/vector2__rosidl_typesupport_introspection_cpp.hpp
[2.989s] -- Up-to-date: /home/xytron/xycar_ws/install/yolo_msgs/include/yolo_msgs/yolo_msgs/msg/detail/mask__rosidl_typesupport_introspection_cpp.hpp
[2.989s] -- Up-to-date: /home/xytron/xycar_ws/install/yolo_msgs/include/yolo_msgs/yolo_msgs/msg/detail/key_point3_d__rosidl_typesupport_introspection_cpp.hpp
[2.989s] -- Up-to-date: /home/xytron/xycar_ws/install/yolo_msgs/include/yolo_msgs/yolo_msgs/msg/detail/point2_d__type_support.cpp
[2.989s] -- Up-to-date: /home/xytron/xycar_ws/install/yolo_msgs/include/yolo_msgs/yolo_msgs/msg/detail/pose2_d__rosidl_typesupport_introspection_cpp.hpp
[2.989s] -- Up-to-date: /home/xytron/xycar_ws/install/yolo_msgs/include/yolo_msgs/yolo_msgs/msg/detail/key_point3_d__type_support.cpp
[2.989s] -- Up-to-date: /home/xytron/xycar_ws/install/yolo_msgs/include/yolo_msgs/yolo_msgs/msg/detail/point2_d__rosidl_typesupport_introspection_cpp.hpp
[2.989s] -- Up-to-date: /home/xytron/xycar_ws/install/yolo_msgs/include/yolo_msgs/yolo_msgs/msg/detail/mask__type_support.cpp
[2.990s] -- Up-to-date: /home/xytron/xycar_ws/install/yolo_msgs/include/yolo_msgs/yolo_msgs/msg/detail/key_point3_d_array__rosidl_typesupport_introspection_cpp.hpp
[2.990s] -- Up-to-date: /home/xytron/xycar_ws/install/yolo_msgs/include/yolo_msgs/yolo_msgs/msg/detail/bounding_box2_d__type_support.cpp
[2.990s] -- Up-to-date: /home/xytron/xycar_ws/install/yolo_msgs/include/yolo_msgs/yolo_msgs/msg/detail/key_point2_d_array__rosidl_typesupport_introspection_cpp.hpp
[2.990s] -- Up-to-date: /home/xytron/xycar_ws/install/yolo_msgs/include/yolo_msgs/yolo_msgs/msg/detail/detection__rosidl_typesupport_introspection_cpp.hpp
[2.990s] -- Up-to-date: /home/xytron/xycar_ws/install/yolo_msgs/include/yolo_msgs/yolo_msgs/msg/detail/detection__type_support.cpp
[2.991s] -- Up-to-date: /home/xytron/xycar_ws/install/yolo_msgs/include/yolo_msgs/yolo_msgs/msg/detail/key_point3_d_array__type_support.cpp
[2.992s] -- Up-to-date: /home/xytron/xycar_ws/install/yolo_msgs/include/yolo_msgs/yolo_msgs/msg/detail/bounding_box2_d__rosidl_typesupport_introspection_cpp.hpp
[2.993s] -- Up-to-date: /home/xytron/xycar_ws/install/yolo_msgs/lib/libyolo_msgs__rosidl_typesupport_introspection_cpp.so
[2.993s] -- Up-to-date: /home/xytron/xycar_ws/install/yolo_msgs/lib/libyolo_msgs__rosidl_typesupport_cpp.so
[2.994s] -- Up-to-date: /home/xytron/xycar_ws/install/yolo_msgs/share/yolo_msgs/environment/pythonpath.sh
[2.994s] -- Up-to-date: /home/xytron/xycar_ws/install/yolo_msgs/share/yolo_msgs/environment/pythonpath.dsv
[2.994s] -- Up-to-date: /home/xytron/xycar_ws/install/yolo_msgs/local/lib/python3.10/dist-packages/yolo_msgs-4.1.1-py3.10.egg-info
[2.994s] -- Installing: /home/xytron/xycar_ws/install/yolo_msgs/local/lib/python3.10/dist-packages/yolo_msgs-4.1.1-py3.10.egg-info/PKG-INFO
[2.994s] -- Installing: /home/xytron/xycar_ws/install/yolo_msgs/local/lib/python3.10/dist-packages/yolo_msgs-4.1.1-py3.10.egg-info/dependency_links.txt
[2.994s] -- Installing: /home/xytron/xycar_ws/install/yolo_msgs/local/lib/python3.10/dist-packages/yolo_msgs-4.1.1-py3.10.egg-info/top_level.txt
[2.995s] -- Installing: /home/xytron/xycar_ws/install/yolo_msgs/local/lib/python3.10/dist-packages/yolo_msgs-4.1.1-py3.10.egg-info/SOURCES.txt
[2.995s] -- Up-to-date: /home/xytron/xycar_ws/install/yolo_msgs/local/lib/python3.10/dist-packages/yolo_msgs
[2.995s] -- Up-to-date: /home/xytron/xycar_ws/install/yolo_msgs/local/lib/python3.10/dist-packages/yolo_msgs/__init__.py
[2.995s] -- Up-to-date: /home/xytron/xycar_ws/install/yolo_msgs/local/lib/python3.10/dist-packages/yolo_msgs/yolo_msgs_s__rosidl_typesupport_fastrtps_c.cpython-310-x86_64-linux-gnu.so
[2.996s] -- Up-to-date: /home/xytron/xycar_ws/install/yolo_msgs/local/lib/python3.10/dist-packages/yolo_msgs/_yolo_msgs_s.ep.rosidl_typesupport_c.c
[2.996s] -- Up-to-date: /home/xytron/xycar_ws/install/yolo_msgs/local/lib/python3.10/dist-packages/yolo_msgs/srv
[2.996s] -- Up-to-date: /home/xytron/xycar_ws/install/yolo_msgs/local/lib/python3.10/dist-packages/yolo_msgs/srv/__init__.py
[2.996s] -- Up-to-date: /home/xytron/xycar_ws/install/yolo_msgs/local/lib/python3.10/dist-packages/yolo_msgs/srv/_set_classes_s.c
[2.996s] -- Up-to-date: /home/xytron/xycar_ws/install/yolo_msgs/local/lib/python3.10/dist-packages/yolo_msgs/srv/_set_classes.py
[2.996s] -- Up-to-date: /home/xytron/xycar_ws/install/yolo_msgs/local/lib/python3.10/dist-packages/yolo_msgs/libyolo_msgs__rosidl_generator_py.so
[2.996s] -- Up-to-date: /home/xytron/xycar_ws/install/yolo_msgs/local/lib/python3.10/dist-packages/yolo_msgs/msg
[2.997s] -- Up-to-date: /home/xytron/xycar_ws/install/yolo_msgs/local/lib/python3.10/dist-packages/yolo_msgs/msg/_key_point3_d_array_s.c
[2.997s] -- Up-to-date: /home/xytron/xycar_ws/install/yolo_msgs/local/lib/python3.10/dist-packages/yolo_msgs/msg/_detection_array.py
[2.997s] -- Up-to-date: /home/xytron/xycar_ws/install/yolo_msgs/local/lib/python3.10/dist-packages/yolo_msgs/msg/__init__.py
[2.998s] -- Up-to-date: /home/xytron/xycar_ws/install/yolo_msgs/local/lib/python3.10/dist-packages/yolo_msgs/msg/_key_point2_d_array.py
[2.998s] -- Up-to-date: /home/xytron/xycar_ws/install/yolo_msgs/local/lib/python3.10/dist-packages/yolo_msgs/msg/_point2_d_s.c
[2.998s] -- Up-to-date: /home/xytron/xycar_ws/install/yolo_msgs/local/lib/python3.10/dist-packages/yolo_msgs/msg/_detection_array_s.c
[2.998s] -- Up-to-date: /home/xytron/xycar_ws/install/yolo_msgs/local/lib/python3.10/dist-packages/yolo_msgs/msg/_pose2_d.py
[2.999s] -- Up-to-date: /home/xytron/xycar_ws/install/yolo_msgs/local/lib/python3.10/dist-packages/yolo_msgs/msg/_mask_s.c
[3.000s] -- Up-to-date: /home/xytron/xycar_ws/install/yolo_msgs/local/lib/python3.10/dist-packages/yolo_msgs/msg/_bounding_box3_d.py
[3.000s] -- Up-to-date: /home/xytron/xycar_ws/install/yolo_msgs/local/lib/python3.10/dist-packages/yolo_msgs/msg/_key_point3_d_array.py
[3.000s] -- Up-to-date: /home/xytron/xycar_ws/install/yolo_msgs/local/lib/python3.10/dist-packages/yolo_msgs/msg/_pose2_d_s.c
[3.002s] -- Up-to-date: /home/xytron/xycar_ws/install/yolo_msgs/local/lib/python3.10/dist-packages/yolo_msgs/msg/_point2_d.py
[3.003s] -- Up-to-date: /home/xytron/xycar_ws/install/yolo_msgs/local/lib/python3.10/dist-packages/yolo_msgs/msg/_key_point3_d.py
[3.006s] -- Up-to-date: /home/xytron/xycar_ws/install/yolo_msgs/local/lib/python3.10/dist-packages/yolo_msgs/msg/_key_point2_d.py
[3.007s] -- Up-to-date: /home/xytron/xycar_ws/install/yolo_msgs/local/lib/python3.10/dist-packages/yolo_msgs/msg/_bounding_box3_d_s.c
[3.008s] -- Up-to-date: /home/xytron/xycar_ws/install/yolo_msgs/local/lib/python3.10/dist-packages/yolo_msgs/msg/_bounding_box2_d.py
[3.009s] -- Up-to-date: /home/xytron/xycar_ws/install/yolo_msgs/local/lib/python3.10/dist-packages/yolo_msgs/msg/_key_point3_d_s.c
[3.013s] -- Up-to-date: /home/xytron/xycar_ws/install/yolo_msgs/local/lib/python3.10/dist-packages/yolo_msgs/msg/_mask.py
[3.014s] -- Up-to-date: /home/xytron/xycar_ws/install/yolo_msgs/local/lib/python3.10/dist-packages/yolo_msgs/msg/_detection.py
[3.015s] -- Up-to-date: /home/xytron/xycar_ws/install/yolo_msgs/local/lib/python3.10/dist-packages/yolo_msgs/msg/_vector2.py
[3.016s] -- Up-to-date: /home/xytron/xycar_ws/install/yolo_msgs/local/lib/python3.10/dist-packages/yolo_msgs/msg/_key_point2_d_s.c
[3.016s] -- Up-to-date: /home/xytron/xycar_ws/install/yolo_msgs/local/lib/python3.10/dist-packages/yolo_msgs/msg/_key_point2_d_array_s.c
[3.017s] -- Up-to-date: /home/xytron/xycar_ws/install/yolo_msgs/local/lib/python3.10/dist-packages/yolo_msgs/msg/_detection_s.c
[3.017s] -- Up-to-date: /home/xytron/xycar_ws/install/yolo_msgs/local/lib/python3.10/dist-packages/yolo_msgs/msg/_bounding_box2_d_s.c
[3.017s] -- Up-to-date: /home/xytron/xycar_ws/install/yolo_msgs/local/lib/python3.10/dist-packages/yolo_msgs/msg/_vector2_s.c
[3.017s] -- Up-to-date: /home/xytron/xycar_ws/install/yolo_msgs/local/lib/python3.10/dist-packages/yolo_msgs/_yolo_msgs_s.ep.rosidl_typesupport_fastrtps_c.c
[3.017s] -- Up-to-date: /home/xytron/xycar_ws/install/yolo_msgs/local/lib/python3.10/dist-packages/yolo_msgs/_yolo_msgs_s.ep.rosidl_typesupport_introspection_c.c
[3.018s] -- Up-to-date: /home/xytron/xycar_ws/install/yolo_msgs/local/lib/python3.10/dist-packages/yolo_msgs/yolo_msgs_s__rosidl_typesupport_c.cpython-310-x86_64-linux-gnu.so
[3.018s] -- Up-to-date: /home/xytron/xycar_ws/install/yolo_msgs/local/lib/python3.10/dist-packages/yolo_msgs/yolo_msgs_s__rosidl_typesupport_introspection_c.cpython-310-x86_64-linux-gnu.so
[3.019s] Listing '/home/xytron/xycar_ws/install/yolo_msgs/local/lib/python3.10/dist-packages/yolo_msgs'...
[3.020s] Listing '/home/xytron/xycar_ws/install/yolo_msgs/local/lib/python3.10/dist-packages/yolo_msgs/msg'...
[3.020s] Listing '/home/xytron/xycar_ws/install/yolo_msgs/local/lib/python3.10/dist-packages/yolo_msgs/srv'...
[3.030s] -- Up-to-date: /home/xytron/xycar_ws/install/yolo_msgs/local/lib/python3.10/dist-packages/yolo_msgs/yolo_msgs_s__rosidl_typesupport_fastrtps_c.cpython-310-x86_64-linux-gnu.so
[3.036s] -- Up-to-date: /home/xytron/xycar_ws/install/yolo_msgs/local/lib/python3.10/dist-packages/yolo_msgs/yolo_msgs_s__rosidl_typesupport_introspection_c.cpython-310-x86_64-linux-gnu.so
[3.037s] -- Up-to-date: /home/xytron/xycar_ws/install/yolo_msgs/local/lib/python3.10/dist-packages/yolo_msgs/yolo_msgs_s__rosidl_typesupport_c.cpython-310-x86_64-linux-gnu.so
[3.037s] -- Up-to-date: /home/xytron/xycar_ws/install/yolo_msgs/lib/libyolo_msgs__rosidl_generator_py.so
[3.038s] -- Up-to-date: /home/xytron/xycar_ws/install/yolo_msgs/share/yolo_msgs/msg/Point2D.idl
[3.038s] -- Up-to-date: /home/xytron/xycar_ws/install/yolo_msgs/share/yolo_msgs/msg/Vector2.idl
[3.038s] -- Up-to-date: /home/xytron/xycar_ws/install/yolo_msgs/share/yolo_msgs/msg/Pose2D.idl
[3.039s] -- Up-to-date: /home/xytron/xycar_ws/install/yolo_msgs/share/yolo_msgs/msg/BoundingBox2D.idl
[3.039s] -- Up-to-date: /home/xytron/xycar_ws/install/yolo_msgs/share/yolo_msgs/msg/BoundingBox3D.idl
[3.039s] -- Up-to-date: /home/xytron/xycar_ws/install/yolo_msgs/share/yolo_msgs/msg/Mask.idl
[3.040s] -- Up-to-date: /home/xytron/xycar_ws/install/yolo_msgs/share/yolo_msgs/msg/KeyPoint2D.idl
[3.040s] -- Up-to-date: /home/xytron/xycar_ws/install/yolo_msgs/share/yolo_msgs/msg/KeyPoint2DArray.idl
[3.040s] -- Up-to-date: /home/xytron/xycar_ws/install/yolo_msgs/share/yolo_msgs/msg/KeyPoint3D.idl
[3.042s] -- Up-to-date: /home/xytron/xycar_ws/install/yolo_msgs/share/yolo_msgs/msg/KeyPoint3DArray.idl
[3.044s] -- Up-to-date: /home/xytron/xycar_ws/install/yolo_msgs/share/yolo_msgs/msg/Detection.idl
[3.044s] -- Up-to-date: /home/xytron/xycar_ws/install/yolo_msgs/share/yolo_msgs/msg/DetectionArray.idl
[3.044s] -- Up-to-date: /home/xytron/xycar_ws/install/yolo_msgs/share/yolo_msgs/srv/SetClasses.idl
[3.045s] -- Up-to-date: /home/xytron/xycar_ws/install/yolo_msgs/share/yolo_msgs/msg/Point2D.msg
[3.045s] -- Up-to-date: /home/xytron/xycar_ws/install/yolo_msgs/share/yolo_msgs/msg/Vector2.msg
[3.045s] -- Up-to-date: /home/xytron/xycar_ws/install/yolo_msgs/share/yolo_msgs/msg/Pose2D.msg
[3.046s] -- Up-to-date: /home/xytron/xycar_ws/install/yolo_msgs/share/yolo_msgs/msg/BoundingBox2D.msg
[3.047s] -- Up-to-date: /home/xytron/xycar_ws/install/yolo_msgs/share/yolo_msgs/msg/BoundingBox3D.msg
[3.047s] -- Up-to-date: /home/xytron/xycar_ws/install/yolo_msgs/share/yolo_msgs/msg/Mask.msg
[3.048s] -- Up-to-date: /home/xytron/xycar_ws/install/yolo_msgs/share/yolo_msgs/msg/KeyPoint2D.msg
[3.048s] -- Up-to-date: /home/xytron/xycar_ws/install/yolo_msgs/share/yolo_msgs/msg/KeyPoint2DArray.msg
[3.048s] -- Up-to-date: /home/xytron/xycar_ws/install/yolo_msgs/share/yolo_msgs/msg/KeyPoint3D.msg
[3.049s] -- Up-to-date: /home/xytron/xycar_ws/install/yolo_msgs/share/yolo_msgs/msg/KeyPoint3DArray.msg
[3.049s] -- Up-to-date: /home/xytron/xycar_ws/install/yolo_msgs/share/yolo_msgs/msg/Detection.msg
[3.050s] -- Up-to-date: /home/xytron/xycar_ws/install/yolo_msgs/share/yolo_msgs/msg/DetectionArray.msg
[3.050s] -- Up-to-date: /home/xytron/xycar_ws/install/yolo_msgs/share/yolo_msgs/srv/SetClasses.srv
[3.050s] -- Up-to-date: /home/xytron/xycar_ws/install/yolo_msgs/share/yolo_msgs/srv/SetClasses_Request.msg
[3.050s] -- Up-to-date: /home/xytron/xycar_ws/install/yolo_msgs/share/yolo_msgs/srv/SetClasses_Response.msg
[3.050s] -- Up-to-date: /home/xytron/xycar_ws/install/yolo_msgs/share/ament_index/resource_index/package_run_dependencies/yolo_msgs
[3.053s] -- Up-to-date: /home/xytron/xycar_ws/install/yolo_msgs/share/ament_index/resource_index/parent_prefix_path/yolo_msgs
[3.054s] -- Up-to-date: /home/xytron/xycar_ws/install/yolo_msgs/share/yolo_msgs/environment/ament_prefix_path.sh
[3.054s] -- Up-to-date: /home/xytron/xycar_ws/install/yolo_msgs/share/yolo_msgs/environment/ament_prefix_path.dsv
[3.055s] -- Up-to-date: /home/xytron/xycar_ws/install/yolo_msgs/share/yolo_msgs/environment/path.sh
[3.055s] -- Up-to-date: /home/xytron/xycar_ws/install/yolo_msgs/share/yolo_msgs/environment/path.dsv
[3.055s] -- Up-to-date: /home/xytron/xycar_ws/install/yolo_msgs/share/yolo_msgs/local_setup.bash
[3.055s] -- Up-to-date: /home/xytron/xycar_ws/install/yolo_msgs/share/yolo_msgs/local_setup.sh
[3.055s] -- Up-to-date: /home/xytron/xycar_ws/install/yolo_msgs/share/yolo_msgs/local_setup.zsh
[3.055s] -- Up-to-date: /home/xytron/xycar_ws/install/yolo_msgs/share/yolo_msgs/local_setup.dsv
[3.055s] -- Installing: /home/xytron/xycar_ws/install/yolo_msgs/share/yolo_msgs/package.dsv
[3.055s] -- Up-to-date: /home/xytron/xycar_ws/install/yolo_msgs/share/ament_index/resource_index/packages/yolo_msgs
[3.055s] -- Up-to-date: /home/xytron/xycar_ws/install/yolo_msgs/share/yolo_msgs/cmake/export_yolo_msgs__rosidl_generator_cExport.cmake
[3.055s] -- Up-to-date: /home/xytron/xycar_ws/install/yolo_msgs/share/yolo_msgs/cmake/export_yolo_msgs__rosidl_generator_cExport-noconfig.cmake
[3.056s] -- Up-to-date: /home/xytron/xycar_ws/install/yolo_msgs/share/yolo_msgs/cmake/export_yolo_msgs__rosidl_typesupport_fastrtps_cExport.cmake
[3.056s] -- Up-to-date: /home/xytron/xycar_ws/install/yolo_msgs/share/yolo_msgs/cmake/export_yolo_msgs__rosidl_typesupport_fastrtps_cExport-noconfig.cmake
[3.056s] -- Up-to-date: /home/xytron/xycar_ws/install/yolo_msgs/share/yolo_msgs/cmake/yolo_msgs__rosidl_typesupport_introspection_cExport.cmake
[3.056s] -- Up-to-date: /home/xytron/xycar_ws/install/yolo_msgs/share/yolo_msgs/cmake/yolo_msgs__rosidl_typesupport_introspection_cExport-noconfig.cmake
[3.056s] -- Up-to-date: /home/xytron/xycar_ws/install/yolo_msgs/share/yolo_msgs/cmake/yolo_msgs__rosidl_typesupport_cExport.cmake
[3.056s] -- Up-to-date: /home/xytron/xycar_ws/install/yolo_msgs/share/yolo_msgs/cmake/yolo_msgs__rosidl_typesupport_cExport-noconfig.cmake
[3.056s] -- Up-to-date: /home/xytron/xycar_ws/install/yolo_msgs/share/yolo_msgs/cmake/export_yolo_msgs__rosidl_generator_cppExport.cmake
[3.057s] -- Up-to-date: /home/xytron/xycar_ws/install/yolo_msgs/share/yolo_msgs/cmake/export_yolo_msgs__rosidl_typesupport_fastrtps_cppExport.cmake
[3.057s] -- Up-to-date: /home/xytron/xycar_ws/install/yolo_msgs/share/yolo_msgs/cmake/export_yolo_msgs__rosidl_typesupport_fastrtps_cppExport-noconfig.cmake
[3.057s] -- Up-to-date: /home/xytron/xycar_ws/install/yolo_msgs/share/yolo_msgs/cmake/yolo_msgs__rosidl_typesupport_introspection_cppExport.cmake
[3.057s] -- Up-to-date: /home/xytron/xycar_ws/install/yolo_msgs/share/yolo_msgs/cmake/yolo_msgs__rosidl_typesupport_introspection_cppExport-noconfig.cmake
[3.057s] -- Up-to-date: /home/xytron/xycar_ws/install/yolo_msgs/share/yolo_msgs/cmake/yolo_msgs__rosidl_typesupport_cppExport.cmake
[3.057s] -- Up-to-date: /home/xytron/xycar_ws/install/yolo_msgs/share/yolo_msgs/cmake/yolo_msgs__rosidl_typesupport_cppExport-noconfig.cmake
[3.057s] -- Up-to-date: /home/xytron/xycar_ws/install/yolo_msgs/share/yolo_msgs/cmake/export_yolo_msgs__rosidl_generator_pyExport.cmake
[3.058s] -- Up-to-date: /home/xytron/xycar_ws/install/yolo_msgs/share/yolo_msgs/cmake/export_yolo_msgs__rosidl_generator_pyExport-noconfig.cmake
[3.058s] -- Up-to-date: /home/xytron/xycar_ws/install/yolo_msgs/share/yolo_msgs/cmake/rosidl_cmake-extras.cmake
[3.058s] -- Up-to-date: /home/xytron/xycar_ws/install/yolo_msgs/share/yolo_msgs/cmake/ament_cmake_export_dependencies-extras.cmake
[3.058s] -- Up-to-date: /home/xytron/xycar_ws/install/yolo_msgs/share/yolo_msgs/cmake/ament_cmake_export_include_directories-extras.cmake
[3.058s] -- Up-to-date: /home/xytron/xycar_ws/install/yolo_msgs/share/yolo_msgs/cmake/ament_cmake_export_libraries-extras.cmake
[3.058s] -- Up-to-date: /home/xytron/xycar_ws/install/yolo_msgs/share/yolo_msgs/cmake/ament_cmake_export_targets-extras.cmake
[3.058s] -- Up-to-date: /home/xytron/xycar_ws/install/yolo_msgs/share/yolo_msgs/cmake/rosidl_cmake_export_typesupport_targets-extras.cmake
[3.059s] -- Up-to-date: /home/xytron/xycar_ws/install/yolo_msgs/share/yolo_msgs/cmake/rosidl_cmake_export_typesupport_libraries-extras.cmake
[3.059s] -- Up-to-date: /home/xytron/xycar_ws/install/yolo_msgs/share/yolo_msgs/cmake/yolo_msgsConfig.cmake
[3.059s] -- Up-to-date: /home/xytron/xycar_ws/install/yolo_msgs/share/yolo_msgs/cmake/yolo_msgsConfig-version.cmake
[3.059s] -- Up-to-date: /home/xytron/xycar_ws/install/yolo_msgs/share/yolo_msgs/package.xml
[3.099s] Invoked command in '/home/xytron/xycar_ws/build/yolo_msgs' returned '0': CMAKE_PREFIX_PATH=${CMAKE_PREFIX_PATH}:/home/xytron/xycar_ws/install/xycar_planner:/home/xytron/xycar_ws/install/control_motor:/home/xytron/xycar_ws/install/xycar_motor:/home/xytron/xycar_ws/install/xycar_imu:/home/xytron/xycar_ws/install/xycar_cam:/home/xytron/xycar_ws/install/app_ultra_viewer:/home/xytron/xycar_ws/install/app_turtlesim:/home/xytron/xycar_ws/install/app_sensor_drive:/home/xytron/xycar_ws/install/app_rule_drive_sim:/home/xytron/xycar_ws/install/app_pubsub:/home/xytron/xycar_ws/install/app_path_planning:/home/xytron/xycar_ws/install/app_hough_drive:/home/xytron/xycar_ws/install/app_cam_exposure:/home/xytron/xycar_ws/install/app_8_drive:/opt/ros/humble /usr/bin/cmake --install /home/xytron/xycar_ws/build/yolo_msgs
