[4.388s] Invoking command in '/home/xytron/xycar_ws/src/xycar_application/app_pubsub': PYTHONPATH=/home/xytron/xycar_ws/build/app_pubsub/prefix_override:/usr/lib/python3/dist-packages/colcon_core/task/python/colcon_distutils_commands:/home/xytron/xycar_ws/install/app_pubsub/lib/python3.10/site-packages:${PYTHONPATH} /usr/bin/python3 -W ignore:setup.py install is deprecated -W ignore:easy_install command is deprecated setup.py egg_info --egg-base ../../../build/app_pubsub build --build-base /home/xytron/xycar_ws/build/app_pubsub/build install --record /home/xytron/xycar_ws/build/app_pubsub/install.log --single-version-externally-managed install_data
[5.238s] running egg_info
[5.239s] writing ../../../build/app_pubsub/app_pubsub.egg-info/PKG-INFO
[5.240s] writing dependency_links to ../../../build/app_pubsub/app_pubsub.egg-info/dependency_links.txt
[5.240s] writing entry points to ../../../build/app_pubsub/app_pubsub.egg-info/entry_points.txt
[5.240s] writing requirements to ../../../build/app_pubsub/app_pubsub.egg-info/requires.txt
[5.240s] writing top-level names to ../../../build/app_pubsub/app_pubsub.egg-info/top_level.txt
[5.255s] reading manifest file '../../../build/app_pubsub/app_pubsub.egg-info/SOURCES.txt'
[5.256s] adding license file 'LICENSE'
[5.257s] writing manifest file '../../../build/app_pubsub/app_pubsub.egg-info/SOURCES.txt'
[5.257s] running build
[5.258s] running build_py
[5.258s] running install
[5.259s] running install_lib
[5.261s] running install_data
[5.262s] running install_egg_info
[5.266s] removing '/home/xytron/xycar_ws/install/app_pubsub/lib/python3.10/site-packages/app_pubsub-0.0.0-py3.10.egg-info' (and everything under it)
[5.266s] Copying ../../../build/app_pubsub/app_pubsub.egg-info to /home/xytron/xycar_ws/install/app_pubsub/lib/python3.10/site-packages/app_pubsub-0.0.0-py3.10.egg-info
[5.268s] running install_scripts
[5.335s] writing list of installed files to '/home/xytron/xycar_ws/build/app_pubsub/install.log'
[5.821s] Invoked command in '/home/xytron/xycar_ws/src/xycar_application/app_pubsub' returned '0': PYTHONPATH=/home/xytron/xycar_ws/build/app_pubsub/prefix_override:/usr/lib/python3/dist-packages/colcon_core/task/python/colcon_distutils_commands:/home/xytron/xycar_ws/install/app_pubsub/lib/python3.10/site-packages:${PYTHONPATH} /usr/bin/python3 -W ignore:setup.py install is deprecated -W ignore:easy_install command is deprecated setup.py egg_info --egg-base ../../../build/app_pubsub build --build-base /home/xytron/xycar_ws/build/app_pubsub/build install --record /home/xytron/xycar_ws/build/app_pubsub/install.log --single-version-externally-managed install_data
