[5.921s] Invoking command in '/home/xytron/xycar_ws/src/xycar_application/app_hough_drive': PYTHONPATH=/home/xytron/xycar_ws/build/app_hough_drive/prefix_override:/usr/lib/python3/dist-packages/colcon_core/task/python/colcon_distutils_commands:/home/xytron/xycar_ws/install/app_hough_drive/lib/python3.10/site-packages:${PYTHONPATH} /usr/bin/python3 -W ignore:setup.py install is deprecated -W ignore:easy_install command is deprecated setup.py egg_info --egg-base ../../../build/app_hough_drive build --build-base /home/xytron/xycar_ws/build/app_hough_drive/build install --record /home/xytron/xycar_ws/build/app_hough_drive/install.log --single-version-externally-managed install_data
[7.464s] running egg_info
[7.466s] creating ../../../build/app_hough_drive/app_hough_drive.egg-info
[7.470s] writing ../../../build/app_hough_drive/app_hough_drive.egg-info/PKG-INFO
[7.470s] writing dependency_links to ../../../build/app_hough_drive/app_hough_drive.egg-info/dependency_links.txt
[7.471s] writing entry points to ../../../build/app_hough_drive/app_hough_drive.egg-info/entry_points.txt
[7.471s] writing requirements to ../../../build/app_hough_drive/app_hough_drive.egg-info/requires.txt
[7.472s] writing top-level names to ../../../build/app_hough_drive/app_hough_drive.egg-info/top_level.txt
[7.473s] writing manifest file '../../../build/app_hough_drive/app_hough_drive.egg-info/SOURCES.txt'
[7.485s] reading manifest file '../../../build/app_hough_drive/app_hough_drive.egg-info/SOURCES.txt'
[7.486s] writing manifest file '../../../build/app_hough_drive/app_hough_drive.egg-info/SOURCES.txt'
[7.486s] running build
[7.492s] running build_py
[7.492s] creating /home/xytron/xycar_ws/build/app_hough_drive/build
[7.492s] creating /home/xytron/xycar_ws/build/app_hough_drive/build/lib
[7.492s] creating /home/xytron/xycar_ws/build/app_hough_drive/build/lib/app_hough_drive
[7.492s] copying app_hough_drive/__init__.py -> /home/xytron/xycar_ws/build/app_hough_drive/build/lib/app_hough_drive
[7.497s] copying app_hough_drive/app_hough_drive.py -> /home/xytron/xycar_ws/build/app_hough_drive/build/lib/app_hough_drive
[7.497s] running install
[7.502s] running install_lib
[7.503s] creating /home/xytron/xycar_ws/install/app_hough_drive/lib/python3.10/site-packages/app_hough_drive
[7.503s] copying /home/xytron/xycar_ws/build/app_hough_drive/build/lib/app_hough_drive/__init__.py -> /home/xytron/xycar_ws/install/app_hough_drive/lib/python3.10/site-packages/app_hough_drive
[7.503s] copying /home/xytron/xycar_ws/build/app_hough_drive/build/lib/app_hough_drive/app_hough_drive.py -> /home/xytron/xycar_ws/install/app_hough_drive/lib/python3.10/site-packages/app_hough_drive
[7.503s] byte-compiling /home/xytron/xycar_ws/install/app_hough_drive/lib/python3.10/site-packages/app_hough_drive/__init__.py to __init__.cpython-310.pyc
[7.503s] byte-compiling /home/xytron/xycar_ws/install/app_hough_drive/lib/python3.10/site-packages/app_hough_drive/app_hough_drive.py to app_hough_drive.cpython-310.pyc
[7.503s] running install_data
[7.503s] creating /home/xytron/xycar_ws/install/app_hough_drive/share/ament_index
[7.503s] creating /home/xytron/xycar_ws/install/app_hough_drive/share/ament_index/resource_index
[7.503s] creating /home/xytron/xycar_ws/install/app_hough_drive/share/ament_index/resource_index/packages
[7.503s] copying resource/app_hough_drive -> /home/xytron/xycar_ws/install/app_hough_drive/share/ament_index/resource_index/packages
[7.503s] copying package.xml -> /home/xytron/xycar_ws/install/app_hough_drive/share/app_hough_drive
[7.503s] creating /home/xytron/xycar_ws/install/app_hough_drive/share/app_hough_drive/launch
[7.504s] copying launch/app_hough_drive.launch.py -> /home/xytron/xycar_ws/install/app_hough_drive/share/app_hough_drive/launch
[7.504s] running install_egg_info
[7.510s] Copying ../../../build/app_hough_drive/app_hough_drive.egg-info to /home/xytron/xycar_ws/install/app_hough_drive/lib/python3.10/site-packages/app_hough_drive-0.0.0-py3.10.egg-info
[7.520s] running install_scripts
[7.582s] Installing my_driver script to /home/xytron/xycar_ws/install/app_hough_drive/lib/app_hough_drive
[7.583s] writing list of installed files to '/home/xytron/xycar_ws/build/app_hough_drive/install.log'
[7.942s] Invoked command in '/home/xytron/xycar_ws/src/xycar_application/app_hough_drive' returned '0': PYTHONPATH=/home/xytron/xycar_ws/build/app_hough_drive/prefix_override:/usr/lib/python3/dist-packages/colcon_core/task/python/colcon_distutils_commands:/home/xytron/xycar_ws/install/app_hough_drive/lib/python3.10/site-packages:${PYTHONPATH} /usr/bin/python3 -W ignore:setup.py install is deprecated -W ignore:easy_install command is deprecated setup.py egg_info --egg-base ../../../build/app_hough_drive build --build-base /home/xytron/xycar_ws/build/app_hough_drive/build install --record /home/xytron/xycar_ws/build/app_hough_drive/install.log --single-version-externally-managed install_data
