[4.780s] Invoking command in '/home/xytron/xycar_ws/src/xycar_application/app_cam_exposure': PYTHONPATH=/home/xytron/xycar_ws/build/app_cam_exposure/prefix_override:/usr/lib/python3/dist-packages/colcon_core/task/python/colcon_distutils_commands:/home/xytron/xycar_ws/install/app_cam_exposure/lib/python3.10/site-packages:${PYTHONPATH} /usr/bin/python3 -W ignore:setup.py install is deprecated -W ignore:easy_install command is deprecated setup.py egg_info --egg-base ../../../build/app_cam_exposure build --build-base /home/xytron/xycar_ws/build/app_cam_exposure/build install --record /home/xytron/xycar_ws/build/app_cam_exposure/install.log --single-version-externally-managed install_data
[5.700s] running egg_info
[5.706s] writing ../../../build/app_cam_exposure/app_cam_exposure.egg-info/PKG-INFO
[5.707s] writing dependency_links to ../../../build/app_cam_exposure/app_cam_exposure.egg-info/dependency_links.txt
[5.709s] writing entry points to ../../../build/app_cam_exposure/app_cam_exposure.egg-info/entry_points.txt
[5.709s] writing requirements to ../../../build/app_cam_exposure/app_cam_exposure.egg-info/requires.txt
[5.709s] writing top-level names to ../../../build/app_cam_exposure/app_cam_exposure.egg-info/top_level.txt
[5.715s] reading manifest file '../../../build/app_cam_exposure/app_cam_exposure.egg-info/SOURCES.txt'
[5.716s] writing manifest file '../../../build/app_cam_exposure/app_cam_exposure.egg-info/SOURCES.txt'
[5.717s] running build
[5.717s] running build_py
[5.717s] running install
[5.718s] running install_lib
[5.721s] running install_data
[5.721s] running install_egg_info
[5.734s] removing '/home/xytron/xycar_ws/install/app_cam_exposure/lib/python3.10/site-packages/app_cam_exposure-0.0.0-py3.10.egg-info' (and everything under it)
[5.735s] Copying ../../../build/app_cam_exposure/app_cam_exposure.egg-info to /home/xytron/xycar_ws/install/app_cam_exposure/lib/python3.10/site-packages/app_cam_exposure-0.0.0-py3.10.egg-info
[5.737s] running install_scripts
[5.803s] Installing app_cam_exposure script to /home/xytron/xycar_ws/install/app_cam_exposure/lib/app_cam_exposure
[5.803s] writing list of installed files to '/home/xytron/xycar_ws/build/app_cam_exposure/install.log'
[6.012s] Invoked command in '/home/xytron/xycar_ws/src/xycar_application/app_cam_exposure' returned '0': PYTHONPATH=/home/xytron/xycar_ws/build/app_cam_exposure/prefix_override:/usr/lib/python3/dist-packages/colcon_core/task/python/colcon_distutils_commands:/home/xytron/xycar_ws/install/app_cam_exposure/lib/python3.10/site-packages:${PYTHONPATH} /usr/bin/python3 -W ignore:setup.py install is deprecated -W ignore:easy_install command is deprecated setup.py egg_info --egg-base ../../../build/app_cam_exposure build --build-base /home/xytron/xycar_ws/build/app_cam_exposure/build install --record /home/xytron/xycar_ws/build/app_cam_exposure/install.log --single-version-externally-managed install_data
