[1.658s] Invoking command in '/home/xytron/xycar_ws/build/yolo_msgs': CMAKE_PREFIX_PATH=${CMAKE_PREFIX_PATH}:/home/xytron/xycar_ws/install/xycar_planner:/home/xytron/xycar_ws/install/control_motor:/home/xytron/xycar_ws/install/xycar_motor:/home/xytron/xycar_ws/install/xycar_imu:/home/xytron/xycar_ws/install/xycar_cam:/home/xytron/xycar_ws/install/app_ultra_viewer:/home/xytron/xycar_ws/install/app_turtlesim:/home/xytron/xycar_ws/install/app_sensor_drive:/home/xytron/xycar_ws/install/app_rule_drive_sim:/home/xytron/xycar_ws/install/app_pubsub:/home/xytron/xycar_ws/install/app_path_planning:/home/xytron/xycar_ws/install/app_hough_drive:/home/xytron/xycar_ws/install/app_cam_exposure:/home/xytron/xycar_ws/install/app_8_drive:/opt/ros/humble /usr/bin/cmake --build /home/xytron/xycar_ws/build/yolo_msgs -- -j16 -l16
[1.838s] [  0%] Built target yolo_msgs__cpp
[1.861s] [ 12%] Built target yolo_msgs__rosidl_generator_c
[1.923s] [ 12%] Built target ament_cmake_python_copy_yolo_msgs
[1.946s] [ 34%] Built target yolo_msgs__rosidl_typesupport_cpp
[1.946s] [ 36%] Built target yolo_msgs__rosidl_typesupport_c
[1.954s] [ 60%] Built target yolo_msgs__rosidl_typesupport_introspection_cpp
[1.957s] [ 60%] Built target yolo_msgs__rosidl_typesupport_introspection_c
[1.966s] [ 72%] Built target yolo_msgs__rosidl_typesupport_fastrtps_cpp
[1.974s] [ 84%] Built target yolo_msgs__rosidl_typesupport_fastrtps_c
[2.047s] [ 84%] Built target yolo_msgs
[2.127s] [ 85%] Built target yolo_msgs__py
[2.211s] [ 96%] Built target yolo_msgs__rosidl_generator_py
[2.306s] [ 97%] Built target yolo_msgs__rosidl_typesupport_fastrtps_c__pyext
[2.311s] [ 98%] Built target yolo_msgs__rosidl_typesupport_c__pyext
[2.327s] [100%] Built target yolo_msgs__rosidl_typesupport_introspection_c__pyext
[2.819s] running egg_info
[2.821s] writing yolo_msgs.egg-info/PKG-INFO
[2.821s] writing dependency_links to yolo_msgs.egg-info/dependency_links.txt
[2.822s] writing top-level names to yolo_msgs.egg-info/top_level.txt
[2.832s] reading manifest file 'yolo_msgs.egg-info/SOURCES.txt'
[2.840s] writing manifest file 'yolo_msgs.egg-info/SOURCES.txt'
[2.951s] [100%] Built target ament_cmake_python_build_yolo_msgs_egg
[3.058s] Invoked command in '/home/xytron/xycar_ws/build/yolo_msgs' returned '0': CMAKE_PREFIX_PATH=${CMAKE_PREFIX_PATH}:/home/xytron/xycar_ws/install/xycar_planner:/home/xytron/xycar_ws/install/control_motor:/home/xytron/xycar_ws/install/xycar_motor:/home/xytron/xycar_ws/install/xycar_imu:/home/xytron/xycar_ws/install/xycar_cam:/home/xytron/xycar_ws/install/app_ultra_viewer:/home/xytron/xycar_ws/install/app_turtlesim:/home/xytron/xycar_ws/install/app_sensor_drive:/home/xytron/xycar_ws/install/app_rule_drive_sim:/home/xytron/xycar_ws/install/app_pubsub:/home/xytron/xycar_ws/install/app_path_planning:/home/xytron/xycar_ws/install/app_hough_drive:/home/xytron/xycar_ws/install/app_cam_exposure:/home/xytron/xycar_ws/install/app_8_drive:/opt/ros/humble /usr/bin/cmake --build /home/xytron/xycar_ws/build/yolo_msgs -- -j16 -l16
[3.063s] Invoking command in '/home/xytron/xycar_ws/build/yolo_msgs': CMAKE_PREFIX_PATH=${CMAKE_PREFIX_PATH}:/home/xytron/xycar_ws/install/xycar_planner:/home/xytron/xycar_ws/install/control_motor:/home/xytron/xycar_ws/install/xycar_motor:/home/xytron/xycar_ws/install/xycar_imu:/home/xytron/xycar_ws/install/xycar_cam:/home/xytron/xycar_ws/install/app_ultra_viewer:/home/xytron/xycar_ws/install/app_turtlesim:/home/xytron/xycar_ws/install/app_sensor_drive:/home/xytron/xycar_ws/install/app_rule_drive_sim:/home/xytron/xycar_ws/install/app_pubsub:/home/xytron/xycar_ws/install/app_path_planning:/home/xytron/xycar_ws/install/app_hough_drive:/home/xytron/xycar_ws/install/app_cam_exposure:/home/xytron/xycar_ws/install/app_8_drive:/opt/ros/humble /usr/bin/cmake --install /home/xytron/xycar_ws/build/yolo_msgs
[3.086s] -- Install configuration: ""
[3.086s] -- Up-to-date: /home/xytron/xycar_ws/install/yolo_msgs/share/ament_index/resource_index/rosidl_interfaces/yolo_msgs
[3.086s] -- Up-to-date: /home/xytron/xycar_ws/install/yolo_msgs/include/yolo_msgs/yolo_msgs
[3.086s] -- Up-to-date: /home/xytron/xycar_ws/install/yolo_msgs/include/yolo_msgs/yolo_msgs/srv
[3.087s] -- Up-to-date: /home/xytron/xycar_ws/install/yolo_msgs/include/yolo_msgs/yolo_msgs/srv/set_classes.h
[3.087s] -- Up-to-date: /home/xytron/xycar_ws/install/yolo_msgs/include/yolo_msgs/yolo_msgs/srv/detail
[3.087s] -- Up-to-date: /home/xytron/xycar_ws/install/yolo_msgs/include/yolo_msgs/yolo_msgs/srv/detail/set_classes__functions.h
[3.087s] -- Up-to-date: /home/xytron/xycar_ws/install/yolo_msgs/include/yolo_msgs/yolo_msgs/srv/detail/set_classes__functions.c
[3.087s] -- Up-to-date: /home/xytron/xycar_ws/install/yolo_msgs/include/yolo_msgs/yolo_msgs/srv/detail/set_classes__type_support.h
[3.087s] -- Up-to-date: /home/xytron/xycar_ws/install/yolo_msgs/include/yolo_msgs/yolo_msgs/srv/detail/set_classes__struct.h
[3.087s] -- Up-to-date: /home/xytron/xycar_ws/install/yolo_msgs/include/yolo_msgs/yolo_msgs/msg
[3.088s] -- Up-to-date: /home/xytron/xycar_ws/install/yolo_msgs/include/yolo_msgs/yolo_msgs/msg/bounding_box2_d.h
[3.088s] -- Up-to-date: /home/xytron/xycar_ws/install/yolo_msgs/include/yolo_msgs/yolo_msgs/msg/vector2.h
[3.088s] -- Up-to-date: /home/xytron/xycar_ws/install/yolo_msgs/include/yolo_msgs/yolo_msgs/msg/key_point3_d.h
[3.090s] -- Up-to-date: /home/xytron/xycar_ws/install/yolo_msgs/include/yolo_msgs/yolo_msgs/msg/key_point2_d.h
[3.091s] -- Up-to-date: /home/xytron/xycar_ws/install/yolo_msgs/include/yolo_msgs/yolo_msgs/msg/detection.h
[3.092s] -- Up-to-date: /home/xytron/xycar_ws/install/yolo_msgs/include/yolo_msgs/yolo_msgs/msg/bounding_box3_d.h
[3.093s] -- Up-to-date: /home/xytron/xycar_ws/install/yolo_msgs/include/yolo_msgs/yolo_msgs/msg/detection_array.h
[3.093s] -- Up-to-date: /home/xytron/xycar_ws/install/yolo_msgs/include/yolo_msgs/yolo_msgs/msg/pose2_d.h
[3.093s] -- Up-to-date: /home/xytron/xycar_ws/install/yolo_msgs/include/yolo_msgs/yolo_msgs/msg/key_point2_d_array.h
[3.093s] -- Up-to-date: /home/xytron/xycar_ws/install/yolo_msgs/include/yolo_msgs/yolo_msgs/msg/mask.h
[3.093s] -- Up-to-date: /home/xytron/xycar_ws/install/yolo_msgs/include/yolo_msgs/yolo_msgs/msg/rosidl_generator_c__visibility_control.h
[3.093s] -- Up-to-date: /home/xytron/xycar_ws/install/yolo_msgs/include/yolo_msgs/yolo_msgs/msg/key_point3_d_array.h
[3.093s] -- Up-to-date: /home/xytron/xycar_ws/install/yolo_msgs/include/yolo_msgs/yolo_msgs/msg/detail
[3.093s] -- Up-to-date: /home/xytron/xycar_ws/install/yolo_msgs/include/yolo_msgs/yolo_msgs/msg/detail/vector2__struct.h
[3.094s] -- Up-to-date: /home/xytron/xycar_ws/install/yolo_msgs/include/yolo_msgs/yolo_msgs/msg/detail/detection__functions.c
[3.094s] -- Up-to-date: /home/xytron/xycar_ws/install/yolo_msgs/include/yolo_msgs/yolo_msgs/msg/detail/vector2__functions.c
[3.094s] -- Up-to-date: /home/xytron/xycar_ws/install/yolo_msgs/include/yolo_msgs/yolo_msgs/msg/detail/point2_d__functions.h
[3.094s] -- Up-to-date: /home/xytron/xycar_ws/install/yolo_msgs/include/yolo_msgs/yolo_msgs/msg/detail/detection__functions.h
[3.094s] -- Up-to-date: /home/xytron/xycar_ws/install/yolo_msgs/include/yolo_msgs/yolo_msgs/msg/detail/key_point2_d__struct.h
[3.094s] -- Up-to-date: /home/xytron/xycar_ws/install/yolo_msgs/include/yolo_msgs/yolo_msgs/msg/detail/bounding_box3_d__struct.h
[3.094s] -- Up-to-date: /home/xytron/xycar_ws/install/yolo_msgs/include/yolo_msgs/yolo_msgs/msg/detail/pose2_d__type_support.h
[3.094s] -- Up-to-date: /home/xytron/xycar_ws/install/yolo_msgs/include/yolo_msgs/yolo_msgs/msg/detail/pose2_d__struct.h
[3.094s] -- Up-to-date: /home/xytron/xycar_ws/install/yolo_msgs/include/yolo_msgs/yolo_msgs/msg/detail/key_point2_d__type_support.h
[3.094s] -- Up-to-date: /home/xytron/xycar_ws/install/yolo_msgs/include/yolo_msgs/yolo_msgs/msg/detail/detection_array__type_support.h
[3.094s] -- Up-to-date: /home/xytron/xycar_ws/install/yolo_msgs/include/yolo_msgs/yolo_msgs/msg/detail/bounding_box2_d__type_support.h
[3.094s] -- Up-to-date: /home/xytron/xycar_ws/install/yolo_msgs/include/yolo_msgs/yolo_msgs/msg/detail/point2_d__type_support.h
[3.094s] -- Up-to-date: /home/xytron/xycar_ws/install/yolo_msgs/include/yolo_msgs/yolo_msgs/msg/detail/key_point2_d__functions.c
[3.095s] -- Up-to-date: /home/xytron/xycar_ws/install/yolo_msgs/include/yolo_msgs/yolo_msgs/msg/detail/vector2__type_support.h
[3.095s] -- Up-to-date: /home/xytron/xycar_ws/install/yolo_msgs/include/yolo_msgs/yolo_msgs/msg/detail/key_point3_d_array__type_support.h
[3.095s] -- Up-to-date: /home/xytron/xycar_ws/install/yolo_msgs/include/yolo_msgs/yolo_msgs/msg/detail/point2_d__struct.h
[3.095s] -- Up-to-date: /home/xytron/xycar_ws/install/yolo_msgs/include/yolo_msgs/yolo_msgs/msg/detail/key_point2_d_array__functions.h
[3.095s] -- Up-to-date: /home/xytron/xycar_ws/install/yolo_msgs/include/yolo_msgs/yolo_msgs/msg/detail/detection__struct.h
[3.095s] -- Up-to-date: /home/xytron/xycar_ws/install/yolo_msgs/include/yolo_msgs/yolo_msgs/msg/detail/bounding_box3_d__functions.c
[3.095s] -- Up-to-date: /home/xytron/xycar_ws/install/yolo_msgs/include/yolo_msgs/yolo_msgs/msg/detail/bounding_box3_d__functions.h
[3.095s] -- Up-to-date: /home/xytron/xycar_ws/install/yolo_msgs/include/yolo_msgs/yolo_msgs/msg/detail/key_point2_d__functions.h
[3.095s] -- Up-to-date: /home/xytron/xycar_ws/install/yolo_msgs/include/yolo_msgs/yolo_msgs/msg/detail/key_point3_d_array__struct.h
[3.095s] -- Up-to-date: /home/xytron/xycar_ws/install/yolo_msgs/include/yolo_msgs/yolo_msgs/msg/detail/mask__functions.c
[3.095s] -- Up-to-date: /home/xytron/xycar_ws/install/yolo_msgs/include/yolo_msgs/yolo_msgs/msg/detail/bounding_box3_d__type_support.h
[3.096s] -- Up-to-date: /home/xytron/xycar_ws/install/yolo_msgs/include/yolo_msgs/yolo_msgs/msg/detail/bounding_box2_d__functions.h
[3.096s] -- Up-to-date: /home/xytron/xycar_ws/install/yolo_msgs/include/yolo_msgs/yolo_msgs/msg/detail/detection_array__functions.h
[3.096s] -- Up-to-date: /home/xytron/xycar_ws/install/yolo_msgs/include/yolo_msgs/yolo_msgs/msg/detail/key_point3_d__struct.h
[3.096s] -- Up-to-date: /home/xytron/xycar_ws/install/yolo_msgs/include/yolo_msgs/yolo_msgs/msg/detail/key_point2_d_array__functions.c
[3.096s] -- Up-to-date: /home/xytron/xycar_ws/install/yolo_msgs/include/yolo_msgs/yolo_msgs/msg/detail/detection_array__functions.c
[3.096s] -- Up-to-date: /home/xytron/xycar_ws/install/yolo_msgs/include/yolo_msgs/yolo_msgs/msg/detail/bounding_box2_d__functions.c
[3.096s] -- Up-to-date: /home/xytron/xycar_ws/install/yolo_msgs/include/yolo_msgs/yolo_msgs/msg/detail/pose2_d__functions.c
[3.096s] -- Up-to-date: /home/xytron/xycar_ws/install/yolo_msgs/include/yolo_msgs/yolo_msgs/msg/detail/mask__functions.h
[3.096s] -- Up-to-date: /home/xytron/xycar_ws/install/yolo_msgs/include/yolo_msgs/yolo_msgs/msg/detail/point2_d__functions.c
[3.096s] -- Up-to-date: /home/xytron/xycar_ws/install/yolo_msgs/include/yolo_msgs/yolo_msgs/msg/detail/detection__type_support.h
[3.096s] -- Up-to-date: /home/xytron/xycar_ws/install/yolo_msgs/include/yolo_msgs/yolo_msgs/msg/detail/key_point3_d__type_support.h
[3.096s] -- Up-to-date: /home/xytron/xycar_ws/install/yolo_msgs/include/yolo_msgs/yolo_msgs/msg/detail/mask__type_support.h
[3.097s] -- Up-to-date: /home/xytron/xycar_ws/install/yolo_msgs/include/yolo_msgs/yolo_msgs/msg/detail/pose2_d__functions.h
[3.097s] -- Up-to-date: /home/xytron/xycar_ws/install/yolo_msgs/include/yolo_msgs/yolo_msgs/msg/detail/vector2__functions.h
[3.097s] -- Up-to-date: /home/xytron/xycar_ws/install/yolo_msgs/include/yolo_msgs/yolo_msgs/msg/detail/key_point3_d__functions.h
[3.097s] -- Up-to-date: /home/xytron/xycar_ws/install/yolo_msgs/include/yolo_msgs/yolo_msgs/msg/detail/bounding_box2_d__struct.h
[3.097s] -- Up-to-date: /home/xytron/xycar_ws/install/yolo_msgs/include/yolo_msgs/yolo_msgs/msg/detail/key_point3_d_array__functions.c
[3.097s] -- Up-to-date: /home/xytron/xycar_ws/install/yolo_msgs/include/yolo_msgs/yolo_msgs/msg/detail/key_point3_d__functions.c
[3.097s] -- Up-to-date: /home/xytron/xycar_ws/install/yolo_msgs/include/yolo_msgs/yolo_msgs/msg/detail/key_point2_d_array__type_support.h
[3.097s] -- Up-to-date: /home/xytron/xycar_ws/install/yolo_msgs/include/yolo_msgs/yolo_msgs/msg/detail/detection_array__struct.h
[3.097s] -- Up-to-date: /home/xytron/xycar_ws/install/yolo_msgs/include/yolo_msgs/yolo_msgs/msg/detail/key_point3_d_array__functions.h
[3.097s] -- Up-to-date: /home/xytron/xycar_ws/install/yolo_msgs/include/yolo_msgs/yolo_msgs/msg/detail/mask__struct.h
[3.097s] -- Up-to-date: /home/xytron/xycar_ws/install/yolo_msgs/include/yolo_msgs/yolo_msgs/msg/detail/key_point2_d_array__struct.h
[3.097s] -- Up-to-date: /home/xytron/xycar_ws/install/yolo_msgs/include/yolo_msgs/yolo_msgs/msg/point2_d.h
[3.098s] -- Up-to-date: /home/xytron/xycar_ws/install/yolo_msgs/share/yolo_msgs/environment/library_path.sh
[3.098s] -- Up-to-date: /home/xytron/xycar_ws/install/yolo_msgs/share/yolo_msgs/environment/library_path.dsv
[3.098s] -- Up-to-date: /home/xytron/xycar_ws/install/yolo_msgs/lib/libyolo_msgs__rosidl_generator_c.so
[3.099s] -- Up-to-date: /home/xytron/xycar_ws/install/yolo_msgs/include/yolo_msgs/yolo_msgs
[3.099s] -- Up-to-date: /home/xytron/xycar_ws/install/yolo_msgs/include/yolo_msgs/yolo_msgs/srv
[3.099s] -- Up-to-date: /home/xytron/xycar_ws/install/yolo_msgs/include/yolo_msgs/yolo_msgs/srv/detail
[3.099s] -- Up-to-date: /home/xytron/xycar_ws/install/yolo_msgs/include/yolo_msgs/yolo_msgs/srv/detail/set_classes__rosidl_typesupport_fastrtps_c.h
[3.099s] -- Up-to-date: /home/xytron/xycar_ws/install/yolo_msgs/include/yolo_msgs/yolo_msgs/msg
[3.099s] -- Up-to-date: /home/xytron/xycar_ws/install/yolo_msgs/include/yolo_msgs/yolo_msgs/msg/rosidl_typesupport_fastrtps_c__visibility_control.h
[3.099s] -- Up-to-date: /home/xytron/xycar_ws/install/yolo_msgs/include/yolo_msgs/yolo_msgs/msg/detail
[3.099s] -- Up-to-date: /home/xytron/xycar_ws/install/yolo_msgs/include/yolo_msgs/yolo_msgs/msg/detail/mask__rosidl_typesupport_fastrtps_c.h
[3.099s] -- Up-to-date: /home/xytron/xycar_ws/install/yolo_msgs/include/yolo_msgs/yolo_msgs/msg/detail/key_point2_d_array__rosidl_typesupport_fastrtps_c.h
[3.099s] -- Up-to-date: /home/xytron/xycar_ws/install/yolo_msgs/include/yolo_msgs/yolo_msgs/msg/detail/vector2__rosidl_typesupport_fastrtps_c.h
[3.099s] -- Up-to-date: /home/xytron/xycar_ws/install/yolo_msgs/include/yolo_msgs/yolo_msgs/msg/detail/key_point3_d__rosidl_typesupport_fastrtps_c.h
[3.099s] -- Up-to-date: /home/xytron/xycar_ws/install/yolo_msgs/include/yolo_msgs/yolo_msgs/msg/detail/detection_array__rosidl_typesupport_fastrtps_c.h
[3.099s] -- Up-to-date: /home/xytron/xycar_ws/install/yolo_msgs/include/yolo_msgs/yolo_msgs/msg/detail/detection__rosidl_typesupport_fastrtps_c.h
[3.099s] -- Up-to-date: /home/xytron/xycar_ws/install/yolo_msgs/include/yolo_msgs/yolo_msgs/msg/detail/bounding_box2_d__rosidl_typesupport_fastrtps_c.h
[3.100s] -- Up-to-date: /home/xytron/xycar_ws/install/yolo_msgs/include/yolo_msgs/yolo_msgs/msg/detail/key_point2_d__rosidl_typesupport_fastrtps_c.h
[3.100s] -- Up-to-date: /home/xytron/xycar_ws/install/yolo_msgs/include/yolo_msgs/yolo_msgs/msg/detail/pose2_d__rosidl_typesupport_fastrtps_c.h
[3.100s] -- Up-to-date: /home/xytron/xycar_ws/install/yolo_msgs/include/yolo_msgs/yolo_msgs/msg/detail/key_point3_d_array__rosidl_typesupport_fastrtps_c.h
[3.100s] -- Up-to-date: /home/xytron/xycar_ws/install/yolo_msgs/include/yolo_msgs/yolo_msgs/msg/detail/bounding_box3_d__rosidl_typesupport_fastrtps_c.h
[3.100s] -- Up-to-date: /home/xytron/xycar_ws/install/yolo_msgs/include/yolo_msgs/yolo_msgs/msg/detail/point2_d__rosidl_typesupport_fastrtps_c.h
[3.100s] -- Up-to-date: /home/xytron/xycar_ws/install/yolo_msgs/lib/libyolo_msgs__rosidl_typesupport_fastrtps_c.so
[3.100s] -- Up-to-date: /home/xytron/xycar_ws/install/yolo_msgs/include/yolo_msgs/yolo_msgs
[3.102s] -- Up-to-date: /home/xytron/xycar_ws/install/yolo_msgs/include/yolo_msgs/yolo_msgs/srv
[3.103s] -- Up-to-date: /home/xytron/xycar_ws/install/yolo_msgs/include/yolo_msgs/yolo_msgs/srv/detail
[3.103s] -- Up-to-date: /home/xytron/xycar_ws/install/yolo_msgs/include/yolo_msgs/yolo_msgs/srv/detail/set_classes__type_support.c
[3.103s] -- Up-to-date: /home/xytron/xycar_ws/install/yolo_msgs/include/yolo_msgs/yolo_msgs/srv/detail/set_classes__rosidl_typesupport_introspection_c.h
[3.104s] -- Up-to-date: /home/xytron/xycar_ws/install/yolo_msgs/include/yolo_msgs/yolo_msgs/msg
[3.104s] -- Up-to-date: /home/xytron/xycar_ws/install/yolo_msgs/include/yolo_msgs/yolo_msgs/msg/rosidl_typesupport_introspection_c__visibility_control.h
[3.104s] -- Up-to-date: /home/xytron/xycar_ws/install/yolo_msgs/include/yolo_msgs/yolo_msgs/msg/detail
[3.104s] -- Up-to-date: /home/xytron/xycar_ws/install/yolo_msgs/include/yolo_msgs/yolo_msgs/msg/detail/bounding_box2_d__rosidl_typesupport_introspection_c.h
[3.104s] -- Up-to-date: /home/xytron/xycar_ws/install/yolo_msgs/include/yolo_msgs/yolo_msgs/msg/detail/bounding_box3_d__type_support.c
[3.105s] -- Up-to-date: /home/xytron/xycar_ws/install/yolo_msgs/include/yolo_msgs/yolo_msgs/msg/detail/key_point3_d__type_support.c
[3.105s] -- Up-to-date: /home/xytron/xycar_ws/install/yolo_msgs/include/yolo_msgs/yolo_msgs/msg/detail/key_point2_d__rosidl_typesupport_introspection_c.h
[3.105s] -- Up-to-date: /home/xytron/xycar_ws/install/yolo_msgs/include/yolo_msgs/yolo_msgs/msg/detail/key_point2_d__type_support.c
[3.105s] -- Up-to-date: /home/xytron/xycar_ws/install/yolo_msgs/include/yolo_msgs/yolo_msgs/msg/detail/bounding_box2_d__type_support.c
[3.105s] -- Up-to-date: /home/xytron/xycar_ws/install/yolo_msgs/include/yolo_msgs/yolo_msgs/msg/detail/pose2_d__rosidl_typesupport_introspection_c.h
[3.105s] -- Up-to-date: /home/xytron/xycar_ws/install/yolo_msgs/include/yolo_msgs/yolo_msgs/msg/detail/vector2__type_support.c
[3.105s] -- Up-to-date: /home/xytron/xycar_ws/install/yolo_msgs/include/yolo_msgs/yolo_msgs/msg/detail/key_point2_d_array__type_support.c
[3.106s] -- Up-to-date: /home/xytron/xycar_ws/install/yolo_msgs/include/yolo_msgs/yolo_msgs/msg/detail/bounding_box3_d__rosidl_typesupport_introspection_c.h
[3.106s] -- Up-to-date: /home/xytron/xycar_ws/install/yolo_msgs/include/yolo_msgs/yolo_msgs/msg/detail/point2_d__type_support.c
[3.106s] -- Up-to-date: /home/xytron/xycar_ws/install/yolo_msgs/include/yolo_msgs/yolo_msgs/msg/detail/mask__type_support.c
[3.106s] -- Up-to-date: /home/xytron/xycar_ws/install/yolo_msgs/include/yolo_msgs/yolo_msgs/msg/detail/detection__type_support.c
[3.107s] -- Up-to-date: /home/xytron/xycar_ws/install/yolo_msgs/include/yolo_msgs/yolo_msgs/msg/detail/key_point3_d__rosidl_typesupport_introspection_c.h
[3.107s] -- Up-to-date: /home/xytron/xycar_ws/install/yolo_msgs/include/yolo_msgs/yolo_msgs/msg/detail/detection_array__rosidl_typesupport_introspection_c.h
[3.107s] -- Up-to-date: /home/xytron/xycar_ws/install/yolo_msgs/include/yolo_msgs/yolo_msgs/msg/detail/key_point2_d_array__rosidl_typesupport_introspection_c.h
[3.107s] -- Up-to-date: /home/xytron/xycar_ws/install/yolo_msgs/include/yolo_msgs/yolo_msgs/msg/detail/point2_d__rosidl_typesupport_introspection_c.h
[3.107s] -- Up-to-date: /home/xytron/xycar_ws/install/yolo_msgs/include/yolo_msgs/yolo_msgs/msg/detail/vector2__rosidl_typesupport_introspection_c.h
[3.108s] -- Up-to-date: /home/xytron/xycar_ws/install/yolo_msgs/include/yolo_msgs/yolo_msgs/msg/detail/key_point3_d_array__rosidl_typesupport_introspection_c.h
[3.108s] -- Up-to-date: /home/xytron/xycar_ws/install/yolo_msgs/include/yolo_msgs/yolo_msgs/msg/detail/detection__rosidl_typesupport_introspection_c.h
[3.108s] -- Up-to-date: /home/xytron/xycar_ws/install/yolo_msgs/include/yolo_msgs/yolo_msgs/msg/detail/key_point3_d_array__type_support.c
[3.108s] -- Up-to-date: /home/xytron/xycar_ws/install/yolo_msgs/include/yolo_msgs/yolo_msgs/msg/detail/pose2_d__type_support.c
[3.108s] -- Up-to-date: /home/xytron/xycar_ws/install/yolo_msgs/include/yolo_msgs/yolo_msgs/msg/detail/detection_array__type_support.c
[3.108s] -- Up-to-date: /home/xytron/xycar_ws/install/yolo_msgs/include/yolo_msgs/yolo_msgs/msg/detail/mask__rosidl_typesupport_introspection_c.h
[3.109s] -- Up-to-date: /home/xytron/xycar_ws/install/yolo_msgs/lib/libyolo_msgs__rosidl_typesupport_introspection_c.so
[3.109s] -- Up-to-date: /home/xytron/xycar_ws/install/yolo_msgs/lib/libyolo_msgs__rosidl_typesupport_c.so
[3.109s] -- Up-to-date: /home/xytron/xycar_ws/install/yolo_msgs/include/yolo_msgs/yolo_msgs
[3.109s] -- Up-to-date: /home/xytron/xycar_ws/install/yolo_msgs/include/yolo_msgs/yolo_msgs/srv
[3.109s] -- Up-to-date: /home/xytron/xycar_ws/install/yolo_msgs/include/yolo_msgs/yolo_msgs/srv/set_classes.hpp
[3.109s] -- Up-to-date: /home/xytron/xycar_ws/install/yolo_msgs/include/yolo_msgs/yolo_msgs/srv/detail
[3.109s] -- Up-to-date: /home/xytron/xycar_ws/install/yolo_msgs/include/yolo_msgs/yolo_msgs/srv/detail/set_classes__builder.hpp
[3.109s] -- Up-to-date: /home/xytron/xycar_ws/install/yolo_msgs/include/yolo_msgs/yolo_msgs/srv/detail/set_classes__traits.hpp
[3.109s] -- Up-to-date: /home/xytron/xycar_ws/install/yolo_msgs/include/yolo_msgs/yolo_msgs/srv/detail/set_classes__type_support.hpp
[3.109s] -- Up-to-date: /home/xytron/xycar_ws/install/yolo_msgs/include/yolo_msgs/yolo_msgs/srv/detail/set_classes__struct.hpp
[3.110s] -- Up-to-date: /home/xytron/xycar_ws/install/yolo_msgs/include/yolo_msgs/yolo_msgs/msg
[3.110s] -- Up-to-date: /home/xytron/xycar_ws/install/yolo_msgs/include/yolo_msgs/yolo_msgs/msg/detection_array.hpp
[3.110s] -- Up-to-date: /home/xytron/xycar_ws/install/yolo_msgs/include/yolo_msgs/yolo_msgs/msg/bounding_box2_d.hpp
[3.110s] -- Up-to-date: /home/xytron/xycar_ws/install/yolo_msgs/include/yolo_msgs/yolo_msgs/msg/detection.hpp
[3.110s] -- Up-to-date: /home/xytron/xycar_ws/install/yolo_msgs/include/yolo_msgs/yolo_msgs/msg/bounding_box3_d.hpp
[3.110s] -- Up-to-date: /home/xytron/xycar_ws/install/yolo_msgs/include/yolo_msgs/yolo_msgs/msg/key_point3_d_array.hpp
[3.110s] -- Up-to-date: /home/xytron/xycar_ws/install/yolo_msgs/include/yolo_msgs/yolo_msgs/msg/key_point3_d.hpp
[3.110s] -- Up-to-date: /home/xytron/xycar_ws/install/yolo_msgs/include/yolo_msgs/yolo_msgs/msg/point2_d.hpp
[3.110s] -- Up-to-date: /home/xytron/xycar_ws/install/yolo_msgs/include/yolo_msgs/yolo_msgs/msg/mask.hpp
[3.111s] -- Up-to-date: /home/xytron/xycar_ws/install/yolo_msgs/include/yolo_msgs/yolo_msgs/msg/key_point2_d.hpp
[3.111s] -- Up-to-date: /home/xytron/xycar_ws/install/yolo_msgs/include/yolo_msgs/yolo_msgs/msg/vector2.hpp
[3.111s] -- Up-to-date: /home/xytron/xycar_ws/install/yolo_msgs/include/yolo_msgs/yolo_msgs/msg/pose2_d.hpp
[3.111s] -- Up-to-date: /home/xytron/xycar_ws/install/yolo_msgs/include/yolo_msgs/yolo_msgs/msg/rosidl_generator_cpp__visibility_control.hpp
[3.111s] -- Up-to-date: /home/xytron/xycar_ws/install/yolo_msgs/include/yolo_msgs/yolo_msgs/msg/key_point2_d_array.hpp
[3.111s] -- Up-to-date: /home/xytron/xycar_ws/install/yolo_msgs/include/yolo_msgs/yolo_msgs/msg/detail
[3.111s] -- Up-to-date: /home/xytron/xycar_ws/install/yolo_msgs/include/yolo_msgs/yolo_msgs/msg/detail/key_point2_d_array__traits.hpp
[3.111s] -- Up-to-date: /home/xytron/xycar_ws/install/yolo_msgs/include/yolo_msgs/yolo_msgs/msg/detail/bounding_box2_d__struct.hpp
[3.111s] -- Up-to-date: /home/xytron/xycar_ws/install/yolo_msgs/include/yolo_msgs/yolo_msgs/msg/detail/key_point3_d__builder.hpp
[3.111s] -- Up-to-date: /home/xytron/xycar_ws/install/yolo_msgs/include/yolo_msgs/yolo_msgs/msg/detail/bounding_box3_d__builder.hpp
[3.111s] -- Up-to-date: /home/xytron/xycar_ws/install/yolo_msgs/include/yolo_msgs/yolo_msgs/msg/detail/key_point3_d__type_support.hpp
[3.113s] -- Up-to-date: /home/xytron/xycar_ws/install/yolo_msgs/include/yolo_msgs/yolo_msgs/msg/detail/bounding_box2_d__type_support.hpp
[3.114s] -- Up-to-date: /home/xytron/xycar_ws/install/yolo_msgs/include/yolo_msgs/yolo_msgs/msg/detail/key_point2_d_array__builder.hpp
[3.114s] -- Up-to-date: /home/xytron/xycar_ws/install/yolo_msgs/include/yolo_msgs/yolo_msgs/msg/detail/bounding_box3_d__type_support.hpp
[3.114s] -- Up-to-date: /home/xytron/xycar_ws/install/yolo_msgs/include/yolo_msgs/yolo_msgs/msg/detail/key_point3_d_array__type_support.hpp
[3.114s] -- Up-to-date: /home/xytron/xycar_ws/install/yolo_msgs/include/yolo_msgs/yolo_msgs/msg/detail/mask__struct.hpp
[3.114s] -- Up-to-date: /home/xytron/xycar_ws/install/yolo_msgs/include/yolo_msgs/yolo_msgs/msg/detail/detection_array__traits.hpp
[3.115s] -- Up-to-date: /home/xytron/xycar_ws/install/yolo_msgs/include/yolo_msgs/yolo_msgs/msg/detail/bounding_box3_d__struct.hpp
[3.115s] -- Up-to-date: /home/xytron/xycar_ws/install/yolo_msgs/include/yolo_msgs/yolo_msgs/msg/detail/key_point3_d_array__builder.hpp
[3.115s] -- Up-to-date: /home/xytron/xycar_ws/install/yolo_msgs/include/yolo_msgs/yolo_msgs/msg/detail/detection_array__struct.hpp
[3.116s] -- Up-to-date: /home/xytron/xycar_ws/install/yolo_msgs/include/yolo_msgs/yolo_msgs/msg/detail/key_point3_d__struct.hpp
[3.116s] -- Up-to-date: /home/xytron/xycar_ws/install/yolo_msgs/include/yolo_msgs/yolo_msgs/msg/detail/pose2_d__traits.hpp
[3.116s] -- Up-to-date: /home/xytron/xycar_ws/install/yolo_msgs/include/yolo_msgs/yolo_msgs/msg/detail/mask__builder.hpp
[3.116s] -- Up-to-date: /home/xytron/xycar_ws/install/yolo_msgs/include/yolo_msgs/yolo_msgs/msg/detail/key_point3_d__traits.hpp
[3.116s] -- Up-to-date: /home/xytron/xycar_ws/install/yolo_msgs/include/yolo_msgs/yolo_msgs/msg/detail/point2_d__type_support.hpp
[3.116s] -- Up-to-date: /home/xytron/xycar_ws/install/yolo_msgs/include/yolo_msgs/yolo_msgs/msg/detail/detection__builder.hpp
[3.116s] -- Up-to-date: /home/xytron/xycar_ws/install/yolo_msgs/include/yolo_msgs/yolo_msgs/msg/detail/point2_d__traits.hpp
[3.116s] -- Up-to-date: /home/xytron/xycar_ws/install/yolo_msgs/include/yolo_msgs/yolo_msgs/msg/detail/point2_d__struct.hpp
[3.116s] -- Up-to-date: /home/xytron/xycar_ws/install/yolo_msgs/include/yolo_msgs/yolo_msgs/msg/detail/detection_array__type_support.hpp
[3.117s] -- Up-to-date: /home/xytron/xycar_ws/install/yolo_msgs/include/yolo_msgs/yolo_msgs/msg/detail/key_point2_d__type_support.hpp
[3.117s] -- Up-to-date: /home/xytron/xycar_ws/install/yolo_msgs/include/yolo_msgs/yolo_msgs/msg/detail/vector2__struct.hpp
[3.117s] -- Up-to-date: /home/xytron/xycar_ws/install/yolo_msgs/include/yolo_msgs/yolo_msgs/msg/detail/detection__type_support.hpp
[3.117s] -- Up-to-date: /home/xytron/xycar_ws/install/yolo_msgs/include/yolo_msgs/yolo_msgs/msg/detail/bounding_box2_d__builder.hpp
[3.117s] -- Up-to-date: /home/xytron/xycar_ws/install/yolo_msgs/include/yolo_msgs/yolo_msgs/msg/detail/pose2_d__builder.hpp
[3.117s] -- Up-to-date: /home/xytron/xycar_ws/install/yolo_msgs/include/yolo_msgs/yolo_msgs/msg/detail/key_point3_d_array__struct.hpp
[3.117s] -- Up-to-date: /home/xytron/xycar_ws/install/yolo_msgs/include/yolo_msgs/yolo_msgs/msg/detail/bounding_box2_d__traits.hpp
[3.118s] -- Up-to-date: /home/xytron/xycar_ws/install/yolo_msgs/include/yolo_msgs/yolo_msgs/msg/detail/detection_array__builder.hpp
[3.118s] -- Up-to-date: /home/xytron/xycar_ws/install/yolo_msgs/include/yolo_msgs/yolo_msgs/msg/detail/pose2_d__struct.hpp
[3.119s] -- Up-to-date: /home/xytron/xycar_ws/install/yolo_msgs/include/yolo_msgs/yolo_msgs/msg/detail/key_point2_d__traits.hpp
[3.120s] -- Up-to-date: /home/xytron/xycar_ws/install/yolo_msgs/include/yolo_msgs/yolo_msgs/msg/detail/mask__traits.hpp
[3.120s] -- Up-to-date: /home/xytron/xycar_ws/install/yolo_msgs/include/yolo_msgs/yolo_msgs/msg/detail/mask__type_support.hpp
[3.125s] -- Up-to-date: /home/xytron/xycar_ws/install/yolo_msgs/include/yolo_msgs/yolo_msgs/msg/detail/pose2_d__type_support.hpp
[3.126s] -- Up-to-date: /home/xytron/xycar_ws/install/yolo_msgs/include/yolo_msgs/yolo_msgs/msg/detail/detection__struct.hpp
[3.126s] -- Up-to-date: /home/xytron/xycar_ws/install/yolo_msgs/include/yolo_msgs/yolo_msgs/msg/detail/key_point2_d__struct.hpp
[3.126s] -- Up-to-date: /home/xytron/xycar_ws/install/yolo_msgs/include/yolo_msgs/yolo_msgs/msg/detail/key_point3_d_array__traits.hpp
[3.128s] -- Up-to-date: /home/xytron/xycar_ws/install/yolo_msgs/include/yolo_msgs/yolo_msgs/msg/detail/point2_d__builder.hpp
[3.128s] -- Up-to-date: /home/xytron/xycar_ws/install/yolo_msgs/include/yolo_msgs/yolo_msgs/msg/detail/vector2__builder.hpp
[3.128s] -- Up-to-date: /home/xytron/xycar_ws/install/yolo_msgs/include/yolo_msgs/yolo_msgs/msg/detail/vector2__traits.hpp
[3.128s] -- Up-to-date: /home/xytron/xycar_ws/install/yolo_msgs/include/yolo_msgs/yolo_msgs/msg/detail/detection__traits.hpp
[3.129s] -- Up-to-date: /home/xytron/xycar_ws/install/yolo_msgs/include/yolo_msgs/yolo_msgs/msg/detail/key_point2_d_array__struct.hpp
[3.129s] -- Up-to-date: /home/xytron/xycar_ws/install/yolo_msgs/include/yolo_msgs/yolo_msgs/msg/detail/vector2__type_support.hpp
[3.129s] -- Up-to-date: /home/xytron/xycar_ws/install/yolo_msgs/include/yolo_msgs/yolo_msgs/msg/detail/bounding_box3_d__traits.hpp
[3.130s] -- Up-to-date: /home/xytron/xycar_ws/install/yolo_msgs/include/yolo_msgs/yolo_msgs/msg/detail/key_point2_d__builder.hpp
[3.132s] -- Up-to-date: /home/xytron/xycar_ws/install/yolo_msgs/include/yolo_msgs/yolo_msgs/msg/detail/key_point2_d_array__type_support.hpp
[3.132s] -- Up-to-date: /home/xytron/xycar_ws/install/yolo_msgs/include/yolo_msgs/yolo_msgs
[3.133s] -- Up-to-date: /home/xytron/xycar_ws/install/yolo_msgs/include/yolo_msgs/yolo_msgs/srv
[3.133s] -- Up-to-date: /home/xytron/xycar_ws/install/yolo_msgs/include/yolo_msgs/yolo_msgs/srv/detail
[3.134s] -- Up-to-date: /home/xytron/xycar_ws/install/yolo_msgs/include/yolo_msgs/yolo_msgs/srv/detail/dds_fastrtps
[3.134s] -- Up-to-date: /home/xytron/xycar_ws/install/yolo_msgs/include/yolo_msgs/yolo_msgs/srv/detail/set_classes__rosidl_typesupport_fastrtps_cpp.hpp
[3.134s] -- Up-to-date: /home/xytron/xycar_ws/install/yolo_msgs/include/yolo_msgs/yolo_msgs/msg
[3.134s] -- Up-to-date: /home/xytron/xycar_ws/install/yolo_msgs/include/yolo_msgs/yolo_msgs/msg/rosidl_typesupport_fastrtps_cpp__visibility_control.h
[3.134s] -- Up-to-date: /home/xytron/xycar_ws/install/yolo_msgs/include/yolo_msgs/yolo_msgs/msg/detail
[3.134s] -- Up-to-date: /home/xytron/xycar_ws/install/yolo_msgs/include/yolo_msgs/yolo_msgs/msg/detail/detection__rosidl_typesupport_fastrtps_cpp.hpp
[3.134s] -- Up-to-date: /home/xytron/xycar_ws/install/yolo_msgs/include/yolo_msgs/yolo_msgs/msg/detail/bounding_box2_d__rosidl_typesupport_fastrtps_cpp.hpp
[3.134s] -- Up-to-date: /home/xytron/xycar_ws/install/yolo_msgs/include/yolo_msgs/yolo_msgs/msg/detail/detection_array__rosidl_typesupport_fastrtps_cpp.hpp
[3.134s] -- Up-to-date: /home/xytron/xycar_ws/install/yolo_msgs/include/yolo_msgs/yolo_msgs/msg/detail/key_point3_d_array__rosidl_typesupport_fastrtps_cpp.hpp
[3.134s] -- Up-to-date: /home/xytron/xycar_ws/install/yolo_msgs/include/yolo_msgs/yolo_msgs/msg/detail/key_point2_d__rosidl_typesupport_fastrtps_cpp.hpp
[3.135s] -- Up-to-date: /home/xytron/xycar_ws/install/yolo_msgs/include/yolo_msgs/yolo_msgs/msg/detail/key_point3_d__rosidl_typesupport_fastrtps_cpp.hpp
[3.135s] -- Up-to-date: /home/xytron/xycar_ws/install/yolo_msgs/include/yolo_msgs/yolo_msgs/msg/detail/mask__rosidl_typesupport_fastrtps_cpp.hpp
[3.135s] -- Up-to-date: /home/xytron/xycar_ws/install/yolo_msgs/include/yolo_msgs/yolo_msgs/msg/detail/point2_d__rosidl_typesupport_fastrtps_cpp.hpp
[3.135s] -- Up-to-date: /home/xytron/xycar_ws/install/yolo_msgs/include/yolo_msgs/yolo_msgs/msg/detail/pose2_d__rosidl_typesupport_fastrtps_cpp.hpp
[3.135s] -- Up-to-date: /home/xytron/xycar_ws/install/yolo_msgs/include/yolo_msgs/yolo_msgs/msg/detail/dds_fastrtps
[3.135s] -- Up-to-date: /home/xytron/xycar_ws/install/yolo_msgs/include/yolo_msgs/yolo_msgs/msg/detail/vector2__rosidl_typesupport_fastrtps_cpp.hpp
[3.135s] -- Up-to-date: /home/xytron/xycar_ws/install/yolo_msgs/include/yolo_msgs/yolo_msgs/msg/detail/bounding_box3_d__rosidl_typesupport_fastrtps_cpp.hpp
[3.136s] -- Up-to-date: /home/xytron/xycar_ws/install/yolo_msgs/include/yolo_msgs/yolo_msgs/msg/detail/key_point2_d_array__rosidl_typesupport_fastrtps_cpp.hpp
[3.137s] -- Up-to-date: /home/xytron/xycar_ws/install/yolo_msgs/lib/libyolo_msgs__rosidl_typesupport_fastrtps_cpp.so
[3.138s] -- Up-to-date: /home/xytron/xycar_ws/install/yolo_msgs/include/yolo_msgs/yolo_msgs
[3.138s] -- Up-to-date: /home/xytron/xycar_ws/install/yolo_msgs/include/yolo_msgs/yolo_msgs/srv
[3.138s] -- Up-to-date: /home/xytron/xycar_ws/install/yolo_msgs/include/yolo_msgs/yolo_msgs/srv/detail
[3.138s] -- Up-to-date: /home/xytron/xycar_ws/install/yolo_msgs/include/yolo_msgs/yolo_msgs/srv/detail/set_classes__type_support.cpp
[3.139s] -- Up-to-date: /home/xytron/xycar_ws/install/yolo_msgs/include/yolo_msgs/yolo_msgs/srv/detail/set_classes__rosidl_typesupport_introspection_cpp.hpp
[3.139s] -- Up-to-date: /home/xytron/xycar_ws/install/yolo_msgs/include/yolo_msgs/yolo_msgs/msg
[3.139s] -- Up-to-date: /home/xytron/xycar_ws/install/yolo_msgs/include/yolo_msgs/yolo_msgs/msg/detail
[3.139s] -- Up-to-date: /home/xytron/xycar_ws/install/yolo_msgs/include/yolo_msgs/yolo_msgs/msg/detail/detection_array__rosidl_typesupport_introspection_cpp.hpp
[3.139s] -- Up-to-date: /home/xytron/xycar_ws/install/yolo_msgs/include/yolo_msgs/yolo_msgs/msg/detail/vector2__type_support.cpp
[3.139s] -- Up-to-date: /home/xytron/xycar_ws/install/yolo_msgs/include/yolo_msgs/yolo_msgs/msg/detail/bounding_box3_d__rosidl_typesupport_introspection_cpp.hpp
[3.140s] -- Up-to-date: /home/xytron/xycar_ws/install/yolo_msgs/include/yolo_msgs/yolo_msgs/msg/detail/key_point2_d_array__type_support.cpp
[3.140s] -- Up-to-date: /home/xytron/xycar_ws/install/yolo_msgs/include/yolo_msgs/yolo_msgs/msg/detail/key_point2_d__type_support.cpp
[3.141s] -- Up-to-date: /home/xytron/xycar_ws/install/yolo_msgs/include/yolo_msgs/yolo_msgs/msg/detail/bounding_box3_d__type_support.cpp
[3.141s] -- Up-to-date: /home/xytron/xycar_ws/install/yolo_msgs/include/yolo_msgs/yolo_msgs/msg/detail/detection_array__type_support.cpp
[3.141s] -- Up-to-date: /home/xytron/xycar_ws/install/yolo_msgs/include/yolo_msgs/yolo_msgs/msg/detail/pose2_d__type_support.cpp
[3.141s] -- Up-to-date: /home/xytron/xycar_ws/install/yolo_msgs/include/yolo_msgs/yolo_msgs/msg/detail/key_point2_d__rosidl_typesupport_introspection_cpp.hpp
[3.141s] -- Up-to-date: /home/xytron/xycar_ws/install/yolo_msgs/include/yolo_msgs/yolo_msgs/msg/detail/vector2__rosidl_typesupport_introspection_cpp.hpp
[3.141s] -- Up-to-date: /home/xytron/xycar_ws/install/yolo_msgs/include/yolo_msgs/yolo_msgs/msg/detail/mask__rosidl_typesupport_introspection_cpp.hpp
[3.141s] -- Up-to-date: /home/xytron/xycar_ws/install/yolo_msgs/include/yolo_msgs/yolo_msgs/msg/detail/key_point3_d__rosidl_typesupport_introspection_cpp.hpp
[3.141s] -- Up-to-date: /home/xytron/xycar_ws/install/yolo_msgs/include/yolo_msgs/yolo_msgs/msg/detail/point2_d__type_support.cpp
[3.142s] -- Up-to-date: /home/xytron/xycar_ws/install/yolo_msgs/include/yolo_msgs/yolo_msgs/msg/detail/pose2_d__rosidl_typesupport_introspection_cpp.hpp
[3.143s] -- Up-to-date: /home/xytron/xycar_ws/install/yolo_msgs/include/yolo_msgs/yolo_msgs/msg/detail/key_point3_d__type_support.cpp
[3.143s] -- Up-to-date: /home/xytron/xycar_ws/install/yolo_msgs/include/yolo_msgs/yolo_msgs/msg/detail/point2_d__rosidl_typesupport_introspection_cpp.hpp
[3.143s] -- Up-to-date: /home/xytron/xycar_ws/install/yolo_msgs/include/yolo_msgs/yolo_msgs/msg/detail/mask__type_support.cpp
[3.143s] -- Up-to-date: /home/xytron/xycar_ws/install/yolo_msgs/include/yolo_msgs/yolo_msgs/msg/detail/key_point3_d_array__rosidl_typesupport_introspection_cpp.hpp
[3.144s] -- Up-to-date: /home/xytron/xycar_ws/install/yolo_msgs/include/yolo_msgs/yolo_msgs/msg/detail/bounding_box2_d__type_support.cpp
[3.144s] -- Up-to-date: /home/xytron/xycar_ws/install/yolo_msgs/include/yolo_msgs/yolo_msgs/msg/detail/key_point2_d_array__rosidl_typesupport_introspection_cpp.hpp
[3.144s] -- Up-to-date: /home/xytron/xycar_ws/install/yolo_msgs/include/yolo_msgs/yolo_msgs/msg/detail/detection__rosidl_typesupport_introspection_cpp.hpp
[3.144s] -- Up-to-date: /home/xytron/xycar_ws/install/yolo_msgs/include/yolo_msgs/yolo_msgs/msg/detail/detection__type_support.cpp
[3.144s] -- Up-to-date: /home/xytron/xycar_ws/install/yolo_msgs/include/yolo_msgs/yolo_msgs/msg/detail/key_point3_d_array__type_support.cpp
[3.145s] -- Up-to-date: /home/xytron/xycar_ws/install/yolo_msgs/include/yolo_msgs/yolo_msgs/msg/detail/bounding_box2_d__rosidl_typesupport_introspection_cpp.hpp
[3.145s] -- Up-to-date: /home/xytron/xycar_ws/install/yolo_msgs/lib/libyolo_msgs__rosidl_typesupport_introspection_cpp.so
[3.145s] -- Up-to-date: /home/xytron/xycar_ws/install/yolo_msgs/lib/libyolo_msgs__rosidl_typesupport_cpp.so
[3.145s] -- Up-to-date: /home/xytron/xycar_ws/install/yolo_msgs/share/yolo_msgs/environment/pythonpath.sh
[3.145s] -- Up-to-date: /home/xytron/xycar_ws/install/yolo_msgs/share/yolo_msgs/environment/pythonpath.dsv
[3.146s] -- Up-to-date: /home/xytron/xycar_ws/install/yolo_msgs/local/lib/python3.10/dist-packages/yolo_msgs-4.1.1-py3.10.egg-info
[3.146s] -- Installing: /home/xytron/xycar_ws/install/yolo_msgs/local/lib/python3.10/dist-packages/yolo_msgs-4.1.1-py3.10.egg-info/PKG-INFO
[3.146s] -- Installing: /home/xytron/xycar_ws/install/yolo_msgs/local/lib/python3.10/dist-packages/yolo_msgs-4.1.1-py3.10.egg-info/dependency_links.txt
[3.146s] -- Installing: /home/xytron/xycar_ws/install/yolo_msgs/local/lib/python3.10/dist-packages/yolo_msgs-4.1.1-py3.10.egg-info/top_level.txt
[3.146s] -- Installing: /home/xytron/xycar_ws/install/yolo_msgs/local/lib/python3.10/dist-packages/yolo_msgs-4.1.1-py3.10.egg-info/SOURCES.txt
[3.146s] -- Up-to-date: /home/xytron/xycar_ws/install/yolo_msgs/local/lib/python3.10/dist-packages/yolo_msgs
[3.146s] -- Up-to-date: /home/xytron/xycar_ws/install/yolo_msgs/local/lib/python3.10/dist-packages/yolo_msgs/__init__.py
[3.147s] -- Up-to-date: /home/xytron/xycar_ws/install/yolo_msgs/local/lib/python3.10/dist-packages/yolo_msgs/yolo_msgs_s__rosidl_typesupport_fastrtps_c.cpython-310-x86_64-linux-gnu.so
[3.147s] -- Up-to-date: /home/xytron/xycar_ws/install/yolo_msgs/local/lib/python3.10/dist-packages/yolo_msgs/_yolo_msgs_s.ep.rosidl_typesupport_c.c
[3.147s] -- Up-to-date: /home/xytron/xycar_ws/install/yolo_msgs/local/lib/python3.10/dist-packages/yolo_msgs/srv
[3.147s] -- Up-to-date: /home/xytron/xycar_ws/install/yolo_msgs/local/lib/python3.10/dist-packages/yolo_msgs/srv/__init__.py
[3.148s] -- Up-to-date: /home/xytron/xycar_ws/install/yolo_msgs/local/lib/python3.10/dist-packages/yolo_msgs/srv/_set_classes_s.c
[3.149s] -- Up-to-date: /home/xytron/xycar_ws/install/yolo_msgs/local/lib/python3.10/dist-packages/yolo_msgs/srv/_set_classes.py
[3.149s] -- Up-to-date: /home/xytron/xycar_ws/install/yolo_msgs/local/lib/python3.10/dist-packages/yolo_msgs/libyolo_msgs__rosidl_generator_py.so
[3.149s] -- Up-to-date: /home/xytron/xycar_ws/install/yolo_msgs/local/lib/python3.10/dist-packages/yolo_msgs/msg
[3.149s] -- Up-to-date: /home/xytron/xycar_ws/install/yolo_msgs/local/lib/python3.10/dist-packages/yolo_msgs/msg/_key_point3_d_array_s.c
[3.149s] -- Up-to-date: /home/xytron/xycar_ws/install/yolo_msgs/local/lib/python3.10/dist-packages/yolo_msgs/msg/_detection_array.py
[3.149s] -- Up-to-date: /home/xytron/xycar_ws/install/yolo_msgs/local/lib/python3.10/dist-packages/yolo_msgs/msg/__init__.py
[3.149s] -- Up-to-date: /home/xytron/xycar_ws/install/yolo_msgs/local/lib/python3.10/dist-packages/yolo_msgs/msg/_key_point2_d_array.py
[3.149s] -- Up-to-date: /home/xytron/xycar_ws/install/yolo_msgs/local/lib/python3.10/dist-packages/yolo_msgs/msg/_point2_d_s.c
[3.149s] -- Up-to-date: /home/xytron/xycar_ws/install/yolo_msgs/local/lib/python3.10/dist-packages/yolo_msgs/msg/_detection_array_s.c
[3.150s] -- Up-to-date: /home/xytron/xycar_ws/install/yolo_msgs/local/lib/python3.10/dist-packages/yolo_msgs/msg/_pose2_d.py
[3.150s] -- Up-to-date: /home/xytron/xycar_ws/install/yolo_msgs/local/lib/python3.10/dist-packages/yolo_msgs/msg/_mask_s.c
[3.150s] -- Up-to-date: /home/xytron/xycar_ws/install/yolo_msgs/local/lib/python3.10/dist-packages/yolo_msgs/msg/_bounding_box3_d.py
[3.150s] -- Up-to-date: /home/xytron/xycar_ws/install/yolo_msgs/local/lib/python3.10/dist-packages/yolo_msgs/msg/_key_point3_d_array.py
[3.150s] -- Up-to-date: /home/xytron/xycar_ws/install/yolo_msgs/local/lib/python3.10/dist-packages/yolo_msgs/msg/_pose2_d_s.c
[3.150s] -- Up-to-date: /home/xytron/xycar_ws/install/yolo_msgs/local/lib/python3.10/dist-packages/yolo_msgs/msg/_point2_d.py
[3.150s] -- Up-to-date: /home/xytron/xycar_ws/install/yolo_msgs/local/lib/python3.10/dist-packages/yolo_msgs/msg/_key_point3_d.py
[3.150s] -- Up-to-date: /home/xytron/xycar_ws/install/yolo_msgs/local/lib/python3.10/dist-packages/yolo_msgs/msg/_key_point2_d.py
[3.151s] -- Up-to-date: /home/xytron/xycar_ws/install/yolo_msgs/local/lib/python3.10/dist-packages/yolo_msgs/msg/_bounding_box3_d_s.c
[3.151s] -- Up-to-date: /home/xytron/xycar_ws/install/yolo_msgs/local/lib/python3.10/dist-packages/yolo_msgs/msg/_bounding_box2_d.py
[3.151s] -- Up-to-date: /home/xytron/xycar_ws/install/yolo_msgs/local/lib/python3.10/dist-packages/yolo_msgs/msg/_key_point3_d_s.c
[3.151s] -- Up-to-date: /home/xytron/xycar_ws/install/yolo_msgs/local/lib/python3.10/dist-packages/yolo_msgs/msg/_mask.py
[3.151s] -- Up-to-date: /home/xytron/xycar_ws/install/yolo_msgs/local/lib/python3.10/dist-packages/yolo_msgs/msg/_detection.py
[3.151s] -- Up-to-date: /home/xytron/xycar_ws/install/yolo_msgs/local/lib/python3.10/dist-packages/yolo_msgs/msg/_vector2.py
[3.151s] -- Up-to-date: /home/xytron/xycar_ws/install/yolo_msgs/local/lib/python3.10/dist-packages/yolo_msgs/msg/_key_point2_d_s.c
[3.151s] -- Up-to-date: /home/xytron/xycar_ws/install/yolo_msgs/local/lib/python3.10/dist-packages/yolo_msgs/msg/_key_point2_d_array_s.c
[3.151s] -- Up-to-date: /home/xytron/xycar_ws/install/yolo_msgs/local/lib/python3.10/dist-packages/yolo_msgs/msg/_detection_s.c
[3.151s] -- Up-to-date: /home/xytron/xycar_ws/install/yolo_msgs/local/lib/python3.10/dist-packages/yolo_msgs/msg/_bounding_box2_d_s.c
[3.151s] -- Up-to-date: /home/xytron/xycar_ws/install/yolo_msgs/local/lib/python3.10/dist-packages/yolo_msgs/msg/_vector2_s.c
[3.152s] -- Up-to-date: /home/xytron/xycar_ws/install/yolo_msgs/local/lib/python3.10/dist-packages/yolo_msgs/_yolo_msgs_s.ep.rosidl_typesupport_fastrtps_c.c
[3.152s] -- Up-to-date: /home/xytron/xycar_ws/install/yolo_msgs/local/lib/python3.10/dist-packages/yolo_msgs/_yolo_msgs_s.ep.rosidl_typesupport_introspection_c.c
[3.152s] -- Up-to-date: /home/xytron/xycar_ws/install/yolo_msgs/local/lib/python3.10/dist-packages/yolo_msgs/yolo_msgs_s__rosidl_typesupport_c.cpython-310-x86_64-linux-gnu.so
[3.152s] -- Up-to-date: /home/xytron/xycar_ws/install/yolo_msgs/local/lib/python3.10/dist-packages/yolo_msgs/yolo_msgs_s__rosidl_typesupport_introspection_c.cpython-310-x86_64-linux-gnu.so
[3.200s] Listing '/home/xytron/xycar_ws/install/yolo_msgs/local/lib/python3.10/dist-packages/yolo_msgs'...
[3.200s] Listing '/home/xytron/xycar_ws/install/yolo_msgs/local/lib/python3.10/dist-packages/yolo_msgs/msg'...
[3.200s] Listing '/home/xytron/xycar_ws/install/yolo_msgs/local/lib/python3.10/dist-packages/yolo_msgs/srv'...
[3.236s] -- Up-to-date: /home/xytron/xycar_ws/install/yolo_msgs/local/lib/python3.10/dist-packages/yolo_msgs/yolo_msgs_s__rosidl_typesupport_fastrtps_c.cpython-310-x86_64-linux-gnu.so
[3.236s] -- Up-to-date: /home/xytron/xycar_ws/install/yolo_msgs/local/lib/python3.10/dist-packages/yolo_msgs/yolo_msgs_s__rosidl_typesupport_introspection_c.cpython-310-x86_64-linux-gnu.so
[3.242s] -- Up-to-date: /home/xytron/xycar_ws/install/yolo_msgs/local/lib/python3.10/dist-packages/yolo_msgs/yolo_msgs_s__rosidl_typesupport_c.cpython-310-x86_64-linux-gnu.so
[3.242s] -- Up-to-date: /home/xytron/xycar_ws/install/yolo_msgs/lib/libyolo_msgs__rosidl_generator_py.so
[3.242s] -- Up-to-date: /home/xytron/xycar_ws/install/yolo_msgs/share/yolo_msgs/msg/Point2D.idl
[3.242s] -- Up-to-date: /home/xytron/xycar_ws/install/yolo_msgs/share/yolo_msgs/msg/Vector2.idl
[3.242s] -- Up-to-date: /home/xytron/xycar_ws/install/yolo_msgs/share/yolo_msgs/msg/Pose2D.idl
[3.242s] -- Up-to-date: /home/xytron/xycar_ws/install/yolo_msgs/share/yolo_msgs/msg/BoundingBox2D.idl
[3.243s] -- Up-to-date: /home/xytron/xycar_ws/install/yolo_msgs/share/yolo_msgs/msg/BoundingBox3D.idl
[3.244s] -- Up-to-date: /home/xytron/xycar_ws/install/yolo_msgs/share/yolo_msgs/msg/Mask.idl
[3.245s] -- Up-to-date: /home/xytron/xycar_ws/install/yolo_msgs/share/yolo_msgs/msg/KeyPoint2D.idl
[3.245s] -- Up-to-date: /home/xytron/xycar_ws/install/yolo_msgs/share/yolo_msgs/msg/KeyPoint2DArray.idl
[3.245s] -- Up-to-date: /home/xytron/xycar_ws/install/yolo_msgs/share/yolo_msgs/msg/KeyPoint3D.idl
[3.245s] -- Up-to-date: /home/xytron/xycar_ws/install/yolo_msgs/share/yolo_msgs/msg/KeyPoint3DArray.idl
[3.245s] -- Up-to-date: /home/xytron/xycar_ws/install/yolo_msgs/share/yolo_msgs/msg/Detection.idl
[3.245s] -- Up-to-date: /home/xytron/xycar_ws/install/yolo_msgs/share/yolo_msgs/msg/DetectionArray.idl
[3.245s] -- Up-to-date: /home/xytron/xycar_ws/install/yolo_msgs/share/yolo_msgs/srv/SetClasses.idl
[3.246s] -- Up-to-date: /home/xytron/xycar_ws/install/yolo_msgs/share/yolo_msgs/msg/Point2D.msg
[3.252s] -- Up-to-date: /home/xytron/xycar_ws/install/yolo_msgs/share/yolo_msgs/msg/Vector2.msg
[3.253s] -- Up-to-date: /home/xytron/xycar_ws/install/yolo_msgs/share/yolo_msgs/msg/Pose2D.msg
[3.253s] -- Up-to-date: /home/xytron/xycar_ws/install/yolo_msgs/share/yolo_msgs/msg/BoundingBox2D.msg
[3.253s] -- Up-to-date: /home/xytron/xycar_ws/install/yolo_msgs/share/yolo_msgs/msg/BoundingBox3D.msg
[3.253s] -- Up-to-date: /home/xytron/xycar_ws/install/yolo_msgs/share/yolo_msgs/msg/Mask.msg
[3.253s] -- Up-to-date: /home/xytron/xycar_ws/install/yolo_msgs/share/yolo_msgs/msg/KeyPoint2D.msg
[3.254s] -- Up-to-date: /home/xytron/xycar_ws/install/yolo_msgs/share/yolo_msgs/msg/KeyPoint2DArray.msg
[3.254s] -- Up-to-date: /home/xytron/xycar_ws/install/yolo_msgs/share/yolo_msgs/msg/KeyPoint3D.msg
[3.254s] -- Up-to-date: /home/xytron/xycar_ws/install/yolo_msgs/share/yolo_msgs/msg/KeyPoint3DArray.msg
[3.254s] -- Up-to-date: /home/xytron/xycar_ws/install/yolo_msgs/share/yolo_msgs/msg/Detection.msg
[3.255s] -- Up-to-date: /home/xytron/xycar_ws/install/yolo_msgs/share/yolo_msgs/msg/DetectionArray.msg
[3.255s] -- Up-to-date: /home/xytron/xycar_ws/install/yolo_msgs/share/yolo_msgs/srv/SetClasses.srv
[3.256s] -- Up-to-date: /home/xytron/xycar_ws/install/yolo_msgs/share/yolo_msgs/srv/SetClasses_Request.msg
[3.257s] -- Up-to-date: /home/xytron/xycar_ws/install/yolo_msgs/share/yolo_msgs/srv/SetClasses_Response.msg
[3.259s] -- Up-to-date: /home/xytron/xycar_ws/install/yolo_msgs/share/ament_index/resource_index/package_run_dependencies/yolo_msgs
[3.260s] -- Up-to-date: /home/xytron/xycar_ws/install/yolo_msgs/share/ament_index/resource_index/parent_prefix_path/yolo_msgs
[3.261s] -- Up-to-date: /home/xytron/xycar_ws/install/yolo_msgs/share/yolo_msgs/environment/ament_prefix_path.sh
[3.262s] -- Up-to-date: /home/xytron/xycar_ws/install/yolo_msgs/share/yolo_msgs/environment/ament_prefix_path.dsv
[3.262s] -- Up-to-date: /home/xytron/xycar_ws/install/yolo_msgs/share/yolo_msgs/environment/path.sh
[3.263s] -- Up-to-date: /home/xytron/xycar_ws/install/yolo_msgs/share/yolo_msgs/environment/path.dsv
[3.264s] -- Up-to-date: /home/xytron/xycar_ws/install/yolo_msgs/share/yolo_msgs/local_setup.bash
[3.264s] -- Up-to-date: /home/xytron/xycar_ws/install/yolo_msgs/share/yolo_msgs/local_setup.sh
[3.264s] -- Up-to-date: /home/xytron/xycar_ws/install/yolo_msgs/share/yolo_msgs/local_setup.zsh
[3.265s] -- Up-to-date: /home/xytron/xycar_ws/install/yolo_msgs/share/yolo_msgs/local_setup.dsv
[3.268s] -- Installing: /home/xytron/xycar_ws/install/yolo_msgs/share/yolo_msgs/package.dsv
[3.268s] -- Up-to-date: /home/xytron/xycar_ws/install/yolo_msgs/share/ament_index/resource_index/packages/yolo_msgs
[3.269s] -- Up-to-date: /home/xytron/xycar_ws/install/yolo_msgs/share/yolo_msgs/cmake/export_yolo_msgs__rosidl_generator_cExport.cmake
[3.269s] -- Up-to-date: /home/xytron/xycar_ws/install/yolo_msgs/share/yolo_msgs/cmake/export_yolo_msgs__rosidl_generator_cExport-noconfig.cmake
[3.269s] -- Up-to-date: /home/xytron/xycar_ws/install/yolo_msgs/share/yolo_msgs/cmake/export_yolo_msgs__rosidl_typesupport_fastrtps_cExport.cmake
[3.270s] -- Up-to-date: /home/xytron/xycar_ws/install/yolo_msgs/share/yolo_msgs/cmake/export_yolo_msgs__rosidl_typesupport_fastrtps_cExport-noconfig.cmake
[3.270s] -- Up-to-date: /home/xytron/xycar_ws/install/yolo_msgs/share/yolo_msgs/cmake/yolo_msgs__rosidl_typesupport_introspection_cExport.cmake
[3.270s] -- Up-to-date: /home/xytron/xycar_ws/install/yolo_msgs/share/yolo_msgs/cmake/yolo_msgs__rosidl_typesupport_introspection_cExport-noconfig.cmake
[3.271s] -- Up-to-date: /home/xytron/xycar_ws/install/yolo_msgs/share/yolo_msgs/cmake/yolo_msgs__rosidl_typesupport_cExport.cmake
[3.272s] -- Up-to-date: /home/xytron/xycar_ws/install/yolo_msgs/share/yolo_msgs/cmake/yolo_msgs__rosidl_typesupport_cExport-noconfig.cmake
[3.273s] -- Up-to-date: /home/xytron/xycar_ws/install/yolo_msgs/share/yolo_msgs/cmake/export_yolo_msgs__rosidl_generator_cppExport.cmake
[3.273s] -- Up-to-date: /home/xytron/xycar_ws/install/yolo_msgs/share/yolo_msgs/cmake/export_yolo_msgs__rosidl_typesupport_fastrtps_cppExport.cmake
[3.273s] -- Up-to-date: /home/xytron/xycar_ws/install/yolo_msgs/share/yolo_msgs/cmake/export_yolo_msgs__rosidl_typesupport_fastrtps_cppExport-noconfig.cmake
[3.279s] -- Up-to-date: /home/xytron/xycar_ws/install/yolo_msgs/share/yolo_msgs/cmake/yolo_msgs__rosidl_typesupport_introspection_cppExport.cmake
[3.279s] -- Up-to-date: /home/xytron/xycar_ws/install/yolo_msgs/share/yolo_msgs/cmake/yolo_msgs__rosidl_typesupport_introspection_cppExport-noconfig.cmake
[3.280s] -- Up-to-date: /home/xytron/xycar_ws/install/yolo_msgs/share/yolo_msgs/cmake/yolo_msgs__rosidl_typesupport_cppExport.cmake
[3.280s] -- Up-to-date: /home/xytron/xycar_ws/install/yolo_msgs/share/yolo_msgs/cmake/yolo_msgs__rosidl_typesupport_cppExport-noconfig.cmake
[3.280s] -- Up-to-date: /home/xytron/xycar_ws/install/yolo_msgs/share/yolo_msgs/cmake/export_yolo_msgs__rosidl_generator_pyExport.cmake
[3.280s] -- Up-to-date: /home/xytron/xycar_ws/install/yolo_msgs/share/yolo_msgs/cmake/export_yolo_msgs__rosidl_generator_pyExport-noconfig.cmake
[3.280s] -- Up-to-date: /home/xytron/xycar_ws/install/yolo_msgs/share/yolo_msgs/cmake/rosidl_cmake-extras.cmake
[3.281s] -- Up-to-date: /home/xytron/xycar_ws/install/yolo_msgs/share/yolo_msgs/cmake/ament_cmake_export_dependencies-extras.cmake
[3.281s] -- Up-to-date: /home/xytron/xycar_ws/install/yolo_msgs/share/yolo_msgs/cmake/ament_cmake_export_include_directories-extras.cmake
[3.281s] -- Up-to-date: /home/xytron/xycar_ws/install/yolo_msgs/share/yolo_msgs/cmake/ament_cmake_export_libraries-extras.cmake
[3.281s] -- Up-to-date: /home/xytron/xycar_ws/install/yolo_msgs/share/yolo_msgs/cmake/ament_cmake_export_targets-extras.cmake
[3.281s] -- Up-to-date: /home/xytron/xycar_ws/install/yolo_msgs/share/yolo_msgs/cmake/rosidl_cmake_export_typesupport_targets-extras.cmake
[3.281s] -- Up-to-date: /home/xytron/xycar_ws/install/yolo_msgs/share/yolo_msgs/cmake/rosidl_cmake_export_typesupport_libraries-extras.cmake
[3.281s] -- Up-to-date: /home/xytron/xycar_ws/install/yolo_msgs/share/yolo_msgs/cmake/yolo_msgsConfig.cmake
[3.281s] -- Up-to-date: /home/xytron/xycar_ws/install/yolo_msgs/share/yolo_msgs/cmake/yolo_msgsConfig-version.cmake
[3.281s] -- Up-to-date: /home/xytron/xycar_ws/install/yolo_msgs/share/yolo_msgs/package.xml
[3.282s] Invoked command in '/home/xytron/xycar_ws/build/yolo_msgs' returned '0': CMAKE_PREFIX_PATH=${CMAKE_PREFIX_PATH}:/home/xytron/xycar_ws/install/xycar_planner:/home/xytron/xycar_ws/install/control_motor:/home/xytron/xycar_ws/install/xycar_motor:/home/xytron/xycar_ws/install/xycar_imu:/home/xytron/xycar_ws/install/xycar_cam:/home/xytron/xycar_ws/install/app_ultra_viewer:/home/xytron/xycar_ws/install/app_turtlesim:/home/xytron/xycar_ws/install/app_sensor_drive:/home/xytron/xycar_ws/install/app_rule_drive_sim:/home/xytron/xycar_ws/install/app_pubsub:/home/xytron/xycar_ws/install/app_path_planning:/home/xytron/xycar_ws/install/app_hough_drive:/home/xytron/xycar_ws/install/app_cam_exposure:/home/xytron/xycar_ws/install/app_8_drive:/opt/ros/humble /usr/bin/cmake --install /home/xytron/xycar_ws/build/yolo_msgs
