[3.588s] Invoking command in '/home/xytron/xycar_ws/src/xycar_planner': PYTHONPATH=/home/xytron/xycar_ws/build/xycar_planner/prefix_override:/usr/lib/python3/dist-packages/colcon_core/task/python/colcon_distutils_commands:/home/xytron/xycar_ws/install/xycar_planner/lib/python3.10/site-packages:${PYTHONPATH} /usr/bin/python3 -W ignore:setup.py install is deprecated -W ignore:easy_install command is deprecated setup.py egg_info --egg-base ../../build/xycar_planner build --build-base /home/xytron/xycar_ws/build/xycar_planner/build install --record /home/xytron/xycar_ws/build/xycar_planner/install.log --single-version-externally-managed install_data
[4.362s] running egg_info
[4.363s] writing ../../build/xycar_planner/xycar_planner.egg-info/PKG-INFO
[4.363s] writing dependency_links to ../../build/xycar_planner/xycar_planner.egg-info/dependency_links.txt
[4.364s] writing entry points to ../../build/xycar_planner/xycar_planner.egg-info/entry_points.txt
[4.364s] writing requirements to ../../build/xycar_planner/xycar_planner.egg-info/requires.txt
[4.364s] writing top-level names to ../../build/xycar_planner/xycar_planner.egg-info/top_level.txt
[4.368s] reading manifest file '../../build/xycar_planner/xycar_planner.egg-info/SOURCES.txt'
[4.369s] writing manifest file '../../build/xycar_planner/xycar_planner.egg-info/SOURCES.txt'
[4.370s] running build
[4.370s] running build_py
[4.370s] running install
[4.370s] running install_lib
[4.373s] running install_data
[4.373s] running install_egg_info
[4.378s] removing '/home/xytron/xycar_ws/install/xycar_planner/lib/python3.10/site-packages/xycar_planner-0.0.0-py3.10.egg-info' (and everything under it)
[4.378s] Copying ../../build/xycar_planner/xycar_planner.egg-info to /home/xytron/xycar_ws/install/xycar_planner/lib/python3.10/site-packages/xycar_planner-0.0.0-py3.10.egg-info
[4.381s] running install_scripts
[4.419s] Installing xycar_planner_static_test script to /home/xytron/xycar_ws/install/xycar_planner/lib/xycar_planner
[4.419s] writing list of installed files to '/home/xytron/xycar_ws/build/xycar_planner/install.log'
[4.530s] Invoked command in '/home/xytron/xycar_ws/src/xycar_planner' returned '0': PYTHONPATH=/home/xytron/xycar_ws/build/xycar_planner/prefix_override:/usr/lib/python3/dist-packages/colcon_core/task/python/colcon_distutils_commands:/home/xytron/xycar_ws/install/xycar_planner/lib/python3.10/site-packages:${PYTHONPATH} /usr/bin/python3 -W ignore:setup.py install is deprecated -W ignore:easy_install command is deprecated setup.py egg_info --egg-base ../../build/xycar_planner build --build-base /home/xytron/xycar_ws/build/xycar_planner/build install --record /home/xytron/xycar_ws/build/xycar_planner/install.log --single-version-externally-managed install_data
