[2.471s] Invoking command in '/home/xytron/xycar_ws/build/app_viewer_all': CMAKE_PREFIX_PATH=/opt/ros/humble /usr/bin/cmake --build /home/xytron/xycar_ws/build/app_viewer_all -- -j16 -l16
[3.016s] Invoked command in '/home/xytron/xycar_ws/build/app_viewer_all' returned '0': CMAKE_PREFIX_PATH=/opt/ros/humble /usr/bin/cmake --build /home/xytron/xycar_ws/build/app_viewer_all -- -j16 -l16
[3.018s] Invoking command in '/home/xytron/xycar_ws/build/app_viewer_all': CMAKE_PREFIX_PATH=/opt/ros/humble /usr/bin/cmake --install /home/xytron/xycar_ws/build/app_viewer_all
[3.106s] -- Install configuration: ""
[3.108s] -- Up-to-date: /home/xytron/xycar_ws/install/app_viewer_all/share/app_viewer_all/launch
[3.108s] -- Up-to-date: /home/xytron/xycar_ws/install/app_viewer_all/share/app_viewer_all/launch/app_viewer_all.launch.py
[3.109s] -- Up-to-date: /home/xytron/xycar_ws/install/app_viewer_all/share/app_viewer_all/launch/__pycache__
[3.109s] -- Up-to-date: /home/xytron/xycar_ws/install/app_viewer_all/share/app_viewer_all/launch/__pycache__/app_viewer_all.launch.cpython-38.pyc
[3.111s] -- Up-to-date: /home/xytron/xycar_ws/install/app_viewer_all/share/ament_index/resource_index/package_run_dependencies/app_viewer_all
[3.113s] -- Up-to-date: /home/xytron/xycar_ws/install/app_viewer_all/share/ament_index/resource_index/parent_prefix_path/app_viewer_all
[3.120s] -- Up-to-date: /home/xytron/xycar_ws/install/app_viewer_all/share/app_viewer_all/environment/ament_prefix_path.sh
[3.121s] -- Up-to-date: /home/xytron/xycar_ws/install/app_viewer_all/share/app_viewer_all/environment/ament_prefix_path.dsv
[3.122s] -- Up-to-date: /home/xytron/xycar_ws/install/app_viewer_all/share/app_viewer_all/environment/path.sh
[3.123s] -- Up-to-date: /home/xytron/xycar_ws/install/app_viewer_all/share/app_viewer_all/environment/path.dsv
[3.124s] -- Up-to-date: /home/xytron/xycar_ws/install/app_viewer_all/share/app_viewer_all/local_setup.bash
[3.124s] -- Up-to-date: /home/xytron/xycar_ws/install/app_viewer_all/share/app_viewer_all/local_setup.sh
[3.125s] -- Up-to-date: /home/xytron/xycar_ws/install/app_viewer_all/share/app_viewer_all/local_setup.zsh
[3.128s] -- Up-to-date: /home/xytron/xycar_ws/install/app_viewer_all/share/app_viewer_all/local_setup.dsv
[3.129s] -- Up-to-date: /home/xytron/xycar_ws/install/app_viewer_all/share/app_viewer_all/package.dsv
[3.130s] -- Up-to-date: /home/xytron/xycar_ws/install/app_viewer_all/share/ament_index/resource_index/packages/app_viewer_all
[3.131s] -- Up-to-date: /home/xytron/xycar_ws/install/app_viewer_all/share/app_viewer_all/cmake/app_viewer_allConfig.cmake
[3.133s] -- Up-to-date: /home/xytron/xycar_ws/install/app_viewer_all/share/app_viewer_all/cmake/app_viewer_allConfig-version.cmake
[3.133s] -- Up-to-date: /home/xytron/xycar_ws/install/app_viewer_all/share/app_viewer_all/package.xml
[3.241s] Invoked command in '/home/xytron/xycar_ws/build/app_viewer_all' returned '0': CMAKE_PREFIX_PATH=/opt/ros/humble /usr/bin/cmake --install /home/xytron/xycar_ws/build/app_viewer_all
