[0.064s] Invoking command in '/home/xytron/xycar_ws/build/vesc': AMENT_PREFIX_PATH=/home/xytron/xycar_ws/install/vesc_driver:/home/xytron/xycar_ws/install/vesc_ackermann:/home/xytron/xycar_ws/install/vesc_msgs:${AMENT_PREFIX_PATH} CMAKE_PREFIX_PATH=/home/xytron/xycar_ws/install/vesc_driver:/home/xytron/xycar_ws/install/vesc_ackermann:/home/xytron/xycar_ws/install/vesc_msgs:/opt/ros/humble LD_LIBRARY_PATH=/home/xytron/xycar_ws/install/vesc_driver/lib:/home/xytron/xycar_ws/install/vesc_ackermann/lib:/home/xytron/xycar_ws/install/vesc_msgs/lib:${LD_LIBRARY_PATH} PYTHONPATH=/home/xytron/xycar_ws/install/vesc_msgs/local/lib/python3.10/dist-packages:${PYTHONPATH} /usr/bin/cmake --build /home/xytron/xycar_ws/build/vesc -- -j16 -l16
[0.108s] Invoked command in '/home/xytron/xycar_ws/build/vesc' returned '0': AMENT_PREFIX_PATH=/home/xytron/xycar_ws/install/vesc_driver:/home/xytron/xycar_ws/install/vesc_ackermann:/home/xytron/xycar_ws/install/vesc_msgs:${AMENT_PREFIX_PATH} CMAKE_PREFIX_PATH=/home/xytron/xycar_ws/install/vesc_driver:/home/xytron/xycar_ws/install/vesc_ackermann:/home/xytron/xycar_ws/install/vesc_msgs:/opt/ros/humble LD_LIBRARY_PATH=/home/xytron/xycar_ws/install/vesc_driver/lib:/home/xytron/xycar_ws/install/vesc_ackermann/lib:/home/xytron/xycar_ws/install/vesc_msgs/lib:${LD_LIBRARY_PATH} PYTHONPATH=/home/xytron/xycar_ws/install/vesc_msgs/local/lib/python3.10/dist-packages:${PYTHONPATH} /usr/bin/cmake --build /home/xytron/xycar_ws/build/vesc -- -j16 -l16
[0.110s] Invoking command in '/home/xytron/xycar_ws/build/vesc': AMENT_PREFIX_PATH=/home/xytron/xycar_ws/install/vesc_driver:/home/xytron/xycar_ws/install/vesc_ackermann:/home/xytron/xycar_ws/install/vesc_msgs:${AMENT_PREFIX_PATH} CMAKE_PREFIX_PATH=/home/xytron/xycar_ws/install/vesc_driver:/home/xytron/xycar_ws/install/vesc_ackermann:/home/xytron/xycar_ws/install/vesc_msgs:/opt/ros/humble LD_LIBRARY_PATH=/home/xytron/xycar_ws/install/vesc_driver/lib:/home/xytron/xycar_ws/install/vesc_ackermann/lib:/home/xytron/xycar_ws/install/vesc_msgs/lib:${LD_LIBRARY_PATH} PYTHONPATH=/home/xytron/xycar_ws/install/vesc_msgs/local/lib/python3.10/dist-packages:${PYTHONPATH} /usr/bin/cmake --install /home/xytron/xycar_ws/build/vesc
[0.119s] -- Install configuration: ""
[0.119s] -- Up-to-date: /home/xytron/xycar_ws/install/vesc/share/ament_index/resource_index/package_run_dependencies/vesc
[0.119s] -- Up-to-date: /home/xytron/xycar_ws/install/vesc/share/ament_index/resource_index/parent_prefix_path/vesc
[0.119s] -- Up-to-date: /home/xytron/xycar_ws/install/vesc/share/vesc/environment/ament_prefix_path.sh
[0.119s] -- Up-to-date: /home/xytron/xycar_ws/install/vesc/share/vesc/environment/ament_prefix_path.dsv
[0.119s] -- Up-to-date: /home/xytron/xycar_ws/install/vesc/share/vesc/environment/path.sh
[0.119s] -- Up-to-date: /home/xytron/xycar_ws/install/vesc/share/vesc/environment/path.dsv
[0.119s] -- Up-to-date: /home/xytron/xycar_ws/install/vesc/share/vesc/local_setup.bash
[0.119s] -- Up-to-date: /home/xytron/xycar_ws/install/vesc/share/vesc/local_setup.sh
[0.120s] -- Up-to-date: /home/xytron/xycar_ws/install/vesc/share/vesc/local_setup.zsh
[0.120s] -- Up-to-date: /home/xytron/xycar_ws/install/vesc/share/vesc/local_setup.dsv
[0.120s] -- Installing: /home/xytron/xycar_ws/install/vesc/share/vesc/package.dsv
[0.120s] -- Up-to-date: /home/xytron/xycar_ws/install/vesc/share/ament_index/resource_index/packages/vesc
[0.120s] -- Up-to-date: /home/xytron/xycar_ws/install/vesc/share/vesc/cmake/vescConfig.cmake
[0.120s] -- Up-to-date: /home/xytron/xycar_ws/install/vesc/share/vesc/cmake/vescConfig-version.cmake
[0.120s] -- Up-to-date: /home/xytron/xycar_ws/install/vesc/share/vesc/package.xml
[0.125s] Invoked command in '/home/xytron/xycar_ws/build/vesc' returned '0': AMENT_PREFIX_PATH=/home/xytron/xycar_ws/install/vesc_driver:/home/xytron/xycar_ws/install/vesc_ackermann:/home/xytron/xycar_ws/install/vesc_msgs:${AMENT_PREFIX_PATH} CMAKE_PREFIX_PATH=/home/xytron/xycar_ws/install/vesc_driver:/home/xytron/xycar_ws/install/vesc_ackermann:/home/xytron/xycar_ws/install/vesc_msgs:/opt/ros/humble LD_LIBRARY_PATH=/home/xytron/xycar_ws/install/vesc_driver/lib:/home/xytron/xycar_ws/install/vesc_ackermann/lib:/home/xytron/xycar_ws/install/vesc_msgs/lib:${LD_LIBRARY_PATH} PYTHONPATH=/home/xytron/xycar_ws/install/vesc_msgs/local/lib/python3.10/dist-packages:${PYTHONPATH} /usr/bin/cmake --install /home/xytron/xycar_ws/build/vesc
