[4.714s] Invoking command in '/home/xytron/xycar_ws/src/xycar_application/app_8_drive': PYTHONPATH=/home/xytron/xycar_ws/build/app_8_drive/prefix_override:/usr/lib/python3/dist-packages/colcon_core/task/python/colcon_distutils_commands:/home/xytron/xycar_ws/install/app_8_drive/lib/python3.10/site-packages:${PYTHONPATH} /usr/bin/python3 -W ignore:setup.py install is deprecated -W ignore:easy_install command is deprecated setup.py egg_info --egg-base ../../../build/app_8_drive build --build-base /home/xytron/xycar_ws/build/app_8_drive/build install --record /home/xytron/xycar_ws/build/app_8_drive/install.log --single-version-externally-managed install_data
[5.478s] running egg_info
[5.479s] writing ../../../build/app_8_drive/app_8_drive.egg-info/PKG-INFO
[5.480s] writing dependency_links to ../../../build/app_8_drive/app_8_drive.egg-info/dependency_links.txt
[5.481s] writing entry points to ../../../build/app_8_drive/app_8_drive.egg-info/entry_points.txt
[5.481s] writing requirements to ../../../build/app_8_drive/app_8_drive.egg-info/requires.txt
[5.481s] writing top-level names to ../../../build/app_8_drive/app_8_drive.egg-info/top_level.txt
[5.495s] reading manifest file '../../../build/app_8_drive/app_8_drive.egg-info/SOURCES.txt'
[5.496s] writing manifest file '../../../build/app_8_drive/app_8_drive.egg-info/SOURCES.txt'
[5.497s] running build
[5.498s] running build_py
[5.498s] running install
[5.499s] running install_lib
[5.500s] running install_data
[5.507s] running install_egg_info
[5.507s] removing '/home/xytron/xycar_ws/install/app_8_drive/lib/python3.10/site-packages/app_8_drive-0.0.0-py3.10.egg-info' (and everything under it)
[5.507s] Copying ../../../build/app_8_drive/app_8_drive.egg-info to /home/xytron/xycar_ws/install/app_8_drive/lib/python3.10/site-packages/app_8_drive-0.0.0-py3.10.egg-info
[5.510s] running install_scripts
[5.585s] Installing app_8_drive script to /home/xytron/xycar_ws/install/app_8_drive/lib/app_8_drive
[5.586s] writing list of installed files to '/home/xytron/xycar_ws/build/app_8_drive/install.log'
[5.746s] Invoked command in '/home/xytron/xycar_ws/src/xycar_application/app_8_drive' returned '0': PYTHONPATH=/home/xytron/xycar_ws/build/app_8_drive/prefix_override:/usr/lib/python3/dist-packages/colcon_core/task/python/colcon_distutils_commands:/home/xytron/xycar_ws/install/app_8_drive/lib/python3.10/site-packages:${PYTHONPATH} /usr/bin/python3 -W ignore:setup.py install is deprecated -W ignore:easy_install command is deprecated setup.py egg_info --egg-base ../../../build/app_8_drive build --build-base /home/xytron/xycar_ws/build/app_8_drive/build install --record /home/xytron/xycar_ws/build/app_8_drive/install.log --single-version-externally-managed install_data
