[2.497s] Invoking command in '/home/xytron/xycar_ws/src/xycar_device/xycar_motor': PYTHONPATH=/home/xytron/xycar_ws/build/xycar_motor/prefix_override:/usr/lib/python3/dist-packages/colcon_core/task/python/colcon_distutils_commands:/home/xytron/xycar_ws/install/xycar_motor/lib/python3.10/site-packages:${PYTHONPATH} /usr/bin/python3 -W ignore:setup.py install is deprecated -W ignore:easy_install command is deprecated setup.py egg_info --egg-base ../../../build/xycar_motor build --build-base /home/xytron/xycar_ws/build/xycar_motor/build install --record /home/xytron/xycar_ws/build/xycar_motor/install.log --single-version-externally-managed install_data
[2.993s] running egg_info
[2.994s] writing ../../../build/xycar_motor/xycar_motor.egg-info/PKG-INFO
[2.994s] writing dependency_links to ../../../build/xycar_motor/xycar_motor.egg-info/dependency_links.txt
[2.994s] writing entry points to ../../../build/xycar_motor/xycar_motor.egg-info/entry_points.txt
[2.995s] writing requirements to ../../../build/xycar_motor/xycar_motor.egg-info/requires.txt
[2.995s] writing top-level names to ../../../build/xycar_motor/xycar_motor.egg-info/top_level.txt
[2.998s] reading manifest file '../../../build/xycar_motor/xycar_motor.egg-info/SOURCES.txt'
[2.999s] writing manifest file '../../../build/xycar_motor/xycar_motor.egg-info/SOURCES.txt'
[2.999s] running build
[2.999s] running build_py
[2.999s] running install
[3.000s] running install_lib
[3.002s] running install_data
[3.002s] running install_egg_info
[3.005s] removing '/home/xytron/xycar_ws/install/xycar_motor/lib/python3.10/site-packages/xycar_motor-0.0.0-py3.10.egg-info' (and everything under it)
[3.005s] Copying ../../../build/xycar_motor/xycar_motor.egg-info to /home/xytron/xycar_ws/install/xycar_motor/lib/python3.10/site-packages/xycar_motor-0.0.0-py3.10.egg-info
[3.006s] running install_scripts
[3.044s] Installing motor_test script to /home/xytron/xycar_ws/install/xycar_motor/lib/xycar_motor
[3.044s] Installing vesc_test script to /home/xytron/xycar_ws/install/xycar_motor/lib/xycar_motor
[3.044s] Installing xycar_motor script to /home/xytron/xycar_ws/install/xycar_motor/lib/xycar_motor
[3.044s] writing list of installed files to '/home/xytron/xycar_ws/build/xycar_motor/install.log'
[3.116s] Invoked command in '/home/xytron/xycar_ws/src/xycar_device/xycar_motor' returned '0': PYTHONPATH=/home/xytron/xycar_ws/build/xycar_motor/prefix_override:/usr/lib/python3/dist-packages/colcon_core/task/python/colcon_distutils_commands:/home/xytron/xycar_ws/install/xycar_motor/lib/python3.10/site-packages:${PYTHONPATH} /usr/bin/python3 -W ignore:setup.py install is deprecated -W ignore:easy_install command is deprecated setup.py egg_info --egg-base ../../../build/xycar_motor build --build-base /home/xytron/xycar_ws/build/xycar_motor/build install --record /home/xytron/xycar_ws/build/xycar_motor/install.log --single-version-externally-managed install_data
