[1.945s] Invoking command in '/home/xytron/xycar_ws/src/xycar_device/xycar_motor': PYTHONPATH=/home/xytron/xycar_ws/build/xycar_motor/prefix_override:/usr/lib/python3/dist-packages/colcon_core/task/python/colcon_distutils_commands:/home/xytron/xycar_ws/install/xycar_motor/lib/python3.10/site-packages:${PYTHONPATH} /usr/bin/python3 -W ignore:setup.py install is deprecated -W ignore:easy_install command is deprecated setup.py egg_info --egg-base ../../../build/xycar_motor build --build-base /home/xytron/xycar_ws/build/xycar_motor/build install --record /home/xytron/xycar_ws/build/xycar_motor/install.log --single-version-externally-managed install_data
[2.274s] running egg_info
[2.275s] writing ../../../build/xycar_motor/xycar_motor.egg-info/PKG-INFO
[2.275s] writing dependency_links to ../../../build/xycar_motor/xycar_motor.egg-info/dependency_links.txt
[2.275s] writing entry points to ../../../build/xycar_motor/xycar_motor.egg-info/entry_points.txt
[2.275s] writing requirements to ../../../build/xycar_motor/xycar_motor.egg-info/requires.txt
[2.276s] writing top-level names to ../../../build/xycar_motor/xycar_motor.egg-info/top_level.txt
[2.278s] reading manifest file '../../../build/xycar_motor/xycar_motor.egg-info/SOURCES.txt'
[2.279s] writing manifest file '../../../build/xycar_motor/xycar_motor.egg-info/SOURCES.txt'
[2.280s] running build
[2.280s] running build_py
[2.280s] running install
[2.281s] running install_lib
[2.283s] running install_data
[2.283s] running install_egg_info
[2.286s] removing '/home/xytron/xycar_ws/install/xycar_motor/lib/python3.10/site-packages/xycar_motor-0.0.0-py3.10.egg-info' (and everything under it)
[2.286s] Copying ../../../build/xycar_motor/xycar_motor.egg-info to /home/xytron/xycar_ws/install/xycar_motor/lib/python3.10/site-packages/xycar_motor-0.0.0-py3.10.egg-info
[2.287s] running install_scripts
[2.313s] Installing motor_test script to /home/xytron/xycar_ws/install/xycar_motor/lib/xycar_motor
[2.314s] Installing vesc_test script to /home/xytron/xycar_ws/install/xycar_motor/lib/xycar_motor
[2.314s] Installing xycar_motor script to /home/xytron/xycar_ws/install/xycar_motor/lib/xycar_motor
[2.314s] writing list of installed files to '/home/xytron/xycar_ws/build/xycar_motor/install.log'
[2.378s] Invoked command in '/home/xytron/xycar_ws/src/xycar_device/xycar_motor' returned '0': PYTHONPATH=/home/xytron/xycar_ws/build/xycar_motor/prefix_override:/usr/lib/python3/dist-packages/colcon_core/task/python/colcon_distutils_commands:/home/xytron/xycar_ws/install/xycar_motor/lib/python3.10/site-packages:${PYTHONPATH} /usr/bin/python3 -W ignore:setup.py install is deprecated -W ignore:easy_install command is deprecated setup.py egg_info --egg-base ../../../build/xycar_motor build --build-base /home/xytron/xycar_ws/build/xycar_motor/build install --record /home/xytron/xycar_ws/build/xycar_motor/install.log --single-version-externally-managed install_data
