[2.029s] Invoking command in '/home/xytron/xycar_ws/src/study/control_motor': CMAKE_PREFIX_PATH=/home/xytron/xycar_ws/install/xycar_msgs:/home/xytron/xycar_ws/install/yolo_msgs:/home/xytron/xycar_ws/install/xycar_ultrasonic:/home/xytron/xycar_ws/install/xycar_lidar:/home/xytron/xycar_ws/install/vesc:/home/xytron/xycar_ws/install/vesc_driver:/home/xytron/xycar_ws/install/vesc_ackermann:/home/xytron/xycar_ws/install/vesc_msgs:/home/xytron/xycar_ws/install/app_web_controller:/home/xytron/xycar_ws/install/app_viewer_all LD_LIBRARY_PATH=/home/xytron/xycar_ws/install/xycar_msgs/lib:/opt/ros/humble/lib:/home/xytron/xycar_ws/install/yolo_msgs/lib:/home/xytron/xycar_ws/install/vesc_driver/lib:/home/xytron/xycar_ws/install/vesc_ackermann/lib:/home/xytron/xycar_ws/install/vesc_msgs/lib:/opt/ros/humble/opt/rviz_ogre_vendor/lib:/opt/ros/humble/lib/x86_64-linux-gnu:/opt/ros/humble/lib PYTHONPATH=/home/xytron/xycar_ws/build/control_motor/prefix_override:/usr/lib/python3/dist-packages/colcon_core/task/python/colcon_distutils_commands:/home/xytron/xycar_ws/install/control_motor/lib/python3.10/site-packages:${PYTHONPATH} /usr/bin/python3 -W ignore:setup.py install is deprecated -W ignore:easy_install command is deprecated setup.py egg_info --egg-base ../../../build/control_motor build --build-base /home/xytron/xycar_ws/build/control_motor/build install --record /home/xytron/xycar_ws/build/control_motor/install.log --single-version-externally-managed install_data
[2.337s] running egg_info
[2.337s] writing ../../../build/control_motor/control_motor.egg-info/PKG-INFO
[2.338s] writing dependency_links to ../../../build/control_motor/control_motor.egg-info/dependency_links.txt
[2.338s] writing entry points to ../../../build/control_motor/control_motor.egg-info/entry_points.txt
[2.338s] writing requirements to ../../../build/control_motor/control_motor.egg-info/requires.txt
[2.338s] writing top-level names to ../../../build/control_motor/control_motor.egg-info/top_level.txt
[2.341s] reading manifest file '../../../build/control_motor/control_motor.egg-info/SOURCES.txt'
[2.342s] writing manifest file '../../../build/control_motor/control_motor.egg-info/SOURCES.txt'
[2.342s] running build
[2.342s] running build_py
[2.343s] copying control_motor/is_vehicle.py -> /home/xytron/xycar_ws/build/control_motor/build/lib/control_motor
[2.344s] running install
[2.344s] running install_lib
[2.345s] copying /home/xytron/xycar_ws/build/control_motor/build/lib/control_motor/is_vehicle.py -> /home/xytron/xycar_ws/install/control_motor/lib/python3.10/site-packages/control_motor
[2.347s] byte-compiling /home/xytron/xycar_ws/install/control_motor/lib/python3.10/site-packages/control_motor/is_vehicle.py to is_vehicle.cpython-310.pyc
[2.351s] running install_data
[2.351s] running install_egg_info
[2.354s] removing '/home/xytron/xycar_ws/install/control_motor/lib/python3.10/site-packages/control_motor-0.0.0-py3.10.egg-info' (and everything under it)
[2.354s] Copying ../../../build/control_motor/control_motor.egg-info to /home/xytron/xycar_ws/install/control_motor/lib/python3.10/site-packages/control_motor-0.0.0-py3.10.egg-info
[2.356s] running install_scripts
[2.380s] Installing is_orange script to /home/xytron/xycar_ws/install/control_motor/lib/control_motor
[2.380s] Installing is_vehicle script to /home/xytron/xycar_ws/install/control_motor/lib/control_motor
[2.380s] Installing kmu_motor_node script to /home/xytron/xycar_ws/install/control_motor/lib/control_motor
[2.380s] Installing lane_detection script to /home/xytron/xycar_ws/install/control_motor/lib/control_motor
[2.381s] Installing new_lane_detection script to /home/xytron/xycar_ws/install/control_motor/lib/control_motor
[2.381s] Installing new_rubbercone_driver_node script to /home/xytron/xycar_ws/install/control_motor/lib/control_motor
[2.381s] Installing obstacle script to /home/xytron/xycar_ws/install/control_motor/lib/control_motor
[2.381s] Installing rubbercone_driver_node script to /home/xytron/xycar_ws/install/control_motor/lib/control_motor
[2.381s] Installing trafficlight script to /home/xytron/xycar_ws/install/control_motor/lib/control_motor
[2.381s] Installing vehicle_avoidance script to /home/xytron/xycar_ws/install/control_motor/lib/control_motor
[2.382s] writing list of installed files to '/home/xytron/xycar_ws/build/control_motor/install.log'
[2.441s] Invoked command in '/home/xytron/xycar_ws/src/study/control_motor' returned '0': CMAKE_PREFIX_PATH=/home/xytron/xycar_ws/install/xycar_msgs:/home/xytron/xycar_ws/install/yolo_msgs:/home/xytron/xycar_ws/install/xycar_ultrasonic:/home/xytron/xycar_ws/install/xycar_lidar:/home/xytron/xycar_ws/install/vesc:/home/xytron/xycar_ws/install/vesc_driver:/home/xytron/xycar_ws/install/vesc_ackermann:/home/xytron/xycar_ws/install/vesc_msgs:/home/xytron/xycar_ws/install/app_web_controller:/home/xytron/xycar_ws/install/app_viewer_all LD_LIBRARY_PATH=/home/xytron/xycar_ws/install/xycar_msgs/lib:/opt/ros/humble/lib:/home/xytron/xycar_ws/install/yolo_msgs/lib:/home/xytron/xycar_ws/install/vesc_driver/lib:/home/xytron/xycar_ws/install/vesc_ackermann/lib:/home/xytron/xycar_ws/install/vesc_msgs/lib:/opt/ros/humble/opt/rviz_ogre_vendor/lib:/opt/ros/humble/lib/x86_64-linux-gnu:/opt/ros/humble/lib PYTHONPATH=/home/xytron/xycar_ws/build/control_motor/prefix_override:/usr/lib/python3/dist-packages/colcon_core/task/python/colcon_distutils_commands:/home/xytron/xycar_ws/install/control_motor/lib/python3.10/site-packages:${PYTHONPATH} /usr/bin/python3 -W ignore:setup.py install is deprecated -W ignore:easy_install command is deprecated setup.py egg_info --egg-base ../../../build/control_motor build --build-base /home/xytron/xycar_ws/build/control_motor/build install --record /home/xytron/xycar_ws/build/control_motor/install.log --single-version-externally-managed install_data
