[6.000s] Invoking command in '/home/xytron/xycar_ws/src/xycar_application/app_sensor_drive': PYTHONPATH=/home/xytron/xycar_ws/build/app_sensor_drive/prefix_override:/usr/lib/python3/dist-packages/colcon_core/task/python/colcon_distutils_commands:/home/xytron/xycar_ws/install/app_sensor_drive/lib/python3.10/site-packages:${PYTHONPATH} /usr/bin/python3 -W ignore:setup.py install is deprecated -W ignore:easy_install command is deprecated setup.py egg_info --egg-base ../../../build/app_sensor_drive build --build-base /home/xytron/xycar_ws/build/app_sensor_drive/build install --record /home/xytron/xycar_ws/build/app_sensor_drive/install.log --single-version-externally-managed install_data
[7.967s] running egg_info
[7.973s] creating ../../../build/app_sensor_drive/app_sensor_drive.egg-info
[7.974s] writing ../../../build/app_sensor_drive/app_sensor_drive.egg-info/PKG-INFO
[7.977s] writing dependency_links to ../../../build/app_sensor_drive/app_sensor_drive.egg-info/dependency_links.txt
[7.977s] writing entry points to ../../../build/app_sensor_drive/app_sensor_drive.egg-info/entry_points.txt
[7.977s] writing requirements to ../../../build/app_sensor_drive/app_sensor_drive.egg-info/requires.txt
[7.977s] writing top-level names to ../../../build/app_sensor_drive/app_sensor_drive.egg-info/top_level.txt
[7.978s] writing manifest file '../../../build/app_sensor_drive/app_sensor_drive.egg-info/SOURCES.txt'
[7.994s] reading manifest file '../../../build/app_sensor_drive/app_sensor_drive.egg-info/SOURCES.txt'
[7.997s] writing manifest file '../../../build/app_sensor_drive/app_sensor_drive.egg-info/SOURCES.txt'
[7.998s] running build
[7.998s] running build_py
[8.002s] creating /home/xytron/xycar_ws/build/app_sensor_drive/build
[8.013s] creating /home/xytron/xycar_ws/build/app_sensor_drive/build/lib
[8.033s] creating /home/xytron/xycar_ws/build/app_sensor_drive/build/lib/app_sensor_drive
[8.033s] copying app_sensor_drive/__init__.py -> /home/xytron/xycar_ws/build/app_sensor_drive/build/lib/app_sensor_drive
[8.033s] copying app_sensor_drive/app_sensor_drive.py -> /home/xytron/xycar_ws/build/app_sensor_drive/build/lib/app_sensor_drive
[8.033s] running install
[8.033s] running install_lib
[8.036s] creating /home/xytron/xycar_ws/install/app_sensor_drive/lib/python3.10/site-packages/app_sensor_drive
[8.036s] copying /home/xytron/xycar_ws/build/app_sensor_drive/build/lib/app_sensor_drive/__init__.py -> /home/xytron/xycar_ws/install/app_sensor_drive/lib/python3.10/site-packages/app_sensor_drive
[8.036s] copying /home/xytron/xycar_ws/build/app_sensor_drive/build/lib/app_sensor_drive/app_sensor_drive.py -> /home/xytron/xycar_ws/install/app_sensor_drive/lib/python3.10/site-packages/app_sensor_drive
[8.036s] byte-compiling /home/xytron/xycar_ws/install/app_sensor_drive/lib/python3.10/site-packages/app_sensor_drive/__init__.py to __init__.cpython-310.pyc
[8.036s] byte-compiling /home/xytron/xycar_ws/install/app_sensor_drive/lib/python3.10/site-packages/app_sensor_drive/app_sensor_drive.py to app_sensor_drive.cpython-310.pyc
[8.036s] running install_data
[8.036s] creating /home/xytron/xycar_ws/install/app_sensor_drive/share/ament_index
[8.036s] creating /home/xytron/xycar_ws/install/app_sensor_drive/share/ament_index/resource_index
[8.040s] creating /home/xytron/xycar_ws/install/app_sensor_drive/share/ament_index/resource_index/packages
[8.047s] copying resource/app_sensor_drive -> /home/xytron/xycar_ws/install/app_sensor_drive/share/ament_index/resource_index/packages
[8.047s] copying package.xml -> /home/xytron/xycar_ws/install/app_sensor_drive/share/app_sensor_drive
[8.048s] creating /home/xytron/xycar_ws/install/app_sensor_drive/share/app_sensor_drive/launch
[8.048s] copying launch/app_sensor_drive.launch.py -> /home/xytron/xycar_ws/install/app_sensor_drive/share/app_sensor_drive/launch
[8.048s] running install_egg_info
[8.061s] Copying ../../../build/app_sensor_drive/app_sensor_drive.egg-info to /home/xytron/xycar_ws/install/app_sensor_drive/lib/python3.10/site-packages/app_sensor_drive-0.0.0-py3.10.egg-info
[8.080s] running install_scripts
[8.244s] Installing sensor_driver script to /home/xytron/xycar_ws/install/app_sensor_drive/lib/app_sensor_drive
[8.249s] writing list of installed files to '/home/xytron/xycar_ws/build/app_sensor_drive/install.log'
[8.634s] Invoked command in '/home/xytron/xycar_ws/src/xycar_application/app_sensor_drive' returned '0': PYTHONPATH=/home/xytron/xycar_ws/build/app_sensor_drive/prefix_override:/usr/lib/python3/dist-packages/colcon_core/task/python/colcon_distutils_commands:/home/xytron/xycar_ws/install/app_sensor_drive/lib/python3.10/site-packages:${PYTHONPATH} /usr/bin/python3 -W ignore:setup.py install is deprecated -W ignore:easy_install command is deprecated setup.py egg_info --egg-base ../../../build/app_sensor_drive build --build-base /home/xytron/xycar_ws/build/app_sensor_drive/build install --record /home/xytron/xycar_ws/build/app_sensor_drive/install.log --single-version-externally-managed install_data
