[5.305s] Invoking command in '/home/xytron/xycar_ws/src/xycar_device/xycar_imu': PYTHONPATH=/home/xytron/xycar_ws/build/xycar_imu/prefix_override:/usr/lib/python3/dist-packages/colcon_core/task/python/colcon_distutils_commands:/home/xytron/xycar_ws/install/xycar_imu/lib/python3.10/site-packages:${PYTHONPATH} /usr/bin/python3 -W ignore:setup.py install is deprecated -W ignore:easy_install command is deprecated setup.py egg_info --egg-base ../../../build/xycar_imu build --build-base /home/xytron/xycar_ws/build/xycar_imu/build install --record /home/xytron/xycar_ws/build/xycar_imu/install.log --single-version-externally-managed install_data
[6.647s] running egg_info
[6.653s] writing ../../../build/xycar_imu/xycar_imu.egg-info/PKG-INFO
[6.653s] writing dependency_links to ../../../build/xycar_imu/xycar_imu.egg-info/dependency_links.txt
[6.654s] writing entry points to ../../../build/xycar_imu/xycar_imu.egg-info/entry_points.txt
[6.654s] writing requirements to ../../../build/xycar_imu/xycar_imu.egg-info/requires.txt
[6.654s] writing top-level names to ../../../build/xycar_imu/xycar_imu.egg-info/top_level.txt
[6.661s] reading manifest file '../../../build/xycar_imu/xycar_imu.egg-info/SOURCES.txt'
[6.663s] adding license file 'LICENSE'
[6.663s] writing manifest file '../../../build/xycar_imu/xycar_imu.egg-info/SOURCES.txt'
[6.663s] running build
[6.663s] running build_py
[6.666s] running install
[6.667s] running install_lib
[6.672s] running install_data
[6.678s] running install_egg_info
[6.685s] removing '/home/xytron/xycar_ws/install/xycar_imu/lib/python3.10/site-packages/xycar_imu-1.2.0-py3.10.egg-info' (and everything under it)
[6.688s] Copying ../../../build/xycar_imu/xycar_imu.egg-info to /home/xytron/xycar_ws/install/xycar_imu/lib/python3.10/site-packages/xycar_imu-1.2.0-py3.10.egg-info
[6.690s] running install_scripts
[6.755s] Installing display_3D_visualization_node script to /home/xytron/xycar_ws/install/xycar_imu/lib/xycar_imu
[6.755s] Installing imu_node script to /home/xytron/xycar_ws/install/xycar_imu/lib/xycar_imu
[6.755s] writing list of installed files to '/home/xytron/xycar_ws/build/xycar_imu/install.log'
[6.965s] Invoked command in '/home/xytron/xycar_ws/src/xycar_device/xycar_imu' returned '0': PYTHONPATH=/home/xytron/xycar_ws/build/xycar_imu/prefix_override:/usr/lib/python3/dist-packages/colcon_core/task/python/colcon_distutils_commands:/home/xytron/xycar_ws/install/xycar_imu/lib/python3.10/site-packages:${PYTHONPATH} /usr/bin/python3 -W ignore:setup.py install is deprecated -W ignore:easy_install command is deprecated setup.py egg_info --egg-base ../../../build/xycar_imu build --build-base /home/xytron/xycar_ws/build/xycar_imu/build install --record /home/xytron/xycar_ws/build/xycar_imu/install.log --single-version-externally-managed install_data
