/home/xytron/xycar_ws/install/control_motor/lib/python3.10/site-packages/control_motor/__init__.py
/home/xytron/xycar_ws/install/control_motor/lib/python3.10/site-packages/control_motor/new_lane_detection.py
/home/xytron/xycar_ws/install/control_motor/lib/python3.10/site-packages/control_motor/right_lane_detection.py
/home/xytron/xycar_ws/install/control_motor/lib/python3.10/site-packages/control_motor/new_slidingwindow.py
/home/xytron/xycar_ws/install/control_motor/lib/python3.10/site-packages/control_motor/left_lane_detection.py
/home/xytron/xycar_ws/install/control_motor/lib/python3.10/site-packages/control_motor/new_rubbercone_driver_node.py
/home/xytron/xycar_ws/install/control_motor/lib/python3.10/site-packages/control_motor/kmu_motor_node.py
/home/xytron/xycar_ws/install/control_motor/lib/python3.10/site-packages/control_motor/slidingwindow.py
/home/xytron/xycar_ws/install/control_motor/lib/python3.10/site-packages/control_motor/imu_heading_node.py
/home/xytron/xycar_ws/install/control_motor/lib/python3.10/site-packages/control_motor/avoidance_controller_heading.py
/home/xytron/xycar_ws/install/control_motor/lib/python3.10/site-packages/control_motor/left_slidingwindow.py
/home/xytron/xycar_ws/install/control_motor/lib/python3.10/site-packages/control_motor/new_utils.py
/home/xytron/xycar_ws/install/control_motor/lib/python3.10/site-packages/control_motor/trafficlight.py
/home/xytron/xycar_ws/install/control_motor/lib/python3.10/site-packages/control_motor/left_utils.py
/home/xytron/xycar_ws/install/control_motor/lib/python3.10/site-packages/control_motor/right_slidingwindow.py
/home/xytron/xycar_ws/install/control_motor/lib/python3.10/site-packages/control_motor/vehicle_avoidance.py
/home/xytron/xycar_ws/install/control_motor/lib/python3.10/site-packages/control_motor/right_utils.py
/home/xytron/xycar_ws/install/control_motor/lib/python3.10/site-packages/control_motor/rubbercone_driver_node.py
/home/xytron/xycar_ws/install/control_motor/lib/python3.10/site-packages/control_motor/is_orange.py
/home/xytron/xycar_ws/install/control_motor/lib/python3.10/site-packages/control_motor/fast_rubbercone_driver_node.py
/home/xytron/xycar_ws/install/control_motor/lib/python3.10/site-packages/control_motor/is_vehicle.py
/home/xytron/xycar_ws/install/control_motor/lib/python3.10/site-packages/control_motor/lane_detection.py
/home/xytron/xycar_ws/install/control_motor/lib/python3.10/site-packages/control_motor/__pycache__/__init__.cpython-310.pyc
/home/xytron/xycar_ws/install/control_motor/lib/python3.10/site-packages/control_motor/__pycache__/new_lane_detection.cpython-310.pyc
/home/xytron/xycar_ws/install/control_motor/lib/python3.10/site-packages/control_motor/__pycache__/right_lane_detection.cpython-310.pyc
/home/xytron/xycar_ws/install/control_motor/lib/python3.10/site-packages/control_motor/__pycache__/new_slidingwindow.cpython-310.pyc
/home/xytron/xycar_ws/install/control_motor/lib/python3.10/site-packages/control_motor/__pycache__/left_lane_detection.cpython-310.pyc
/home/xytron/xycar_ws/install/control_motor/lib/python3.10/site-packages/control_motor/__pycache__/new_rubbercone_driver_node.cpython-310.pyc
/home/xytron/xycar_ws/install/control_motor/lib/python3.10/site-packages/control_motor/__pycache__/kmu_motor_node.cpython-310.pyc
/home/xytron/xycar_ws/install/control_motor/lib/python3.10/site-packages/control_motor/__pycache__/slidingwindow.cpython-310.pyc
/home/xytron/xycar_ws/install/control_motor/lib/python3.10/site-packages/control_motor/__pycache__/imu_heading_node.cpython-310.pyc
/home/xytron/xycar_ws/install/control_motor/lib/python3.10/site-packages/control_motor/__pycache__/avoidance_controller_heading.cpython-310.pyc
/home/xytron/xycar_ws/install/control_motor/lib/python3.10/site-packages/control_motor/__pycache__/left_slidingwindow.cpython-310.pyc
/home/xytron/xycar_ws/install/control_motor/lib/python3.10/site-packages/control_motor/__pycache__/new_utils.cpython-310.pyc
/home/xytron/xycar_ws/install/control_motor/lib/python3.10/site-packages/control_motor/__pycache__/trafficlight.cpython-310.pyc
/home/xytron/xycar_ws/install/control_motor/lib/python3.10/site-packages/control_motor/__pycache__/left_utils.cpython-310.pyc
/home/xytron/xycar_ws/install/control_motor/lib/python3.10/site-packages/control_motor/__pycache__/right_slidingwindow.cpython-310.pyc
/home/xytron/xycar_ws/install/control_motor/lib/python3.10/site-packages/control_motor/__pycache__/vehicle_avoidance.cpython-310.pyc
/home/xytron/xycar_ws/install/control_motor/lib/python3.10/site-packages/control_motor/__pycache__/right_utils.cpython-310.pyc
/home/xytron/xycar_ws/install/control_motor/lib/python3.10/site-packages/control_motor/__pycache__/rubbercone_driver_node.cpython-310.pyc
/home/xytron/xycar_ws/install/control_motor/lib/python3.10/site-packages/control_motor/__pycache__/is_orange.cpython-310.pyc
/home/xytron/xycar_ws/install/control_motor/lib/python3.10/site-packages/control_motor/__pycache__/fast_rubbercone_driver_node.cpython-310.pyc
/home/xytron/xycar_ws/install/control_motor/lib/python3.10/site-packages/control_motor/__pycache__/is_vehicle.cpython-310.pyc
/home/xytron/xycar_ws/install/control_motor/lib/python3.10/site-packages/control_motor/__pycache__/lane_detection.cpython-310.pyc
/home/xytron/xycar_ws/install/control_motor/share/ament_index/resource_index/packages/control_motor
/home/xytron/xycar_ws/install/control_motor/share/control_motor/package.xml
/home/xytron/xycar_ws/install/control_motor/share/control_motor/launch/control_motor_new_version.launch.py
/home/xytron/xycar_ws/install/control_motor/lib/python3.10/site-packages/control_motor-0.0.0-py3.10.egg-info/PKG-INFO
/home/xytron/xycar_ws/install/control_motor/lib/python3.10/site-packages/control_motor-0.0.0-py3.10.egg-info/dependency_links.txt
/home/xytron/xycar_ws/install/control_motor/lib/python3.10/site-packages/control_motor-0.0.0-py3.10.egg-info/top_level.txt
/home/xytron/xycar_ws/install/control_motor/lib/python3.10/site-packages/control_motor-0.0.0-py3.10.egg-info/requires.txt
/home/xytron/xycar_ws/install/control_motor/lib/python3.10/site-packages/control_motor-0.0.0-py3.10.egg-info/zip-safe
/home/xytron/xycar_ws/install/control_motor/lib/python3.10/site-packages/control_motor-0.0.0-py3.10.egg-info/SOURCES.txt
/home/xytron/xycar_ws/install/control_motor/lib/python3.10/site-packages/control_motor-0.0.0-py3.10.egg-info/entry_points.txt
/home/xytron/xycar_ws/install/control_motor/lib/control_motor/imu_heading_node
/home/xytron/xycar_ws/install/control_motor/lib/control_motor/is_orange
/home/xytron/xycar_ws/install/control_motor/lib/control_motor/is_vehicle
/home/xytron/xycar_ws/install/control_motor/lib/control_motor/kmu_motor_node
/home/xytron/xycar_ws/install/control_motor/lib/control_motor/lane_detection
/home/xytron/xycar_ws/install/control_motor/lib/control_motor/left_lane_detection
/home/xytron/xycar_ws/install/control_motor/lib/control_motor/new_lane_detection
/home/xytron/xycar_ws/install/control_motor/lib/control_motor/new_rubbercone_driver_node
/home/xytron/xycar_ws/install/control_motor/lib/control_motor/obstacle
/home/xytron/xycar_ws/install/control_motor/lib/control_motor/rubbercone_driver_node
/home/xytron/xycar_ws/install/control_motor/lib/control_motor/trafficlight
/home/xytron/xycar_ws/install/control_motor/lib/control_motor/vehicle_avoidance
