/home/xytron/xycar_ws/install/app_path_planning/lib/python3.10/site-packages/app_path_planning/__init__.py
/home/xytron/xycar_ws/install/app_path_planning/lib/python3.10/site-packages/app_path_planning/main.py
/home/xytron/xycar_ws/install/app_path_planning/lib/python3.10/site-packages/app_path_planning/parking_1_Reeds_Shepp_Pure_Pursuit.py
/home/xytron/xycar_ws/install/app_path_planning/lib/python3.10/site-packages/app_path_planning/parking.py
/home/xytron/xycar_ws/install/app_path_planning/lib/python3.10/site-packages/app_path_planning/parking_2_Bezier_Pure_Pursuit.py
/home/xytron/xycar_ws/install/app_path_planning/lib/python3.10/site-packages/app_path_planning/simulator.py
/home/xytron/xycar_ws/install/app_path_planning/lib/python3.10/site-packages/app_path_planning/motion_planning.py
/home/xytron/xycar_ws/install/app_path_planning/lib/python3.10/site-packages/app_path_planning/path_planning.py
/home/xytron/xycar_ws/install/app_path_planning/lib/python3.10/site-packages/app_path_planning/parking_3_Polyfit_Pure_Pursuit.py
/home/xytron/xycar_ws/install/app_path_planning/lib/python3.10/site-packages/app_path_planning/__pycache__/__init__.cpython-310.pyc
/home/xytron/xycar_ws/install/app_path_planning/lib/python3.10/site-packages/app_path_planning/__pycache__/main.cpython-310.pyc
/home/xytron/xycar_ws/install/app_path_planning/lib/python3.10/site-packages/app_path_planning/__pycache__/parking_1_Reeds_Shepp_Pure_Pursuit.cpython-310.pyc
/home/xytron/xycar_ws/install/app_path_planning/lib/python3.10/site-packages/app_path_planning/__pycache__/parking.cpython-310.pyc
/home/xytron/xycar_ws/install/app_path_planning/lib/python3.10/site-packages/app_path_planning/__pycache__/parking_2_Bezier_Pure_Pursuit.cpython-310.pyc
/home/xytron/xycar_ws/install/app_path_planning/lib/python3.10/site-packages/app_path_planning/__pycache__/simulator.cpython-310.pyc
/home/xytron/xycar_ws/install/app_path_planning/lib/python3.10/site-packages/app_path_planning/__pycache__/motion_planning.cpython-310.pyc
/home/xytron/xycar_ws/install/app_path_planning/lib/python3.10/site-packages/app_path_planning/__pycache__/path_planning.cpython-310.pyc
/home/xytron/xycar_ws/install/app_path_planning/lib/python3.10/site-packages/app_path_planning/__pycache__/parking_3_Polyfit_Pure_Pursuit.cpython-310.pyc
/home/xytron/xycar_ws/install/app_path_planning/share/ament_index/resource_index/packages/app_path_planning
/home/xytron/xycar_ws/install/app_path_planning/share/app_path_planning/package.xml
/home/xytron/xycar_ws/install/app_path_planning/share/app_path_planning/launch/app_path_planning.launch.py
/home/xytron/xycar_ws/install/app_path_planning/lib/app_path_planning/parking.so
/home/xytron/xycar_ws/install/app_path_planning/lib/app_path_planning/motion_planning.so
/home/xytron/xycar_ws/install/app_path_planning/lib/app_path_planning/path_planning.so
/home/xytron/xycar_ws/install/app_path_planning/lib/app_path_planning/simulator.so
/home/xytron/xycar_ws/install/app_path_planning/lib/python3.10/site-packages/app_path_planning-0.0.0-py3.10.egg-info/PKG-INFO
/home/xytron/xycar_ws/install/app_path_planning/lib/python3.10/site-packages/app_path_planning-0.0.0-py3.10.egg-info/dependency_links.txt
/home/xytron/xycar_ws/install/app_path_planning/lib/python3.10/site-packages/app_path_planning-0.0.0-py3.10.egg-info/top_level.txt
/home/xytron/xycar_ws/install/app_path_planning/lib/python3.10/site-packages/app_path_planning-0.0.0-py3.10.egg-info/requires.txt
/home/xytron/xycar_ws/install/app_path_planning/lib/python3.10/site-packages/app_path_planning-0.0.0-py3.10.egg-info/zip-safe
/home/xytron/xycar_ws/install/app_path_planning/lib/python3.10/site-packages/app_path_planning-0.0.0-py3.10.egg-info/SOURCES.txt
/home/xytron/xycar_ws/install/app_path_planning/lib/python3.10/site-packages/app_path_planning-0.0.0-py3.10.egg-info/entry_points.txt
/home/xytron/xycar_ws/install/app_path_planning/lib/app_path_planning/main
