[4.693s] Invoking command in '/home/xytron/xycar_ws/src/xycar_application/app_sensor_drive': PYTHONPATH=/home/xytron/xycar_ws/build/app_sensor_drive/prefix_override:/usr/lib/python3/dist-packages/colcon_core/task/python/colcon_distutils_commands:/home/xytron/xycar_ws/install/app_sensor_drive/lib/python3.10/site-packages:${PYTHONPATH} /usr/bin/python3 -W ignore:setup.py install is deprecated -W ignore:easy_install command is deprecated setup.py egg_info --egg-base ../../../build/app_sensor_drive build --build-base /home/xytron/xycar_ws/build/app_sensor_drive/build install --record /home/xytron/xycar_ws/build/app_sensor_drive/install.log --single-version-externally-managed install_data
[5.569s] running egg_info
[5.572s] writing ../../../build/app_sensor_drive/app_sensor_drive.egg-info/PKG-INFO
[5.572s] writing dependency_links to ../../../build/app_sensor_drive/app_sensor_drive.egg-info/dependency_links.txt
[5.572s] writing entry points to ../../../build/app_sensor_drive/app_sensor_drive.egg-info/entry_points.txt
[5.572s] writing requirements to ../../../build/app_sensor_drive/app_sensor_drive.egg-info/requires.txt
[5.572s] writing top-level names to ../../../build/app_sensor_drive/app_sensor_drive.egg-info/top_level.txt
[5.575s] reading manifest file '../../../build/app_sensor_drive/app_sensor_drive.egg-info/SOURCES.txt'
[5.584s] writing manifest file '../../../build/app_sensor_drive/app_sensor_drive.egg-info/SOURCES.txt'
[5.585s] running build
[5.585s] running build_py
[5.590s] running install
[5.590s] running install_lib
[5.592s] running install_data
[5.592s] running install_egg_info
[5.598s] removing '/home/xytron/xycar_ws/install/app_sensor_drive/lib/python3.10/site-packages/app_sensor_drive-0.0.0-py3.10.egg-info' (and everything under it)
[5.599s] Copying ../../../build/app_sensor_drive/app_sensor_drive.egg-info to /home/xytron/xycar_ws/install/app_sensor_drive/lib/python3.10/site-packages/app_sensor_drive-0.0.0-py3.10.egg-info
[5.602s] running install_scripts
[5.677s] Installing sensor_driver script to /home/xytron/xycar_ws/install/app_sensor_drive/lib/app_sensor_drive
[5.678s] writing list of installed files to '/home/xytron/xycar_ws/build/app_sensor_drive/install.log'
[6.052s] Invoked command in '/home/xytron/xycar_ws/src/xycar_application/app_sensor_drive' returned '0': PYTHONPATH=/home/xytron/xycar_ws/build/app_sensor_drive/prefix_override:/usr/lib/python3/dist-packages/colcon_core/task/python/colcon_distutils_commands:/home/xytron/xycar_ws/install/app_sensor_drive/lib/python3.10/site-packages:${PYTHONPATH} /usr/bin/python3 -W ignore:setup.py install is deprecated -W ignore:easy_install command is deprecated setup.py egg_info --egg-base ../../../build/app_sensor_drive build --build-base /home/xytron/xycar_ws/build/app_sensor_drive/build install --record /home/xytron/xycar_ws/build/app_sensor_drive/install.log --single-version-externally-managed install_data
