running egg_info
writing ../../../build/xycar_imu/xycar_imu.egg-info/PKG-INFO
writing dependency_links to ../../../build/xycar_imu/xycar_imu.egg-info/dependency_links.txt
writing entry points to ../../../build/xycar_imu/xycar_imu.egg-info/entry_points.txt
writing requirements to ../../../build/xycar_imu/xycar_imu.egg-info/requires.txt
writing top-level names to ../../../build/xycar_imu/xycar_imu.egg-info/top_level.txt
reading manifest file '../../../build/xycar_imu/xycar_imu.egg-info/SOURCES.txt'
adding license file 'LICENSE'
writing manifest file '../../../build/xycar_imu/xycar_imu.egg-info/SOURCES.txt'
running build
running build_py
running install
running install_lib
running install_data
copying launch/xycar_imu.launch.py -> /home/xytron/xycar_ws/install/xycar_imu/share/xycar_imu/launch
copying config/xycar_imu.yaml -> /home/xytron/xycar_ws/install/xycar_imu/share/xycar_imu/config
running install_egg_info
removing '/home/xytron/xycar_ws/install/xycar_imu/lib/python3.10/site-packages/xycar_imu-1.2.0-py3.10.egg-info' (and everything under it)
Copying ../../../build/xycar_imu/xycar_imu.egg-info to /home/xytron/xycar_ws/install/xycar_imu/lib/python3.10/site-packages/xycar_imu-1.2.0-py3.10.egg-info
running install_scripts
Installing display_3D_visualization_node script to /home/xytron/xycar_ws/install/xycar_imu/lib/xycar_imu
Installing imu_node script to /home/xytron/xycar_ws/install/xycar_imu/lib/xycar_imu
writing list of installed files to '/home/xytron/xycar_ws/build/xycar_imu/install.log'
