[4.420s] Invoking command in '/home/xytron/xycar_ws/src/xycar_application/app_hough_drive': PYTHONPATH=/home/xytron/xycar_ws/build/app_hough_drive/prefix_override:/usr/lib/python3/dist-packages/colcon_core/task/python/colcon_distutils_commands:/home/xytron/xycar_ws/install/app_hough_drive/lib/python3.10/site-packages:${PYTHONPATH} /usr/bin/python3 -W ignore:setup.py install is deprecated -W ignore:easy_install command is deprecated setup.py egg_info --egg-base ../../../build/app_hough_drive build --build-base /home/xytron/xycar_ws/build/app_hough_drive/build install --record /home/xytron/xycar_ws/build/app_hough_drive/install.log --single-version-externally-managed install_data
[5.270s] running egg_info
[5.272s] writing ../../../build/app_hough_drive/app_hough_drive.egg-info/PKG-INFO
[5.273s] writing dependency_links to ../../../build/app_hough_drive/app_hough_drive.egg-info/dependency_links.txt
[5.273s] writing entry points to ../../../build/app_hough_drive/app_hough_drive.egg-info/entry_points.txt
[5.273s] writing requirements to ../../../build/app_hough_drive/app_hough_drive.egg-info/requires.txt
[5.273s] writing top-level names to ../../../build/app_hough_drive/app_hough_drive.egg-info/top_level.txt
[5.278s] reading manifest file '../../../build/app_hough_drive/app_hough_drive.egg-info/SOURCES.txt'
[5.286s] writing manifest file '../../../build/app_hough_drive/app_hough_drive.egg-info/SOURCES.txt'
[5.288s] running build
[5.288s] running build_py
[5.289s] running install
[5.290s] running install_lib
[5.294s] running install_data
[5.295s] running install_egg_info
[5.299s] removing '/home/xytron/xycar_ws/install/app_hough_drive/lib/python3.10/site-packages/app_hough_drive-0.0.0-py3.10.egg-info' (and everything under it)
[5.299s] Copying ../../../build/app_hough_drive/app_hough_drive.egg-info to /home/xytron/xycar_ws/install/app_hough_drive/lib/python3.10/site-packages/app_hough_drive-0.0.0-py3.10.egg-info
[5.301s] running install_scripts
[5.356s] Installing my_driver script to /home/xytron/xycar_ws/install/app_hough_drive/lib/app_hough_drive
[5.356s] writing list of installed files to '/home/xytron/xycar_ws/build/app_hough_drive/install.log'
[5.847s] Invoked command in '/home/xytron/xycar_ws/src/xycar_application/app_hough_drive' returned '0': PYTHONPATH=/home/xytron/xycar_ws/build/app_hough_drive/prefix_override:/usr/lib/python3/dist-packages/colcon_core/task/python/colcon_distutils_commands:/home/xytron/xycar_ws/install/app_hough_drive/lib/python3.10/site-packages:${PYTHONPATH} /usr/bin/python3 -W ignore:setup.py install is deprecated -W ignore:easy_install command is deprecated setup.py egg_info --egg-base ../../../build/app_hough_drive build --build-base /home/xytron/xycar_ws/build/app_hough_drive/build install --record /home/xytron/xycar_ws/build/app_hough_drive/install.log --single-version-externally-managed install_data
