[4.681s] Invoking command in '/home/xytron/xycar_ws/src/xycar_device/xycar_cam': PYTHONPATH=/home/xytron/xycar_ws/build/xycar_cam/prefix_override:/usr/lib/python3/dist-packages/colcon_core/task/python/colcon_distutils_commands:/home/xytron/xycar_ws/install/xycar_cam/lib/python3.10/site-packages:${PYTHONPATH} /usr/bin/python3 -W ignore:setup.py install is deprecated -W ignore:easy_install command is deprecated setup.py egg_info --egg-base ../../../build/xycar_cam build --build-base /home/xytron/xycar_ws/build/xycar_cam/build install --record /home/xytron/xycar_ws/build/xycar_cam/install.log --single-version-externally-managed install_data
[5.589s] running egg_info
[5.591s] writing ../../../build/xycar_cam/xycar_cam.egg-info/PKG-INFO
[5.597s] writing dependency_links to ../../../build/xycar_cam/xycar_cam.egg-info/dependency_links.txt
[5.599s] writing entry points to ../../../build/xycar_cam/xycar_cam.egg-info/entry_points.txt
[5.604s] writing requirements to ../../../build/xycar_cam/xycar_cam.egg-info/requires.txt
[5.605s] writing top-level names to ../../../build/xycar_cam/xycar_cam.egg-info/top_level.txt
[5.607s] reading manifest file '../../../build/xycar_cam/xycar_cam.egg-info/SOURCES.txt'
[5.609s] writing manifest file '../../../build/xycar_cam/xycar_cam.egg-info/SOURCES.txt'
[5.609s] running build
[5.609s] running build_py
[5.609s] running install
[5.610s] running install_lib
[5.615s] running install_data
[5.616s] running install_egg_info
[5.620s] removing '/home/xytron/xycar_ws/install/xycar_cam/lib/python3.10/site-packages/xycar_cam-0.0.0-py3.10.egg-info' (and everything under it)
[5.620s] Copying ../../../build/xycar_cam/xycar_cam.egg-info to /home/xytron/xycar_ws/install/xycar_cam/lib/python3.10/site-packages/xycar_cam-0.0.0-py3.10.egg-info
[5.621s] running install_scripts
[5.706s] writing list of installed files to '/home/xytron/xycar_ws/build/xycar_cam/install.log'
[5.873s] Invoked command in '/home/xytron/xycar_ws/src/xycar_device/xycar_cam' returned '0': PYTHONPATH=/home/xytron/xycar_ws/build/xycar_cam/prefix_override:/usr/lib/python3/dist-packages/colcon_core/task/python/colcon_distutils_commands:/home/xytron/xycar_ws/install/xycar_cam/lib/python3.10/site-packages:${PYTHONPATH} /usr/bin/python3 -W ignore:setup.py install is deprecated -W ignore:easy_install command is deprecated setup.py egg_info --egg-base ../../../build/xycar_cam build --build-base /home/xytron/xycar_ws/build/xycar_cam/build install --record /home/xytron/xycar_ws/build/xycar_cam/install.log --single-version-externally-managed install_data
