[5.384s] Invoking command in '/home/xytron/xycar_ws/src/xycar_planner': PYTHONPATH=/home/xytron/xycar_ws/build/xycar_planner/prefix_override:/usr/lib/python3/dist-packages/colcon_core/task/python/colcon_distutils_commands:/home/xytron/xycar_ws/install/xycar_planner/lib/python3.10/site-packages:${PYTHONPATH} /usr/bin/python3 -W ignore:setup.py install is deprecated -W ignore:easy_install command is deprecated setup.py egg_info --egg-base ../../build/xycar_planner build --build-base /home/xytron/xycar_ws/build/xycar_planner/build install --record /home/xytron/xycar_ws/build/xycar_planner/install.log --single-version-externally-managed install_data
[6.451s] running egg_info
[6.453s] writing ../../build/xycar_planner/xycar_planner.egg-info/PKG-INFO
[6.455s] writing dependency_links to ../../build/xycar_planner/xycar_planner.egg-info/dependency_links.txt
[6.456s] writing entry points to ../../build/xycar_planner/xycar_planner.egg-info/entry_points.txt
[6.456s] writing requirements to ../../build/xycar_planner/xycar_planner.egg-info/requires.txt
[6.456s] writing top-level names to ../../build/xycar_planner/xycar_planner.egg-info/top_level.txt
[6.469s] reading manifest file '../../build/xycar_planner/xycar_planner.egg-info/SOURCES.txt'
[6.475s] writing manifest file '../../build/xycar_planner/xycar_planner.egg-info/SOURCES.txt'
[6.476s] running build
[6.477s] running build_py
[6.477s] running install
[6.477s] running install_lib
[6.481s] running install_data
[6.482s] running install_egg_info
[6.484s] removing '/home/xytron/xycar_ws/install/xycar_planner/lib/python3.10/site-packages/xycar_planner-0.0.0-py3.10.egg-info' (and everything under it)
[6.484s] Copying ../../build/xycar_planner/xycar_planner.egg-info to /home/xytron/xycar_ws/install/xycar_planner/lib/python3.10/site-packages/xycar_planner-0.0.0-py3.10.egg-info
[6.486s] running install_scripts
[6.571s] Installing xycar_planner_static_test script to /home/xytron/xycar_ws/install/xycar_planner/lib/xycar_planner
[6.573s] writing list of installed files to '/home/xytron/xycar_ws/build/xycar_planner/install.log'
[6.723s] Invoked command in '/home/xytron/xycar_ws/src/xycar_planner' returned '0': PYTHONPATH=/home/xytron/xycar_ws/build/xycar_planner/prefix_override:/usr/lib/python3/dist-packages/colcon_core/task/python/colcon_distutils_commands:/home/xytron/xycar_ws/install/xycar_planner/lib/python3.10/site-packages:${PYTHONPATH} /usr/bin/python3 -W ignore:setup.py install is deprecated -W ignore:easy_install command is deprecated setup.py egg_info --egg-base ../../build/xycar_planner build --build-base /home/xytron/xycar_ws/build/xycar_planner/build install --record /home/xytron/xycar_ws/build/xycar_planner/install.log --single-version-externally-managed install_data
