[4.430s] Invoking command in '/home/xytron/xycar_ws/src/xycar_application/app_cam_exposure': PYTHONPATH=/home/xytron/xycar_ws/build/app_cam_exposure/prefix_override:/usr/lib/python3/dist-packages/colcon_core/task/python/colcon_distutils_commands:/home/xytron/xycar_ws/install/app_cam_exposure/lib/python3.10/site-packages:${PYTHONPATH} /usr/bin/python3 -W ignore:setup.py install is deprecated -W ignore:easy_install command is deprecated setup.py egg_info --egg-base ../../../build/app_cam_exposure build --build-base /home/xytron/xycar_ws/build/app_cam_exposure/build install --record /home/xytron/xycar_ws/build/app_cam_exposure/install.log --single-version-externally-managed install_data
[5.139s] running egg_info
[5.140s] writing ../../../build/app_cam_exposure/app_cam_exposure.egg-info/PKG-INFO
[5.141s] writing dependency_links to ../../../build/app_cam_exposure/app_cam_exposure.egg-info/dependency_links.txt
[5.142s] writing entry points to ../../../build/app_cam_exposure/app_cam_exposure.egg-info/entry_points.txt
[5.142s] writing requirements to ../../../build/app_cam_exposure/app_cam_exposure.egg-info/requires.txt
[5.142s] writing top-level names to ../../../build/app_cam_exposure/app_cam_exposure.egg-info/top_level.txt
[5.145s] reading manifest file '../../../build/app_cam_exposure/app_cam_exposure.egg-info/SOURCES.txt'
[5.148s] writing manifest file '../../../build/app_cam_exposure/app_cam_exposure.egg-info/SOURCES.txt'
[5.149s] running build
[5.150s] running build_py
[5.153s] running install
[5.154s] running install_lib
[5.159s] running install_data
[5.160s] running install_egg_info
[5.163s] removing '/home/xytron/xycar_ws/install/app_cam_exposure/lib/python3.10/site-packages/app_cam_exposure-0.0.0-py3.10.egg-info' (and everything under it)
[5.164s] Copying ../../../build/app_cam_exposure/app_cam_exposure.egg-info to /home/xytron/xycar_ws/install/app_cam_exposure/lib/python3.10/site-packages/app_cam_exposure-0.0.0-py3.10.egg-info
[5.166s] running install_scripts
[5.220s] Installing app_cam_exposure script to /home/xytron/xycar_ws/install/app_cam_exposure/lib/app_cam_exposure
[5.221s] writing list of installed files to '/home/xytron/xycar_ws/build/app_cam_exposure/install.log'
[5.343s] Invoked command in '/home/xytron/xycar_ws/src/xycar_application/app_cam_exposure' returned '0': PYTHONPATH=/home/xytron/xycar_ws/build/app_cam_exposure/prefix_override:/usr/lib/python3/dist-packages/colcon_core/task/python/colcon_distutils_commands:/home/xytron/xycar_ws/install/app_cam_exposure/lib/python3.10/site-packages:${PYTHONPATH} /usr/bin/python3 -W ignore:setup.py install is deprecated -W ignore:easy_install command is deprecated setup.py egg_info --egg-base ../../../build/app_cam_exposure build --build-base /home/xytron/xycar_ws/build/app_cam_exposure/build install --record /home/xytron/xycar_ws/build/app_cam_exposure/install.log --single-version-externally-managed install_data
