[1.718s] Invoking command in '/home/xytron/xycar_ws/build/xycar_ultrasonic': CMAKE_PREFIX_PATH=${CMAKE_PREFIX_PATH}:/home/xytron/xycar_ws/install/xycar_planner:/home/xytron/xycar_ws/install/control_motor:/home/xytron/xycar_ws/install/xycar_motor:/home/xytron/xycar_ws/install/xycar_imu:/home/xytron/xycar_ws/install/xycar_cam:/home/xytron/xycar_ws/install/app_ultra_viewer:/home/xytron/xycar_ws/install/app_turtlesim:/home/xytron/xycar_ws/install/app_sensor_drive:/home/xytron/xycar_ws/install/app_rule_drive_sim:/home/xytron/xycar_ws/install/app_pubsub:/home/xytron/xycar_ws/install/app_path_planning:/home/xytron/xycar_ws/install/app_hough_drive:/home/xytron/xycar_ws/install/app_cam_exposure:/home/xytron/xycar_ws/install/app_8_drive:/opt/ros/humble /usr/bin/cmake --build /home/xytron/xycar_ws/build/xycar_ultrasonic -- -j16 -l16
[1.918s] [100%] Built target xycar_ultrasonic
[1.965s] Invoked command in '/home/xytron/xycar_ws/build/xycar_ultrasonic' returned '0': CMAKE_PREFIX_PATH=${CMAKE_PREFIX_PATH}:/home/xytron/xycar_ws/install/xycar_planner:/home/xytron/xycar_ws/install/control_motor:/home/xytron/xycar_ws/install/xycar_motor:/home/xytron/xycar_ws/install/xycar_imu:/home/xytron/xycar_ws/install/xycar_cam:/home/xytron/xycar_ws/install/app_ultra_viewer:/home/xytron/xycar_ws/install/app_turtlesim:/home/xytron/xycar_ws/install/app_sensor_drive:/home/xytron/xycar_ws/install/app_rule_drive_sim:/home/xytron/xycar_ws/install/app_pubsub:/home/xytron/xycar_ws/install/app_path_planning:/home/xytron/xycar_ws/install/app_hough_drive:/home/xytron/xycar_ws/install/app_cam_exposure:/home/xytron/xycar_ws/install/app_8_drive:/opt/ros/humble /usr/bin/cmake --build /home/xytron/xycar_ws/build/xycar_ultrasonic -- -j16 -l16
[1.975s] Invoking command in '/home/xytron/xycar_ws/build/xycar_ultrasonic': CMAKE_PREFIX_PATH=${CMAKE_PREFIX_PATH}:/home/xytron/xycar_ws/install/xycar_planner:/home/xytron/xycar_ws/install/control_motor:/home/xytron/xycar_ws/install/xycar_motor:/home/xytron/xycar_ws/install/xycar_imu:/home/xytron/xycar_ws/install/xycar_cam:/home/xytron/xycar_ws/install/app_ultra_viewer:/home/xytron/xycar_ws/install/app_turtlesim:/home/xytron/xycar_ws/install/app_sensor_drive:/home/xytron/xycar_ws/install/app_rule_drive_sim:/home/xytron/xycar_ws/install/app_pubsub:/home/xytron/xycar_ws/install/app_path_planning:/home/xytron/xycar_ws/install/app_hough_drive:/home/xytron/xycar_ws/install/app_cam_exposure:/home/xytron/xycar_ws/install/app_8_drive:/opt/ros/humble /usr/bin/cmake --install /home/xytron/xycar_ws/build/xycar_ultrasonic
[2.022s] -- Install configuration: ""
[2.024s] -- Up-to-date: /home/xytron/xycar_ws/install/xycar_ultrasonic/lib/xycar_ultrasonic/xycar_ultrasonic
[2.025s] -- Up-to-date: /home/xytron/xycar_ws/install/xycar_ultrasonic/share/xycar_ultrasonic/launch
[2.025s] -- Up-to-date: /home/xytron/xycar_ws/install/xycar_ultrasonic/share/xycar_ultrasonic/launch/xycar_ultrasonic.launch.py
[2.025s] -- Up-to-date: /home/xytron/xycar_ws/install/xycar_ultrasonic/share/xycar_ultrasonic/launch/xycar_ultrasonic_viewer.launch.py
[2.029s] -- Up-to-date: /home/xytron/xycar_ws/install/xycar_ultrasonic/share/ament_index/resource_index/package_run_dependencies/xycar_ultrasonic
[2.030s] -- Up-to-date: /home/xytron/xycar_ws/install/xycar_ultrasonic/share/ament_index/resource_index/parent_prefix_path/xycar_ultrasonic
[2.030s] -- Up-to-date: /home/xytron/xycar_ws/install/xycar_ultrasonic/share/xycar_ultrasonic/environment/ament_prefix_path.sh
[2.030s] -- Up-to-date: /home/xytron/xycar_ws/install/xycar_ultrasonic/share/xycar_ultrasonic/environment/ament_prefix_path.dsv
[2.031s] -- Up-to-date: /home/xytron/xycar_ws/install/xycar_ultrasonic/share/xycar_ultrasonic/environment/path.sh
[2.034s] -- Up-to-date: /home/xytron/xycar_ws/install/xycar_ultrasonic/share/xycar_ultrasonic/environment/path.dsv
[2.034s] -- Up-to-date: /home/xytron/xycar_ws/install/xycar_ultrasonic/share/xycar_ultrasonic/local_setup.bash
[2.034s] -- Up-to-date: /home/xytron/xycar_ws/install/xycar_ultrasonic/share/xycar_ultrasonic/local_setup.sh
[2.034s] -- Up-to-date: /home/xytron/xycar_ws/install/xycar_ultrasonic/share/xycar_ultrasonic/local_setup.zsh
[2.034s] -- Up-to-date: /home/xytron/xycar_ws/install/xycar_ultrasonic/share/xycar_ultrasonic/local_setup.dsv
[2.034s] -- Installing: /home/xytron/xycar_ws/install/xycar_ultrasonic/share/xycar_ultrasonic/package.dsv
[2.035s] -- Up-to-date: /home/xytron/xycar_ws/install/xycar_ultrasonic/share/ament_index/resource_index/packages/xycar_ultrasonic
[2.035s] -- Up-to-date: /home/xytron/xycar_ws/install/xycar_ultrasonic/share/xycar_ultrasonic/cmake/xycar_ultrasonicConfig.cmake
[2.035s] -- Up-to-date: /home/xytron/xycar_ws/install/xycar_ultrasonic/share/xycar_ultrasonic/cmake/xycar_ultrasonicConfig-version.cmake
[2.035s] -- Up-to-date: /home/xytron/xycar_ws/install/xycar_ultrasonic/share/xycar_ultrasonic/package.xml
[2.053s] Invoked command in '/home/xytron/xycar_ws/build/xycar_ultrasonic' returned '0': CMAKE_PREFIX_PATH=${CMAKE_PREFIX_PATH}:/home/xytron/xycar_ws/install/xycar_planner:/home/xytron/xycar_ws/install/control_motor:/home/xytron/xycar_ws/install/xycar_motor:/home/xytron/xycar_ws/install/xycar_imu:/home/xytron/xycar_ws/install/xycar_cam:/home/xytron/xycar_ws/install/app_ultra_viewer:/home/xytron/xycar_ws/install/app_turtlesim:/home/xytron/xycar_ws/install/app_sensor_drive:/home/xytron/xycar_ws/install/app_rule_drive_sim:/home/xytron/xycar_ws/install/app_pubsub:/home/xytron/xycar_ws/install/app_path_planning:/home/xytron/xycar_ws/install/app_hough_drive:/home/xytron/xycar_ws/install/app_cam_exposure:/home/xytron/xycar_ws/install/app_8_drive:/opt/ros/humble /usr/bin/cmake --install /home/xytron/xycar_ws/build/xycar_ultrasonic
