[1.978s] Invoking command in '/home/xytron/xycar_ws/src/study/control_motor': CMAKE_PREFIX_PATH=/home/xytron/xycar_ws/install/xycar_msgs:/home/xytron/xycar_ws/install/yolo_msgs:/home/xytron/xycar_ws/install/xycar_ultrasonic:/home/xytron/xycar_ws/install/xycar_lidar:/home/xytron/xycar_ws/install/vesc:/home/xytron/xycar_ws/install/vesc_driver:/home/xytron/xycar_ws/install/vesc_ackermann:/home/xytron/xycar_ws/install/vesc_msgs:/home/xytron/xycar_ws/install/app_web_controller:/home/xytron/xycar_ws/install/app_viewer_all LD_LIBRARY_PATH=/home/xytron/xycar_ws/install/xycar_msgs/lib:/opt/ros/humble/lib:/home/xytron/xycar_ws/install/yolo_msgs/lib:/home/xytron/xycar_ws/install/vesc_driver/lib:/home/xytron/xycar_ws/install/vesc_ackermann/lib:/home/xytron/xycar_ws/install/vesc_msgs/lib:/opt/ros/humble/opt/rviz_ogre_vendor/lib:/opt/ros/humble/lib/x86_64-linux-gnu:/opt/ros/humble/lib PYTHONPATH=/home/xytron/xycar_ws/build/control_motor/prefix_override:/usr/lib/python3/dist-packages/colcon_core/task/python/colcon_distutils_commands:/home/xytron/xycar_ws/install/control_motor/lib/python3.10/site-packages:${PYTHONPATH} /usr/bin/python3 -W ignore:setup.py install is deprecated -W ignore:easy_install command is deprecated setup.py egg_info --egg-base ../../../build/control_motor build --build-base /home/xytron/xycar_ws/build/control_motor/build install --record /home/xytron/xycar_ws/build/control_motor/install.log --single-version-externally-managed install_data
[2.305s] running egg_info
[2.307s] writing ../../../build/control_motor/control_motor.egg-info/PKG-INFO
[2.307s] writing dependency_links to ../../../build/control_motor/control_motor.egg-info/dependency_links.txt
[2.308s] writing entry points to ../../../build/control_motor/control_motor.egg-info/entry_points.txt
[2.309s] writing requirements to ../../../build/control_motor/control_motor.egg-info/requires.txt
[2.310s] writing top-level names to ../../../build/control_motor/control_motor.egg-info/top_level.txt
[2.316s] reading manifest file '../../../build/control_motor/control_motor.egg-info/SOURCES.txt'
[2.317s] writing manifest file '../../../build/control_motor/control_motor.egg-info/SOURCES.txt'
[2.317s] running build
[2.317s] running build_py
[2.318s] copying control_motor/left_utils.py -> /home/xytron/xycar_ws/build/control_motor/build/lib/control_motor
[2.319s] running install
[2.319s] running install_lib
[2.320s] copying /home/xytron/xycar_ws/build/control_motor/build/lib/control_motor/left_utils.py -> /home/xytron/xycar_ws/install/control_motor/lib/python3.10/site-packages/control_motor
[2.321s] byte-compiling /home/xytron/xycar_ws/install/control_motor/lib/python3.10/site-packages/control_motor/left_utils.py to left_utils.cpython-310.pyc
[2.322s] running install_data
[2.322s] running install_egg_info
[2.325s] removing '/home/xytron/xycar_ws/install/control_motor/lib/python3.10/site-packages/control_motor-0.0.0-py3.10.egg-info' (and everything under it)
[2.325s] Copying ../../../build/control_motor/control_motor.egg-info to /home/xytron/xycar_ws/install/control_motor/lib/python3.10/site-packages/control_motor-0.0.0-py3.10.egg-info
[2.326s] running install_scripts
[2.347s] Installing is_orange script to /home/xytron/xycar_ws/install/control_motor/lib/control_motor
[2.347s] Installing is_vehicle script to /home/xytron/xycar_ws/install/control_motor/lib/control_motor
[2.347s] Installing kmu_motor_node script to /home/xytron/xycar_ws/install/control_motor/lib/control_motor
[2.347s] Installing lane_detection script to /home/xytron/xycar_ws/install/control_motor/lib/control_motor
[2.347s] Installing left_lane_detection script to /home/xytron/xycar_ws/install/control_motor/lib/control_motor
[2.347s] Installing new_lane_detection script to /home/xytron/xycar_ws/install/control_motor/lib/control_motor
[2.347s] Installing new_rubbercone_driver_node script to /home/xytron/xycar_ws/install/control_motor/lib/control_motor
[2.348s] Installing obstacle script to /home/xytron/xycar_ws/install/control_motor/lib/control_motor
[2.348s] Installing rubbercone_driver_node script to /home/xytron/xycar_ws/install/control_motor/lib/control_motor
[2.348s] Installing trafficlight script to /home/xytron/xycar_ws/install/control_motor/lib/control_motor
[2.348s] Installing vehicle_avoidance script to /home/xytron/xycar_ws/install/control_motor/lib/control_motor
[2.348s] writing list of installed files to '/home/xytron/xycar_ws/build/control_motor/install.log'
[2.401s] Invoked command in '/home/xytron/xycar_ws/src/study/control_motor' returned '0': CMAKE_PREFIX_PATH=/home/xytron/xycar_ws/install/xycar_msgs:/home/xytron/xycar_ws/install/yolo_msgs:/home/xytron/xycar_ws/install/xycar_ultrasonic:/home/xytron/xycar_ws/install/xycar_lidar:/home/xytron/xycar_ws/install/vesc:/home/xytron/xycar_ws/install/vesc_driver:/home/xytron/xycar_ws/install/vesc_ackermann:/home/xytron/xycar_ws/install/vesc_msgs:/home/xytron/xycar_ws/install/app_web_controller:/home/xytron/xycar_ws/install/app_viewer_all LD_LIBRARY_PATH=/home/xytron/xycar_ws/install/xycar_msgs/lib:/opt/ros/humble/lib:/home/xytron/xycar_ws/install/yolo_msgs/lib:/home/xytron/xycar_ws/install/vesc_driver/lib:/home/xytron/xycar_ws/install/vesc_ackermann/lib:/home/xytron/xycar_ws/install/vesc_msgs/lib:/opt/ros/humble/opt/rviz_ogre_vendor/lib:/opt/ros/humble/lib/x86_64-linux-gnu:/opt/ros/humble/lib PYTHONPATH=/home/xytron/xycar_ws/build/control_motor/prefix_override:/usr/lib/python3/dist-packages/colcon_core/task/python/colcon_distutils_commands:/home/xytron/xycar_ws/install/control_motor/lib/python3.10/site-packages:${PYTHONPATH} /usr/bin/python3 -W ignore:setup.py install is deprecated -W ignore:easy_install command is deprecated setup.py egg_info --egg-base ../../../build/control_motor build --build-base /home/xytron/xycar_ws/build/control_motor/build install --record /home/xytron/xycar_ws/build/control_motor/install.log --single-version-externally-managed install_data
