/home/xytron/xycar_ws/install/xycar_imu/lib/python3.10/site-packages/xycar_imu/__init__.py
/home/xytron/xycar_ws/install/xycar_imu/lib/python3.10/site-packages/xycar_imu/display_3D_visualization.py
/home/xytron/xycar_ws/install/xycar_imu/lib/python3.10/site-packages/xycar_imu/imu_node.py
/home/xytron/xycar_ws/install/xycar_imu/lib/python3.10/site-packages/xycar_imu/lib/__init__.py
/home/xytron/xycar_ws/install/xycar_imu/lib/python3.10/site-packages/xycar_imu/lib/serial_commands.py
/home/xytron/xycar_ws/install/xycar_imu/lib/python3.10/site-packages/xycar_imu/__pycache__/__init__.cpython-310.pyc
/home/xytron/xycar_ws/install/xycar_imu/lib/python3.10/site-packages/xycar_imu/__pycache__/display_3D_visualization.cpython-310.pyc
/home/xytron/xycar_ws/install/xycar_imu/lib/python3.10/site-packages/xycar_imu/__pycache__/imu_node.cpython-310.pyc
/home/xytron/xycar_ws/install/xycar_imu/lib/python3.10/site-packages/xycar_imu/lib/__pycache__/__init__.cpython-310.pyc
/home/xytron/xycar_ws/install/xycar_imu/lib/python3.10/site-packages/xycar_imu/lib/__pycache__/serial_commands.cpython-310.pyc
/home/xytron/xycar_ws/install/xycar_imu/share/ament_index/resource_index/packages/xycar_imu
/home/xytron/xycar_ws/install/xycar_imu/share/xycar_imu/package.xml
/home/xytron/xycar_ws/install/xycar_imu/share/xycar_imu/launch/xycar_imu_and_display.launch.py
/home/xytron/xycar_ws/install/xycar_imu/share/xycar_imu/launch/xycar_imu.launch.py
/home/xytron/xycar_ws/install/xycar_imu/share/xycar_imu/launch/razor-pub-diags.launch.py
/home/xytron/xycar_ws/install/xycar_imu/share/xycar_imu/launch/xycar_imu_viewer.launch.py
/home/xytron/xycar_ws/install/xycar_imu/share/xycar_imu/launch/xycar_imu_display.launch.py
/home/xytron/xycar_ws/install/xycar_imu/share/xycar_imu/config/xycar_imu.yaml
/home/xytron/xycar_ws/install/xycar_imu/share/xycar_imu/config/razor_diags.yaml
/home/xytron/xycar_ws/install/xycar_imu/share/xycar_imu/config/razor.yaml
/home/xytron/xycar_ws/install/xycar_imu/lib/python3.10/site-packages/xycar_imu-1.2.0-py3.10.egg-info/PKG-INFO
/home/xytron/xycar_ws/install/xycar_imu/lib/python3.10/site-packages/xycar_imu-1.2.0-py3.10.egg-info/dependency_links.txt
/home/xytron/xycar_ws/install/xycar_imu/lib/python3.10/site-packages/xycar_imu-1.2.0-py3.10.egg-info/top_level.txt
/home/xytron/xycar_ws/install/xycar_imu/lib/python3.10/site-packages/xycar_imu-1.2.0-py3.10.egg-info/requires.txt
/home/xytron/xycar_ws/install/xycar_imu/lib/python3.10/site-packages/xycar_imu-1.2.0-py3.10.egg-info/zip-safe
/home/xytron/xycar_ws/install/xycar_imu/lib/python3.10/site-packages/xycar_imu-1.2.0-py3.10.egg-info/SOURCES.txt
/home/xytron/xycar_ws/install/xycar_imu/lib/python3.10/site-packages/xycar_imu-1.2.0-py3.10.egg-info/entry_points.txt
/home/xytron/xycar_ws/install/xycar_imu/lib/xycar_imu/display_3D_visualization_node
/home/xytron/xycar_ws/install/xycar_imu/lib/xycar_imu/imu_node
