[4.275s] Invoking command in '/home/xytron/xycar_ws/src/xycar_planner': PYTHONPATH=/home/xytron/xycar_ws/build/xycar_planner/prefix_override:/usr/lib/python3/dist-packages/colcon_core/task/python/colcon_distutils_commands:/home/xytron/xycar_ws/install/xycar_planner/lib/python3.10/site-packages:${PYTHONPATH} /usr/bin/python3 -W ignore:setup.py install is deprecated -W ignore:easy_install command is deprecated setup.py egg_info --egg-base ../../build/xycar_planner build --build-base /home/xytron/xycar_ws/build/xycar_planner/build install --record /home/xytron/xycar_ws/build/xycar_planner/install.log --single-version-externally-managed install_data
[5.257s] running egg_info
[5.259s] writing ../../build/xycar_planner/xycar_planner.egg-info/PKG-INFO
[5.259s] writing dependency_links to ../../build/xycar_planner/xycar_planner.egg-info/dependency_links.txt
[5.262s] writing entry points to ../../build/xycar_planner/xycar_planner.egg-info/entry_points.txt
[5.264s] writing requirements to ../../build/xycar_planner/xycar_planner.egg-info/requires.txt
[5.267s] writing top-level names to ../../build/xycar_planner/xycar_planner.egg-info/top_level.txt
[5.275s] reading manifest file '../../build/xycar_planner/xycar_planner.egg-info/SOURCES.txt'
[5.276s] writing manifest file '../../build/xycar_planner/xycar_planner.egg-info/SOURCES.txt'
[5.276s] running build
[5.277s] running build_py
[5.277s] running install
[5.278s] running install_lib
[5.281s] running install_data
[5.281s] running install_egg_info
[5.290s] removing '/home/xytron/xycar_ws/install/xycar_planner/lib/python3.10/site-packages/xycar_planner-0.0.0-py3.10.egg-info' (and everything under it)
[5.294s] Copying ../../build/xycar_planner/xycar_planner.egg-info to /home/xytron/xycar_ws/install/xycar_planner/lib/python3.10/site-packages/xycar_planner-0.0.0-py3.10.egg-info
[5.297s] running install_scripts
[5.357s] Installing xycar_planner_static_test script to /home/xytron/xycar_ws/install/xycar_planner/lib/xycar_planner
[5.357s] writing list of installed files to '/home/xytron/xycar_ws/build/xycar_planner/install.log'
[5.474s] Invoked command in '/home/xytron/xycar_ws/src/xycar_planner' returned '0': PYTHONPATH=/home/xytron/xycar_ws/build/xycar_planner/prefix_override:/usr/lib/python3/dist-packages/colcon_core/task/python/colcon_distutils_commands:/home/xytron/xycar_ws/install/xycar_planner/lib/python3.10/site-packages:${PYTHONPATH} /usr/bin/python3 -W ignore:setup.py install is deprecated -W ignore:easy_install command is deprecated setup.py egg_info --egg-base ../../build/xycar_planner build --build-base /home/xytron/xycar_ws/build/xycar_planner/build install --record /home/xytron/xycar_ws/build/xycar_planner/install.log --single-version-externally-managed install_data
