-- Install configuration: ""
-- Up-to-date: /home/xytron/xycar_ws/install/app_viewer_all/share/app_viewer_all/launch
-- Up-to-date: /home/xytron/xycar_ws/install/app_viewer_all/share/app_viewer_all/launch/app_viewer_all.launch.py
-- Up-to-date: /home/xytron/xycar_ws/install/app_viewer_all/share/app_viewer_all/launch/__pycache__
-- Up-to-date: /home/xytron/xycar_ws/install/app_viewer_all/share/app_viewer_all/launch/__pycache__/app_viewer_all.launch.cpython-38.pyc
-- Up-to-date: /home/xytron/xycar_ws/install/app_viewer_all/share/ament_index/resource_index/package_run_dependencies/app_viewer_all
-- Up-to-date: /home/xytron/xycar_ws/install/app_viewer_all/share/ament_index/resource_index/parent_prefix_path/app_viewer_all
-- Up-to-date: /home/xytron/xycar_ws/install/app_viewer_all/share/app_viewer_all/environment/ament_prefix_path.sh
-- Up-to-date: /home/xytron/xycar_ws/install/app_viewer_all/share/app_viewer_all/environment/ament_prefix_path.dsv
-- Up-to-date: /home/xytron/xycar_ws/install/app_viewer_all/share/app_viewer_all/environment/path.sh
-- Up-to-date: /home/xytron/xycar_ws/install/app_viewer_all/share/app_viewer_all/environment/path.dsv
-- Up-to-date: /home/xytron/xycar_ws/install/app_viewer_all/share/app_viewer_all/local_setup.bash
-- Up-to-date: /home/xytron/xycar_ws/install/app_viewer_all/share/app_viewer_all/local_setup.sh
-- Up-to-date: /home/xytron/xycar_ws/install/app_viewer_all/share/app_viewer_all/local_setup.zsh
-- Up-to-date: /home/xytron/xycar_ws/install/app_viewer_all/share/app_viewer_all/local_setup.dsv
-- Installing: /home/xytron/xycar_ws/install/app_viewer_all/share/app_viewer_all/package.dsv
-- Up-to-date: /home/xytron/xycar_ws/install/app_viewer_all/share/ament_index/resource_index/packages/app_viewer_all
-- Up-to-date: /home/xytron/xycar_ws/install/app_viewer_all/share/app_viewer_all/cmake/app_viewer_allConfig.cmake
-- Up-to-date: /home/xytron/xycar_ws/install/app_viewer_all/share/app_viewer_all/cmake/app_viewer_allConfig-version.cmake
-- Up-to-date: /home/xytron/xycar_ws/install/app_viewer_all/share/app_viewer_all/package.xml
