running egg_info
creating ../../../build/app_cam_exposure/app_cam_exposure.egg-info
writing ../../../build/app_cam_exposure/app_cam_exposure.egg-info/PKG-INFO
writing dependency_links to ../../../build/app_cam_exposure/app_cam_exposure.egg-info/dependency_links.txt
writing entry points to ../../../build/app_cam_exposure/app_cam_exposure.egg-info/entry_points.txt
writing requirements to ../../../build/app_cam_exposure/app_cam_exposure.egg-info/requires.txt
writing top-level names to ../../../build/app_cam_exposure/app_cam_exposure.egg-info/top_level.txt
writing manifest file '../../../build/app_cam_exposure/app_cam_exposure.egg-info/SOURCES.txt'
reading manifest file '../../../build/app_cam_exposure/app_cam_exposure.egg-info/SOURCES.txt'
writing manifest file '../../../build/app_cam_exposure/app_cam_exposure.egg-info/SOURCES.txt'
running build
running build_py
creating /home/xytron/xycar_ws/build/app_cam_exposure/build
creating /home/xytron/xycar_ws/build/app_cam_exposure/build/lib
creating /home/xytron/xycar_ws/build/app_cam_exposure/build/lib/app_cam_exposure
copying app_cam_exposure/__init__.py -> /home/xytron/xycar_ws/build/app_cam_exposure/build/lib/app_cam_exposure
copying app_cam_exposure/OLD_app_cam_exposure.py -> /home/xytron/xycar_ws/build/app_cam_exposure/build/lib/app_cam_exposure
copying app_cam_exposure/pygame_cam_exposure.py -> /home/xytron/xycar_ws/build/app_cam_exposure/build/lib/app_cam_exposure
running install
running install_lib
creating /home/xytron/xycar_ws/install/app_cam_exposure/lib/python3.10/site-packages/app_cam_exposure
copying /home/xytron/xycar_ws/build/app_cam_exposure/build/lib/app_cam_exposure/__init__.py -> /home/xytron/xycar_ws/install/app_cam_exposure/lib/python3.10/site-packages/app_cam_exposure
copying /home/xytron/xycar_ws/build/app_cam_exposure/build/lib/app_cam_exposure/OLD_app_cam_exposure.py -> /home/xytron/xycar_ws/install/app_cam_exposure/lib/python3.10/site-packages/app_cam_exposure
copying /home/xytron/xycar_ws/build/app_cam_exposure/build/lib/app_cam_exposure/pygame_cam_exposure.py -> /home/xytron/xycar_ws/install/app_cam_exposure/lib/python3.10/site-packages/app_cam_exposure
byte-compiling /home/xytron/xycar_ws/install/app_cam_exposure/lib/python3.10/site-packages/app_cam_exposure/__init__.py to __init__.cpython-310.pyc
byte-compiling /home/xytron/xycar_ws/install/app_cam_exposure/lib/python3.10/site-packages/app_cam_exposure/OLD_app_cam_exposure.py to OLD_app_cam_exposure.cpython-310.pyc
byte-compiling /home/xytron/xycar_ws/install/app_cam_exposure/lib/python3.10/site-packages/app_cam_exposure/pygame_cam_exposure.py to pygame_cam_exposure.cpython-310.pyc
running install_data
creating /home/xytron/xycar_ws/install/app_cam_exposure/share/ament_index
creating /home/xytron/xycar_ws/install/app_cam_exposure/share/ament_index/resource_index
creating /home/xytron/xycar_ws/install/app_cam_exposure/share/ament_index/resource_index/packages
copying resource/app_cam_exposure -> /home/xytron/xycar_ws/install/app_cam_exposure/share/ament_index/resource_index/packages
copying package.xml -> /home/xytron/xycar_ws/install/app_cam_exposure/share/app_cam_exposure
creating /home/xytron/xycar_ws/install/app_cam_exposure/share/app_cam_exposure/launch
copying launch/app_cam_exposure.launch.py -> /home/xytron/xycar_ws/install/app_cam_exposure/share/app_cam_exposure/launch
running install_egg_info
Copying ../../../build/app_cam_exposure/app_cam_exposure.egg-info to /home/xytron/xycar_ws/install/app_cam_exposure/lib/python3.10/site-packages/app_cam_exposure-0.0.0-py3.10.egg-info
running install_scripts
Installing app_cam_exposure script to /home/xytron/xycar_ws/install/app_cam_exposure/lib/app_cam_exposure
writing list of installed files to '/home/xytron/xycar_ws/build/app_cam_exposure/install.log'
