running egg_info
creating ../../../build/app_rule_drive_sim/app_rule_drive_sim.egg-info
writing ../../../build/app_rule_drive_sim/app_rule_drive_sim.egg-info/PKG-INFO
writing dependency_links to ../../../build/app_rule_drive_sim/app_rule_drive_sim.egg-info/dependency_links.txt
writing entry points to ../../../build/app_rule_drive_sim/app_rule_drive_sim.egg-info/entry_points.txt
writing requirements to ../../../build/app_rule_drive_sim/app_rule_drive_sim.egg-info/requires.txt
writing top-level names to ../../../build/app_rule_drive_sim/app_rule_drive_sim.egg-info/top_level.txt
writing manifest file '../../../build/app_rule_drive_sim/app_rule_drive_sim.egg-info/SOURCES.txt'
reading manifest file '../../../build/app_rule_drive_sim/app_rule_drive_sim.egg-info/SOURCES.txt'
writing manifest file '../../../build/app_rule_drive_sim/app_rule_drive_sim.egg-info/SOURCES.txt'
running build
running build_py
creating /home/xytron/xycar_ws/build/app_rule_drive_sim/build
creating /home/xytron/xycar_ws/build/app_rule_drive_sim/build/lib
creating /home/xytron/xycar_ws/build/app_rule_drive_sim/build/lib/app_rule_drive_sim
copying app_rule_drive_sim/__init__.py -> /home/xytron/xycar_ws/build/app_rule_drive_sim/build/lib/app_rule_drive_sim
copying app_rule_drive_sim/app_rule_drive_sim.py -> /home/xytron/xycar_ws/build/app_rule_drive_sim/build/lib/app_rule_drive_sim
running install
running install_lib
creating /home/xytron/xycar_ws/install/app_rule_drive_sim/lib/python3.10/site-packages/app_rule_drive_sim
copying /home/xytron/xycar_ws/build/app_rule_drive_sim/build/lib/app_rule_drive_sim/__init__.py -> /home/xytron/xycar_ws/install/app_rule_drive_sim/lib/python3.10/site-packages/app_rule_drive_sim
copying /home/xytron/xycar_ws/build/app_rule_drive_sim/build/lib/app_rule_drive_sim/app_rule_drive_sim.py -> /home/xytron/xycar_ws/install/app_rule_drive_sim/lib/python3.10/site-packages/app_rule_drive_sim
byte-compiling /home/xytron/xycar_ws/install/app_rule_drive_sim/lib/python3.10/site-packages/app_rule_drive_sim/__init__.py to __init__.cpython-310.pyc
byte-compiling /home/xytron/xycar_ws/install/app_rule_drive_sim/lib/python3.10/site-packages/app_rule_drive_sim/app_rule_drive_sim.py to app_rule_drive_sim.cpython-310.pyc
running install_data
creating /home/xytron/xycar_ws/install/app_rule_drive_sim/share/ament_index
creating /home/xytron/xycar_ws/install/app_rule_drive_sim/share/ament_index/resource_index
creating /home/xytron/xycar_ws/install/app_rule_drive_sim/share/ament_index/resource_index/packages
copying resource/app_rule_drive_sim -> /home/xytron/xycar_ws/install/app_rule_drive_sim/share/ament_index/resource_index/packages
copying package.xml -> /home/xytron/xycar_ws/install/app_rule_drive_sim/share/app_rule_drive_sim
creating /home/xytron/xycar_ws/install/app_rule_drive_sim/share/app_rule_drive_sim/launch
copying launch/app_rule_drive_sim.launch.py -> /home/xytron/xycar_ws/install/app_rule_drive_sim/share/app_rule_drive_sim/launch
running install_egg_info
Copying ../../../build/app_rule_drive_sim/app_rule_drive_sim.egg-info to /home/xytron/xycar_ws/install/app_rule_drive_sim/lib/python3.10/site-packages/app_rule_drive_sim-0.0.0-py3.10.egg-info
running install_scripts
Installing drive script to /home/xytron/xycar_ws/install/app_rule_drive_sim/lib/app_rule_drive_sim
writing list of installed files to '/home/xytron/xycar_ws/build/app_rule_drive_sim/install.log'
