[4.330s] Invoking command in '/home/xytron/xycar_ws/src/xycar_device/xycar_imu': PYTHONPATH=/home/xytron/xycar_ws/build/xycar_imu/prefix_override:/usr/lib/python3/dist-packages/colcon_core/task/python/colcon_distutils_commands:/home/xytron/xycar_ws/install/xycar_imu/lib/python3.10/site-packages:${PYTHONPATH} /usr/bin/python3 -W ignore:setup.py install is deprecated -W ignore:easy_install command is deprecated setup.py egg_info --egg-base ../../../build/xycar_imu build --build-base /home/xytron/xycar_ws/build/xycar_imu/build install --record /home/xytron/xycar_ws/build/xycar_imu/install.log --single-version-externally-managed install_data
[5.302s] running egg_info
[5.304s] writing ../../../build/xycar_imu/xycar_imu.egg-info/PKG-INFO
[5.306s] writing dependency_links to ../../../build/xycar_imu/xycar_imu.egg-info/dependency_links.txt
[5.307s] writing entry points to ../../../build/xycar_imu/xycar_imu.egg-info/entry_points.txt
[5.307s] writing requirements to ../../../build/xycar_imu/xycar_imu.egg-info/requires.txt
[5.307s] writing top-level names to ../../../build/xycar_imu/xycar_imu.egg-info/top_level.txt
[5.319s] reading manifest file '../../../build/xycar_imu/xycar_imu.egg-info/SOURCES.txt'
[5.322s] adding license file 'LICENSE'
[5.324s] writing manifest file '../../../build/xycar_imu/xycar_imu.egg-info/SOURCES.txt'
[5.324s] running build
[5.325s] running build_py
[5.325s] running install
[5.325s] running install_lib
[5.328s] running install_data
[5.329s] running install_egg_info
[5.334s] removing '/home/xytron/xycar_ws/install/xycar_imu/lib/python3.10/site-packages/xycar_imu-1.2.0-py3.10.egg-info' (and everything under it)
[5.335s] Copying ../../../build/xycar_imu/xycar_imu.egg-info to /home/xytron/xycar_ws/install/xycar_imu/lib/python3.10/site-packages/xycar_imu-1.2.0-py3.10.egg-info
[5.345s] running install_scripts
[5.413s] Installing display_3D_visualization_node script to /home/xytron/xycar_ws/install/xycar_imu/lib/xycar_imu
[5.414s] Installing imu_node script to /home/xytron/xycar_ws/install/xycar_imu/lib/xycar_imu
[5.414s] writing list of installed files to '/home/xytron/xycar_ws/build/xycar_imu/install.log'
[5.582s] Invoked command in '/home/xytron/xycar_ws/src/xycar_device/xycar_imu' returned '0': PYTHONPATH=/home/xytron/xycar_ws/build/xycar_imu/prefix_override:/usr/lib/python3/dist-packages/colcon_core/task/python/colcon_distutils_commands:/home/xytron/xycar_ws/install/xycar_imu/lib/python3.10/site-packages:${PYTHONPATH} /usr/bin/python3 -W ignore:setup.py install is deprecated -W ignore:easy_install command is deprecated setup.py egg_info --egg-base ../../../build/xycar_imu build --build-base /home/xytron/xycar_ws/build/xycar_imu/build install --record /home/xytron/xycar_ws/build/xycar_imu/install.log --single-version-externally-managed install_data
