[1.851s] Invoking command in '/home/xytron/xycar_ws/build/xycar_lidar': CMAKE_PREFIX_PATH=${CMAKE_PREFIX_PATH}:/home/xytron/xycar_ws/install/xycar_planner:/home/xytron/xycar_ws/install/control_motor:/home/xytron/xycar_ws/install/xycar_motor:/home/xytron/xycar_ws/install/xycar_imu:/home/xytron/xycar_ws/install/xycar_cam:/home/xytron/xycar_ws/install/app_ultra_viewer:/home/xytron/xycar_ws/install/app_turtlesim:/home/xytron/xycar_ws/install/app_sensor_drive:/home/xytron/xycar_ws/install/app_rule_drive_sim:/home/xytron/xycar_ws/install/app_pubsub:/home/xytron/xycar_ws/install/app_path_planning:/home/xytron/xycar_ws/install/app_hough_drive:/home/xytron/xycar_ws/install/app_cam_exposure:/home/xytron/xycar_ws/install/app_8_drive:/opt/ros/humble /usr/bin/cmake --build /home/xytron/xycar_ws/build/xycar_lidar -- -j16 -l16
[3.412s] [100%] Built target xycar_lidar_client
[3.412s] [100%] Built target xycar_lidar_node
[3.467s] Invoked command in '/home/xytron/xycar_ws/build/xycar_lidar' returned '0': CMAKE_PREFIX_PATH=${CMAKE_PREFIX_PATH}:/home/xytron/xycar_ws/install/xycar_planner:/home/xytron/xycar_ws/install/control_motor:/home/xytron/xycar_ws/install/xycar_motor:/home/xytron/xycar_ws/install/xycar_imu:/home/xytron/xycar_ws/install/xycar_cam:/home/xytron/xycar_ws/install/app_ultra_viewer:/home/xytron/xycar_ws/install/app_turtlesim:/home/xytron/xycar_ws/install/app_sensor_drive:/home/xytron/xycar_ws/install/app_rule_drive_sim:/home/xytron/xycar_ws/install/app_pubsub:/home/xytron/xycar_ws/install/app_path_planning:/home/xytron/xycar_ws/install/app_hough_drive:/home/xytron/xycar_ws/install/app_cam_exposure:/home/xytron/xycar_ws/install/app_8_drive:/opt/ros/humble /usr/bin/cmake --build /home/xytron/xycar_ws/build/xycar_lidar -- -j16 -l16
[3.470s] Invoking command in '/home/xytron/xycar_ws/build/xycar_lidar': CMAKE_PREFIX_PATH=${CMAKE_PREFIX_PATH}:/home/xytron/xycar_ws/install/xycar_planner:/home/xytron/xycar_ws/install/control_motor:/home/xytron/xycar_ws/install/xycar_motor:/home/xytron/xycar_ws/install/xycar_imu:/home/xytron/xycar_ws/install/xycar_cam:/home/xytron/xycar_ws/install/app_ultra_viewer:/home/xytron/xycar_ws/install/app_turtlesim:/home/xytron/xycar_ws/install/app_sensor_drive:/home/xytron/xycar_ws/install/app_rule_drive_sim:/home/xytron/xycar_ws/install/app_pubsub:/home/xytron/xycar_ws/install/app_path_planning:/home/xytron/xycar_ws/install/app_hough_drive:/home/xytron/xycar_ws/install/app_cam_exposure:/home/xytron/xycar_ws/install/app_8_drive:/opt/ros/humble /usr/bin/cmake --install /home/xytron/xycar_ws/build/xycar_lidar
[3.527s] -- Install configuration: ""
[3.529s] -- Up-to-date: /home/xytron/xycar_ws/install/xycar_lidar/lib/xycar_lidar/xycar_lidar_node
[3.529s] -- Up-to-date: /home/xytron/xycar_ws/install/xycar_lidar/lib/xycar_lidar/xycar_lidar_client
[3.569s] -- Up-to-date: /home/xytron/xycar_ws/install/xycar_lidar/share/xycar_lidar/launch
[3.569s] -- Up-to-date: /home/xytron/xycar_ws/install/xycar_lidar/share/xycar_lidar/launch/xycar_lidar_viewer.launch.py
[3.569s] -- Up-to-date: /home/xytron/xycar_ws/install/xycar_lidar/share/xycar_lidar/launch/ydlidar.py
[3.569s] -- Up-to-date: /home/xytron/xycar_ws/install/xycar_lidar/share/xycar_lidar/launch/xycar_lidar.launch.py
[3.569s] -- Up-to-date: /home/xytron/xycar_ws/install/xycar_lidar/share/xycar_lidar/params
[3.570s] -- Up-to-date: /home/xytron/xycar_ws/install/xycar_lidar/share/xycar_lidar/params/G6.yaml
[3.570s] -- Up-to-date: /home/xytron/xycar_ws/install/xycar_lidar/share/xycar_lidar/params/X4-Pro.yaml
[3.570s] -- Up-to-date: /home/xytron/xycar_ws/install/xycar_lidar/share/xycar_lidar/params/ydlidar.original.yaml
[3.570s] -- Up-to-date: /home/xytron/xycar_ws/install/xycar_lidar/share/xycar_lidar/params/TEA.yaml
[3.594s] -- Up-to-date: /home/xytron/xycar_ws/install/xycar_lidar/share/xycar_lidar/params/TG.yaml
[3.594s] -- Up-to-date: /home/xytron/xycar_ws/install/xycar_lidar/share/xycar_lidar/params/X4.yaml
[3.594s] -- Up-to-date: /home/xytron/xycar_ws/install/xycar_lidar/share/xycar_lidar/params/GS2.yaml
[3.594s] -- Up-to-date: /home/xytron/xycar_ws/install/xycar_lidar/share/xycar_lidar/params/X2.yaml
[3.595s] -- Up-to-date: /home/xytron/xycar_ws/install/xycar_lidar/share/xycar_lidar/params/ydlidar.yaml
[3.595s] -- Up-to-date: /home/xytron/xycar_ws/install/xycar_lidar/share/xycar_lidar/params/TminiPro.yaml
[3.595s] -- Up-to-date: /home/xytron/xycar_ws/install/xycar_lidar/share/xycar_lidar/params/G2.yaml
[3.595s] -- Up-to-date: /home/xytron/xycar_ws/install/xycar_lidar/share/xycar_lidar/params/G1.yaml
[3.595s] -- Up-to-date: /home/xytron/xycar_ws/install/xycar_lidar/share/xycar_lidar/startup
[3.596s] -- Up-to-date: /home/xytron/xycar_ws/install/xycar_lidar/share/xycar_lidar/startup/initenv.sh
[3.596s] -- Up-to-date: /home/xytron/xycar_ws/install/xycar_lidar/share/xycar_lidar/config
[3.596s] -- Up-to-date: /home/xytron/xycar_ws/install/xycar_lidar/share/ament_index/resource_index/package_run_dependencies/xycar_lidar
[3.596s] -- Up-to-date: /home/xytron/xycar_ws/install/xycar_lidar/share/ament_index/resource_index/parent_prefix_path/xycar_lidar
[3.596s] -- Up-to-date: /home/xytron/xycar_ws/install/xycar_lidar/share/xycar_lidar/environment/ament_prefix_path.sh
[3.596s] -- Up-to-date: /home/xytron/xycar_ws/install/xycar_lidar/share/xycar_lidar/environment/ament_prefix_path.dsv
[3.596s] -- Up-to-date: /home/xytron/xycar_ws/install/xycar_lidar/share/xycar_lidar/environment/path.sh
[3.596s] -- Up-to-date: /home/xytron/xycar_ws/install/xycar_lidar/share/xycar_lidar/environment/path.dsv
[3.597s] -- Up-to-date: /home/xytron/xycar_ws/install/xycar_lidar/share/xycar_lidar/local_setup.bash
[3.597s] -- Up-to-date: /home/xytron/xycar_ws/install/xycar_lidar/share/xycar_lidar/local_setup.sh
[3.597s] -- Up-to-date: /home/xytron/xycar_ws/install/xycar_lidar/share/xycar_lidar/local_setup.zsh
[3.597s] -- Up-to-date: /home/xytron/xycar_ws/install/xycar_lidar/share/xycar_lidar/local_setup.dsv
[3.597s] -- Installing: /home/xytron/xycar_ws/install/xycar_lidar/share/xycar_lidar/package.dsv
[3.597s] -- Up-to-date: /home/xytron/xycar_ws/install/xycar_lidar/share/ament_index/resource_index/packages/xycar_lidar
[3.597s] -- Up-to-date: /home/xytron/xycar_ws/install/xycar_lidar/share/xycar_lidar/cmake/xycar_lidarConfig.cmake
[3.598s] -- Up-to-date: /home/xytron/xycar_ws/install/xycar_lidar/share/xycar_lidar/cmake/xycar_lidarConfig-version.cmake
[3.598s] -- Up-to-date: /home/xytron/xycar_ws/install/xycar_lidar/share/xycar_lidar/package.xml
[3.630s] Invoked command in '/home/xytron/xycar_ws/build/xycar_lidar' returned '0': CMAKE_PREFIX_PATH=${CMAKE_PREFIX_PATH}:/home/xytron/xycar_ws/install/xycar_planner:/home/xytron/xycar_ws/install/control_motor:/home/xytron/xycar_ws/install/xycar_motor:/home/xytron/xycar_ws/install/xycar_imu:/home/xytron/xycar_ws/install/xycar_cam:/home/xytron/xycar_ws/install/app_ultra_viewer:/home/xytron/xycar_ws/install/app_turtlesim:/home/xytron/xycar_ws/install/app_sensor_drive:/home/xytron/xycar_ws/install/app_rule_drive_sim:/home/xytron/xycar_ws/install/app_pubsub:/home/xytron/xycar_ws/install/app_path_planning:/home/xytron/xycar_ws/install/app_hough_drive:/home/xytron/xycar_ws/install/app_cam_exposure:/home/xytron/xycar_ws/install/app_8_drive:/opt/ros/humble /usr/bin/cmake --install /home/xytron/xycar_ws/build/xycar_lidar
