-- The C compiler identification is GNU 11.4.0
-- The CXX compiler identification is GNU 11.4.0
-- Detecting C compiler ABI info
-- Detecting C compiler ABI info - done
-- Check for working C compiler: /usr/bin/cc - skipped
-- Detecting C compile features
-- Detecting C compile features - done
-- Detecting CXX compiler ABI info
-- Detecting CXX compiler ABI info - done
-- Check for working CXX compiler: /usr/bin/c++ - skipped
-- Detecting CXX compile features
-- Detecting CXX compile features - done
-- Found PkgConfig: /usr/bin/pkg-config (found version "0.29.2") 
-- Checking for module 'libserial'
--   Found libserial, version 1.0.0
-- Found ament_cmake: 1.3.11 (/opt/ros/humble/share/ament_cmake/cmake)
-- Found Python3: /usr/bin/python3 (found version "3.10.12") found components: Interpreter 
-- Found rclcpp: 16.0.11 (/opt/ros/humble/share/rclcpp/cmake)
-- Found rosidl_generator_c: 3.1.6 (/opt/ros/humble/share/rosidl_generator_c/cmake)
-- Found rosidl_adapter: 3.1.6 (/opt/ros/humble/share/rosidl_adapter/cmake)
-- Found rosidl_generator_cpp: 3.1.6 (/opt/ros/humble/share/rosidl_generator_cpp/cmake)
-- Using all available rosidl_typesupport_c: rosidl_typesupport_fastrtps_c;rosidl_typesupport_introspection_c
-- Using all available rosidl_typesupport_cpp: rosidl_typesupport_fastrtps_cpp;rosidl_typesupport_introspection_cpp
-- Found rmw_implementation_cmake: 6.1.2 (/opt/ros/humble/share/rmw_implementation_cmake/cmake)
-- Found rmw_fastrtps_cpp: 6.2.7 (/opt/ros/humble/share/rmw_fastrtps_cpp/cmake)
-- Found OpenSSL: /usr/lib/x86_64-linux-gnu/libcrypto.so (found version "3.0.2")  
-- Found FastRTPS: /opt/ros/humble/include  
-- Using RMW implementation 'rmw_fastrtps_cpp' as default
-- Looking for pthread.h
-- Looking for pthread.h - found
-- Performing Test CMAKE_HAVE_LIBC_PTHREAD
-- Performing Test CMAKE_HAVE_LIBC_PTHREAD - Success
-- Found Threads: TRUE  
-- Found ament_lint_auto: 0.12.11 (/opt/ros/humble/share/ament_lint_auto/cmake)
-- Added test 'copyright' to check source files copyright and LICENSE
-- Added test 'cppcheck' to perform static code analysis on C / C++ code
-- Configured cppcheck include dirs: /home/xytron/xycar_ws/src/xycar_device/xycar_ultrasonic/serial
-- Configured cppcheck exclude dirs and/or files: 
-- Added test 'cpplint' to check C / C++ code against the Google style
-- Configured cpplint exclude dirs and/or files: 
-- Added test 'flake8' to check Python code syntax and style conventions
-- Added test 'lint_cmake' to check CMake code style
-- Added test 'pep257' to check Python code against some of the docstring style conventions in PEP 257
-- Added test 'uncrustify' to check C / C++ code style
-- Configured uncrustify additional arguments: 
-- Added test 'xmllint' to check XML markup files
-- Configuring done
-- Generating done
-- Build files have been written to: /home/xytron/xycar_ws/build/xycar_ultrasonic
[ 50%] [32mBuilding CXX object CMakeFiles/xycar_ultrasonic.dir/src/xycar_ultrasonic.cpp.o[0m
[100%] [32m[1mLinking CXX executable xycar_ultrasonic[0m
[100%] Built target xycar_ultrasonic
-- Install configuration: ""
-- Installing: /home/xytron/xycar_ws/install/xycar_ultrasonic/lib/xycar_ultrasonic/xycar_ultrasonic
-- Set runtime path of "/home/xytron/xycar_ws/install/xycar_ultrasonic/lib/xycar_ultrasonic/xycar_ultrasonic" to ""
-- Installing: /home/xytron/xycar_ws/install/xycar_ultrasonic/share/xycar_ultrasonic/launch
-- Installing: /home/xytron/xycar_ws/install/xycar_ultrasonic/share/xycar_ultrasonic/launch/xycar_ultrasonic.launch.py
-- Installing: /home/xytron/xycar_ws/install/xycar_ultrasonic/share/xycar_ultrasonic/launch/xycar_ultrasonic_viewer.launch.py
-- Installing: /home/xytron/xycar_ws/install/xycar_ultrasonic/share/ament_index/resource_index/package_run_dependencies/xycar_ultrasonic
-- Installing: /home/xytron/xycar_ws/install/xycar_ultrasonic/share/ament_index/resource_index/parent_prefix_path/xycar_ultrasonic
-- Installing: /home/xytron/xycar_ws/install/xycar_ultrasonic/share/xycar_ultrasonic/environment/ament_prefix_path.sh
-- Installing: /home/xytron/xycar_ws/install/xycar_ultrasonic/share/xycar_ultrasonic/environment/ament_prefix_path.dsv
-- Installing: /home/xytron/xycar_ws/install/xycar_ultrasonic/share/xycar_ultrasonic/environment/path.sh
-- Installing: /home/xytron/xycar_ws/install/xycar_ultrasonic/share/xycar_ultrasonic/environment/path.dsv
-- Installing: /home/xytron/xycar_ws/install/xycar_ultrasonic/share/xycar_ultrasonic/local_setup.bash
-- Installing: /home/xytron/xycar_ws/install/xycar_ultrasonic/share/xycar_ultrasonic/local_setup.sh
-- Installing: /home/xytron/xycar_ws/install/xycar_ultrasonic/share/xycar_ultrasonic/local_setup.zsh
-- Installing: /home/xytron/xycar_ws/install/xycar_ultrasonic/share/xycar_ultrasonic/local_setup.dsv
-- Installing: /home/xytron/xycar_ws/install/xycar_ultrasonic/share/xycar_ultrasonic/package.dsv
-- Installing: /home/xytron/xycar_ws/install/xycar_ultrasonic/share/ament_index/resource_index/packages/xycar_ultrasonic
-- Installing: /home/xytron/xycar_ws/install/xycar_ultrasonic/share/xycar_ultrasonic/cmake/xycar_ultrasonicConfig.cmake
-- Installing: /home/xytron/xycar_ws/install/xycar_ultrasonic/share/xycar_ultrasonic/cmake/xycar_ultrasonicConfig-version.cmake
-- Installing: /home/xytron/xycar_ws/install/xycar_ultrasonic/share/xycar_ultrasonic/package.xml
