[1.399s] Invoking command in '/home/xytron/xycar_ws/build/yolo_msgs': CMAKE_PREFIX_PATH=${CMAKE_PREFIX_PATH}:/home/xytron/xycar_ws/install/xycar_planner:/home/xytron/xycar_ws/install/control_motor:/home/xytron/xycar_ws/install/xycar_motor:/home/xytron/xycar_ws/install/xycar_imu:/home/xytron/xycar_ws/install/xycar_cam:/home/xytron/xycar_ws/install/app_ultra_viewer:/home/xytron/xycar_ws/install/app_turtlesim:/home/xytron/xycar_ws/install/app_sensor_drive:/home/xytron/xycar_ws/install/app_rule_drive_sim:/home/xytron/xycar_ws/install/app_pubsub:/home/xytron/xycar_ws/install/app_path_planning:/home/xytron/xycar_ws/install/app_hough_drive:/home/xytron/xycar_ws/install/app_cam_exposure:/home/xytron/xycar_ws/install/app_8_drive:/opt/ros/humble /usr/bin/cmake --build /home/xytron/xycar_ws/build/yolo_msgs -- -j16 -l16
[1.581s] [  0%] Built target yolo_msgs__cpp
[1.583s] [ 12%] Built target yolo_msgs__rosidl_generator_c
[1.622s] [ 12%] Built target ament_cmake_python_copy_yolo_msgs
[1.661s] [ 24%] Built target yolo_msgs__rosidl_typesupport_introspection_cpp
[1.665s] [ 36%] Built target yolo_msgs__rosidl_typesupport_cpp
[1.665s] [ 48%] Built target yolo_msgs__rosidl_typesupport_introspection_c
[1.671s] [ 72%] Built target yolo_msgs__rosidl_typesupport_fastrtps_c
[1.671s] [ 72%] Built target yolo_msgs__rosidl_typesupport_fastrtps_cpp
[1.672s] [ 84%] Built target yolo_msgs__rosidl_typesupport_c
[1.730s] [ 84%] Built target yolo_msgs
[1.801s] [ 85%] Built target yolo_msgs__py
[1.880s] [ 96%] Built target yolo_msgs__rosidl_generator_py
[1.944s] [ 97%] Built target yolo_msgs__rosidl_typesupport_c__pyext
[1.944s] [ 98%] Built target yolo_msgs__rosidl_typesupport_fastrtps_c__pyext
[1.946s] [100%] Built target yolo_msgs__rosidl_typesupport_introspection_c__pyext
[2.484s] running egg_info
[2.486s] writing yolo_msgs.egg-info/PKG-INFO
[2.486s] writing dependency_links to yolo_msgs.egg-info/dependency_links.txt
[2.486s] writing top-level names to yolo_msgs.egg-info/top_level.txt
[2.491s] reading manifest file 'yolo_msgs.egg-info/SOURCES.txt'
[2.492s] writing manifest file 'yolo_msgs.egg-info/SOURCES.txt'
[2.579s] [100%] Built target ament_cmake_python_build_yolo_msgs_egg
[2.651s] Invoked command in '/home/xytron/xycar_ws/build/yolo_msgs' returned '0': CMAKE_PREFIX_PATH=${CMAKE_PREFIX_PATH}:/home/xytron/xycar_ws/install/xycar_planner:/home/xytron/xycar_ws/install/control_motor:/home/xytron/xycar_ws/install/xycar_motor:/home/xytron/xycar_ws/install/xycar_imu:/home/xytron/xycar_ws/install/xycar_cam:/home/xytron/xycar_ws/install/app_ultra_viewer:/home/xytron/xycar_ws/install/app_turtlesim:/home/xytron/xycar_ws/install/app_sensor_drive:/home/xytron/xycar_ws/install/app_rule_drive_sim:/home/xytron/xycar_ws/install/app_pubsub:/home/xytron/xycar_ws/install/app_path_planning:/home/xytron/xycar_ws/install/app_hough_drive:/home/xytron/xycar_ws/install/app_cam_exposure:/home/xytron/xycar_ws/install/app_8_drive:/opt/ros/humble /usr/bin/cmake --build /home/xytron/xycar_ws/build/yolo_msgs -- -j16 -l16
[2.652s] Invoking command in '/home/xytron/xycar_ws/build/yolo_msgs': CMAKE_PREFIX_PATH=${CMAKE_PREFIX_PATH}:/home/xytron/xycar_ws/install/xycar_planner:/home/xytron/xycar_ws/install/control_motor:/home/xytron/xycar_ws/install/xycar_motor:/home/xytron/xycar_ws/install/xycar_imu:/home/xytron/xycar_ws/install/xycar_cam:/home/xytron/xycar_ws/install/app_ultra_viewer:/home/xytron/xycar_ws/install/app_turtlesim:/home/xytron/xycar_ws/install/app_sensor_drive:/home/xytron/xycar_ws/install/app_rule_drive_sim:/home/xytron/xycar_ws/install/app_pubsub:/home/xytron/xycar_ws/install/app_path_planning:/home/xytron/xycar_ws/install/app_hough_drive:/home/xytron/xycar_ws/install/app_cam_exposure:/home/xytron/xycar_ws/install/app_8_drive:/opt/ros/humble /usr/bin/cmake --install /home/xytron/xycar_ws/build/yolo_msgs
[2.666s] -- Install configuration: ""
[2.666s] -- Up-to-date: /home/xytron/xycar_ws/install/yolo_msgs/share/ament_index/resource_index/rosidl_interfaces/yolo_msgs
[2.666s] -- Up-to-date: /home/xytron/xycar_ws/install/yolo_msgs/include/yolo_msgs/yolo_msgs
[2.666s] -- Up-to-date: /home/xytron/xycar_ws/install/yolo_msgs/include/yolo_msgs/yolo_msgs/srv
[2.667s] -- Up-to-date: /home/xytron/xycar_ws/install/yolo_msgs/include/yolo_msgs/yolo_msgs/srv/set_classes.h
[2.667s] -- Up-to-date: /home/xytron/xycar_ws/install/yolo_msgs/include/yolo_msgs/yolo_msgs/srv/detail
[2.667s] -- Up-to-date: /home/xytron/xycar_ws/install/yolo_msgs/include/yolo_msgs/yolo_msgs/srv/detail/set_classes__functions.h
[2.667s] -- Up-to-date: /home/xytron/xycar_ws/install/yolo_msgs/include/yolo_msgs/yolo_msgs/srv/detail/set_classes__functions.c
[2.667s] -- Up-to-date: /home/xytron/xycar_ws/install/yolo_msgs/include/yolo_msgs/yolo_msgs/srv/detail/set_classes__type_support.h
[2.667s] -- Up-to-date: /home/xytron/xycar_ws/install/yolo_msgs/include/yolo_msgs/yolo_msgs/srv/detail/set_classes__struct.h
[2.667s] -- Up-to-date: /home/xytron/xycar_ws/install/yolo_msgs/include/yolo_msgs/yolo_msgs/msg
[2.667s] -- Up-to-date: /home/xytron/xycar_ws/install/yolo_msgs/include/yolo_msgs/yolo_msgs/msg/bounding_box2_d.h
[2.667s] -- Up-to-date: /home/xytron/xycar_ws/install/yolo_msgs/include/yolo_msgs/yolo_msgs/msg/vector2.h
[2.667s] -- Up-to-date: /home/xytron/xycar_ws/install/yolo_msgs/include/yolo_msgs/yolo_msgs/msg/key_point3_d.h
[2.667s] -- Up-to-date: /home/xytron/xycar_ws/install/yolo_msgs/include/yolo_msgs/yolo_msgs/msg/key_point2_d.h
[2.667s] -- Up-to-date: /home/xytron/xycar_ws/install/yolo_msgs/include/yolo_msgs/yolo_msgs/msg/detection.h
[2.667s] -- Up-to-date: /home/xytron/xycar_ws/install/yolo_msgs/include/yolo_msgs/yolo_msgs/msg/bounding_box3_d.h
[2.667s] -- Up-to-date: /home/xytron/xycar_ws/install/yolo_msgs/include/yolo_msgs/yolo_msgs/msg/detection_array.h
[2.668s] -- Up-to-date: /home/xytron/xycar_ws/install/yolo_msgs/include/yolo_msgs/yolo_msgs/msg/pose2_d.h
[2.668s] -- Up-to-date: /home/xytron/xycar_ws/install/yolo_msgs/include/yolo_msgs/yolo_msgs/msg/key_point2_d_array.h
[2.668s] -- Up-to-date: /home/xytron/xycar_ws/install/yolo_msgs/include/yolo_msgs/yolo_msgs/msg/mask.h
[2.668s] -- Up-to-date: /home/xytron/xycar_ws/install/yolo_msgs/include/yolo_msgs/yolo_msgs/msg/rosidl_generator_c__visibility_control.h
[2.668s] -- Up-to-date: /home/xytron/xycar_ws/install/yolo_msgs/include/yolo_msgs/yolo_msgs/msg/key_point3_d_array.h
[2.668s] -- Up-to-date: /home/xytron/xycar_ws/install/yolo_msgs/include/yolo_msgs/yolo_msgs/msg/detail
[2.668s] -- Up-to-date: /home/xytron/xycar_ws/install/yolo_msgs/include/yolo_msgs/yolo_msgs/msg/detail/vector2__struct.h
[2.668s] -- Up-to-date: /home/xytron/xycar_ws/install/yolo_msgs/include/yolo_msgs/yolo_msgs/msg/detail/detection__functions.c
[2.668s] -- Up-to-date: /home/xytron/xycar_ws/install/yolo_msgs/include/yolo_msgs/yolo_msgs/msg/detail/vector2__functions.c
[2.668s] -- Up-to-date: /home/xytron/xycar_ws/install/yolo_msgs/include/yolo_msgs/yolo_msgs/msg/detail/point2_d__functions.h
[2.668s] -- Up-to-date: /home/xytron/xycar_ws/install/yolo_msgs/include/yolo_msgs/yolo_msgs/msg/detail/detection__functions.h
[2.668s] -- Up-to-date: /home/xytron/xycar_ws/install/yolo_msgs/include/yolo_msgs/yolo_msgs/msg/detail/key_point2_d__struct.h
[2.668s] -- Up-to-date: /home/xytron/xycar_ws/install/yolo_msgs/include/yolo_msgs/yolo_msgs/msg/detail/bounding_box3_d__struct.h
[2.669s] -- Up-to-date: /home/xytron/xycar_ws/install/yolo_msgs/include/yolo_msgs/yolo_msgs/msg/detail/pose2_d__type_support.h
[2.669s] -- Up-to-date: /home/xytron/xycar_ws/install/yolo_msgs/include/yolo_msgs/yolo_msgs/msg/detail/pose2_d__struct.h
[2.669s] -- Up-to-date: /home/xytron/xycar_ws/install/yolo_msgs/include/yolo_msgs/yolo_msgs/msg/detail/key_point2_d__type_support.h
[2.669s] -- Up-to-date: /home/xytron/xycar_ws/install/yolo_msgs/include/yolo_msgs/yolo_msgs/msg/detail/detection_array__type_support.h
[2.669s] -- Up-to-date: /home/xytron/xycar_ws/install/yolo_msgs/include/yolo_msgs/yolo_msgs/msg/detail/bounding_box2_d__type_support.h
[2.669s] -- Up-to-date: /home/xytron/xycar_ws/install/yolo_msgs/include/yolo_msgs/yolo_msgs/msg/detail/point2_d__type_support.h
[2.669s] -- Up-to-date: /home/xytron/xycar_ws/install/yolo_msgs/include/yolo_msgs/yolo_msgs/msg/detail/key_point2_d__functions.c
[2.669s] -- Up-to-date: /home/xytron/xycar_ws/install/yolo_msgs/include/yolo_msgs/yolo_msgs/msg/detail/vector2__type_support.h
[2.670s] -- Up-to-date: /home/xytron/xycar_ws/install/yolo_msgs/include/yolo_msgs/yolo_msgs/msg/detail/key_point3_d_array__type_support.h
[2.671s] -- Up-to-date: /home/xytron/xycar_ws/install/yolo_msgs/include/yolo_msgs/yolo_msgs/msg/detail/point2_d__struct.h
[2.671s] -- Up-to-date: /home/xytron/xycar_ws/install/yolo_msgs/include/yolo_msgs/yolo_msgs/msg/detail/key_point2_d_array__functions.h
[2.671s] -- Up-to-date: /home/xytron/xycar_ws/install/yolo_msgs/include/yolo_msgs/yolo_msgs/msg/detail/detection__struct.h
[2.671s] -- Up-to-date: /home/xytron/xycar_ws/install/yolo_msgs/include/yolo_msgs/yolo_msgs/msg/detail/bounding_box3_d__functions.c
[2.671s] -- Up-to-date: /home/xytron/xycar_ws/install/yolo_msgs/include/yolo_msgs/yolo_msgs/msg/detail/bounding_box3_d__functions.h
[2.671s] -- Up-to-date: /home/xytron/xycar_ws/install/yolo_msgs/include/yolo_msgs/yolo_msgs/msg/detail/key_point2_d__functions.h
[2.671s] -- Up-to-date: /home/xytron/xycar_ws/install/yolo_msgs/include/yolo_msgs/yolo_msgs/msg/detail/key_point3_d_array__struct.h
[2.671s] -- Up-to-date: /home/xytron/xycar_ws/install/yolo_msgs/include/yolo_msgs/yolo_msgs/msg/detail/mask__functions.c
[2.671s] -- Up-to-date: /home/xytron/xycar_ws/install/yolo_msgs/include/yolo_msgs/yolo_msgs/msg/detail/bounding_box3_d__type_support.h
[2.671s] -- Up-to-date: /home/xytron/xycar_ws/install/yolo_msgs/include/yolo_msgs/yolo_msgs/msg/detail/bounding_box2_d__functions.h
[2.671s] -- Up-to-date: /home/xytron/xycar_ws/install/yolo_msgs/include/yolo_msgs/yolo_msgs/msg/detail/detection_array__functions.h
[2.671s] -- Up-to-date: /home/xytron/xycar_ws/install/yolo_msgs/include/yolo_msgs/yolo_msgs/msg/detail/key_point3_d__struct.h
[2.671s] -- Up-to-date: /home/xytron/xycar_ws/install/yolo_msgs/include/yolo_msgs/yolo_msgs/msg/detail/key_point2_d_array__functions.c
[2.671s] -- Up-to-date: /home/xytron/xycar_ws/install/yolo_msgs/include/yolo_msgs/yolo_msgs/msg/detail/detection_array__functions.c
[2.672s] -- Up-to-date: /home/xytron/xycar_ws/install/yolo_msgs/include/yolo_msgs/yolo_msgs/msg/detail/bounding_box2_d__functions.c
[2.672s] -- Up-to-date: /home/xytron/xycar_ws/install/yolo_msgs/include/yolo_msgs/yolo_msgs/msg/detail/pose2_d__functions.c
[2.672s] -- Up-to-date: /home/xytron/xycar_ws/install/yolo_msgs/include/yolo_msgs/yolo_msgs/msg/detail/mask__functions.h
[2.672s] -- Up-to-date: /home/xytron/xycar_ws/install/yolo_msgs/include/yolo_msgs/yolo_msgs/msg/detail/point2_d__functions.c
[2.672s] -- Up-to-date: /home/xytron/xycar_ws/install/yolo_msgs/include/yolo_msgs/yolo_msgs/msg/detail/detection__type_support.h
[2.672s] -- Up-to-date: /home/xytron/xycar_ws/install/yolo_msgs/include/yolo_msgs/yolo_msgs/msg/detail/key_point3_d__type_support.h
[2.672s] -- Up-to-date: /home/xytron/xycar_ws/install/yolo_msgs/include/yolo_msgs/yolo_msgs/msg/detail/mask__type_support.h
[2.672s] -- Up-to-date: /home/xytron/xycar_ws/install/yolo_msgs/include/yolo_msgs/yolo_msgs/msg/detail/pose2_d__functions.h
[2.672s] -- Up-to-date: /home/xytron/xycar_ws/install/yolo_msgs/include/yolo_msgs/yolo_msgs/msg/detail/vector2__functions.h
[2.673s] -- Up-to-date: /home/xytron/xycar_ws/install/yolo_msgs/include/yolo_msgs/yolo_msgs/msg/detail/key_point3_d__functions.h
[2.673s] -- Up-to-date: /home/xytron/xycar_ws/install/yolo_msgs/include/yolo_msgs/yolo_msgs/msg/detail/bounding_box2_d__struct.h
[2.673s] -- Up-to-date: /home/xytron/xycar_ws/install/yolo_msgs/include/yolo_msgs/yolo_msgs/msg/detail/key_point3_d_array__functions.c
[2.673s] -- Up-to-date: /home/xytron/xycar_ws/install/yolo_msgs/include/yolo_msgs/yolo_msgs/msg/detail/key_point3_d__functions.c
[2.673s] -- Up-to-date: /home/xytron/xycar_ws/install/yolo_msgs/include/yolo_msgs/yolo_msgs/msg/detail/key_point2_d_array__type_support.h
[2.673s] -- Up-to-date: /home/xytron/xycar_ws/install/yolo_msgs/include/yolo_msgs/yolo_msgs/msg/detail/detection_array__struct.h
[2.673s] -- Up-to-date: /home/xytron/xycar_ws/install/yolo_msgs/include/yolo_msgs/yolo_msgs/msg/detail/key_point3_d_array__functions.h
[2.673s] -- Up-to-date: /home/xytron/xycar_ws/install/yolo_msgs/include/yolo_msgs/yolo_msgs/msg/detail/mask__struct.h
[2.673s] -- Up-to-date: /home/xytron/xycar_ws/install/yolo_msgs/include/yolo_msgs/yolo_msgs/msg/detail/key_point2_d_array__struct.h
[2.673s] -- Up-to-date: /home/xytron/xycar_ws/install/yolo_msgs/include/yolo_msgs/yolo_msgs/msg/point2_d.h
[2.673s] -- Up-to-date: /home/xytron/xycar_ws/install/yolo_msgs/share/yolo_msgs/environment/library_path.sh
[2.673s] -- Up-to-date: /home/xytron/xycar_ws/install/yolo_msgs/share/yolo_msgs/environment/library_path.dsv
[2.673s] -- Up-to-date: /home/xytron/xycar_ws/install/yolo_msgs/lib/libyolo_msgs__rosidl_generator_c.so
[2.673s] -- Up-to-date: /home/xytron/xycar_ws/install/yolo_msgs/include/yolo_msgs/yolo_msgs
[2.674s] -- Up-to-date: /home/xytron/xycar_ws/install/yolo_msgs/include/yolo_msgs/yolo_msgs/srv
[2.674s] -- Up-to-date: /home/xytron/xycar_ws/install/yolo_msgs/include/yolo_msgs/yolo_msgs/srv/detail
[2.674s] -- Up-to-date: /home/xytron/xycar_ws/install/yolo_msgs/include/yolo_msgs/yolo_msgs/srv/detail/set_classes__rosidl_typesupport_fastrtps_c.h
[2.674s] -- Up-to-date: /home/xytron/xycar_ws/install/yolo_msgs/include/yolo_msgs/yolo_msgs/msg
[2.674s] -- Up-to-date: /home/xytron/xycar_ws/install/yolo_msgs/include/yolo_msgs/yolo_msgs/msg/rosidl_typesupport_fastrtps_c__visibility_control.h
[2.674s] -- Up-to-date: /home/xytron/xycar_ws/install/yolo_msgs/include/yolo_msgs/yolo_msgs/msg/detail
[2.674s] -- Up-to-date: /home/xytron/xycar_ws/install/yolo_msgs/include/yolo_msgs/yolo_msgs/msg/detail/mask__rosidl_typesupport_fastrtps_c.h
[2.674s] -- Up-to-date: /home/xytron/xycar_ws/install/yolo_msgs/include/yolo_msgs/yolo_msgs/msg/detail/key_point2_d_array__rosidl_typesupport_fastrtps_c.h
[2.674s] -- Up-to-date: /home/xytron/xycar_ws/install/yolo_msgs/include/yolo_msgs/yolo_msgs/msg/detail/vector2__rosidl_typesupport_fastrtps_c.h
[2.674s] -- Up-to-date: /home/xytron/xycar_ws/install/yolo_msgs/include/yolo_msgs/yolo_msgs/msg/detail/key_point3_d__rosidl_typesupport_fastrtps_c.h
[2.674s] -- Up-to-date: /home/xytron/xycar_ws/install/yolo_msgs/include/yolo_msgs/yolo_msgs/msg/detail/detection_array__rosidl_typesupport_fastrtps_c.h
[2.674s] -- Up-to-date: /home/xytron/xycar_ws/install/yolo_msgs/include/yolo_msgs/yolo_msgs/msg/detail/detection__rosidl_typesupport_fastrtps_c.h
[2.674s] -- Up-to-date: /home/xytron/xycar_ws/install/yolo_msgs/include/yolo_msgs/yolo_msgs/msg/detail/bounding_box2_d__rosidl_typesupport_fastrtps_c.h
[2.674s] -- Up-to-date: /home/xytron/xycar_ws/install/yolo_msgs/include/yolo_msgs/yolo_msgs/msg/detail/key_point2_d__rosidl_typesupport_fastrtps_c.h
[2.674s] -- Up-to-date: /home/xytron/xycar_ws/install/yolo_msgs/include/yolo_msgs/yolo_msgs/msg/detail/pose2_d__rosidl_typesupport_fastrtps_c.h
[2.675s] -- Up-to-date: /home/xytron/xycar_ws/install/yolo_msgs/include/yolo_msgs/yolo_msgs/msg/detail/key_point3_d_array__rosidl_typesupport_fastrtps_c.h
[2.675s] -- Up-to-date: /home/xytron/xycar_ws/install/yolo_msgs/include/yolo_msgs/yolo_msgs/msg/detail/bounding_box3_d__rosidl_typesupport_fastrtps_c.h
[2.675s] -- Up-to-date: /home/xytron/xycar_ws/install/yolo_msgs/include/yolo_msgs/yolo_msgs/msg/detail/point2_d__rosidl_typesupport_fastrtps_c.h
[2.675s] -- Up-to-date: /home/xytron/xycar_ws/install/yolo_msgs/lib/libyolo_msgs__rosidl_typesupport_fastrtps_c.so
[2.675s] -- Up-to-date: /home/xytron/xycar_ws/install/yolo_msgs/include/yolo_msgs/yolo_msgs
[2.675s] -- Up-to-date: /home/xytron/xycar_ws/install/yolo_msgs/include/yolo_msgs/yolo_msgs/srv
[2.675s] -- Up-to-date: /home/xytron/xycar_ws/install/yolo_msgs/include/yolo_msgs/yolo_msgs/srv/detail
[2.675s] -- Up-to-date: /home/xytron/xycar_ws/install/yolo_msgs/include/yolo_msgs/yolo_msgs/srv/detail/set_classes__type_support.c
[2.675s] -- Up-to-date: /home/xytron/xycar_ws/install/yolo_msgs/include/yolo_msgs/yolo_msgs/srv/detail/set_classes__rosidl_typesupport_introspection_c.h
[2.676s] -- Up-to-date: /home/xytron/xycar_ws/install/yolo_msgs/include/yolo_msgs/yolo_msgs/msg
[2.676s] -- Up-to-date: /home/xytron/xycar_ws/install/yolo_msgs/include/yolo_msgs/yolo_msgs/msg/rosidl_typesupport_introspection_c__visibility_control.h
[2.676s] -- Up-to-date: /home/xytron/xycar_ws/install/yolo_msgs/include/yolo_msgs/yolo_msgs/msg/detail
[2.676s] -- Up-to-date: /home/xytron/xycar_ws/install/yolo_msgs/include/yolo_msgs/yolo_msgs/msg/detail/bounding_box2_d__rosidl_typesupport_introspection_c.h
[2.676s] -- Up-to-date: /home/xytron/xycar_ws/install/yolo_msgs/include/yolo_msgs/yolo_msgs/msg/detail/bounding_box3_d__type_support.c
[2.676s] -- Up-to-date: /home/xytron/xycar_ws/install/yolo_msgs/include/yolo_msgs/yolo_msgs/msg/detail/key_point3_d__type_support.c
[2.676s] -- Up-to-date: /home/xytron/xycar_ws/install/yolo_msgs/include/yolo_msgs/yolo_msgs/msg/detail/key_point2_d__rosidl_typesupport_introspection_c.h
[2.676s] -- Up-to-date: /home/xytron/xycar_ws/install/yolo_msgs/include/yolo_msgs/yolo_msgs/msg/detail/key_point2_d__type_support.c
[2.676s] -- Up-to-date: /home/xytron/xycar_ws/install/yolo_msgs/include/yolo_msgs/yolo_msgs/msg/detail/bounding_box2_d__type_support.c
[2.676s] -- Up-to-date: /home/xytron/xycar_ws/install/yolo_msgs/include/yolo_msgs/yolo_msgs/msg/detail/pose2_d__rosidl_typesupport_introspection_c.h
[2.676s] -- Up-to-date: /home/xytron/xycar_ws/install/yolo_msgs/include/yolo_msgs/yolo_msgs/msg/detail/vector2__type_support.c
[2.677s] -- Up-to-date: /home/xytron/xycar_ws/install/yolo_msgs/include/yolo_msgs/yolo_msgs/msg/detail/key_point2_d_array__type_support.c
[2.677s] -- Up-to-date: /home/xytron/xycar_ws/install/yolo_msgs/include/yolo_msgs/yolo_msgs/msg/detail/bounding_box3_d__rosidl_typesupport_introspection_c.h
[2.677s] -- Up-to-date: /home/xytron/xycar_ws/install/yolo_msgs/include/yolo_msgs/yolo_msgs/msg/detail/point2_d__type_support.c
[2.678s] -- Up-to-date: /home/xytron/xycar_ws/install/yolo_msgs/include/yolo_msgs/yolo_msgs/msg/detail/mask__type_support.c
[2.678s] -- Up-to-date: /home/xytron/xycar_ws/install/yolo_msgs/include/yolo_msgs/yolo_msgs/msg/detail/detection__type_support.c
[2.678s] -- Up-to-date: /home/xytron/xycar_ws/install/yolo_msgs/include/yolo_msgs/yolo_msgs/msg/detail/key_point3_d__rosidl_typesupport_introspection_c.h
[2.678s] -- Up-to-date: /home/xytron/xycar_ws/install/yolo_msgs/include/yolo_msgs/yolo_msgs/msg/detail/detection_array__rosidl_typesupport_introspection_c.h
[2.678s] -- Up-to-date: /home/xytron/xycar_ws/install/yolo_msgs/include/yolo_msgs/yolo_msgs/msg/detail/key_point2_d_array__rosidl_typesupport_introspection_c.h
[2.678s] -- Up-to-date: /home/xytron/xycar_ws/install/yolo_msgs/include/yolo_msgs/yolo_msgs/msg/detail/point2_d__rosidl_typesupport_introspection_c.h
[2.678s] -- Up-to-date: /home/xytron/xycar_ws/install/yolo_msgs/include/yolo_msgs/yolo_msgs/msg/detail/vector2__rosidl_typesupport_introspection_c.h
[2.678s] -- Up-to-date: /home/xytron/xycar_ws/install/yolo_msgs/include/yolo_msgs/yolo_msgs/msg/detail/key_point3_d_array__rosidl_typesupport_introspection_c.h
[2.678s] -- Up-to-date: /home/xytron/xycar_ws/install/yolo_msgs/include/yolo_msgs/yolo_msgs/msg/detail/detection__rosidl_typesupport_introspection_c.h
[2.678s] -- Up-to-date: /home/xytron/xycar_ws/install/yolo_msgs/include/yolo_msgs/yolo_msgs/msg/detail/key_point3_d_array__type_support.c
[2.678s] -- Up-to-date: /home/xytron/xycar_ws/install/yolo_msgs/include/yolo_msgs/yolo_msgs/msg/detail/pose2_d__type_support.c
[2.678s] -- Up-to-date: /home/xytron/xycar_ws/install/yolo_msgs/include/yolo_msgs/yolo_msgs/msg/detail/detection_array__type_support.c
[2.679s] -- Up-to-date: /home/xytron/xycar_ws/install/yolo_msgs/include/yolo_msgs/yolo_msgs/msg/detail/mask__rosidl_typesupport_introspection_c.h
[2.679s] -- Up-to-date: /home/xytron/xycar_ws/install/yolo_msgs/lib/libyolo_msgs__rosidl_typesupport_introspection_c.so
[2.679s] -- Up-to-date: /home/xytron/xycar_ws/install/yolo_msgs/lib/libyolo_msgs__rosidl_typesupport_c.so
[2.679s] -- Up-to-date: /home/xytron/xycar_ws/install/yolo_msgs/include/yolo_msgs/yolo_msgs
[2.679s] -- Up-to-date: /home/xytron/xycar_ws/install/yolo_msgs/include/yolo_msgs/yolo_msgs/srv
[2.679s] -- Up-to-date: /home/xytron/xycar_ws/install/yolo_msgs/include/yolo_msgs/yolo_msgs/srv/set_classes.hpp
[2.679s] -- Up-to-date: /home/xytron/xycar_ws/install/yolo_msgs/include/yolo_msgs/yolo_msgs/srv/detail
[2.679s] -- Up-to-date: /home/xytron/xycar_ws/install/yolo_msgs/include/yolo_msgs/yolo_msgs/srv/detail/set_classes__builder.hpp
[2.679s] -- Up-to-date: /home/xytron/xycar_ws/install/yolo_msgs/include/yolo_msgs/yolo_msgs/srv/detail/set_classes__traits.hpp
[2.679s] -- Up-to-date: /home/xytron/xycar_ws/install/yolo_msgs/include/yolo_msgs/yolo_msgs/srv/detail/set_classes__type_support.hpp
[2.680s] -- Up-to-date: /home/xytron/xycar_ws/install/yolo_msgs/include/yolo_msgs/yolo_msgs/srv/detail/set_classes__struct.hpp
[2.680s] -- Up-to-date: /home/xytron/xycar_ws/install/yolo_msgs/include/yolo_msgs/yolo_msgs/msg
[2.680s] -- Up-to-date: /home/xytron/xycar_ws/install/yolo_msgs/include/yolo_msgs/yolo_msgs/msg/detection_array.hpp
[2.680s] -- Up-to-date: /home/xytron/xycar_ws/install/yolo_msgs/include/yolo_msgs/yolo_msgs/msg/bounding_box2_d.hpp
[2.680s] -- Up-to-date: /home/xytron/xycar_ws/install/yolo_msgs/include/yolo_msgs/yolo_msgs/msg/detection.hpp
[2.680s] -- Up-to-date: /home/xytron/xycar_ws/install/yolo_msgs/include/yolo_msgs/yolo_msgs/msg/bounding_box3_d.hpp
[2.680s] -- Up-to-date: /home/xytron/xycar_ws/install/yolo_msgs/include/yolo_msgs/yolo_msgs/msg/key_point3_d_array.hpp
[2.682s] -- Up-to-date: /home/xytron/xycar_ws/install/yolo_msgs/include/yolo_msgs/yolo_msgs/msg/key_point3_d.hpp
[2.684s] -- Up-to-date: /home/xytron/xycar_ws/install/yolo_msgs/include/yolo_msgs/yolo_msgs/msg/point2_d.hpp
[2.684s] -- Up-to-date: /home/xytron/xycar_ws/install/yolo_msgs/include/yolo_msgs/yolo_msgs/msg/mask.hpp
[2.684s] -- Up-to-date: /home/xytron/xycar_ws/install/yolo_msgs/include/yolo_msgs/yolo_msgs/msg/key_point2_d.hpp
[2.684s] -- Up-to-date: /home/xytron/xycar_ws/install/yolo_msgs/include/yolo_msgs/yolo_msgs/msg/vector2.hpp
[2.684s] -- Up-to-date: /home/xytron/xycar_ws/install/yolo_msgs/include/yolo_msgs/yolo_msgs/msg/pose2_d.hpp
[2.684s] -- Up-to-date: /home/xytron/xycar_ws/install/yolo_msgs/include/yolo_msgs/yolo_msgs/msg/rosidl_generator_cpp__visibility_control.hpp
[2.684s] -- Up-to-date: /home/xytron/xycar_ws/install/yolo_msgs/include/yolo_msgs/yolo_msgs/msg/key_point2_d_array.hpp
[2.684s] -- Up-to-date: /home/xytron/xycar_ws/install/yolo_msgs/include/yolo_msgs/yolo_msgs/msg/detail
[2.684s] -- Up-to-date: /home/xytron/xycar_ws/install/yolo_msgs/include/yolo_msgs/yolo_msgs/msg/detail/key_point2_d_array__traits.hpp
[2.685s] -- Up-to-date: /home/xytron/xycar_ws/install/yolo_msgs/include/yolo_msgs/yolo_msgs/msg/detail/bounding_box2_d__struct.hpp
[2.685s] -- Up-to-date: /home/xytron/xycar_ws/install/yolo_msgs/include/yolo_msgs/yolo_msgs/msg/detail/key_point3_d__builder.hpp
[2.685s] -- Up-to-date: /home/xytron/xycar_ws/install/yolo_msgs/include/yolo_msgs/yolo_msgs/msg/detail/bounding_box3_d__builder.hpp
[2.685s] -- Up-to-date: /home/xytron/xycar_ws/install/yolo_msgs/include/yolo_msgs/yolo_msgs/msg/detail/key_point3_d__type_support.hpp
[2.685s] -- Up-to-date: /home/xytron/xycar_ws/install/yolo_msgs/include/yolo_msgs/yolo_msgs/msg/detail/bounding_box2_d__type_support.hpp
[2.685s] -- Up-to-date: /home/xytron/xycar_ws/install/yolo_msgs/include/yolo_msgs/yolo_msgs/msg/detail/key_point2_d_array__builder.hpp
[2.685s] -- Up-to-date: /home/xytron/xycar_ws/install/yolo_msgs/include/yolo_msgs/yolo_msgs/msg/detail/bounding_box3_d__type_support.hpp
[2.685s] -- Up-to-date: /home/xytron/xycar_ws/install/yolo_msgs/include/yolo_msgs/yolo_msgs/msg/detail/key_point3_d_array__type_support.hpp
[2.685s] -- Up-to-date: /home/xytron/xycar_ws/install/yolo_msgs/include/yolo_msgs/yolo_msgs/msg/detail/mask__struct.hpp
[2.685s] -- Up-to-date: /home/xytron/xycar_ws/install/yolo_msgs/include/yolo_msgs/yolo_msgs/msg/detail/detection_array__traits.hpp
[2.685s] -- Up-to-date: /home/xytron/xycar_ws/install/yolo_msgs/include/yolo_msgs/yolo_msgs/msg/detail/bounding_box3_d__struct.hpp
[2.685s] -- Up-to-date: /home/xytron/xycar_ws/install/yolo_msgs/include/yolo_msgs/yolo_msgs/msg/detail/key_point3_d_array__builder.hpp
[2.685s] -- Up-to-date: /home/xytron/xycar_ws/install/yolo_msgs/include/yolo_msgs/yolo_msgs/msg/detail/detection_array__struct.hpp
[2.685s] -- Up-to-date: /home/xytron/xycar_ws/install/yolo_msgs/include/yolo_msgs/yolo_msgs/msg/detail/key_point3_d__struct.hpp
[2.686s] -- Up-to-date: /home/xytron/xycar_ws/install/yolo_msgs/include/yolo_msgs/yolo_msgs/msg/detail/pose2_d__traits.hpp
[2.686s] -- Up-to-date: /home/xytron/xycar_ws/install/yolo_msgs/include/yolo_msgs/yolo_msgs/msg/detail/mask__builder.hpp
[2.686s] -- Up-to-date: /home/xytron/xycar_ws/install/yolo_msgs/include/yolo_msgs/yolo_msgs/msg/detail/key_point3_d__traits.hpp
[2.686s] -- Up-to-date: /home/xytron/xycar_ws/install/yolo_msgs/include/yolo_msgs/yolo_msgs/msg/detail/point2_d__type_support.hpp
[2.686s] -- Up-to-date: /home/xytron/xycar_ws/install/yolo_msgs/include/yolo_msgs/yolo_msgs/msg/detail/detection__builder.hpp
[2.686s] -- Up-to-date: /home/xytron/xycar_ws/install/yolo_msgs/include/yolo_msgs/yolo_msgs/msg/detail/point2_d__traits.hpp
[2.686s] -- Up-to-date: /home/xytron/xycar_ws/install/yolo_msgs/include/yolo_msgs/yolo_msgs/msg/detail/point2_d__struct.hpp
[2.686s] -- Up-to-date: /home/xytron/xycar_ws/install/yolo_msgs/include/yolo_msgs/yolo_msgs/msg/detail/detection_array__type_support.hpp
[2.686s] -- Up-to-date: /home/xytron/xycar_ws/install/yolo_msgs/include/yolo_msgs/yolo_msgs/msg/detail/key_point2_d__type_support.hpp
[2.686s] -- Up-to-date: /home/xytron/xycar_ws/install/yolo_msgs/include/yolo_msgs/yolo_msgs/msg/detail/vector2__struct.hpp
[2.686s] -- Up-to-date: /home/xytron/xycar_ws/install/yolo_msgs/include/yolo_msgs/yolo_msgs/msg/detail/detection__type_support.hpp
[2.686s] -- Up-to-date: /home/xytron/xycar_ws/install/yolo_msgs/include/yolo_msgs/yolo_msgs/msg/detail/bounding_box2_d__builder.hpp
[2.686s] -- Up-to-date: /home/xytron/xycar_ws/install/yolo_msgs/include/yolo_msgs/yolo_msgs/msg/detail/pose2_d__builder.hpp
[2.686s] -- Up-to-date: /home/xytron/xycar_ws/install/yolo_msgs/include/yolo_msgs/yolo_msgs/msg/detail/key_point3_d_array__struct.hpp
[2.686s] -- Up-to-date: /home/xytron/xycar_ws/install/yolo_msgs/include/yolo_msgs/yolo_msgs/msg/detail/bounding_box2_d__traits.hpp
[2.687s] -- Up-to-date: /home/xytron/xycar_ws/install/yolo_msgs/include/yolo_msgs/yolo_msgs/msg/detail/detection_array__builder.hpp
[2.687s] -- Up-to-date: /home/xytron/xycar_ws/install/yolo_msgs/include/yolo_msgs/yolo_msgs/msg/detail/pose2_d__struct.hpp
[2.690s] -- Up-to-date: /home/xytron/xycar_ws/install/yolo_msgs/include/yolo_msgs/yolo_msgs/msg/detail/key_point2_d__traits.hpp
[2.690s] -- Up-to-date: /home/xytron/xycar_ws/install/yolo_msgs/include/yolo_msgs/yolo_msgs/msg/detail/mask__traits.hpp
[2.690s] -- Up-to-date: /home/xytron/xycar_ws/install/yolo_msgs/include/yolo_msgs/yolo_msgs/msg/detail/mask__type_support.hpp
[2.690s] -- Up-to-date: /home/xytron/xycar_ws/install/yolo_msgs/include/yolo_msgs/yolo_msgs/msg/detail/pose2_d__type_support.hpp
[2.690s] -- Up-to-date: /home/xytron/xycar_ws/install/yolo_msgs/include/yolo_msgs/yolo_msgs/msg/detail/detection__struct.hpp
[2.690s] -- Up-to-date: /home/xytron/xycar_ws/install/yolo_msgs/include/yolo_msgs/yolo_msgs/msg/detail/key_point2_d__struct.hpp
[2.690s] -- Up-to-date: /home/xytron/xycar_ws/install/yolo_msgs/include/yolo_msgs/yolo_msgs/msg/detail/key_point3_d_array__traits.hpp
[2.691s] -- Up-to-date: /home/xytron/xycar_ws/install/yolo_msgs/include/yolo_msgs/yolo_msgs/msg/detail/point2_d__builder.hpp
[2.691s] -- Up-to-date: /home/xytron/xycar_ws/install/yolo_msgs/include/yolo_msgs/yolo_msgs/msg/detail/vector2__builder.hpp
[2.691s] -- Up-to-date: /home/xytron/xycar_ws/install/yolo_msgs/include/yolo_msgs/yolo_msgs/msg/detail/vector2__traits.hpp
[2.691s] -- Up-to-date: /home/xytron/xycar_ws/install/yolo_msgs/include/yolo_msgs/yolo_msgs/msg/detail/detection__traits.hpp
[2.691s] -- Up-to-date: /home/xytron/xycar_ws/install/yolo_msgs/include/yolo_msgs/yolo_msgs/msg/detail/key_point2_d_array__struct.hpp
[2.691s] -- Up-to-date: /home/xytron/xycar_ws/install/yolo_msgs/include/yolo_msgs/yolo_msgs/msg/detail/vector2__type_support.hpp
[2.691s] -- Up-to-date: /home/xytron/xycar_ws/install/yolo_msgs/include/yolo_msgs/yolo_msgs/msg/detail/bounding_box3_d__traits.hpp
[2.691s] -- Up-to-date: /home/xytron/xycar_ws/install/yolo_msgs/include/yolo_msgs/yolo_msgs/msg/detail/key_point2_d__builder.hpp
[2.691s] -- Up-to-date: /home/xytron/xycar_ws/install/yolo_msgs/include/yolo_msgs/yolo_msgs/msg/detail/key_point2_d_array__type_support.hpp
[2.691s] -- Up-to-date: /home/xytron/xycar_ws/install/yolo_msgs/include/yolo_msgs/yolo_msgs
[2.691s] -- Up-to-date: /home/xytron/xycar_ws/install/yolo_msgs/include/yolo_msgs/yolo_msgs/srv
[2.691s] -- Up-to-date: /home/xytron/xycar_ws/install/yolo_msgs/include/yolo_msgs/yolo_msgs/srv/detail
[2.692s] -- Up-to-date: /home/xytron/xycar_ws/install/yolo_msgs/include/yolo_msgs/yolo_msgs/srv/detail/dds_fastrtps
[2.692s] -- Up-to-date: /home/xytron/xycar_ws/install/yolo_msgs/include/yolo_msgs/yolo_msgs/srv/detail/set_classes__rosidl_typesupport_fastrtps_cpp.hpp
[2.692s] -- Up-to-date: /home/xytron/xycar_ws/install/yolo_msgs/include/yolo_msgs/yolo_msgs/msg
[2.692s] -- Up-to-date: /home/xytron/xycar_ws/install/yolo_msgs/include/yolo_msgs/yolo_msgs/msg/rosidl_typesupport_fastrtps_cpp__visibility_control.h
[2.692s] -- Up-to-date: /home/xytron/xycar_ws/install/yolo_msgs/include/yolo_msgs/yolo_msgs/msg/detail
[2.692s] -- Up-to-date: /home/xytron/xycar_ws/install/yolo_msgs/include/yolo_msgs/yolo_msgs/msg/detail/detection__rosidl_typesupport_fastrtps_cpp.hpp
[2.692s] -- Up-to-date: /home/xytron/xycar_ws/install/yolo_msgs/include/yolo_msgs/yolo_msgs/msg/detail/bounding_box2_d__rosidl_typesupport_fastrtps_cpp.hpp
[2.692s] -- Up-to-date: /home/xytron/xycar_ws/install/yolo_msgs/include/yolo_msgs/yolo_msgs/msg/detail/detection_array__rosidl_typesupport_fastrtps_cpp.hpp
[2.692s] -- Up-to-date: /home/xytron/xycar_ws/install/yolo_msgs/include/yolo_msgs/yolo_msgs/msg/detail/key_point3_d_array__rosidl_typesupport_fastrtps_cpp.hpp
[2.692s] -- Up-to-date: /home/xytron/xycar_ws/install/yolo_msgs/include/yolo_msgs/yolo_msgs/msg/detail/key_point2_d__rosidl_typesupport_fastrtps_cpp.hpp
[2.692s] -- Up-to-date: /home/xytron/xycar_ws/install/yolo_msgs/include/yolo_msgs/yolo_msgs/msg/detail/key_point3_d__rosidl_typesupport_fastrtps_cpp.hpp
[2.692s] -- Up-to-date: /home/xytron/xycar_ws/install/yolo_msgs/include/yolo_msgs/yolo_msgs/msg/detail/mask__rosidl_typesupport_fastrtps_cpp.hpp
[2.693s] -- Up-to-date: /home/xytron/xycar_ws/install/yolo_msgs/include/yolo_msgs/yolo_msgs/msg/detail/point2_d__rosidl_typesupport_fastrtps_cpp.hpp
[2.693s] -- Up-to-date: /home/xytron/xycar_ws/install/yolo_msgs/include/yolo_msgs/yolo_msgs/msg/detail/pose2_d__rosidl_typesupport_fastrtps_cpp.hpp
[2.693s] -- Up-to-date: /home/xytron/xycar_ws/install/yolo_msgs/include/yolo_msgs/yolo_msgs/msg/detail/dds_fastrtps
[2.693s] -- Up-to-date: /home/xytron/xycar_ws/install/yolo_msgs/include/yolo_msgs/yolo_msgs/msg/detail/vector2__rosidl_typesupport_fastrtps_cpp.hpp
[2.693s] -- Up-to-date: /home/xytron/xycar_ws/install/yolo_msgs/include/yolo_msgs/yolo_msgs/msg/detail/bounding_box3_d__rosidl_typesupport_fastrtps_cpp.hpp
[2.693s] -- Up-to-date: /home/xytron/xycar_ws/install/yolo_msgs/include/yolo_msgs/yolo_msgs/msg/detail/key_point2_d_array__rosidl_typesupport_fastrtps_cpp.hpp
[2.693s] -- Up-to-date: /home/xytron/xycar_ws/install/yolo_msgs/lib/libyolo_msgs__rosidl_typesupport_fastrtps_cpp.so
[2.693s] -- Up-to-date: /home/xytron/xycar_ws/install/yolo_msgs/include/yolo_msgs/yolo_msgs
[2.693s] -- Up-to-date: /home/xytron/xycar_ws/install/yolo_msgs/include/yolo_msgs/yolo_msgs/srv
[2.693s] -- Up-to-date: /home/xytron/xycar_ws/install/yolo_msgs/include/yolo_msgs/yolo_msgs/srv/detail
[2.693s] -- Up-to-date: /home/xytron/xycar_ws/install/yolo_msgs/include/yolo_msgs/yolo_msgs/srv/detail/set_classes__type_support.cpp
[2.693s] -- Up-to-date: /home/xytron/xycar_ws/install/yolo_msgs/include/yolo_msgs/yolo_msgs/srv/detail/set_classes__rosidl_typesupport_introspection_cpp.hpp
[2.693s] -- Up-to-date: /home/xytron/xycar_ws/install/yolo_msgs/include/yolo_msgs/yolo_msgs/msg
[2.694s] -- Up-to-date: /home/xytron/xycar_ws/install/yolo_msgs/include/yolo_msgs/yolo_msgs/msg/detail
[2.694s] -- Up-to-date: /home/xytron/xycar_ws/install/yolo_msgs/include/yolo_msgs/yolo_msgs/msg/detail/detection_array__rosidl_typesupport_introspection_cpp.hpp
[2.694s] -- Up-to-date: /home/xytron/xycar_ws/install/yolo_msgs/include/yolo_msgs/yolo_msgs/msg/detail/vector2__type_support.cpp
[2.694s] -- Up-to-date: /home/xytron/xycar_ws/install/yolo_msgs/include/yolo_msgs/yolo_msgs/msg/detail/bounding_box3_d__rosidl_typesupport_introspection_cpp.hpp
[2.694s] -- Up-to-date: /home/xytron/xycar_ws/install/yolo_msgs/include/yolo_msgs/yolo_msgs/msg/detail/key_point2_d_array__type_support.cpp
[2.695s] -- Up-to-date: /home/xytron/xycar_ws/install/yolo_msgs/include/yolo_msgs/yolo_msgs/msg/detail/key_point2_d__type_support.cpp
[2.695s] -- Up-to-date: /home/xytron/xycar_ws/install/yolo_msgs/include/yolo_msgs/yolo_msgs/msg/detail/bounding_box3_d__type_support.cpp
[2.695s] -- Up-to-date: /home/xytron/xycar_ws/install/yolo_msgs/include/yolo_msgs/yolo_msgs/msg/detail/detection_array__type_support.cpp
[2.695s] -- Up-to-date: /home/xytron/xycar_ws/install/yolo_msgs/include/yolo_msgs/yolo_msgs/msg/detail/pose2_d__type_support.cpp
[2.695s] -- Up-to-date: /home/xytron/xycar_ws/install/yolo_msgs/include/yolo_msgs/yolo_msgs/msg/detail/key_point2_d__rosidl_typesupport_introspection_cpp.hpp
[2.695s] -- Up-to-date: /home/xytron/xycar_ws/install/yolo_msgs/include/yolo_msgs/yolo_msgs/msg/detail/vector2__rosidl_typesupport_introspection_cpp.hpp
[2.695s] -- Up-to-date: /home/xytron/xycar_ws/install/yolo_msgs/include/yolo_msgs/yolo_msgs/msg/detail/mask__rosidl_typesupport_introspection_cpp.hpp
[2.695s] -- Up-to-date: /home/xytron/xycar_ws/install/yolo_msgs/include/yolo_msgs/yolo_msgs/msg/detail/key_point3_d__rosidl_typesupport_introspection_cpp.hpp
[2.695s] -- Up-to-date: /home/xytron/xycar_ws/install/yolo_msgs/include/yolo_msgs/yolo_msgs/msg/detail/point2_d__type_support.cpp
[2.695s] -- Up-to-date: /home/xytron/xycar_ws/install/yolo_msgs/include/yolo_msgs/yolo_msgs/msg/detail/pose2_d__rosidl_typesupport_introspection_cpp.hpp
[2.695s] -- Up-to-date: /home/xytron/xycar_ws/install/yolo_msgs/include/yolo_msgs/yolo_msgs/msg/detail/key_point3_d__type_support.cpp
[2.695s] -- Up-to-date: /home/xytron/xycar_ws/install/yolo_msgs/include/yolo_msgs/yolo_msgs/msg/detail/point2_d__rosidl_typesupport_introspection_cpp.hpp
[2.695s] -- Up-to-date: /home/xytron/xycar_ws/install/yolo_msgs/include/yolo_msgs/yolo_msgs/msg/detail/mask__type_support.cpp
[2.695s] -- Up-to-date: /home/xytron/xycar_ws/install/yolo_msgs/include/yolo_msgs/yolo_msgs/msg/detail/key_point3_d_array__rosidl_typesupport_introspection_cpp.hpp
[2.696s] -- Up-to-date: /home/xytron/xycar_ws/install/yolo_msgs/include/yolo_msgs/yolo_msgs/msg/detail/bounding_box2_d__type_support.cpp
[2.696s] -- Up-to-date: /home/xytron/xycar_ws/install/yolo_msgs/include/yolo_msgs/yolo_msgs/msg/detail/key_point2_d_array__rosidl_typesupport_introspection_cpp.hpp
[2.696s] -- Up-to-date: /home/xytron/xycar_ws/install/yolo_msgs/include/yolo_msgs/yolo_msgs/msg/detail/detection__rosidl_typesupport_introspection_cpp.hpp
[2.696s] -- Up-to-date: /home/xytron/xycar_ws/install/yolo_msgs/include/yolo_msgs/yolo_msgs/msg/detail/detection__type_support.cpp
[2.696s] -- Up-to-date: /home/xytron/xycar_ws/install/yolo_msgs/include/yolo_msgs/yolo_msgs/msg/detail/key_point3_d_array__type_support.cpp
[2.696s] -- Up-to-date: /home/xytron/xycar_ws/install/yolo_msgs/include/yolo_msgs/yolo_msgs/msg/detail/bounding_box2_d__rosidl_typesupport_introspection_cpp.hpp
[2.696s] -- Up-to-date: /home/xytron/xycar_ws/install/yolo_msgs/lib/libyolo_msgs__rosidl_typesupport_introspection_cpp.so
[2.696s] -- Up-to-date: /home/xytron/xycar_ws/install/yolo_msgs/lib/libyolo_msgs__rosidl_typesupport_cpp.so
[2.696s] -- Up-to-date: /home/xytron/xycar_ws/install/yolo_msgs/share/yolo_msgs/environment/pythonpath.sh
[2.696s] -- Up-to-date: /home/xytron/xycar_ws/install/yolo_msgs/share/yolo_msgs/environment/pythonpath.dsv
[2.696s] -- Up-to-date: /home/xytron/xycar_ws/install/yolo_msgs/local/lib/python3.10/dist-packages/yolo_msgs-4.1.1-py3.10.egg-info
[2.697s] -- Installing: /home/xytron/xycar_ws/install/yolo_msgs/local/lib/python3.10/dist-packages/yolo_msgs-4.1.1-py3.10.egg-info/PKG-INFO
[2.697s] -- Installing: /home/xytron/xycar_ws/install/yolo_msgs/local/lib/python3.10/dist-packages/yolo_msgs-4.1.1-py3.10.egg-info/dependency_links.txt
[2.697s] -- Installing: /home/xytron/xycar_ws/install/yolo_msgs/local/lib/python3.10/dist-packages/yolo_msgs-4.1.1-py3.10.egg-info/top_level.txt
[2.697s] -- Installing: /home/xytron/xycar_ws/install/yolo_msgs/local/lib/python3.10/dist-packages/yolo_msgs-4.1.1-py3.10.egg-info/SOURCES.txt
[2.697s] -- Up-to-date: /home/xytron/xycar_ws/install/yolo_msgs/local/lib/python3.10/dist-packages/yolo_msgs
[2.697s] -- Up-to-date: /home/xytron/xycar_ws/install/yolo_msgs/local/lib/python3.10/dist-packages/yolo_msgs/__init__.py
[2.697s] -- Up-to-date: /home/xytron/xycar_ws/install/yolo_msgs/local/lib/python3.10/dist-packages/yolo_msgs/yolo_msgs_s__rosidl_typesupport_fastrtps_c.cpython-310-x86_64-linux-gnu.so
[2.698s] -- Up-to-date: /home/xytron/xycar_ws/install/yolo_msgs/local/lib/python3.10/dist-packages/yolo_msgs/_yolo_msgs_s.ep.rosidl_typesupport_c.c
[2.698s] -- Up-to-date: /home/xytron/xycar_ws/install/yolo_msgs/local/lib/python3.10/dist-packages/yolo_msgs/srv
[2.698s] -- Up-to-date: /home/xytron/xycar_ws/install/yolo_msgs/local/lib/python3.10/dist-packages/yolo_msgs/srv/__init__.py
[2.698s] -- Up-to-date: /home/xytron/xycar_ws/install/yolo_msgs/local/lib/python3.10/dist-packages/yolo_msgs/srv/_set_classes_s.c
[2.698s] -- Up-to-date: /home/xytron/xycar_ws/install/yolo_msgs/local/lib/python3.10/dist-packages/yolo_msgs/srv/_set_classes.py
[2.698s] -- Up-to-date: /home/xytron/xycar_ws/install/yolo_msgs/local/lib/python3.10/dist-packages/yolo_msgs/libyolo_msgs__rosidl_generator_py.so
[2.698s] -- Up-to-date: /home/xytron/xycar_ws/install/yolo_msgs/local/lib/python3.10/dist-packages/yolo_msgs/msg
[2.698s] -- Up-to-date: /home/xytron/xycar_ws/install/yolo_msgs/local/lib/python3.10/dist-packages/yolo_msgs/msg/_key_point3_d_array_s.c
[2.698s] -- Up-to-date: /home/xytron/xycar_ws/install/yolo_msgs/local/lib/python3.10/dist-packages/yolo_msgs/msg/_detection_array.py
[2.698s] -- Up-to-date: /home/xytron/xycar_ws/install/yolo_msgs/local/lib/python3.10/dist-packages/yolo_msgs/msg/__init__.py
[2.700s] -- Up-to-date: /home/xytron/xycar_ws/install/yolo_msgs/local/lib/python3.10/dist-packages/yolo_msgs/msg/_key_point2_d_array.py
[2.700s] -- Up-to-date: /home/xytron/xycar_ws/install/yolo_msgs/local/lib/python3.10/dist-packages/yolo_msgs/msg/_point2_d_s.c
[2.700s] -- Up-to-date: /home/xytron/xycar_ws/install/yolo_msgs/local/lib/python3.10/dist-packages/yolo_msgs/msg/_detection_array_s.c
[2.701s] -- Up-to-date: /home/xytron/xycar_ws/install/yolo_msgs/local/lib/python3.10/dist-packages/yolo_msgs/msg/_pose2_d.py
[2.701s] -- Up-to-date: /home/xytron/xycar_ws/install/yolo_msgs/local/lib/python3.10/dist-packages/yolo_msgs/msg/_mask_s.c
[2.701s] -- Up-to-date: /home/xytron/xycar_ws/install/yolo_msgs/local/lib/python3.10/dist-packages/yolo_msgs/msg/_bounding_box3_d.py
[2.701s] -- Up-to-date: /home/xytron/xycar_ws/install/yolo_msgs/local/lib/python3.10/dist-packages/yolo_msgs/msg/_key_point3_d_array.py
[2.701s] -- Up-to-date: /home/xytron/xycar_ws/install/yolo_msgs/local/lib/python3.10/dist-packages/yolo_msgs/msg/_pose2_d_s.c
[2.701s] -- Up-to-date: /home/xytron/xycar_ws/install/yolo_msgs/local/lib/python3.10/dist-packages/yolo_msgs/msg/_point2_d.py
[2.701s] -- Up-to-date: /home/xytron/xycar_ws/install/yolo_msgs/local/lib/python3.10/dist-packages/yolo_msgs/msg/_key_point3_d.py
[2.701s] -- Up-to-date: /home/xytron/xycar_ws/install/yolo_msgs/local/lib/python3.10/dist-packages/yolo_msgs/msg/_key_point2_d.py
[2.702s] -- Up-to-date: /home/xytron/xycar_ws/install/yolo_msgs/local/lib/python3.10/dist-packages/yolo_msgs/msg/_bounding_box3_d_s.c
[2.702s] -- Up-to-date: /home/xytron/xycar_ws/install/yolo_msgs/local/lib/python3.10/dist-packages/yolo_msgs/msg/_bounding_box2_d.py
[2.702s] -- Up-to-date: /home/xytron/xycar_ws/install/yolo_msgs/local/lib/python3.10/dist-packages/yolo_msgs/msg/_key_point3_d_s.c
[2.702s] -- Up-to-date: /home/xytron/xycar_ws/install/yolo_msgs/local/lib/python3.10/dist-packages/yolo_msgs/msg/_mask.py
[2.702s] -- Up-to-date: /home/xytron/xycar_ws/install/yolo_msgs/local/lib/python3.10/dist-packages/yolo_msgs/msg/_detection.py
[2.709s] -- Up-to-date: /home/xytron/xycar_ws/install/yolo_msgs/local/lib/python3.10/dist-packages/yolo_msgs/msg/_vector2.py
[2.710s] -- Up-to-date: /home/xytron/xycar_ws/install/yolo_msgs/local/lib/python3.10/dist-packages/yolo_msgs/msg/_key_point2_d_s.c
[2.710s] -- Up-to-date: /home/xytron/xycar_ws/install/yolo_msgs/local/lib/python3.10/dist-packages/yolo_msgs/msg/_key_point2_d_array_s.c
[2.710s] -- Up-to-date: /home/xytron/xycar_ws/install/yolo_msgs/local/lib/python3.10/dist-packages/yolo_msgs/msg/_detection_s.c
[2.710s] -- Up-to-date: /home/xytron/xycar_ws/install/yolo_msgs/local/lib/python3.10/dist-packages/yolo_msgs/msg/_bounding_box2_d_s.c
[2.710s] -- Up-to-date: /home/xytron/xycar_ws/install/yolo_msgs/local/lib/python3.10/dist-packages/yolo_msgs/msg/_vector2_s.c
[2.710s] -- Up-to-date: /home/xytron/xycar_ws/install/yolo_msgs/local/lib/python3.10/dist-packages/yolo_msgs/_yolo_msgs_s.ep.rosidl_typesupport_fastrtps_c.c
[2.710s] -- Up-to-date: /home/xytron/xycar_ws/install/yolo_msgs/local/lib/python3.10/dist-packages/yolo_msgs/_yolo_msgs_s.ep.rosidl_typesupport_introspection_c.c
[2.710s] -- Up-to-date: /home/xytron/xycar_ws/install/yolo_msgs/local/lib/python3.10/dist-packages/yolo_msgs/yolo_msgs_s__rosidl_typesupport_c.cpython-310-x86_64-linux-gnu.so
[2.710s] -- Up-to-date: /home/xytron/xycar_ws/install/yolo_msgs/local/lib/python3.10/dist-packages/yolo_msgs/yolo_msgs_s__rosidl_typesupport_introspection_c.cpython-310-x86_64-linux-gnu.so
[2.802s] Listing '/home/xytron/xycar_ws/install/yolo_msgs/local/lib/python3.10/dist-packages/yolo_msgs'...
[2.803s] Listing '/home/xytron/xycar_ws/install/yolo_msgs/local/lib/python3.10/dist-packages/yolo_msgs/msg'...
[2.803s] Listing '/home/xytron/xycar_ws/install/yolo_msgs/local/lib/python3.10/dist-packages/yolo_msgs/srv'...
[2.825s] -- Up-to-date: /home/xytron/xycar_ws/install/yolo_msgs/local/lib/python3.10/dist-packages/yolo_msgs/yolo_msgs_s__rosidl_typesupport_fastrtps_c.cpython-310-x86_64-linux-gnu.so
[2.826s] -- Up-to-date: /home/xytron/xycar_ws/install/yolo_msgs/local/lib/python3.10/dist-packages/yolo_msgs/yolo_msgs_s__rosidl_typesupport_introspection_c.cpython-310-x86_64-linux-gnu.so
[2.826s] -- Up-to-date: /home/xytron/xycar_ws/install/yolo_msgs/local/lib/python3.10/dist-packages/yolo_msgs/yolo_msgs_s__rosidl_typesupport_c.cpython-310-x86_64-linux-gnu.so
[2.828s] -- Up-to-date: /home/xytron/xycar_ws/install/yolo_msgs/lib/libyolo_msgs__rosidl_generator_py.so
[2.829s] -- Up-to-date: /home/xytron/xycar_ws/install/yolo_msgs/share/yolo_msgs/msg/Point2D.idl
[2.831s] -- Up-to-date: /home/xytron/xycar_ws/install/yolo_msgs/share/yolo_msgs/msg/Vector2.idl
[2.834s] -- Up-to-date: /home/xytron/xycar_ws/install/yolo_msgs/share/yolo_msgs/msg/Pose2D.idl
[2.835s] -- Up-to-date: /home/xytron/xycar_ws/install/yolo_msgs/share/yolo_msgs/msg/BoundingBox2D.idl
[2.835s] -- Up-to-date: /home/xytron/xycar_ws/install/yolo_msgs/share/yolo_msgs/msg/BoundingBox3D.idl
[2.836s] -- Up-to-date: /home/xytron/xycar_ws/install/yolo_msgs/share/yolo_msgs/msg/Mask.idl
[2.837s] -- Up-to-date: /home/xytron/xycar_ws/install/yolo_msgs/share/yolo_msgs/msg/KeyPoint2D.idl
[2.837s] -- Up-to-date: /home/xytron/xycar_ws/install/yolo_msgs/share/yolo_msgs/msg/KeyPoint2DArray.idl
[2.837s] -- Up-to-date: /home/xytron/xycar_ws/install/yolo_msgs/share/yolo_msgs/msg/KeyPoint3D.idl
[2.842s] -- Up-to-date: /home/xytron/xycar_ws/install/yolo_msgs/share/yolo_msgs/msg/KeyPoint3DArray.idl
[2.842s] -- Up-to-date: /home/xytron/xycar_ws/install/yolo_msgs/share/yolo_msgs/msg/Detection.idl
[2.843s] -- Up-to-date: /home/xytron/xycar_ws/install/yolo_msgs/share/yolo_msgs/msg/DetectionArray.idl
[2.843s] -- Up-to-date: /home/xytron/xycar_ws/install/yolo_msgs/share/yolo_msgs/srv/SetClasses.idl
[2.843s] -- Up-to-date: /home/xytron/xycar_ws/install/yolo_msgs/share/yolo_msgs/msg/Point2D.msg
[2.843s] -- Up-to-date: /home/xytron/xycar_ws/install/yolo_msgs/share/yolo_msgs/msg/Vector2.msg
[2.843s] -- Up-to-date: /home/xytron/xycar_ws/install/yolo_msgs/share/yolo_msgs/msg/Pose2D.msg
[2.844s] -- Up-to-date: /home/xytron/xycar_ws/install/yolo_msgs/share/yolo_msgs/msg/BoundingBox2D.msg
[2.844s] -- Up-to-date: /home/xytron/xycar_ws/install/yolo_msgs/share/yolo_msgs/msg/BoundingBox3D.msg
[2.844s] -- Up-to-date: /home/xytron/xycar_ws/install/yolo_msgs/share/yolo_msgs/msg/Mask.msg
[2.844s] -- Up-to-date: /home/xytron/xycar_ws/install/yolo_msgs/share/yolo_msgs/msg/KeyPoint2D.msg
[2.846s] -- Up-to-date: /home/xytron/xycar_ws/install/yolo_msgs/share/yolo_msgs/msg/KeyPoint2DArray.msg
[2.847s] -- Up-to-date: /home/xytron/xycar_ws/install/yolo_msgs/share/yolo_msgs/msg/KeyPoint3D.msg
[2.848s] -- Up-to-date: /home/xytron/xycar_ws/install/yolo_msgs/share/yolo_msgs/msg/KeyPoint3DArray.msg
[2.848s] -- Up-to-date: /home/xytron/xycar_ws/install/yolo_msgs/share/yolo_msgs/msg/Detection.msg
[2.849s] -- Up-to-date: /home/xytron/xycar_ws/install/yolo_msgs/share/yolo_msgs/msg/DetectionArray.msg
[2.849s] -- Up-to-date: /home/xytron/xycar_ws/install/yolo_msgs/share/yolo_msgs/srv/SetClasses.srv
[2.849s] -- Up-to-date: /home/xytron/xycar_ws/install/yolo_msgs/share/yolo_msgs/srv/SetClasses_Request.msg
[2.849s] -- Up-to-date: /home/xytron/xycar_ws/install/yolo_msgs/share/yolo_msgs/srv/SetClasses_Response.msg
[2.849s] -- Up-to-date: /home/xytron/xycar_ws/install/yolo_msgs/share/ament_index/resource_index/package_run_dependencies/yolo_msgs
[2.849s] -- Up-to-date: /home/xytron/xycar_ws/install/yolo_msgs/share/ament_index/resource_index/parent_prefix_path/yolo_msgs
[2.849s] -- Up-to-date: /home/xytron/xycar_ws/install/yolo_msgs/share/yolo_msgs/environment/ament_prefix_path.sh
[2.849s] -- Up-to-date: /home/xytron/xycar_ws/install/yolo_msgs/share/yolo_msgs/environment/ament_prefix_path.dsv
[2.849s] -- Up-to-date: /home/xytron/xycar_ws/install/yolo_msgs/share/yolo_msgs/environment/path.sh
[2.849s] -- Up-to-date: /home/xytron/xycar_ws/install/yolo_msgs/share/yolo_msgs/environment/path.dsv
[2.849s] -- Up-to-date: /home/xytron/xycar_ws/install/yolo_msgs/share/yolo_msgs/local_setup.bash
[2.849s] -- Up-to-date: /home/xytron/xycar_ws/install/yolo_msgs/share/yolo_msgs/local_setup.sh
[2.849s] -- Up-to-date: /home/xytron/xycar_ws/install/yolo_msgs/share/yolo_msgs/local_setup.zsh
[2.850s] -- Up-to-date: /home/xytron/xycar_ws/install/yolo_msgs/share/yolo_msgs/local_setup.dsv
[2.850s] -- Installing: /home/xytron/xycar_ws/install/yolo_msgs/share/yolo_msgs/package.dsv
[2.851s] -- Up-to-date: /home/xytron/xycar_ws/install/yolo_msgs/share/ament_index/resource_index/packages/yolo_msgs
[2.852s] -- Up-to-date: /home/xytron/xycar_ws/install/yolo_msgs/share/yolo_msgs/cmake/export_yolo_msgs__rosidl_generator_cExport.cmake
[2.854s] -- Up-to-date: /home/xytron/xycar_ws/install/yolo_msgs/share/yolo_msgs/cmake/export_yolo_msgs__rosidl_generator_cExport-noconfig.cmake
[2.863s] -- Up-to-date: /home/xytron/xycar_ws/install/yolo_msgs/share/yolo_msgs/cmake/export_yolo_msgs__rosidl_typesupport_fastrtps_cExport.cmake
[2.867s] -- Up-to-date: /home/xytron/xycar_ws/install/yolo_msgs/share/yolo_msgs/cmake/export_yolo_msgs__rosidl_typesupport_fastrtps_cExport-noconfig.cmake
[2.868s] -- Up-to-date: /home/xytron/xycar_ws/install/yolo_msgs/share/yolo_msgs/cmake/yolo_msgs__rosidl_typesupport_introspection_cExport.cmake
[2.869s] -- Up-to-date: /home/xytron/xycar_ws/install/yolo_msgs/share/yolo_msgs/cmake/yolo_msgs__rosidl_typesupport_introspection_cExport-noconfig.cmake
[2.869s] -- Up-to-date: /home/xytron/xycar_ws/install/yolo_msgs/share/yolo_msgs/cmake/yolo_msgs__rosidl_typesupport_cExport.cmake
[2.869s] -- Up-to-date: /home/xytron/xycar_ws/install/yolo_msgs/share/yolo_msgs/cmake/yolo_msgs__rosidl_typesupport_cExport-noconfig.cmake
[2.869s] -- Up-to-date: /home/xytron/xycar_ws/install/yolo_msgs/share/yolo_msgs/cmake/export_yolo_msgs__rosidl_generator_cppExport.cmake
[2.869s] -- Up-to-date: /home/xytron/xycar_ws/install/yolo_msgs/share/yolo_msgs/cmake/export_yolo_msgs__rosidl_typesupport_fastrtps_cppExport.cmake
[2.870s] -- Up-to-date: /home/xytron/xycar_ws/install/yolo_msgs/share/yolo_msgs/cmake/export_yolo_msgs__rosidl_typesupport_fastrtps_cppExport-noconfig.cmake
[2.873s] -- Up-to-date: /home/xytron/xycar_ws/install/yolo_msgs/share/yolo_msgs/cmake/yolo_msgs__rosidl_typesupport_introspection_cppExport.cmake
[2.880s] -- Up-to-date: /home/xytron/xycar_ws/install/yolo_msgs/share/yolo_msgs/cmake/yolo_msgs__rosidl_typesupport_introspection_cppExport-noconfig.cmake
[2.881s] -- Up-to-date: /home/xytron/xycar_ws/install/yolo_msgs/share/yolo_msgs/cmake/yolo_msgs__rosidl_typesupport_cppExport.cmake
[2.882s] -- Up-to-date: /home/xytron/xycar_ws/install/yolo_msgs/share/yolo_msgs/cmake/yolo_msgs__rosidl_typesupport_cppExport-noconfig.cmake
[2.883s] -- Up-to-date: /home/xytron/xycar_ws/install/yolo_msgs/share/yolo_msgs/cmake/export_yolo_msgs__rosidl_generator_pyExport.cmake
[2.891s] -- Up-to-date: /home/xytron/xycar_ws/install/yolo_msgs/share/yolo_msgs/cmake/export_yolo_msgs__rosidl_generator_pyExport-noconfig.cmake
[2.892s] -- Up-to-date: /home/xytron/xycar_ws/install/yolo_msgs/share/yolo_msgs/cmake/rosidl_cmake-extras.cmake
[2.892s] -- Up-to-date: /home/xytron/xycar_ws/install/yolo_msgs/share/yolo_msgs/cmake/ament_cmake_export_dependencies-extras.cmake
[2.892s] -- Up-to-date: /home/xytron/xycar_ws/install/yolo_msgs/share/yolo_msgs/cmake/ament_cmake_export_include_directories-extras.cmake
[2.893s] -- Up-to-date: /home/xytron/xycar_ws/install/yolo_msgs/share/yolo_msgs/cmake/ament_cmake_export_libraries-extras.cmake
[2.893s] -- Up-to-date: /home/xytron/xycar_ws/install/yolo_msgs/share/yolo_msgs/cmake/ament_cmake_export_targets-extras.cmake
[2.893s] -- Up-to-date: /home/xytron/xycar_ws/install/yolo_msgs/share/yolo_msgs/cmake/rosidl_cmake_export_typesupport_targets-extras.cmake
[2.893s] -- Up-to-date: /home/xytron/xycar_ws/install/yolo_msgs/share/yolo_msgs/cmake/rosidl_cmake_export_typesupport_libraries-extras.cmake
[2.893s] -- Up-to-date: /home/xytron/xycar_ws/install/yolo_msgs/share/yolo_msgs/cmake/yolo_msgsConfig.cmake
[2.893s] -- Up-to-date: /home/xytron/xycar_ws/install/yolo_msgs/share/yolo_msgs/cmake/yolo_msgsConfig-version.cmake
[2.894s] -- Up-to-date: /home/xytron/xycar_ws/install/yolo_msgs/share/yolo_msgs/package.xml
[2.894s] Invoked command in '/home/xytron/xycar_ws/build/yolo_msgs' returned '0': CMAKE_PREFIX_PATH=${CMAKE_PREFIX_PATH}:/home/xytron/xycar_ws/install/xycar_planner:/home/xytron/xycar_ws/install/control_motor:/home/xytron/xycar_ws/install/xycar_motor:/home/xytron/xycar_ws/install/xycar_imu:/home/xytron/xycar_ws/install/xycar_cam:/home/xytron/xycar_ws/install/app_ultra_viewer:/home/xytron/xycar_ws/install/app_turtlesim:/home/xytron/xycar_ws/install/app_sensor_drive:/home/xytron/xycar_ws/install/app_rule_drive_sim:/home/xytron/xycar_ws/install/app_pubsub:/home/xytron/xycar_ws/install/app_path_planning:/home/xytron/xycar_ws/install/app_hough_drive:/home/xytron/xycar_ws/install/app_cam_exposure:/home/xytron/xycar_ws/install/app_8_drive:/opt/ros/humble /usr/bin/cmake --install /home/xytron/xycar_ws/build/yolo_msgs
