[5.253s] Invoking command in '/home/xytron/xycar_ws/src/xycar_device/xycar_motor': PYTHONPATH=/home/xytron/xycar_ws/build/xycar_motor/prefix_override:/usr/lib/python3/dist-packages/colcon_core/task/python/colcon_distutils_commands:/home/xytron/xycar_ws/install/xycar_motor/lib/python3.10/site-packages:${PYTHONPATH} /usr/bin/python3 -W ignore:setup.py install is deprecated -W ignore:easy_install command is deprecated setup.py egg_info --egg-base ../../../build/xycar_motor build --build-base /home/xytron/xycar_ws/build/xycar_motor/build install --record /home/xytron/xycar_ws/build/xycar_motor/install.log --single-version-externally-managed install_data
[6.391s] running egg_info
[6.398s] writing ../../../build/xycar_motor/xycar_motor.egg-info/PKG-INFO
[6.399s] writing dependency_links to ../../../build/xycar_motor/xycar_motor.egg-info/dependency_links.txt
[6.399s] writing entry points to ../../../build/xycar_motor/xycar_motor.egg-info/entry_points.txt
[6.400s] writing requirements to ../../../build/xycar_motor/xycar_motor.egg-info/requires.txt
[6.400s] writing top-level names to ../../../build/xycar_motor/xycar_motor.egg-info/top_level.txt
[6.407s] reading manifest file '../../../build/xycar_motor/xycar_motor.egg-info/SOURCES.txt'
[6.408s] writing manifest file '../../../build/xycar_motor/xycar_motor.egg-info/SOURCES.txt'
[6.410s] running build
[6.410s] running build_py
[6.411s] running install
[6.412s] running install_lib
[6.417s] running install_data
[6.418s] running install_egg_info
[6.432s] removing '/home/xytron/xycar_ws/install/xycar_motor/lib/python3.10/site-packages/xycar_motor-0.0.0-py3.10.egg-info' (and everything under it)
[6.437s] Copying ../../../build/xycar_motor/xycar_motor.egg-info to /home/xytron/xycar_ws/install/xycar_motor/lib/python3.10/site-packages/xycar_motor-0.0.0-py3.10.egg-info
[6.441s] running install_scripts
[6.539s] Installing motor_test script to /home/xytron/xycar_ws/install/xycar_motor/lib/xycar_motor
[6.548s] Installing vesc_test script to /home/xytron/xycar_ws/install/xycar_motor/lib/xycar_motor
[6.549s] Installing xycar_motor script to /home/xytron/xycar_ws/install/xycar_motor/lib/xycar_motor
[6.551s] writing list of installed files to '/home/xytron/xycar_ws/build/xycar_motor/install.log'
[6.775s] Invoked command in '/home/xytron/xycar_ws/src/xycar_device/xycar_motor' returned '0': PYTHONPATH=/home/xytron/xycar_ws/build/xycar_motor/prefix_override:/usr/lib/python3/dist-packages/colcon_core/task/python/colcon_distutils_commands:/home/xytron/xycar_ws/install/xycar_motor/lib/python3.10/site-packages:${PYTHONPATH} /usr/bin/python3 -W ignore:setup.py install is deprecated -W ignore:easy_install command is deprecated setup.py egg_info --egg-base ../../../build/xycar_motor build --build-base /home/xytron/xycar_ws/build/xycar_motor/build install --record /home/xytron/xycar_ws/build/xycar_motor/install.log --single-version-externally-managed install_data
