[3.577s] Invoking command in '/home/xytron/xycar_ws/src/xycar_device/xycar_cam': PYTHONPATH=/home/xytron/xycar_ws/build/xycar_cam/prefix_override:/usr/lib/python3/dist-packages/colcon_core/task/python/colcon_distutils_commands:/home/xytron/xycar_ws/install/xycar_cam/lib/python3.10/site-packages:${PYTHONPATH} /usr/bin/python3 -W ignore:setup.py install is deprecated -W ignore:easy_install command is deprecated setup.py egg_info --egg-base ../../../build/xycar_cam build --build-base /home/xytron/xycar_ws/build/xycar_cam/build install --record /home/xytron/xycar_ws/build/xycar_cam/install.log --single-version-externally-managed install_data
[4.336s] running egg_info
[4.338s] writing ../../../build/xycar_cam/xycar_cam.egg-info/PKG-INFO
[4.338s] writing dependency_links to ../../../build/xycar_cam/xycar_cam.egg-info/dependency_links.txt
[4.338s] writing entry points to ../../../build/xycar_cam/xycar_cam.egg-info/entry_points.txt
[4.339s] writing requirements to ../../../build/xycar_cam/xycar_cam.egg-info/requires.txt
[4.339s] writing top-level names to ../../../build/xycar_cam/xycar_cam.egg-info/top_level.txt
[4.344s] reading manifest file '../../../build/xycar_cam/xycar_cam.egg-info/SOURCES.txt'
[4.346s] writing manifest file '../../../build/xycar_cam/xycar_cam.egg-info/SOURCES.txt'
[4.346s] running build
[4.346s] running build_py
[4.346s] running install
[4.347s] running install_lib
[4.351s] running install_data
[4.351s] running install_egg_info
[4.353s] removing '/home/xytron/xycar_ws/install/xycar_cam/lib/python3.10/site-packages/xycar_cam-0.0.0-py3.10.egg-info' (and everything under it)
[4.354s] Copying ../../../build/xycar_cam/xycar_cam.egg-info to /home/xytron/xycar_ws/install/xycar_cam/lib/python3.10/site-packages/xycar_cam-0.0.0-py3.10.egg-info
[4.355s] running install_scripts
[4.408s] writing list of installed files to '/home/xytron/xycar_ws/build/xycar_cam/install.log'
[4.517s] Invoked command in '/home/xytron/xycar_ws/src/xycar_device/xycar_cam' returned '0': PYTHONPATH=/home/xytron/xycar_ws/build/xycar_cam/prefix_override:/usr/lib/python3/dist-packages/colcon_core/task/python/colcon_distutils_commands:/home/xytron/xycar_ws/install/xycar_cam/lib/python3.10/site-packages:${PYTHONPATH} /usr/bin/python3 -W ignore:setup.py install is deprecated -W ignore:easy_install command is deprecated setup.py egg_info --egg-base ../../../build/xycar_cam build --build-base /home/xytron/xycar_ws/build/xycar_cam/build install --record /home/xytron/xycar_ws/build/xycar_cam/install.log --single-version-externally-managed install_data
