[2.917s] Invoking command in '/home/xytron/xycar_ws/src/xycar_planner': PYTHONPATH=/home/xytron/xycar_ws/build/xycar_planner/prefix_override:/usr/lib/python3/dist-packages/colcon_core/task/python/colcon_distutils_commands:/home/xytron/xycar_ws/install/xycar_planner/lib/python3.10/site-packages:${PYTHONPATH} /usr/bin/python3 -W ignore:setup.py install is deprecated -W ignore:easy_install command is deprecated setup.py egg_info --egg-base ../../build/xycar_planner build --build-base /home/xytron/xycar_ws/build/xycar_planner/build install --record /home/xytron/xycar_ws/build/xycar_planner/install.log --single-version-externally-managed install_data
[3.298s] running egg_info
[3.299s] writing ../../build/xycar_planner/xycar_planner.egg-info/PKG-INFO
[3.299s] writing dependency_links to ../../build/xycar_planner/xycar_planner.egg-info/dependency_links.txt
[3.300s] writing entry points to ../../build/xycar_planner/xycar_planner.egg-info/entry_points.txt
[3.300s] writing requirements to ../../build/xycar_planner/xycar_planner.egg-info/requires.txt
[3.300s] writing top-level names to ../../build/xycar_planner/xycar_planner.egg-info/top_level.txt
[3.304s] reading manifest file '../../build/xycar_planner/xycar_planner.egg-info/SOURCES.txt'
[3.306s] writing manifest file '../../build/xycar_planner/xycar_planner.egg-info/SOURCES.txt'
[3.306s] running build
[3.306s] running build_py
[3.306s] running install
[3.307s] running install_lib
[3.309s] running install_data
[3.309s] running install_egg_info
[3.313s] removing '/home/xytron/xycar_ws/install/xycar_planner/lib/python3.10/site-packages/xycar_planner-0.0.0-py3.10.egg-info' (and everything under it)
[3.314s] Copying ../../build/xycar_planner/xycar_planner.egg-info to /home/xytron/xycar_ws/install/xycar_planner/lib/python3.10/site-packages/xycar_planner-0.0.0-py3.10.egg-info
[3.315s] running install_scripts
[3.352s] Installing xycar_planner_static_test script to /home/xytron/xycar_ws/install/xycar_planner/lib/xycar_planner
[3.353s] writing list of installed files to '/home/xytron/xycar_ws/build/xycar_planner/install.log'
[3.437s] Invoked command in '/home/xytron/xycar_ws/src/xycar_planner' returned '0': PYTHONPATH=/home/xytron/xycar_ws/build/xycar_planner/prefix_override:/usr/lib/python3/dist-packages/colcon_core/task/python/colcon_distutils_commands:/home/xytron/xycar_ws/install/xycar_planner/lib/python3.10/site-packages:${PYTHONPATH} /usr/bin/python3 -W ignore:setup.py install is deprecated -W ignore:easy_install command is deprecated setup.py egg_info --egg-base ../../build/xycar_planner build --build-base /home/xytron/xycar_ws/build/xycar_planner/build install --record /home/xytron/xycar_ws/build/xycar_planner/install.log --single-version-externally-managed install_data
