[2.778s] Invoking command in '/home/xytron/xycar_ws/src/xycar_device/xycar_imu': PYTHONPATH=/home/xytron/xycar_ws/build/xycar_imu/prefix_override:/usr/lib/python3/dist-packages/colcon_core/task/python/colcon_distutils_commands:/home/xytron/xycar_ws/install/xycar_imu/lib/python3.10/site-packages:${PYTHONPATH} /usr/bin/python3 -W ignore:setup.py install is deprecated -W ignore:easy_install command is deprecated setup.py egg_info --egg-base ../../../build/xycar_imu build --build-base /home/xytron/xycar_ws/build/xycar_imu/build install --record /home/xytron/xycar_ws/build/xycar_imu/install.log --single-version-externally-managed install_data
[3.293s] running egg_info
[3.297s] writing ../../../build/xycar_imu/xycar_imu.egg-info/PKG-INFO
[3.298s] writing dependency_links to ../../../build/xycar_imu/xycar_imu.egg-info/dependency_links.txt
[3.298s] writing entry points to ../../../build/xycar_imu/xycar_imu.egg-info/entry_points.txt
[3.299s] writing requirements to ../../../build/xycar_imu/xycar_imu.egg-info/requires.txt
[3.300s] writing top-level names to ../../../build/xycar_imu/xycar_imu.egg-info/top_level.txt
[3.305s] reading manifest file '../../../build/xycar_imu/xycar_imu.egg-info/SOURCES.txt'
[3.306s] adding license file 'LICENSE'
[3.307s] writing manifest file '../../../build/xycar_imu/xycar_imu.egg-info/SOURCES.txt'
[3.307s] running build
[3.308s] running build_py
[3.308s] running install
[3.310s] running install_lib
[3.313s] running install_data
[3.314s] running install_egg_info
[3.325s] removing '/home/xytron/xycar_ws/install/xycar_imu/lib/python3.10/site-packages/xycar_imu-1.2.0-py3.10.egg-info' (and everything under it)
[3.329s] Copying ../../../build/xycar_imu/xycar_imu.egg-info to /home/xytron/xycar_ws/install/xycar_imu/lib/python3.10/site-packages/xycar_imu-1.2.0-py3.10.egg-info
[3.330s] running install_scripts
[3.391s] Installing display_3D_visualization_node script to /home/xytron/xycar_ws/install/xycar_imu/lib/xycar_imu
[3.392s] Installing imu_node script to /home/xytron/xycar_ws/install/xycar_imu/lib/xycar_imu
[3.392s] writing list of installed files to '/home/xytron/xycar_ws/build/xycar_imu/install.log'
[3.459s] Invoked command in '/home/xytron/xycar_ws/src/xycar_device/xycar_imu' returned '0': PYTHONPATH=/home/xytron/xycar_ws/build/xycar_imu/prefix_override:/usr/lib/python3/dist-packages/colcon_core/task/python/colcon_distutils_commands:/home/xytron/xycar_ws/install/xycar_imu/lib/python3.10/site-packages:${PYTHONPATH} /usr/bin/python3 -W ignore:setup.py install is deprecated -W ignore:easy_install command is deprecated setup.py egg_info --egg-base ../../../build/xycar_imu build --build-base /home/xytron/xycar_ws/build/xycar_imu/build install --record /home/xytron/xycar_ws/build/xycar_imu/install.log --single-version-externally-managed install_data
