/home/xytron/xycar_ws/install/xycar_motor/lib/python3.10/site-packages/xycar_motor/__init__.py
/home/xytron/xycar_ws/install/xycar_motor/lib/python3.10/site-packages/xycar_motor/vesc_test.py
/home/xytron/xycar_ws/install/xycar_motor/lib/python3.10/site-packages/xycar_motor/motor_test.py
/home/xytron/xycar_ws/install/xycar_motor/lib/python3.10/site-packages/xycar_motor/xycar_motor.py
/home/xytron/xycar_ws/install/xycar_motor/lib/python3.10/site-packages/xycar_motor/__pycache__/__init__.cpython-310.pyc
/home/xytron/xycar_ws/install/xycar_motor/lib/python3.10/site-packages/xycar_motor/__pycache__/vesc_test.cpython-310.pyc
/home/xytron/xycar_ws/install/xycar_motor/lib/python3.10/site-packages/xycar_motor/__pycache__/motor_test.cpython-310.pyc
/home/xytron/xycar_ws/install/xycar_motor/lib/python3.10/site-packages/xycar_motor/__pycache__/xycar_motor.cpython-310.pyc
/home/xytron/xycar_ws/install/xycar_motor/share/ament_index/resource_index/packages/xycar_motor
/home/xytron/xycar_ws/install/xycar_motor/share/xycar_motor/package.xml
/home/xytron/xycar_ws/install/xycar_motor/share/xycar_motor/launch/motor_test.launch.py
/home/xytron/xycar_ws/install/xycar_motor/share/xycar_motor/launch/xycar_motor.launch.py
/home/xytron/xycar_ws/install/xycar_motor/share/xycar_motor/launch/vesc_test.launch.py
/home/xytron/xycar_ws/install/xycar_motor/lib/python3.10/site-packages/xycar_motor-0.0.0-py3.10.egg-info/PKG-INFO
/home/xytron/xycar_ws/install/xycar_motor/lib/python3.10/site-packages/xycar_motor-0.0.0-py3.10.egg-info/dependency_links.txt
/home/xytron/xycar_ws/install/xycar_motor/lib/python3.10/site-packages/xycar_motor-0.0.0-py3.10.egg-info/top_level.txt
/home/xytron/xycar_ws/install/xycar_motor/lib/python3.10/site-packages/xycar_motor-0.0.0-py3.10.egg-info/requires.txt
/home/xytron/xycar_ws/install/xycar_motor/lib/python3.10/site-packages/xycar_motor-0.0.0-py3.10.egg-info/zip-safe
/home/xytron/xycar_ws/install/xycar_motor/lib/python3.10/site-packages/xycar_motor-0.0.0-py3.10.egg-info/SOURCES.txt
/home/xytron/xycar_ws/install/xycar_motor/lib/python3.10/site-packages/xycar_motor-0.0.0-py3.10.egg-info/entry_points.txt
/home/xytron/xycar_ws/install/xycar_motor/lib/xycar_motor/motor_test
/home/xytron/xycar_ws/install/xycar_motor/lib/xycar_motor/vesc_test
/home/xytron/xycar_ws/install/xycar_motor/lib/xycar_motor/xycar_motor
