[3.411s] Invoking command in '/home/xytron/xycar_ws/src/xycar_device/xycar_cam': PYTHONPATH=/home/xytron/xycar_ws/build/xycar_cam/prefix_override:/usr/lib/python3/dist-packages/colcon_core/task/python/colcon_distutils_commands:/home/xytron/xycar_ws/install/xycar_cam/lib/python3.10/site-packages:${PYTHONPATH} /usr/bin/python3 -W ignore:setup.py install is deprecated -W ignore:easy_install command is deprecated setup.py egg_info --egg-base ../../../build/xycar_cam build --build-base /home/xytron/xycar_ws/build/xycar_cam/build install --record /home/xytron/xycar_ws/build/xycar_cam/install.log --single-version-externally-managed install_data
[4.265s] running egg_info
[4.266s] writing ../../../build/xycar_cam/xycar_cam.egg-info/PKG-INFO
[4.267s] writing dependency_links to ../../../build/xycar_cam/xycar_cam.egg-info/dependency_links.txt
[4.269s] writing entry points to ../../../build/xycar_cam/xycar_cam.egg-info/entry_points.txt
[4.271s] writing requirements to ../../../build/xycar_cam/xycar_cam.egg-info/requires.txt
[4.272s] writing top-level names to ../../../build/xycar_cam/xycar_cam.egg-info/top_level.txt
[4.282s] reading manifest file '../../../build/xycar_cam/xycar_cam.egg-info/SOURCES.txt'
[4.284s] writing manifest file '../../../build/xycar_cam/xycar_cam.egg-info/SOURCES.txt'
[4.284s] running build
[4.284s] running build_py
[4.285s] running install
[4.287s] running install_lib
[4.291s] running install_data
[4.291s] running install_egg_info
[4.295s] removing '/home/xytron/xycar_ws/install/xycar_cam/lib/python3.10/site-packages/xycar_cam-0.0.0-py3.10.egg-info' (and everything under it)
[4.297s] Copying ../../../build/xycar_cam/xycar_cam.egg-info to /home/xytron/xycar_ws/install/xycar_cam/lib/python3.10/site-packages/xycar_cam-0.0.0-py3.10.egg-info
[4.299s] running install_scripts
[4.345s] writing list of installed files to '/home/xytron/xycar_ws/build/xycar_cam/install.log'
[4.428s] Invoked command in '/home/xytron/xycar_ws/src/xycar_device/xycar_cam' returned '0': PYTHONPATH=/home/xytron/xycar_ws/build/xycar_cam/prefix_override:/usr/lib/python3/dist-packages/colcon_core/task/python/colcon_distutils_commands:/home/xytron/xycar_ws/install/xycar_cam/lib/python3.10/site-packages:${PYTHONPATH} /usr/bin/python3 -W ignore:setup.py install is deprecated -W ignore:easy_install command is deprecated setup.py egg_info --egg-base ../../../build/xycar_cam build --build-base /home/xytron/xycar_ws/build/xycar_cam/build install --record /home/xytron/xycar_ws/build/xycar_cam/install.log --single-version-externally-managed install_data
