[35m[1mConsolidate compiler generated dependencies of target xycar_ultrasonic[0m
[100%] Built target xycar_ultrasonic
-- Install configuration: ""
-- Up-to-date: /home/xytron/xycar_ws/install/xycar_ultrasonic/lib/xycar_ultrasonic/xycar_ultrasonic
-- Up-to-date: /home/xytron/xycar_ws/install/xycar_ultrasonic/share/xycar_ultrasonic/launch
-- Up-to-date: /home/xytron/xycar_ws/install/xycar_ultrasonic/share/xycar_ultrasonic/launch/xycar_ultrasonic.launch.py
-- Up-to-date: /home/xytron/xycar_ws/install/xycar_ultrasonic/share/xycar_ultrasonic/launch/xycar_ultrasonic_viewer.launch.py
-- Up-to-date: /home/xytron/xycar_ws/install/xycar_ultrasonic/share/ament_index/resource_index/package_run_dependencies/xycar_ultrasonic
-- Up-to-date: /home/xytron/xycar_ws/install/xycar_ultrasonic/share/ament_index/resource_index/parent_prefix_path/xycar_ultrasonic
-- Up-to-date: /home/xytron/xycar_ws/install/xycar_ultrasonic/share/xycar_ultrasonic/environment/ament_prefix_path.sh
-- Up-to-date: /home/xytron/xycar_ws/install/xycar_ultrasonic/share/xycar_ultrasonic/environment/ament_prefix_path.dsv
-- Up-to-date: /home/xytron/xycar_ws/install/xycar_ultrasonic/share/xycar_ultrasonic/environment/path.sh
-- Up-to-date: /home/xytron/xycar_ws/install/xycar_ultrasonic/share/xycar_ultrasonic/environment/path.dsv
-- Up-to-date: /home/xytron/xycar_ws/install/xycar_ultrasonic/share/xycar_ultrasonic/local_setup.bash
-- Up-to-date: /home/xytron/xycar_ws/install/xycar_ultrasonic/share/xycar_ultrasonic/local_setup.sh
-- Up-to-date: /home/xytron/xycar_ws/install/xycar_ultrasonic/share/xycar_ultrasonic/local_setup.zsh
-- Up-to-date: /home/xytron/xycar_ws/install/xycar_ultrasonic/share/xycar_ultrasonic/local_setup.dsv
-- Installing: /home/xytron/xycar_ws/install/xycar_ultrasonic/share/xycar_ultrasonic/package.dsv
-- Up-to-date: /home/xytron/xycar_ws/install/xycar_ultrasonic/share/ament_index/resource_index/packages/xycar_ultrasonic
-- Up-to-date: /home/xytron/xycar_ws/install/xycar_ultrasonic/share/xycar_ultrasonic/cmake/xycar_ultrasonicConfig.cmake
-- Up-to-date: /home/xytron/xycar_ws/install/xycar_ultrasonic/share/xycar_ultrasonic/cmake/xycar_ultrasonicConfig-version.cmake
-- Up-to-date: /home/xytron/xycar_ws/install/xycar_ultrasonic/share/xycar_ultrasonic/package.xml
