[0.230s] Invoking command in '/home/xytron/xycar_ws/build/vesc_ackermann': CMAKE_PREFIX_PATH=/home/xytron/xycar_ws/install/vesc_msgs:/home/xytron/xycar_ws/install/yolo_msgs:/home/xytron/xycar_ws/install/xycar_ultrasonic:/home/xytron/xycar_ws/install/xycar_msgs:/home/xytron/xycar_ws/install/xycar_lidar:/home/xytron/xycar_ws/install/vesc:/home/xytron/xycar_ws/install/vesc_driver:/home/xytron/xycar_ws/install/vesc_ackermann:/home/xytron/xycar_ws/install/app_web_controller:/home/xytron/xycar_ws/install/app_viewer_all:/home/xytron/xycar_ws/install/xycar_planner:/home/xytron/xycar_ws/install/control_motor:/home/xytron/xycar_ws/install/xycar_motor:/home/xytron/xycar_ws/install/xycar_imu:/home/xytron/xycar_ws/install/xycar_cam:/home/xytron/xycar_ws/install/app_ultra_viewer:/home/xytron/xycar_ws/install/app_turtlesim:/home/xytron/xycar_ws/install/app_sensor_drive:/home/xytron/xycar_ws/install/app_rule_drive_sim:/home/xytron/xycar_ws/install/app_pubsub:/home/xytron/xycar_ws/install/app_path_planning:/home/xytron/xycar_ws/install/app_hough_drive:/home/xytron/xycar_ws/install/app_cam_exposure:/home/xytron/xycar_ws/install/app_8_drive:/opt/ros/humble LD_LIBRARY_PATH=/home/xytron/xycar_ws/install/vesc_msgs/lib:/opt/ros/humble/lib:/home/xytron/xycar_ws/install/yolo_msgs/lib:/home/xytron/xycar_ws/install/xycar_msgs/lib:/home/xytron/xycar_ws/install/vesc_driver/lib:/home/xytron/xycar_ws/install/vesc_ackermann/lib:/opt/ros/humble/opt/rviz_ogre_vendor/lib:/opt/ros/humble/lib/x86_64-linux-gnu:/opt/ros/humble/lib /usr/bin/cmake --build /home/xytron/xycar_ws/build/vesc_ackermann -- -j16 -l16
[0.496s] [ 28%] Built target ackermann_to_vesc_node
[0.504s] [ 57%] Built target vesc_to_odom_node
[0.507s] [100%] Built target vesc_ackermann
[1.241s] Invoked command in '/home/xytron/xycar_ws/build/vesc_ackermann' returned '0': CMAKE_PREFIX_PATH=/home/xytron/xycar_ws/install/vesc_msgs:/home/xytron/xycar_ws/install/yolo_msgs:/home/xytron/xycar_ws/install/xycar_ultrasonic:/home/xytron/xycar_ws/install/xycar_msgs:/home/xytron/xycar_ws/install/xycar_lidar:/home/xytron/xycar_ws/install/vesc:/home/xytron/xycar_ws/install/vesc_driver:/home/xytron/xycar_ws/install/vesc_ackermann:/home/xytron/xycar_ws/install/app_web_controller:/home/xytron/xycar_ws/install/app_viewer_all:/home/xytron/xycar_ws/install/xycar_planner:/home/xytron/xycar_ws/install/control_motor:/home/xytron/xycar_ws/install/xycar_motor:/home/xytron/xycar_ws/install/xycar_imu:/home/xytron/xycar_ws/install/xycar_cam:/home/xytron/xycar_ws/install/app_ultra_viewer:/home/xytron/xycar_ws/install/app_turtlesim:/home/xytron/xycar_ws/install/app_sensor_drive:/home/xytron/xycar_ws/install/app_rule_drive_sim:/home/xytron/xycar_ws/install/app_pubsub:/home/xytron/xycar_ws/install/app_path_planning:/home/xytron/xycar_ws/install/app_hough_drive:/home/xytron/xycar_ws/install/app_cam_exposure:/home/xytron/xycar_ws/install/app_8_drive:/opt/ros/humble LD_LIBRARY_PATH=/home/xytron/xycar_ws/install/vesc_msgs/lib:/opt/ros/humble/lib:/home/xytron/xycar_ws/install/yolo_msgs/lib:/home/xytron/xycar_ws/install/xycar_msgs/lib:/home/xytron/xycar_ws/install/vesc_driver/lib:/home/xytron/xycar_ws/install/vesc_ackermann/lib:/opt/ros/humble/opt/rviz_ogre_vendor/lib:/opt/ros/humble/lib/x86_64-linux-gnu:/opt/ros/humble/lib /usr/bin/cmake --build /home/xytron/xycar_ws/build/vesc_ackermann -- -j16 -l16
[1.250s] Invoking command in '/home/xytron/xycar_ws/build/vesc_ackermann': CMAKE_PREFIX_PATH=/home/xytron/xycar_ws/install/vesc_msgs:/home/xytron/xycar_ws/install/yolo_msgs:/home/xytron/xycar_ws/install/xycar_ultrasonic:/home/xytron/xycar_ws/install/xycar_msgs:/home/xytron/xycar_ws/install/xycar_lidar:/home/xytron/xycar_ws/install/vesc:/home/xytron/xycar_ws/install/vesc_driver:/home/xytron/xycar_ws/install/vesc_ackermann:/home/xytron/xycar_ws/install/app_web_controller:/home/xytron/xycar_ws/install/app_viewer_all:/home/xytron/xycar_ws/install/xycar_planner:/home/xytron/xycar_ws/install/control_motor:/home/xytron/xycar_ws/install/xycar_motor:/home/xytron/xycar_ws/install/xycar_imu:/home/xytron/xycar_ws/install/xycar_cam:/home/xytron/xycar_ws/install/app_ultra_viewer:/home/xytron/xycar_ws/install/app_turtlesim:/home/xytron/xycar_ws/install/app_sensor_drive:/home/xytron/xycar_ws/install/app_rule_drive_sim:/home/xytron/xycar_ws/install/app_pubsub:/home/xytron/xycar_ws/install/app_path_planning:/home/xytron/xycar_ws/install/app_hough_drive:/home/xytron/xycar_ws/install/app_cam_exposure:/home/xytron/xycar_ws/install/app_8_drive:/opt/ros/humble LD_LIBRARY_PATH=/home/xytron/xycar_ws/install/vesc_msgs/lib:/opt/ros/humble/lib:/home/xytron/xycar_ws/install/yolo_msgs/lib:/home/xytron/xycar_ws/install/xycar_msgs/lib:/home/xytron/xycar_ws/install/vesc_driver/lib:/home/xytron/xycar_ws/install/vesc_ackermann/lib:/opt/ros/humble/opt/rviz_ogre_vendor/lib:/opt/ros/humble/lib/x86_64-linux-gnu:/opt/ros/humble/lib /usr/bin/cmake --install /home/xytron/xycar_ws/build/vesc_ackermann
[1.282s] -- Install configuration: ""
[1.282s] -- Up-to-date: /home/xytron/xycar_ws/install/vesc_ackermann/lib/vesc_ackermann/ackermann_to_vesc_node
[1.282s] -- Up-to-date: /home/xytron/xycar_ws/install/vesc_ackermann/lib/vesc_ackermann/vesc_to_odom_node
[1.282s] -- Up-to-date: /home/xytron/xycar_ws/install/vesc_ackermann/include
[1.283s] -- Up-to-date: /home/xytron/xycar_ws/install/vesc_ackermann/include/vesc_ackermann
[1.283s] -- Up-to-date: /home/xytron/xycar_ws/install/vesc_ackermann/include/vesc_ackermann/vesc_to_odom.hpp
[1.289s] -- Up-to-date: /home/xytron/xycar_ws/install/vesc_ackermann/include/vesc_ackermann/ackermann_to_vesc.hpp
[1.290s] -- Up-to-date: /home/xytron/xycar_ws/install/vesc_ackermann/share/vesc_ackermann/environment/library_path.sh
[1.290s] -- Up-to-date: /home/xytron/xycar_ws/install/vesc_ackermann/share/vesc_ackermann/environment/library_path.dsv
[1.290s] -- Up-to-date: /home/xytron/xycar_ws/install/vesc_ackermann/lib/libvesc_ackermann.so
[1.291s] -- Up-to-date: /home/xytron/xycar_ws/install/vesc_ackermann/share/vesc_ackermann/launch
[1.291s] -- Up-to-date: /home/xytron/xycar_ws/install/vesc_ackermann/share/vesc_ackermann/launch/ackermann_to_vesc_node.launch.xml
[1.293s] -- Up-to-date: /home/xytron/xycar_ws/install/vesc_ackermann/share/vesc_ackermann/launch/ackermann_to_vesc_node.launch.py
[1.304s] -- Up-to-date: /home/xytron/xycar_ws/install/vesc_ackermann/share/vesc_ackermann/launch/vesc_to_odom_node.launch.xml
[1.309s] -- Up-to-date: /home/xytron/xycar_ws/install/vesc_ackermann/share/ament_index/resource_index/package_run_dependencies/vesc_ackermann
[1.310s] -- Up-to-date: /home/xytron/xycar_ws/install/vesc_ackermann/share/ament_index/resource_index/parent_prefix_path/vesc_ackermann
[1.311s] -- Up-to-date: /home/xytron/xycar_ws/install/vesc_ackermann/share/vesc_ackermann/environment/ament_prefix_path.sh
[1.314s] -- Up-to-date: /home/xytron/xycar_ws/install/vesc_ackermann/share/vesc_ackermann/environment/ament_prefix_path.dsv
[1.314s] -- Up-to-date: /home/xytron/xycar_ws/install/vesc_ackermann/share/vesc_ackermann/environment/path.sh
[1.333s] -- Up-to-date: /home/xytron/xycar_ws/install/vesc_ackermann/share/vesc_ackermann/environment/path.dsv
[1.334s] -- Up-to-date: /home/xytron/xycar_ws/install/vesc_ackermann/share/vesc_ackermann/local_setup.bash
[1.334s] -- Up-to-date: /home/xytron/xycar_ws/install/vesc_ackermann/share/vesc_ackermann/local_setup.sh
[1.334s] -- Up-to-date: /home/xytron/xycar_ws/install/vesc_ackermann/share/vesc_ackermann/local_setup.zsh
[1.334s] -- Up-to-date: /home/xytron/xycar_ws/install/vesc_ackermann/share/vesc_ackermann/local_setup.dsv
[1.335s] -- Installing: /home/xytron/xycar_ws/install/vesc_ackermann/share/vesc_ackermann/package.dsv
[1.335s] -- Up-to-date: /home/xytron/xycar_ws/install/vesc_ackermann/share/ament_index/resource_index/packages/vesc_ackermann
[1.335s] -- Up-to-date: /home/xytron/xycar_ws/install/vesc_ackermann/share/ament_index/resource_index/rclcpp_components/vesc_ackermann
[1.335s] -- Up-to-date: /home/xytron/xycar_ws/install/vesc_ackermann/share/vesc_ackermann/cmake/ament_cmake_export_dependencies-extras.cmake
[1.335s] -- Up-to-date: /home/xytron/xycar_ws/install/vesc_ackermann/share/vesc_ackermann/cmake/ament_cmake_export_include_directories-extras.cmake
[1.335s] -- Up-to-date: /home/xytron/xycar_ws/install/vesc_ackermann/share/vesc_ackermann/cmake/ament_cmake_export_libraries-extras.cmake
[1.336s] -- Up-to-date: /home/xytron/xycar_ws/install/vesc_ackermann/share/vesc_ackermann/cmake/vesc_ackermannConfig.cmake
[1.336s] -- Up-to-date: /home/xytron/xycar_ws/install/vesc_ackermann/share/vesc_ackermann/cmake/vesc_ackermannConfig-version.cmake
[1.338s] -- Up-to-date: /home/xytron/xycar_ws/install/vesc_ackermann/share/vesc_ackermann/package.xml
[1.472s] Invoked command in '/home/xytron/xycar_ws/build/vesc_ackermann' returned '0': CMAKE_PREFIX_PATH=/home/xytron/xycar_ws/install/vesc_msgs:/home/xytron/xycar_ws/install/yolo_msgs:/home/xytron/xycar_ws/install/xycar_ultrasonic:/home/xytron/xycar_ws/install/xycar_msgs:/home/xytron/xycar_ws/install/xycar_lidar:/home/xytron/xycar_ws/install/vesc:/home/xytron/xycar_ws/install/vesc_driver:/home/xytron/xycar_ws/install/vesc_ackermann:/home/xytron/xycar_ws/install/app_web_controller:/home/xytron/xycar_ws/install/app_viewer_all:/home/xytron/xycar_ws/install/xycar_planner:/home/xytron/xycar_ws/install/control_motor:/home/xytron/xycar_ws/install/xycar_motor:/home/xytron/xycar_ws/install/xycar_imu:/home/xytron/xycar_ws/install/xycar_cam:/home/xytron/xycar_ws/install/app_ultra_viewer:/home/xytron/xycar_ws/install/app_turtlesim:/home/xytron/xycar_ws/install/app_sensor_drive:/home/xytron/xycar_ws/install/app_rule_drive_sim:/home/xytron/xycar_ws/install/app_pubsub:/home/xytron/xycar_ws/install/app_path_planning:/home/xytron/xycar_ws/install/app_hough_drive:/home/xytron/xycar_ws/install/app_cam_exposure:/home/xytron/xycar_ws/install/app_8_drive:/opt/ros/humble LD_LIBRARY_PATH=/home/xytron/xycar_ws/install/vesc_msgs/lib:/opt/ros/humble/lib:/home/xytron/xycar_ws/install/yolo_msgs/lib:/home/xytron/xycar_ws/install/xycar_msgs/lib:/home/xytron/xycar_ws/install/vesc_driver/lib:/home/xytron/xycar_ws/install/vesc_ackermann/lib:/opt/ros/humble/opt/rviz_ogre_vendor/lib:/opt/ros/humble/lib/x86_64-linux-gnu:/opt/ros/humble/lib /usr/bin/cmake --install /home/xytron/xycar_ws/build/vesc_ackermann
