[0.093s] Invoking command in '/home/xytron/xycar_ws/build/vesc_msgs': CMAKE_PREFIX_PATH=${CMAKE_PREFIX_PATH}:/home/xytron/xycar_ws/install/xycar_planner:/home/xytron/xycar_ws/install/control_motor:/home/xytron/xycar_ws/install/xycar_motor:/home/xytron/xycar_ws/install/xycar_imu:/home/xytron/xycar_ws/install/xycar_cam:/home/xytron/xycar_ws/install/app_ultra_viewer:/home/xytron/xycar_ws/install/app_turtlesim:/home/xytron/xycar_ws/install/app_sensor_drive:/home/xytron/xycar_ws/install/app_rule_drive_sim:/home/xytron/xycar_ws/install/app_pubsub:/home/xytron/xycar_ws/install/app_path_planning:/home/xytron/xycar_ws/install/app_hough_drive:/home/xytron/xycar_ws/install/app_cam_exposure:/home/xytron/xycar_ws/install/app_8_drive:/opt/ros/humble /usr/bin/cmake --build /home/xytron/xycar_ws/build/vesc_msgs -- -j16 -l16
[2.088s] [  1%] Built target vesc_msgs__cpp
[2.088s] [ 12%] Built target vesc_msgs__rosidl_generator_c
[2.088s] [ 12%] Built target ament_cmake_python_copy_vesc_msgs
[2.088s] [ 23%] Built target vesc_msgs__rosidl_typesupport_cpp
[2.089s] [ 34%] Built target vesc_msgs__rosidl_typesupport_fastrtps_cpp
[2.089s] [ 45%] Built target vesc_msgs__rosidl_typesupport_introspection_cpp
[2.089s] [ 56%] Built target vesc_msgs__rosidl_typesupport_introspection_c
[2.089s] [ 67%] Built target vesc_msgs__rosidl_typesupport_fastrtps_c
[2.089s] [ 78%] Built target vesc_msgs__rosidl_typesupport_c
[2.089s] [ 78%] Built target vesc_msgs
[2.089s] [ 80%] Built target vesc_msgs__py
[2.090s] [ 89%] Built target vesc_msgs__rosidl_generator_py
[2.090s] [ 96%] Built target vesc_msgs__rosidl_typesupport_fastrtps_c__pyext
[2.090s] [ 96%] Built target vesc_msgs__rosidl_typesupport_c__pyext
[2.090s] [100%] Built target vesc_msgs__rosidl_typesupport_introspection_c__pyext
[2.090s] running egg_info
[2.091s] writing vesc_msgs.egg-info/PKG-INFO
[2.091s] writing dependency_links to vesc_msgs.egg-info/dependency_links.txt
[2.091s] writing top-level names to vesc_msgs.egg-info/top_level.txt
[2.091s] reading manifest file 'vesc_msgs.egg-info/SOURCES.txt'
[2.091s] writing manifest file 'vesc_msgs.egg-info/SOURCES.txt'
[2.092s] [100%] Built target ament_cmake_python_build_vesc_msgs_egg
[2.103s] Invoked command in '/home/xytron/xycar_ws/build/vesc_msgs' returned '0': CMAKE_PREFIX_PATH=${CMAKE_PREFIX_PATH}:/home/xytron/xycar_ws/install/xycar_planner:/home/xytron/xycar_ws/install/control_motor:/home/xytron/xycar_ws/install/xycar_motor:/home/xytron/xycar_ws/install/xycar_imu:/home/xytron/xycar_ws/install/xycar_cam:/home/xytron/xycar_ws/install/app_ultra_viewer:/home/xytron/xycar_ws/install/app_turtlesim:/home/xytron/xycar_ws/install/app_sensor_drive:/home/xytron/xycar_ws/install/app_rule_drive_sim:/home/xytron/xycar_ws/install/app_pubsub:/home/xytron/xycar_ws/install/app_path_planning:/home/xytron/xycar_ws/install/app_hough_drive:/home/xytron/xycar_ws/install/app_cam_exposure:/home/xytron/xycar_ws/install/app_8_drive:/opt/ros/humble /usr/bin/cmake --build /home/xytron/xycar_ws/build/vesc_msgs -- -j16 -l16
[2.129s] Invoking command in '/home/xytron/xycar_ws/build/vesc_msgs': CMAKE_PREFIX_PATH=${CMAKE_PREFIX_PATH}:/home/xytron/xycar_ws/install/xycar_planner:/home/xytron/xycar_ws/install/control_motor:/home/xytron/xycar_ws/install/xycar_motor:/home/xytron/xycar_ws/install/xycar_imu:/home/xytron/xycar_ws/install/xycar_cam:/home/xytron/xycar_ws/install/app_ultra_viewer:/home/xytron/xycar_ws/install/app_turtlesim:/home/xytron/xycar_ws/install/app_sensor_drive:/home/xytron/xycar_ws/install/app_rule_drive_sim:/home/xytron/xycar_ws/install/app_pubsub:/home/xytron/xycar_ws/install/app_path_planning:/home/xytron/xycar_ws/install/app_hough_drive:/home/xytron/xycar_ws/install/app_cam_exposure:/home/xytron/xycar_ws/install/app_8_drive:/opt/ros/humble /usr/bin/cmake --install /home/xytron/xycar_ws/build/vesc_msgs
[2.141s] -- Install configuration: ""
[2.142s] -- Up-to-date: /home/xytron/xycar_ws/install/vesc_msgs/share/ament_index/resource_index/rosidl_interfaces/vesc_msgs
[2.142s] -- Up-to-date: /home/xytron/xycar_ws/install/vesc_msgs/include/vesc_msgs/vesc_msgs
[2.142s] -- Up-to-date: /home/xytron/xycar_ws/install/vesc_msgs/include/vesc_msgs/vesc_msgs/msg
[2.142s] -- Up-to-date: /home/xytron/xycar_ws/install/vesc_msgs/include/vesc_msgs/vesc_msgs/msg/vesc_state_stamped.h
[2.143s] -- Up-to-date: /home/xytron/xycar_ws/install/vesc_msgs/include/vesc_msgs/vesc_msgs/msg/vesc_state.h
[2.148s] -- Up-to-date: /home/xytron/xycar_ws/install/vesc_msgs/include/vesc_msgs/vesc_msgs/msg/vesc_imu.h
[2.150s] -- Up-to-date: /home/xytron/xycar_ws/install/vesc_msgs/include/vesc_msgs/vesc_msgs/msg/vesc_imu_stamped.h
[2.154s] -- Up-to-date: /home/xytron/xycar_ws/install/vesc_msgs/include/vesc_msgs/vesc_msgs/msg/rosidl_generator_c__visibility_control.h
[2.154s] -- Up-to-date: /home/xytron/xycar_ws/install/vesc_msgs/include/vesc_msgs/vesc_msgs/msg/detail
[2.154s] -- Up-to-date: /home/xytron/xycar_ws/install/vesc_msgs/include/vesc_msgs/vesc_msgs/msg/detail/vesc_state__functions.h
[2.155s] -- Up-to-date: /home/xytron/xycar_ws/install/vesc_msgs/include/vesc_msgs/vesc_msgs/msg/detail/vesc_imu_stamped__type_support.h
[2.155s] -- Up-to-date: /home/xytron/xycar_ws/install/vesc_msgs/include/vesc_msgs/vesc_msgs/msg/detail/vesc_imu__functions.h
[2.158s] -- Up-to-date: /home/xytron/xycar_ws/install/vesc_msgs/include/vesc_msgs/vesc_msgs/msg/detail/vesc_state__type_support.h
[2.158s] -- Up-to-date: /home/xytron/xycar_ws/install/vesc_msgs/include/vesc_msgs/vesc_msgs/msg/detail/vesc_imu__struct.h
[2.158s] -- Up-to-date: /home/xytron/xycar_ws/install/vesc_msgs/include/vesc_msgs/vesc_msgs/msg/detail/vesc_imu__type_support.h
[2.163s] -- Up-to-date: /home/xytron/xycar_ws/install/vesc_msgs/include/vesc_msgs/vesc_msgs/msg/detail/vesc_state_stamped__functions.h
[2.163s] -- Up-to-date: /home/xytron/xycar_ws/install/vesc_msgs/include/vesc_msgs/vesc_msgs/msg/detail/vesc_state_stamped__struct.h
[2.163s] -- Up-to-date: /home/xytron/xycar_ws/install/vesc_msgs/include/vesc_msgs/vesc_msgs/msg/detail/vesc_state_stamped__type_support.h
[2.163s] -- Up-to-date: /home/xytron/xycar_ws/install/vesc_msgs/include/vesc_msgs/vesc_msgs/msg/detail/vesc_state__functions.c
[2.163s] -- Up-to-date: /home/xytron/xycar_ws/install/vesc_msgs/include/vesc_msgs/vesc_msgs/msg/detail/vesc_imu__functions.c
[2.163s] -- Up-to-date: /home/xytron/xycar_ws/install/vesc_msgs/include/vesc_msgs/vesc_msgs/msg/detail/vesc_imu_stamped__functions.c
[2.164s] -- Up-to-date: /home/xytron/xycar_ws/install/vesc_msgs/include/vesc_msgs/vesc_msgs/msg/detail/vesc_state_stamped__functions.c
[2.164s] -- Up-to-date: /home/xytron/xycar_ws/install/vesc_msgs/include/vesc_msgs/vesc_msgs/msg/detail/vesc_state__struct.h
[2.164s] -- Up-to-date: /home/xytron/xycar_ws/install/vesc_msgs/include/vesc_msgs/vesc_msgs/msg/detail/vesc_imu_stamped__struct.h
[2.164s] -- Up-to-date: /home/xytron/xycar_ws/install/vesc_msgs/include/vesc_msgs/vesc_msgs/msg/detail/vesc_imu_stamped__functions.h
[2.164s] -- Up-to-date: /home/xytron/xycar_ws/install/vesc_msgs/share/vesc_msgs/environment/library_path.sh
[2.164s] -- Up-to-date: /home/xytron/xycar_ws/install/vesc_msgs/share/vesc_msgs/environment/library_path.dsv
[2.164s] -- Up-to-date: /home/xytron/xycar_ws/install/vesc_msgs/lib/libvesc_msgs__rosidl_generator_c.so
[2.164s] -- Up-to-date: /home/xytron/xycar_ws/install/vesc_msgs/include/vesc_msgs/vesc_msgs
[2.164s] -- Up-to-date: /home/xytron/xycar_ws/install/vesc_msgs/include/vesc_msgs/vesc_msgs/msg
[2.164s] -- Up-to-date: /home/xytron/xycar_ws/install/vesc_msgs/include/vesc_msgs/vesc_msgs/msg/rosidl_typesupport_fastrtps_c__visibility_control.h
[2.164s] -- Up-to-date: /home/xytron/xycar_ws/install/vesc_msgs/include/vesc_msgs/vesc_msgs/msg/detail
[2.164s] -- Up-to-date: /home/xytron/xycar_ws/install/vesc_msgs/include/vesc_msgs/vesc_msgs/msg/detail/vesc_state__rosidl_typesupport_fastrtps_c.h
[2.164s] -- Up-to-date: /home/xytron/xycar_ws/install/vesc_msgs/include/vesc_msgs/vesc_msgs/msg/detail/vesc_imu__rosidl_typesupport_fastrtps_c.h
[2.165s] -- Up-to-date: /home/xytron/xycar_ws/install/vesc_msgs/include/vesc_msgs/vesc_msgs/msg/detail/vesc_state_stamped__rosidl_typesupport_fastrtps_c.h
[2.165s] -- Up-to-date: /home/xytron/xycar_ws/install/vesc_msgs/include/vesc_msgs/vesc_msgs/msg/detail/vesc_imu_stamped__rosidl_typesupport_fastrtps_c.h
[2.165s] -- Up-to-date: /home/xytron/xycar_ws/install/vesc_msgs/lib/libvesc_msgs__rosidl_typesupport_fastrtps_c.so
[2.165s] -- Up-to-date: /home/xytron/xycar_ws/install/vesc_msgs/include/vesc_msgs/vesc_msgs
[2.169s] -- Up-to-date: /home/xytron/xycar_ws/install/vesc_msgs/include/vesc_msgs/vesc_msgs/msg
[2.170s] -- Up-to-date: /home/xytron/xycar_ws/install/vesc_msgs/include/vesc_msgs/vesc_msgs/msg/rosidl_typesupport_introspection_c__visibility_control.h
[2.171s] -- Up-to-date: /home/xytron/xycar_ws/install/vesc_msgs/include/vesc_msgs/vesc_msgs/msg/detail
[2.171s] -- Up-to-date: /home/xytron/xycar_ws/install/vesc_msgs/include/vesc_msgs/vesc_msgs/msg/detail/vesc_state_stamped__type_support.c
[2.171s] -- Up-to-date: /home/xytron/xycar_ws/install/vesc_msgs/include/vesc_msgs/vesc_msgs/msg/detail/vesc_imu__type_support.c
[2.172s] -- Up-to-date: /home/xytron/xycar_ws/install/vesc_msgs/include/vesc_msgs/vesc_msgs/msg/detail/vesc_state_stamped__rosidl_typesupport_introspection_c.h
[2.173s] -- Up-to-date: /home/xytron/xycar_ws/install/vesc_msgs/include/vesc_msgs/vesc_msgs/msg/detail/vesc_imu_stamped__type_support.c
[2.173s] -- Up-to-date: /home/xytron/xycar_ws/install/vesc_msgs/include/vesc_msgs/vesc_msgs/msg/detail/vesc_imu_stamped__rosidl_typesupport_introspection_c.h
[2.173s] -- Up-to-date: /home/xytron/xycar_ws/install/vesc_msgs/include/vesc_msgs/vesc_msgs/msg/detail/vesc_imu__rosidl_typesupport_introspection_c.h
[2.174s] -- Up-to-date: /home/xytron/xycar_ws/install/vesc_msgs/include/vesc_msgs/vesc_msgs/msg/detail/vesc_state__type_support.c
[2.174s] -- Up-to-date: /home/xytron/xycar_ws/install/vesc_msgs/include/vesc_msgs/vesc_msgs/msg/detail/vesc_state__rosidl_typesupport_introspection_c.h
[2.175s] -- Up-to-date: /home/xytron/xycar_ws/install/vesc_msgs/lib/libvesc_msgs__rosidl_typesupport_introspection_c.so
[2.176s] -- Up-to-date: /home/xytron/xycar_ws/install/vesc_msgs/lib/libvesc_msgs__rosidl_typesupport_c.so
[2.176s] -- Up-to-date: /home/xytron/xycar_ws/install/vesc_msgs/include/vesc_msgs/vesc_msgs
[2.176s] -- Up-to-date: /home/xytron/xycar_ws/install/vesc_msgs/include/vesc_msgs/vesc_msgs/msg
[2.176s] -- Up-to-date: /home/xytron/xycar_ws/install/vesc_msgs/include/vesc_msgs/vesc_msgs/msg/vesc_imu_stamped.hpp
[2.177s] -- Up-to-date: /home/xytron/xycar_ws/install/vesc_msgs/include/vesc_msgs/vesc_msgs/msg/vesc_state_stamped.hpp
[2.177s] -- Up-to-date: /home/xytron/xycar_ws/install/vesc_msgs/include/vesc_msgs/vesc_msgs/msg/vesc_imu.hpp
[2.177s] -- Up-to-date: /home/xytron/xycar_ws/install/vesc_msgs/include/vesc_msgs/vesc_msgs/msg/rosidl_generator_cpp__visibility_control.hpp
[2.178s] -- Up-to-date: /home/xytron/xycar_ws/install/vesc_msgs/include/vesc_msgs/vesc_msgs/msg/detail
[2.178s] -- Up-to-date: /home/xytron/xycar_ws/install/vesc_msgs/include/vesc_msgs/vesc_msgs/msg/detail/vesc_state_stamped__traits.hpp
[2.178s] -- Up-to-date: /home/xytron/xycar_ws/install/vesc_msgs/include/vesc_msgs/vesc_msgs/msg/detail/vesc_state__traits.hpp
[2.178s] -- Up-to-date: /home/xytron/xycar_ws/install/vesc_msgs/include/vesc_msgs/vesc_msgs/msg/detail/vesc_imu_stamped__struct.hpp
[2.178s] -- Up-to-date: /home/xytron/xycar_ws/install/vesc_msgs/include/vesc_msgs/vesc_msgs/msg/detail/vesc_imu__traits.hpp
[2.179s] -- Up-to-date: /home/xytron/xycar_ws/install/vesc_msgs/include/vesc_msgs/vesc_msgs/msg/detail/vesc_imu__type_support.hpp
[2.180s] -- Up-to-date: /home/xytron/xycar_ws/install/vesc_msgs/include/vesc_msgs/vesc_msgs/msg/detail/vesc_state__builder.hpp
[2.189s] -- Up-to-date: /home/xytron/xycar_ws/install/vesc_msgs/include/vesc_msgs/vesc_msgs/msg/detail/vesc_state__type_support.hpp
[2.189s] -- Up-to-date: /home/xytron/xycar_ws/install/vesc_msgs/include/vesc_msgs/vesc_msgs/msg/detail/vesc_state_stamped__type_support.hpp
[2.190s] -- Up-to-date: /home/xytron/xycar_ws/install/vesc_msgs/include/vesc_msgs/vesc_msgs/msg/detail/vesc_imu_stamped__traits.hpp
[2.190s] -- Up-to-date: /home/xytron/xycar_ws/install/vesc_msgs/include/vesc_msgs/vesc_msgs/msg/detail/vesc_imu_stamped__builder.hpp
[2.190s] -- Up-to-date: /home/xytron/xycar_ws/install/vesc_msgs/include/vesc_msgs/vesc_msgs/msg/detail/vesc_state_stamped__struct.hpp
[2.190s] -- Up-to-date: /home/xytron/xycar_ws/install/vesc_msgs/include/vesc_msgs/vesc_msgs/msg/detail/vesc_state_stamped__builder.hpp
[2.190s] -- Up-to-date: /home/xytron/xycar_ws/install/vesc_msgs/include/vesc_msgs/vesc_msgs/msg/detail/vesc_state__struct.hpp
[2.190s] -- Up-to-date: /home/xytron/xycar_ws/install/vesc_msgs/include/vesc_msgs/vesc_msgs/msg/detail/vesc_imu_stamped__type_support.hpp
[2.190s] -- Up-to-date: /home/xytron/xycar_ws/install/vesc_msgs/include/vesc_msgs/vesc_msgs/msg/detail/vesc_imu__struct.hpp
[2.190s] -- Up-to-date: /home/xytron/xycar_ws/install/vesc_msgs/include/vesc_msgs/vesc_msgs/msg/detail/vesc_imu__builder.hpp
[2.190s] -- Up-to-date: /home/xytron/xycar_ws/install/vesc_msgs/include/vesc_msgs/vesc_msgs/msg/vesc_state.hpp
[2.190s] -- Up-to-date: /home/xytron/xycar_ws/install/vesc_msgs/include/vesc_msgs/vesc_msgs
[2.190s] -- Up-to-date: /home/xytron/xycar_ws/install/vesc_msgs/include/vesc_msgs/vesc_msgs/msg
[2.190s] -- Up-to-date: /home/xytron/xycar_ws/install/vesc_msgs/include/vesc_msgs/vesc_msgs/msg/rosidl_typesupport_fastrtps_cpp__visibility_control.h
[2.190s] -- Up-to-date: /home/xytron/xycar_ws/install/vesc_msgs/include/vesc_msgs/vesc_msgs/msg/detail
[2.191s] -- Up-to-date: /home/xytron/xycar_ws/install/vesc_msgs/include/vesc_msgs/vesc_msgs/msg/detail/vesc_state__rosidl_typesupport_fastrtps_cpp.hpp
[2.191s] -- Up-to-date: /home/xytron/xycar_ws/install/vesc_msgs/include/vesc_msgs/vesc_msgs/msg/detail/vesc_state_stamped__rosidl_typesupport_fastrtps_cpp.hpp
[2.192s] -- Up-to-date: /home/xytron/xycar_ws/install/vesc_msgs/include/vesc_msgs/vesc_msgs/msg/detail/vesc_imu__rosidl_typesupport_fastrtps_cpp.hpp
[2.195s] -- Up-to-date: /home/xytron/xycar_ws/install/vesc_msgs/include/vesc_msgs/vesc_msgs/msg/detail/dds_fastrtps
[2.205s] -- Up-to-date: /home/xytron/xycar_ws/install/vesc_msgs/include/vesc_msgs/vesc_msgs/msg/detail/vesc_imu_stamped__rosidl_typesupport_fastrtps_cpp.hpp
[2.205s] -- Up-to-date: /home/xytron/xycar_ws/install/vesc_msgs/lib/libvesc_msgs__rosidl_typesupport_fastrtps_cpp.so
[2.205s] -- Up-to-date: /home/xytron/xycar_ws/install/vesc_msgs/include/vesc_msgs/vesc_msgs
[2.206s] -- Up-to-date: /home/xytron/xycar_ws/install/vesc_msgs/include/vesc_msgs/vesc_msgs/msg
[2.206s] -- Up-to-date: /home/xytron/xycar_ws/install/vesc_msgs/include/vesc_msgs/vesc_msgs/msg/detail
[2.206s] -- Up-to-date: /home/xytron/xycar_ws/install/vesc_msgs/include/vesc_msgs/vesc_msgs/msg/detail/vesc_imu_stamped__type_support.cpp
[2.206s] -- Up-to-date: /home/xytron/xycar_ws/install/vesc_msgs/include/vesc_msgs/vesc_msgs/msg/detail/vesc_state__type_support.cpp
[2.206s] -- Up-to-date: /home/xytron/xycar_ws/install/vesc_msgs/include/vesc_msgs/vesc_msgs/msg/detail/vesc_state_stamped__type_support.cpp
[2.206s] -- Up-to-date: /home/xytron/xycar_ws/install/vesc_msgs/include/vesc_msgs/vesc_msgs/msg/detail/vesc_imu__type_support.cpp
[2.206s] -- Up-to-date: /home/xytron/xycar_ws/install/vesc_msgs/include/vesc_msgs/vesc_msgs/msg/detail/vesc_state__rosidl_typesupport_introspection_cpp.hpp
[2.207s] -- Up-to-date: /home/xytron/xycar_ws/install/vesc_msgs/include/vesc_msgs/vesc_msgs/msg/detail/vesc_state_stamped__rosidl_typesupport_introspection_cpp.hpp
[2.207s] -- Up-to-date: /home/xytron/xycar_ws/install/vesc_msgs/include/vesc_msgs/vesc_msgs/msg/detail/vesc_imu_stamped__rosidl_typesupport_introspection_cpp.hpp
[2.207s] -- Up-to-date: /home/xytron/xycar_ws/install/vesc_msgs/include/vesc_msgs/vesc_msgs/msg/detail/vesc_imu__rosidl_typesupport_introspection_cpp.hpp
[2.207s] -- Up-to-date: /home/xytron/xycar_ws/install/vesc_msgs/lib/libvesc_msgs__rosidl_typesupport_introspection_cpp.so
[2.207s] -- Up-to-date: /home/xytron/xycar_ws/install/vesc_msgs/lib/libvesc_msgs__rosidl_typesupport_cpp.so
[2.207s] -- Up-to-date: /home/xytron/xycar_ws/install/vesc_msgs/share/vesc_msgs/environment/pythonpath.sh
[2.207s] -- Up-to-date: /home/xytron/xycar_ws/install/vesc_msgs/share/vesc_msgs/environment/pythonpath.dsv
[2.207s] -- Up-to-date: /home/xytron/xycar_ws/install/vesc_msgs/local/lib/python3.10/dist-packages/vesc_msgs-1.2.0-py3.10.egg-info
[2.207s] -- Installing: /home/xytron/xycar_ws/install/vesc_msgs/local/lib/python3.10/dist-packages/vesc_msgs-1.2.0-py3.10.egg-info/PKG-INFO
[2.208s] -- Installing: /home/xytron/xycar_ws/install/vesc_msgs/local/lib/python3.10/dist-packages/vesc_msgs-1.2.0-py3.10.egg-info/dependency_links.txt
[2.208s] -- Installing: /home/xytron/xycar_ws/install/vesc_msgs/local/lib/python3.10/dist-packages/vesc_msgs-1.2.0-py3.10.egg-info/top_level.txt
[2.208s] -- Installing: /home/xytron/xycar_ws/install/vesc_msgs/local/lib/python3.10/dist-packages/vesc_msgs-1.2.0-py3.10.egg-info/SOURCES.txt
[2.208s] -- Up-to-date: /home/xytron/xycar_ws/install/vesc_msgs/local/lib/python3.10/dist-packages/vesc_msgs
[2.208s] -- Up-to-date: /home/xytron/xycar_ws/install/vesc_msgs/local/lib/python3.10/dist-packages/vesc_msgs/__init__.py
[2.208s] -- Up-to-date: /home/xytron/xycar_ws/install/vesc_msgs/local/lib/python3.10/dist-packages/vesc_msgs/vesc_msgs_s__rosidl_typesupport_c.cpython-310-x86_64-linux-gnu.so
[2.208s] -- Up-to-date: /home/xytron/xycar_ws/install/vesc_msgs/local/lib/python3.10/dist-packages/vesc_msgs/_vesc_msgs_s.ep.rosidl_typesupport_c.c
[2.208s] -- Up-to-date: /home/xytron/xycar_ws/install/vesc_msgs/local/lib/python3.10/dist-packages/vesc_msgs/msg
[2.208s] -- Up-to-date: /home/xytron/xycar_ws/install/vesc_msgs/local/lib/python3.10/dist-packages/vesc_msgs/msg/__init__.py
[2.209s] -- Up-to-date: /home/xytron/xycar_ws/install/vesc_msgs/local/lib/python3.10/dist-packages/vesc_msgs/msg/_vesc_state_s.c
[2.209s] -- Up-to-date: /home/xytron/xycar_ws/install/vesc_msgs/local/lib/python3.10/dist-packages/vesc_msgs/msg/_vesc_state_stamped_s.c
[2.209s] -- Up-to-date: /home/xytron/xycar_ws/install/vesc_msgs/local/lib/python3.10/dist-packages/vesc_msgs/msg/_vesc_imu_stamped_s.c
[2.209s] -- Up-to-date: /home/xytron/xycar_ws/install/vesc_msgs/local/lib/python3.10/dist-packages/vesc_msgs/msg/_vesc_state.py
[2.209s] -- Up-to-date: /home/xytron/xycar_ws/install/vesc_msgs/local/lib/python3.10/dist-packages/vesc_msgs/msg/_vesc_imu_stamped.py
[2.209s] -- Up-to-date: /home/xytron/xycar_ws/install/vesc_msgs/local/lib/python3.10/dist-packages/vesc_msgs/msg/_vesc_imu.py
[2.209s] -- Up-to-date: /home/xytron/xycar_ws/install/vesc_msgs/local/lib/python3.10/dist-packages/vesc_msgs/msg/_vesc_state_stamped.py
[2.209s] -- Up-to-date: /home/xytron/xycar_ws/install/vesc_msgs/local/lib/python3.10/dist-packages/vesc_msgs/msg/_vesc_imu_s.c
[2.209s] -- Up-to-date: /home/xytron/xycar_ws/install/vesc_msgs/local/lib/python3.10/dist-packages/vesc_msgs/vesc_msgs_s__rosidl_typesupport_introspection_c.cpython-310-x86_64-linux-gnu.so
[2.209s] -- Up-to-date: /home/xytron/xycar_ws/install/vesc_msgs/local/lib/python3.10/dist-packages/vesc_msgs/_vesc_msgs_s.ep.rosidl_typesupport_fastrtps_c.c
[2.210s] -- Up-to-date: /home/xytron/xycar_ws/install/vesc_msgs/local/lib/python3.10/dist-packages/vesc_msgs/_vesc_msgs_s.ep.rosidl_typesupport_introspection_c.c
[2.210s] -- Up-to-date: /home/xytron/xycar_ws/install/vesc_msgs/local/lib/python3.10/dist-packages/vesc_msgs/vesc_msgs_s__rosidl_typesupport_fastrtps_c.cpython-310-x86_64-linux-gnu.so
[2.210s] -- Up-to-date: /home/xytron/xycar_ws/install/vesc_msgs/local/lib/python3.10/dist-packages/vesc_msgs/libvesc_msgs__rosidl_generator_py.so
[2.335s] Listing '/home/xytron/xycar_ws/install/vesc_msgs/local/lib/python3.10/dist-packages/vesc_msgs'...
[2.336s] Listing '/home/xytron/xycar_ws/install/vesc_msgs/local/lib/python3.10/dist-packages/vesc_msgs/msg'...
[2.370s] -- Up-to-date: /home/xytron/xycar_ws/install/vesc_msgs/local/lib/python3.10/dist-packages/vesc_msgs/vesc_msgs_s__rosidl_typesupport_fastrtps_c.cpython-310-x86_64-linux-gnu.so
[2.372s] -- Up-to-date: /home/xytron/xycar_ws/install/vesc_msgs/local/lib/python3.10/dist-packages/vesc_msgs/vesc_msgs_s__rosidl_typesupport_introspection_c.cpython-310-x86_64-linux-gnu.so
[2.378s] -- Up-to-date: /home/xytron/xycar_ws/install/vesc_msgs/local/lib/python3.10/dist-packages/vesc_msgs/vesc_msgs_s__rosidl_typesupport_c.cpython-310-x86_64-linux-gnu.so
[2.378s] -- Up-to-date: /home/xytron/xycar_ws/install/vesc_msgs/lib/libvesc_msgs__rosidl_generator_py.so
[2.380s] -- Up-to-date: /home/xytron/xycar_ws/install/vesc_msgs/share/vesc_msgs/msg/VescState.idl
[2.380s] -- Up-to-date: /home/xytron/xycar_ws/install/vesc_msgs/share/vesc_msgs/msg/VescStateStamped.idl
[2.380s] -- Up-to-date: /home/xytron/xycar_ws/install/vesc_msgs/share/vesc_msgs/msg/VescImu.idl
[2.380s] -- Up-to-date: /home/xytron/xycar_ws/install/vesc_msgs/share/vesc_msgs/msg/VescImuStamped.idl
[2.380s] -- Up-to-date: /home/xytron/xycar_ws/install/vesc_msgs/share/vesc_msgs/msg/VescState.msg
[2.380s] -- Up-to-date: /home/xytron/xycar_ws/install/vesc_msgs/share/vesc_msgs/msg/VescStateStamped.msg
[2.380s] -- Up-to-date: /home/xytron/xycar_ws/install/vesc_msgs/share/vesc_msgs/msg/VescImu.msg
[2.380s] -- Up-to-date: /home/xytron/xycar_ws/install/vesc_msgs/share/vesc_msgs/msg/VescImuStamped.msg
[2.380s] -- Up-to-date: /home/xytron/xycar_ws/install/vesc_msgs/share/ament_index/resource_index/package_run_dependencies/vesc_msgs
[2.380s] -- Up-to-date: /home/xytron/xycar_ws/install/vesc_msgs/share/ament_index/resource_index/parent_prefix_path/vesc_msgs
[2.380s] -- Up-to-date: /home/xytron/xycar_ws/install/vesc_msgs/share/vesc_msgs/environment/ament_prefix_path.sh
[2.381s] -- Up-to-date: /home/xytron/xycar_ws/install/vesc_msgs/share/vesc_msgs/environment/ament_prefix_path.dsv
[2.381s] -- Up-to-date: /home/xytron/xycar_ws/install/vesc_msgs/share/vesc_msgs/environment/path.sh
[2.381s] -- Up-to-date: /home/xytron/xycar_ws/install/vesc_msgs/share/vesc_msgs/environment/path.dsv
[2.381s] -- Up-to-date: /home/xytron/xycar_ws/install/vesc_msgs/share/vesc_msgs/local_setup.bash
[2.381s] -- Up-to-date: /home/xytron/xycar_ws/install/vesc_msgs/share/vesc_msgs/local_setup.sh
[2.381s] -- Up-to-date: /home/xytron/xycar_ws/install/vesc_msgs/share/vesc_msgs/local_setup.zsh
[2.381s] -- Up-to-date: /home/xytron/xycar_ws/install/vesc_msgs/share/vesc_msgs/local_setup.dsv
[2.381s] -- Installing: /home/xytron/xycar_ws/install/vesc_msgs/share/vesc_msgs/package.dsv
[2.392s] -- Up-to-date: /home/xytron/xycar_ws/install/vesc_msgs/share/ament_index/resource_index/packages/vesc_msgs
[2.393s] -- Up-to-date: /home/xytron/xycar_ws/install/vesc_msgs/share/vesc_msgs/cmake/export_vesc_msgs__rosidl_generator_cExport.cmake
[2.393s] -- Up-to-date: /home/xytron/xycar_ws/install/vesc_msgs/share/vesc_msgs/cmake/export_vesc_msgs__rosidl_generator_cExport-noconfig.cmake
[2.394s] -- Up-to-date: /home/xytron/xycar_ws/install/vesc_msgs/share/vesc_msgs/cmake/export_vesc_msgs__rosidl_typesupport_fastrtps_cExport.cmake
[2.394s] -- Up-to-date: /home/xytron/xycar_ws/install/vesc_msgs/share/vesc_msgs/cmake/export_vesc_msgs__rosidl_typesupport_fastrtps_cExport-noconfig.cmake
[2.394s] -- Up-to-date: /home/xytron/xycar_ws/install/vesc_msgs/share/vesc_msgs/cmake/vesc_msgs__rosidl_typesupport_introspection_cExport.cmake
[2.395s] -- Up-to-date: /home/xytron/xycar_ws/install/vesc_msgs/share/vesc_msgs/cmake/vesc_msgs__rosidl_typesupport_introspection_cExport-noconfig.cmake
[2.395s] -- Up-to-date: /home/xytron/xycar_ws/install/vesc_msgs/share/vesc_msgs/cmake/vesc_msgs__rosidl_typesupport_cExport.cmake
[2.396s] -- Up-to-date: /home/xytron/xycar_ws/install/vesc_msgs/share/vesc_msgs/cmake/vesc_msgs__rosidl_typesupport_cExport-noconfig.cmake
[2.397s] -- Up-to-date: /home/xytron/xycar_ws/install/vesc_msgs/share/vesc_msgs/cmake/export_vesc_msgs__rosidl_generator_cppExport.cmake
[2.399s] -- Up-to-date: /home/xytron/xycar_ws/install/vesc_msgs/share/vesc_msgs/cmake/export_vesc_msgs__rosidl_typesupport_fastrtps_cppExport.cmake
[2.400s] -- Up-to-date: /home/xytron/xycar_ws/install/vesc_msgs/share/vesc_msgs/cmake/export_vesc_msgs__rosidl_typesupport_fastrtps_cppExport-noconfig.cmake
[2.404s] -- Up-to-date: /home/xytron/xycar_ws/install/vesc_msgs/share/vesc_msgs/cmake/vesc_msgs__rosidl_typesupport_introspection_cppExport.cmake
[2.404s] -- Up-to-date: /home/xytron/xycar_ws/install/vesc_msgs/share/vesc_msgs/cmake/vesc_msgs__rosidl_typesupport_introspection_cppExport-noconfig.cmake
[2.404s] -- Up-to-date: /home/xytron/xycar_ws/install/vesc_msgs/share/vesc_msgs/cmake/vesc_msgs__rosidl_typesupport_cppExport.cmake
[2.407s] -- Up-to-date: /home/xytron/xycar_ws/install/vesc_msgs/share/vesc_msgs/cmake/vesc_msgs__rosidl_typesupport_cppExport-noconfig.cmake
[2.408s] -- Up-to-date: /home/xytron/xycar_ws/install/vesc_msgs/share/vesc_msgs/cmake/export_vesc_msgs__rosidl_generator_pyExport.cmake
[2.408s] -- Up-to-date: /home/xytron/xycar_ws/install/vesc_msgs/share/vesc_msgs/cmake/export_vesc_msgs__rosidl_generator_pyExport-noconfig.cmake
[2.408s] -- Up-to-date: /home/xytron/xycar_ws/install/vesc_msgs/share/vesc_msgs/cmake/rosidl_cmake-extras.cmake
[2.411s] -- Up-to-date: /home/xytron/xycar_ws/install/vesc_msgs/share/vesc_msgs/cmake/ament_cmake_export_dependencies-extras.cmake
[2.412s] -- Up-to-date: /home/xytron/xycar_ws/install/vesc_msgs/share/vesc_msgs/cmake/ament_cmake_export_include_directories-extras.cmake
[2.413s] -- Up-to-date: /home/xytron/xycar_ws/install/vesc_msgs/share/vesc_msgs/cmake/ament_cmake_export_libraries-extras.cmake
[2.415s] -- Up-to-date: /home/xytron/xycar_ws/install/vesc_msgs/share/vesc_msgs/cmake/ament_cmake_export_targets-extras.cmake
[2.415s] -- Up-to-date: /home/xytron/xycar_ws/install/vesc_msgs/share/vesc_msgs/cmake/rosidl_cmake_export_typesupport_targets-extras.cmake
[2.416s] -- Up-to-date: /home/xytron/xycar_ws/install/vesc_msgs/share/vesc_msgs/cmake/rosidl_cmake_export_typesupport_libraries-extras.cmake
[2.417s] -- Up-to-date: /home/xytron/xycar_ws/install/vesc_msgs/share/vesc_msgs/cmake/vesc_msgsConfig.cmake
[2.417s] -- Up-to-date: /home/xytron/xycar_ws/install/vesc_msgs/share/vesc_msgs/cmake/vesc_msgsConfig-version.cmake
[2.417s] -- Up-to-date: /home/xytron/xycar_ws/install/vesc_msgs/share/vesc_msgs/package.xml
[2.552s] Invoked command in '/home/xytron/xycar_ws/build/vesc_msgs' returned '0': CMAKE_PREFIX_PATH=${CMAKE_PREFIX_PATH}:/home/xytron/xycar_ws/install/xycar_planner:/home/xytron/xycar_ws/install/control_motor:/home/xytron/xycar_ws/install/xycar_motor:/home/xytron/xycar_ws/install/xycar_imu:/home/xytron/xycar_ws/install/xycar_cam:/home/xytron/xycar_ws/install/app_ultra_viewer:/home/xytron/xycar_ws/install/app_turtlesim:/home/xytron/xycar_ws/install/app_sensor_drive:/home/xytron/xycar_ws/install/app_rule_drive_sim:/home/xytron/xycar_ws/install/app_pubsub:/home/xytron/xycar_ws/install/app_path_planning:/home/xytron/xycar_ws/install/app_hough_drive:/home/xytron/xycar_ws/install/app_cam_exposure:/home/xytron/xycar_ws/install/app_8_drive:/opt/ros/humble /usr/bin/cmake --install /home/xytron/xycar_ws/build/vesc_msgs
