[5.922s] Invoking command in '/home/xytron/xycar_ws/src/xycar_application/app_ultra_viewer': PYTHONPATH=/home/xytron/xycar_ws/build/app_ultra_viewer/prefix_override:/usr/lib/python3/dist-packages/colcon_core/task/python/colcon_distutils_commands:/home/xytron/xycar_ws/install/app_ultra_viewer/lib/python3.10/site-packages:${PYTHONPATH} /usr/bin/python3 -W ignore:setup.py install is deprecated -W ignore:easy_install command is deprecated setup.py egg_info --egg-base ../../../build/app_ultra_viewer build --build-base /home/xytron/xycar_ws/build/app_ultra_viewer/build install --record /home/xytron/xycar_ws/build/app_ultra_viewer/install.log --single-version-externally-managed install_data
[7.539s] running egg_info
[7.554s] creating ../../../build/app_ultra_viewer/app_ultra_viewer.egg-info
[7.555s] writing ../../../build/app_ultra_viewer/app_ultra_viewer.egg-info/PKG-INFO
[7.555s] writing dependency_links to ../../../build/app_ultra_viewer/app_ultra_viewer.egg-info/dependency_links.txt
[7.555s] writing entry points to ../../../build/app_ultra_viewer/app_ultra_viewer.egg-info/entry_points.txt
[7.555s] writing requirements to ../../../build/app_ultra_viewer/app_ultra_viewer.egg-info/requires.txt
[7.555s] writing top-level names to ../../../build/app_ultra_viewer/app_ultra_viewer.egg-info/top_level.txt
[7.559s] writing manifest file '../../../build/app_ultra_viewer/app_ultra_viewer.egg-info/SOURCES.txt'
[7.573s] reading manifest file '../../../build/app_ultra_viewer/app_ultra_viewer.egg-info/SOURCES.txt'
[7.574s] writing manifest file '../../../build/app_ultra_viewer/app_ultra_viewer.egg-info/SOURCES.txt'
[7.584s] running build
[7.589s] running build_py
[7.609s] creating /home/xytron/xycar_ws/build/app_ultra_viewer/build
[7.610s] creating /home/xytron/xycar_ws/build/app_ultra_viewer/build/lib
[7.610s] creating /home/xytron/xycar_ws/build/app_ultra_viewer/build/lib/app_ultra_viewer
[7.610s] copying app_ultra_viewer/__init__.py -> /home/xytron/xycar_ws/build/app_ultra_viewer/build/lib/app_ultra_viewer
[7.610s] copying app_ultra_viewer/app_ultra_viewer.py -> /home/xytron/xycar_ws/build/app_ultra_viewer/build/lib/app_ultra_viewer
[7.610s] running install
[7.611s] running install_lib
[7.611s] creating /home/xytron/xycar_ws/install/app_ultra_viewer/lib/python3.10/site-packages/app_ultra_viewer
[7.611s] copying /home/xytron/xycar_ws/build/app_ultra_viewer/build/lib/app_ultra_viewer/__init__.py -> /home/xytron/xycar_ws/install/app_ultra_viewer/lib/python3.10/site-packages/app_ultra_viewer
[7.611s] copying /home/xytron/xycar_ws/build/app_ultra_viewer/build/lib/app_ultra_viewer/app_ultra_viewer.py -> /home/xytron/xycar_ws/install/app_ultra_viewer/lib/python3.10/site-packages/app_ultra_viewer
[7.611s] byte-compiling /home/xytron/xycar_ws/install/app_ultra_viewer/lib/python3.10/site-packages/app_ultra_viewer/__init__.py to __init__.cpython-310.pyc
[7.611s] byte-compiling /home/xytron/xycar_ws/install/app_ultra_viewer/lib/python3.10/site-packages/app_ultra_viewer/app_ultra_viewer.py to app_ultra_viewer.cpython-310.pyc
[7.611s] running install_data
[7.611s] creating /home/xytron/xycar_ws/install/app_ultra_viewer/share/ament_index
[7.611s] creating /home/xytron/xycar_ws/install/app_ultra_viewer/share/ament_index/resource_index
[7.611s] creating /home/xytron/xycar_ws/install/app_ultra_viewer/share/ament_index/resource_index/packages
[7.611s] copying resource/app_ultra_viewer -> /home/xytron/xycar_ws/install/app_ultra_viewer/share/ament_index/resource_index/packages
[7.611s] copying package.xml -> /home/xytron/xycar_ws/install/app_ultra_viewer/share/app_ultra_viewer
[7.611s] running install_egg_info
[7.615s] Copying ../../../build/app_ultra_viewer/app_ultra_viewer.egg-info to /home/xytron/xycar_ws/install/app_ultra_viewer/lib/python3.10/site-packages/app_ultra_viewer-0.0.0-py3.10.egg-info
[7.615s] running install_scripts
[7.733s] Installing app_ultra_viewer script to /home/xytron/xycar_ws/install/app_ultra_viewer/lib/app_ultra_viewer
[7.738s] writing list of installed files to '/home/xytron/xycar_ws/build/app_ultra_viewer/install.log'
[8.102s] Invoked command in '/home/xytron/xycar_ws/src/xycar_application/app_ultra_viewer' returned '0': PYTHONPATH=/home/xytron/xycar_ws/build/app_ultra_viewer/prefix_override:/usr/lib/python3/dist-packages/colcon_core/task/python/colcon_distutils_commands:/home/xytron/xycar_ws/install/app_ultra_viewer/lib/python3.10/site-packages:${PYTHONPATH} /usr/bin/python3 -W ignore:setup.py install is deprecated -W ignore:easy_install command is deprecated setup.py egg_info --egg-base ../../../build/app_ultra_viewer build --build-base /home/xytron/xycar_ws/build/app_ultra_viewer/build install --record /home/xytron/xycar_ws/build/app_ultra_viewer/install.log --single-version-externally-managed install_data
