[2.567s] Invoking command in '/home/xytron/xycar_ws/build/app_web_controller': CMAKE_PREFIX_PATH=${CMAKE_PREFIX_PATH}:/home/xytron/xycar_ws/install/xycar_planner:/home/xytron/xycar_ws/install/control_motor:/home/xytron/xycar_ws/install/xycar_motor:/home/xytron/xycar_ws/install/xycar_imu:/home/xytron/xycar_ws/install/xycar_cam:/home/xytron/xycar_ws/install/app_ultra_viewer:/home/xytron/xycar_ws/install/app_turtlesim:/home/xytron/xycar_ws/install/app_sensor_drive:/home/xytron/xycar_ws/install/app_rule_drive_sim:/home/xytron/xycar_ws/install/app_pubsub:/home/xytron/xycar_ws/install/app_path_planning:/home/xytron/xycar_ws/install/app_hough_drive:/home/xytron/xycar_ws/install/app_cam_exposure:/home/xytron/xycar_ws/install/app_8_drive:/opt/ros/humble /usr/bin/cmake --build /home/xytron/xycar_ws/build/app_web_controller -- -j16 -l16
[3.142s] Invoked command in '/home/xytron/xycar_ws/build/app_web_controller' returned '0': CMAKE_PREFIX_PATH=${CMAKE_PREFIX_PATH}:/home/xytron/xycar_ws/install/xycar_planner:/home/xytron/xycar_ws/install/control_motor:/home/xytron/xycar_ws/install/xycar_motor:/home/xytron/xycar_ws/install/xycar_imu:/home/xytron/xycar_ws/install/xycar_cam:/home/xytron/xycar_ws/install/app_ultra_viewer:/home/xytron/xycar_ws/install/app_turtlesim:/home/xytron/xycar_ws/install/app_sensor_drive:/home/xytron/xycar_ws/install/app_rule_drive_sim:/home/xytron/xycar_ws/install/app_pubsub:/home/xytron/xycar_ws/install/app_path_planning:/home/xytron/xycar_ws/install/app_hough_drive:/home/xytron/xycar_ws/install/app_cam_exposure:/home/xytron/xycar_ws/install/app_8_drive:/opt/ros/humble /usr/bin/cmake --build /home/xytron/xycar_ws/build/app_web_controller -- -j16 -l16
[3.144s] Invoking command in '/home/xytron/xycar_ws/build/app_web_controller': CMAKE_PREFIX_PATH=${CMAKE_PREFIX_PATH}:/home/xytron/xycar_ws/install/xycar_planner:/home/xytron/xycar_ws/install/control_motor:/home/xytron/xycar_ws/install/xycar_motor:/home/xytron/xycar_ws/install/xycar_imu:/home/xytron/xycar_ws/install/xycar_cam:/home/xytron/xycar_ws/install/app_ultra_viewer:/home/xytron/xycar_ws/install/app_turtlesim:/home/xytron/xycar_ws/install/app_sensor_drive:/home/xytron/xycar_ws/install/app_rule_drive_sim:/home/xytron/xycar_ws/install/app_pubsub:/home/xytron/xycar_ws/install/app_path_planning:/home/xytron/xycar_ws/install/app_hough_drive:/home/xytron/xycar_ws/install/app_cam_exposure:/home/xytron/xycar_ws/install/app_8_drive:/opt/ros/humble /usr/bin/cmake --install /home/xytron/xycar_ws/build/app_web_controller
[3.233s] -- Install configuration: ""
[3.237s] -- Up-to-date: /home/xytron/xycar_ws/install/app_web_controller/share/app_web_controller/launch
[3.238s] -- Up-to-date: /home/xytron/xycar_ws/install/app_web_controller/share/app_web_controller/launch/app_web_controller.launch.py
[3.239s] -- Up-to-date: /home/xytron/xycar_ws/install/app_web_controller/share/app_web_controller/launch/__pycache__
[3.244s] -- Up-to-date: /home/xytron/xycar_ws/install/app_web_controller/share/app_web_controller/launch/__pycache__/app_web_controller.launch.cpython-38.pyc
[3.246s] -- Up-to-date: /home/xytron/xycar_ws/install/app_web_controller/share/ament_index/resource_index/package_run_dependencies/app_web_controller
[3.248s] -- Up-to-date: /home/xytron/xycar_ws/install/app_web_controller/share/ament_index/resource_index/parent_prefix_path/app_web_controller
[3.249s] -- Up-to-date: /home/xytron/xycar_ws/install/app_web_controller/share/app_web_controller/environment/ament_prefix_path.sh
[3.249s] -- Up-to-date: /home/xytron/xycar_ws/install/app_web_controller/share/app_web_controller/environment/ament_prefix_path.dsv
[3.251s] -- Up-to-date: /home/xytron/xycar_ws/install/app_web_controller/share/app_web_controller/environment/path.sh
[3.251s] -- Up-to-date: /home/xytron/xycar_ws/install/app_web_controller/share/app_web_controller/environment/path.dsv
[3.252s] -- Up-to-date: /home/xytron/xycar_ws/install/app_web_controller/share/app_web_controller/local_setup.bash
[3.252s] -- Up-to-date: /home/xytron/xycar_ws/install/app_web_controller/share/app_web_controller/local_setup.sh
[3.252s] -- Up-to-date: /home/xytron/xycar_ws/install/app_web_controller/share/app_web_controller/local_setup.zsh
[3.252s] -- Up-to-date: /home/xytron/xycar_ws/install/app_web_controller/share/app_web_controller/local_setup.dsv
[3.252s] -- Installing: /home/xytron/xycar_ws/install/app_web_controller/share/app_web_controller/package.dsv
[3.252s] -- Up-to-date: /home/xytron/xycar_ws/install/app_web_controller/share/ament_index/resource_index/packages/app_web_controller
[3.252s] -- Up-to-date: /home/xytron/xycar_ws/install/app_web_controller/share/app_web_controller/cmake/app_web_controllerConfig.cmake
[3.253s] -- Up-to-date: /home/xytron/xycar_ws/install/app_web_controller/share/app_web_controller/cmake/app_web_controllerConfig-version.cmake
[3.253s] -- Up-to-date: /home/xytron/xycar_ws/install/app_web_controller/share/app_web_controller/package.xml
[3.261s] Invoked command in '/home/xytron/xycar_ws/build/app_web_controller' returned '0': CMAKE_PREFIX_PATH=${CMAKE_PREFIX_PATH}:/home/xytron/xycar_ws/install/xycar_planner:/home/xytron/xycar_ws/install/control_motor:/home/xytron/xycar_ws/install/xycar_motor:/home/xytron/xycar_ws/install/xycar_imu:/home/xytron/xycar_ws/install/xycar_cam:/home/xytron/xycar_ws/install/app_ultra_viewer:/home/xytron/xycar_ws/install/app_turtlesim:/home/xytron/xycar_ws/install/app_sensor_drive:/home/xytron/xycar_ws/install/app_rule_drive_sim:/home/xytron/xycar_ws/install/app_pubsub:/home/xytron/xycar_ws/install/app_path_planning:/home/xytron/xycar_ws/install/app_hough_drive:/home/xytron/xycar_ws/install/app_cam_exposure:/home/xytron/xycar_ws/install/app_8_drive:/opt/ros/humble /usr/bin/cmake --install /home/xytron/xycar_ws/build/app_web_controller
