[3.285s] Invoking command in '/home/xytron/xycar_ws/src/xycar_device/xycar_motor': PYTHONPATH=/home/xytron/xycar_ws/build/xycar_motor/prefix_override:/usr/lib/python3/dist-packages/colcon_core/task/python/colcon_distutils_commands:/home/xytron/xycar_ws/install/xycar_motor/lib/python3.10/site-packages:${PYTHONPATH} /usr/bin/python3 -W ignore:setup.py install is deprecated -W ignore:easy_install command is deprecated setup.py egg_info --egg-base ../../../build/xycar_motor build --build-base /home/xytron/xycar_ws/build/xycar_motor/build install --record /home/xytron/xycar_ws/build/xycar_motor/install.log --single-version-externally-managed install_data
[4.277s] running egg_info
[4.278s] writing ../../../build/xycar_motor/xycar_motor.egg-info/PKG-INFO
[4.279s] writing dependency_links to ../../../build/xycar_motor/xycar_motor.egg-info/dependency_links.txt
[4.280s] writing entry points to ../../../build/xycar_motor/xycar_motor.egg-info/entry_points.txt
[4.280s] writing requirements to ../../../build/xycar_motor/xycar_motor.egg-info/requires.txt
[4.280s] writing top-level names to ../../../build/xycar_motor/xycar_motor.egg-info/top_level.txt
[4.288s] reading manifest file '../../../build/xycar_motor/xycar_motor.egg-info/SOURCES.txt'
[4.289s] writing manifest file '../../../build/xycar_motor/xycar_motor.egg-info/SOURCES.txt'
[4.290s] running build
[4.290s] running build_py
[4.290s] running install
[4.293s] running install_lib
[4.296s] running install_data
[4.296s] running install_egg_info
[4.302s] removing '/home/xytron/xycar_ws/install/xycar_motor/lib/python3.10/site-packages/xycar_motor-0.0.0-py3.10.egg-info' (and everything under it)
[4.302s] Copying ../../../build/xycar_motor/xycar_motor.egg-info to /home/xytron/xycar_ws/install/xycar_motor/lib/python3.10/site-packages/xycar_motor-0.0.0-py3.10.egg-info
[4.304s] running install_scripts
[4.361s] Installing motor_test script to /home/xytron/xycar_ws/install/xycar_motor/lib/xycar_motor
[4.363s] Installing vesc_test script to /home/xytron/xycar_ws/install/xycar_motor/lib/xycar_motor
[4.363s] Installing xycar_motor script to /home/xytron/xycar_ws/install/xycar_motor/lib/xycar_motor
[4.363s] writing list of installed files to '/home/xytron/xycar_ws/build/xycar_motor/install.log'
[4.497s] Invoked command in '/home/xytron/xycar_ws/src/xycar_device/xycar_motor' returned '0': PYTHONPATH=/home/xytron/xycar_ws/build/xycar_motor/prefix_override:/usr/lib/python3/dist-packages/colcon_core/task/python/colcon_distutils_commands:/home/xytron/xycar_ws/install/xycar_motor/lib/python3.10/site-packages:${PYTHONPATH} /usr/bin/python3 -W ignore:setup.py install is deprecated -W ignore:easy_install command is deprecated setup.py egg_info --egg-base ../../../build/xycar_motor build --build-base /home/xytron/xycar_ws/build/xycar_motor/build install --record /home/xytron/xycar_ws/build/xycar_motor/install.log --single-version-externally-managed install_data
