[2.374s] Invoking command in '/home/xytron/xycar_ws/build/app_viewer_all': CMAKE_PREFIX_PATH=/opt/ros/humble /usr/bin/cmake /home/xytron/xycar_ws/src/xycar_application/app_viewer_all -DCMAKE_INSTALL_PREFIX=/home/xytron/xycar_ws/install/app_viewer_all
[2.934s] -- The C compiler identification is GNU 11.4.0
[2.934s] -- The CXX compiler identification is GNU 11.4.0
[2.934s] -- Detecting C compiler ABI info
[2.935s] -- Detecting C compiler ABI info - done
[2.935s] -- Check for working C compiler: /usr/bin/cc - skipped
[2.935s] -- Detecting C compile features
[2.935s] -- Detecting C compile features - done
[2.935s] -- Detecting CXX compiler ABI info
[2.935s] -- Detecting CXX compiler ABI info - done
[2.935s] -- Check for working CXX compiler: /usr/bin/c++ - skipped
[2.935s] -- Detecting CXX compile features
[2.935s] -- Detecting CXX compile features - done
[2.935s] -- Found ament_cmake: 1.3.11 (/opt/ros/humble/share/ament_cmake/cmake)
[2.935s] -- Found Python3: /usr/bin/python3 (found version "3.10.12") found components: Interpreter 
[2.935s] -- Found ament_lint_auto: 0.12.11 (/opt/ros/humble/share/ament_lint_auto/cmake)
[2.976s] -- Added test 'copyright' to check source files copyright and LICENSE
[2.977s] -- Added test 'flake8' to check Python code syntax and style conventions
[2.977s] -- Added test 'lint_cmake' to check CMake code style
[2.982s] -- Added test 'pep257' to check Python code against some of the docstring style conventions in PEP 257
[2.992s] -- Added test 'xmllint' to check XML markup files
[2.994s] -- Configuring done
[3.000s] -- Generating done
[3.010s] -- Build files have been written to: /home/xytron/xycar_ws/build/app_viewer_all
[3.057s] Invoked command in '/home/xytron/xycar_ws/build/app_viewer_all' returned '0': CMAKE_PREFIX_PATH=/opt/ros/humble /usr/bin/cmake /home/xytron/xycar_ws/src/xycar_application/app_viewer_all -DCMAKE_INSTALL_PREFIX=/home/xytron/xycar_ws/install/app_viewer_all
[3.058s] Invoking command in '/home/xytron/xycar_ws/build/app_viewer_all': CMAKE_PREFIX_PATH=/opt/ros/humble /usr/bin/cmake --build /home/xytron/xycar_ws/build/app_viewer_all -- -j16 -l16
[3.320s] Invoked command in '/home/xytron/xycar_ws/build/app_viewer_all' returned '0': CMAKE_PREFIX_PATH=/opt/ros/humble /usr/bin/cmake --build /home/xytron/xycar_ws/build/app_viewer_all -- -j16 -l16
[3.321s] Invoking command in '/home/xytron/xycar_ws/build/app_viewer_all': CMAKE_PREFIX_PATH=/opt/ros/humble /usr/bin/cmake --install /home/xytron/xycar_ws/build/app_viewer_all
[3.376s] -- Install configuration: ""
[3.376s] -- Installing: /home/xytron/xycar_ws/install/app_viewer_all/share/app_viewer_all/launch
[3.376s] -- Installing: /home/xytron/xycar_ws/install/app_viewer_all/share/app_viewer_all/launch/app_viewer_all.launch.py
[3.376s] -- Installing: /home/xytron/xycar_ws/install/app_viewer_all/share/app_viewer_all/launch/__pycache__
[3.377s] -- Installing: /home/xytron/xycar_ws/install/app_viewer_all/share/app_viewer_all/launch/__pycache__/app_viewer_all.launch.cpython-38.pyc
[3.377s] -- Installing: /home/xytron/xycar_ws/install/app_viewer_all/share/ament_index/resource_index/package_run_dependencies/app_viewer_all
[3.377s] -- Installing: /home/xytron/xycar_ws/install/app_viewer_all/share/ament_index/resource_index/parent_prefix_path/app_viewer_all
[3.377s] -- Installing: /home/xytron/xycar_ws/install/app_viewer_all/share/app_viewer_all/environment/ament_prefix_path.sh
[3.377s] -- Installing: /home/xytron/xycar_ws/install/app_viewer_all/share/app_viewer_all/environment/ament_prefix_path.dsv
[3.377s] -- Installing: /home/xytron/xycar_ws/install/app_viewer_all/share/app_viewer_all/environment/path.sh
[3.377s] -- Installing: /home/xytron/xycar_ws/install/app_viewer_all/share/app_viewer_all/environment/path.dsv
[3.380s] -- Installing: /home/xytron/xycar_ws/install/app_viewer_all/share/app_viewer_all/local_setup.bash
[3.381s] -- Installing: /home/xytron/xycar_ws/install/app_viewer_all/share/app_viewer_all/local_setup.sh
[3.381s] -- Installing: /home/xytron/xycar_ws/install/app_viewer_all/share/app_viewer_all/local_setup.zsh
[3.383s] -- Installing: /home/xytron/xycar_ws/install/app_viewer_all/share/app_viewer_all/local_setup.dsv
[3.383s] -- Installing: /home/xytron/xycar_ws/install/app_viewer_all/share/app_viewer_all/package.dsv
[3.383s] -- Installing: /home/xytron/xycar_ws/install/app_viewer_all/share/ament_index/resource_index/packages/app_viewer_all
[3.383s] -- Installing: /home/xytron/xycar_ws/install/app_viewer_all/share/app_viewer_all/cmake/app_viewer_allConfig.cmake
[3.384s] -- Installing: /home/xytron/xycar_ws/install/app_viewer_all/share/app_viewer_all/cmake/app_viewer_allConfig-version.cmake
[3.395s] -- Installing: /home/xytron/xycar_ws/install/app_viewer_all/share/app_viewer_all/package.xml
[3.525s] Invoked command in '/home/xytron/xycar_ws/build/app_viewer_all' returned '0': CMAKE_PREFIX_PATH=/opt/ros/humble /usr/bin/cmake --install /home/xytron/xycar_ws/build/app_viewer_all
