[2.403s] Invoking command in '/home/xytron/xycar_ws/src/xycar_planner': PYTHONPATH=/home/xytron/xycar_ws/build/xycar_planner/prefix_override:/usr/lib/python3/dist-packages/colcon_core/task/python/colcon_distutils_commands:/home/xytron/xycar_ws/install/xycar_planner/lib/python3.10/site-packages:${PYTHONPATH} /usr/bin/python3 -W ignore:setup.py install is deprecated -W ignore:easy_install command is deprecated setup.py egg_info --egg-base ../../build/xycar_planner build --build-base /home/xytron/xycar_ws/build/xycar_planner/build install --record /home/xytron/xycar_ws/build/xycar_planner/install.log --single-version-externally-managed install_data
[2.766s] running egg_info
[2.767s] writing ../../build/xycar_planner/xycar_planner.egg-info/PKG-INFO
[2.767s] writing dependency_links to ../../build/xycar_planner/xycar_planner.egg-info/dependency_links.txt
[2.767s] writing entry points to ../../build/xycar_planner/xycar_planner.egg-info/entry_points.txt
[2.768s] writing requirements to ../../build/xycar_planner/xycar_planner.egg-info/requires.txt
[2.768s] writing top-level names to ../../build/xycar_planner/xycar_planner.egg-info/top_level.txt
[2.770s] reading manifest file '../../build/xycar_planner/xycar_planner.egg-info/SOURCES.txt'
[2.772s] writing manifest file '../../build/xycar_planner/xycar_planner.egg-info/SOURCES.txt'
[2.772s] running build
[2.772s] running build_py
[2.772s] running install
[2.772s] running install_lib
[2.775s] running install_data
[2.776s] running install_egg_info
[2.776s] removing '/home/xytron/xycar_ws/install/xycar_planner/lib/python3.10/site-packages/xycar_planner-0.0.0-py3.10.egg-info' (and everything under it)
[2.777s] Copying ../../build/xycar_planner/xycar_planner.egg-info to /home/xytron/xycar_ws/install/xycar_planner/lib/python3.10/site-packages/xycar_planner-0.0.0-py3.10.egg-info
[2.778s] running install_scripts
[2.805s] Installing xycar_planner_static_test script to /home/xytron/xycar_ws/install/xycar_planner/lib/xycar_planner
[2.806s] writing list of installed files to '/home/xytron/xycar_ws/build/xycar_planner/install.log'
[2.880s] Invoked command in '/home/xytron/xycar_ws/src/xycar_planner' returned '0': PYTHONPATH=/home/xytron/xycar_ws/build/xycar_planner/prefix_override:/usr/lib/python3/dist-packages/colcon_core/task/python/colcon_distutils_commands:/home/xytron/xycar_ws/install/xycar_planner/lib/python3.10/site-packages:${PYTHONPATH} /usr/bin/python3 -W ignore:setup.py install is deprecated -W ignore:easy_install command is deprecated setup.py egg_info --egg-base ../../build/xycar_planner build --build-base /home/xytron/xycar_ws/build/xycar_planner/build install --record /home/xytron/xycar_ws/build/xycar_planner/install.log --single-version-externally-managed install_data
