[6.116s] Invoking command in '/home/xytron/xycar_ws/src/xycar_application/app_8_drive': PYTHONPATH=/home/xytron/xycar_ws/build/app_8_drive/prefix_override:/usr/lib/python3/dist-packages/colcon_core/task/python/colcon_distutils_commands:/home/xytron/xycar_ws/install/app_8_drive/lib/python3.10/site-packages:${PYTHONPATH} /usr/bin/python3 -W ignore:setup.py install is deprecated -W ignore:easy_install command is deprecated setup.py egg_info --egg-base ../../../build/app_8_drive build --build-base /home/xytron/xycar_ws/build/app_8_drive/build install --record /home/xytron/xycar_ws/build/app_8_drive/install.log --single-version-externally-managed install_data
[7.799s] running egg_info
[7.806s] creating ../../../build/app_8_drive/app_8_drive.egg-info
[7.807s] writing ../../../build/app_8_drive/app_8_drive.egg-info/PKG-INFO
[7.807s] writing dependency_links to ../../../build/app_8_drive/app_8_drive.egg-info/dependency_links.txt
[7.807s] writing entry points to ../../../build/app_8_drive/app_8_drive.egg-info/entry_points.txt
[7.807s] writing requirements to ../../../build/app_8_drive/app_8_drive.egg-info/requires.txt
[7.807s] writing top-level names to ../../../build/app_8_drive/app_8_drive.egg-info/top_level.txt
[7.807s] writing manifest file '../../../build/app_8_drive/app_8_drive.egg-info/SOURCES.txt'
[7.809s] reading manifest file '../../../build/app_8_drive/app_8_drive.egg-info/SOURCES.txt'
[7.819s] writing manifest file '../../../build/app_8_drive/app_8_drive.egg-info/SOURCES.txt'
[7.820s] running build
[7.820s] running build_py
[7.826s] creating /home/xytron/xycar_ws/build/app_8_drive/build
[7.826s] creating /home/xytron/xycar_ws/build/app_8_drive/build/lib
[7.826s] creating /home/xytron/xycar_ws/build/app_8_drive/build/lib/app_8_drive
[7.827s] copying app_8_drive/__init__.py -> /home/xytron/xycar_ws/build/app_8_drive/build/lib/app_8_drive
[7.827s] copying app_8_drive/app_8_drive.py -> /home/xytron/xycar_ws/build/app_8_drive/build/lib/app_8_drive
[7.827s] running install
[7.827s] running install_lib
[7.834s] creating /home/xytron/xycar_ws/install/app_8_drive/lib/python3.10/site-packages/app_8_drive
[7.834s] copying /home/xytron/xycar_ws/build/app_8_drive/build/lib/app_8_drive/__init__.py -> /home/xytron/xycar_ws/install/app_8_drive/lib/python3.10/site-packages/app_8_drive
[7.834s] copying /home/xytron/xycar_ws/build/app_8_drive/build/lib/app_8_drive/app_8_drive.py -> /home/xytron/xycar_ws/install/app_8_drive/lib/python3.10/site-packages/app_8_drive
[7.835s] byte-compiling /home/xytron/xycar_ws/install/app_8_drive/lib/python3.10/site-packages/app_8_drive/__init__.py to __init__.cpython-310.pyc
[7.851s] byte-compiling /home/xytron/xycar_ws/install/app_8_drive/lib/python3.10/site-packages/app_8_drive/app_8_drive.py to app_8_drive.cpython-310.pyc
[7.851s] running install_data
[7.852s] creating /home/xytron/xycar_ws/install/app_8_drive/share/ament_index
[7.852s] creating /home/xytron/xycar_ws/install/app_8_drive/share/ament_index/resource_index
[7.852s] creating /home/xytron/xycar_ws/install/app_8_drive/share/ament_index/resource_index/packages
[7.857s] copying resource/app_8_drive -> /home/xytron/xycar_ws/install/app_8_drive/share/ament_index/resource_index/packages
[7.857s] copying package.xml -> /home/xytron/xycar_ws/install/app_8_drive/share/app_8_drive
[7.858s] creating /home/xytron/xycar_ws/install/app_8_drive/share/app_8_drive/launch
[7.858s] copying launch/app_8_drive.launch.py -> /home/xytron/xycar_ws/install/app_8_drive/share/app_8_drive/launch
[7.858s] running install_egg_info
[7.868s] Copying ../../../build/app_8_drive/app_8_drive.egg-info to /home/xytron/xycar_ws/install/app_8_drive/lib/python3.10/site-packages/app_8_drive-0.0.0-py3.10.egg-info
[7.877s] running install_scripts
[8.001s] Installing app_8_drive script to /home/xytron/xycar_ws/install/app_8_drive/lib/app_8_drive
[8.005s] writing list of installed files to '/home/xytron/xycar_ws/build/app_8_drive/install.log'
[8.288s] Invoked command in '/home/xytron/xycar_ws/src/xycar_application/app_8_drive' returned '0': PYTHONPATH=/home/xytron/xycar_ws/build/app_8_drive/prefix_override:/usr/lib/python3/dist-packages/colcon_core/task/python/colcon_distutils_commands:/home/xytron/xycar_ws/install/app_8_drive/lib/python3.10/site-packages:${PYTHONPATH} /usr/bin/python3 -W ignore:setup.py install is deprecated -W ignore:easy_install command is deprecated setup.py egg_info --egg-base ../../../build/app_8_drive build --build-base /home/xytron/xycar_ws/build/app_8_drive/build install --record /home/xytron/xycar_ws/build/app_8_drive/install.log --single-version-externally-managed install_data
