[1.454s] Invoking command in '/home/xytron/xycar_ws/build/yolo_msgs': CMAKE_PREFIX_PATH=${CMAKE_PREFIX_PATH}:/home/xytron/xycar_ws/install/xycar_planner:/home/xytron/xycar_ws/install/control_motor:/home/xytron/xycar_ws/install/xycar_motor:/home/xytron/xycar_ws/install/xycar_imu:/home/xytron/xycar_ws/install/xycar_cam:/home/xytron/xycar_ws/install/app_ultra_viewer:/home/xytron/xycar_ws/install/app_turtlesim:/home/xytron/xycar_ws/install/app_sensor_drive:/home/xytron/xycar_ws/install/app_rule_drive_sim:/home/xytron/xycar_ws/install/app_pubsub:/home/xytron/xycar_ws/install/app_path_planning:/home/xytron/xycar_ws/install/app_hough_drive:/home/xytron/xycar_ws/install/app_cam_exposure:/home/xytron/xycar_ws/install/app_8_drive:/opt/ros/humble /usr/bin/cmake --build /home/xytron/xycar_ws/build/yolo_msgs -- -j16 -l16
[1.590s] [  0%] Built target yolo_msgs__cpp
[1.598s] [ 12%] Built target yolo_msgs__rosidl_generator_c
[1.655s] [ 12%] Built target ament_cmake_python_copy_yolo_msgs
[1.730s] [ 24%] Built target yolo_msgs__rosidl_typesupport_cpp
[1.730s] [ 48%] Built target yolo_msgs__rosidl_typesupport_c
[1.731s] [ 48%] Built target yolo_msgs__rosidl_typesupport_fastrtps_cpp
[1.731s] [ 60%] Built target yolo_msgs__rosidl_typesupport_introspection_c
[1.731s] [ 72%] Built target yolo_msgs__rosidl_typesupport_introspection_cpp
[1.731s] [ 84%] Built target yolo_msgs__rosidl_typesupport_fastrtps_c
[1.761s] [ 84%] Built target yolo_msgs
[1.834s] [ 85%] Built target yolo_msgs__py
[1.925s] [ 96%] Built target yolo_msgs__rosidl_generator_py
[2.008s] [ 98%] Built target yolo_msgs__rosidl_typesupport_introspection_c__pyext
[2.009s] [ 99%] Built target yolo_msgs__rosidl_typesupport_c__pyext
[2.013s] [100%] Built target yolo_msgs__rosidl_typesupport_fastrtps_c__pyext
[2.423s] running egg_info
[2.425s] writing yolo_msgs.egg-info/PKG-INFO
[2.425s] writing dependency_links to yolo_msgs.egg-info/dependency_links.txt
[2.425s] writing top-level names to yolo_msgs.egg-info/top_level.txt
[2.430s] reading manifest file 'yolo_msgs.egg-info/SOURCES.txt'
[2.431s] writing manifest file 'yolo_msgs.egg-info/SOURCES.txt'
[2.537s] [100%] Built target ament_cmake_python_build_yolo_msgs_egg
[2.776s] Invoked command in '/home/xytron/xycar_ws/build/yolo_msgs' returned '0': CMAKE_PREFIX_PATH=${CMAKE_PREFIX_PATH}:/home/xytron/xycar_ws/install/xycar_planner:/home/xytron/xycar_ws/install/control_motor:/home/xytron/xycar_ws/install/xycar_motor:/home/xytron/xycar_ws/install/xycar_imu:/home/xytron/xycar_ws/install/xycar_cam:/home/xytron/xycar_ws/install/app_ultra_viewer:/home/xytron/xycar_ws/install/app_turtlesim:/home/xytron/xycar_ws/install/app_sensor_drive:/home/xytron/xycar_ws/install/app_rule_drive_sim:/home/xytron/xycar_ws/install/app_pubsub:/home/xytron/xycar_ws/install/app_path_planning:/home/xytron/xycar_ws/install/app_hough_drive:/home/xytron/xycar_ws/install/app_cam_exposure:/home/xytron/xycar_ws/install/app_8_drive:/opt/ros/humble /usr/bin/cmake --build /home/xytron/xycar_ws/build/yolo_msgs -- -j16 -l16
[2.782s] Invoking command in '/home/xytron/xycar_ws/build/yolo_msgs': CMAKE_PREFIX_PATH=${CMAKE_PREFIX_PATH}:/home/xytron/xycar_ws/install/xycar_planner:/home/xytron/xycar_ws/install/control_motor:/home/xytron/xycar_ws/install/xycar_motor:/home/xytron/xycar_ws/install/xycar_imu:/home/xytron/xycar_ws/install/xycar_cam:/home/xytron/xycar_ws/install/app_ultra_viewer:/home/xytron/xycar_ws/install/app_turtlesim:/home/xytron/xycar_ws/install/app_sensor_drive:/home/xytron/xycar_ws/install/app_rule_drive_sim:/home/xytron/xycar_ws/install/app_pubsub:/home/xytron/xycar_ws/install/app_path_planning:/home/xytron/xycar_ws/install/app_hough_drive:/home/xytron/xycar_ws/install/app_cam_exposure:/home/xytron/xycar_ws/install/app_8_drive:/opt/ros/humble /usr/bin/cmake --install /home/xytron/xycar_ws/build/yolo_msgs
[2.818s] -- Install configuration: ""
[2.819s] -- Up-to-date: /home/xytron/xycar_ws/install/yolo_msgs/share/ament_index/resource_index/rosidl_interfaces/yolo_msgs
[2.819s] -- Up-to-date: /home/xytron/xycar_ws/install/yolo_msgs/include/yolo_msgs/yolo_msgs
[2.820s] -- Up-to-date: /home/xytron/xycar_ws/install/yolo_msgs/include/yolo_msgs/yolo_msgs/srv
[2.820s] -- Up-to-date: /home/xytron/xycar_ws/install/yolo_msgs/include/yolo_msgs/yolo_msgs/srv/set_classes.h
[2.820s] -- Up-to-date: /home/xytron/xycar_ws/install/yolo_msgs/include/yolo_msgs/yolo_msgs/srv/detail
[2.820s] -- Up-to-date: /home/xytron/xycar_ws/install/yolo_msgs/include/yolo_msgs/yolo_msgs/srv/detail/set_classes__functions.h
[2.820s] -- Up-to-date: /home/xytron/xycar_ws/install/yolo_msgs/include/yolo_msgs/yolo_msgs/srv/detail/set_classes__functions.c
[2.820s] -- Up-to-date: /home/xytron/xycar_ws/install/yolo_msgs/include/yolo_msgs/yolo_msgs/srv/detail/set_classes__type_support.h
[2.820s] -- Up-to-date: /home/xytron/xycar_ws/install/yolo_msgs/include/yolo_msgs/yolo_msgs/srv/detail/set_classes__struct.h
[2.821s] -- Up-to-date: /home/xytron/xycar_ws/install/yolo_msgs/include/yolo_msgs/yolo_msgs/msg
[2.821s] -- Up-to-date: /home/xytron/xycar_ws/install/yolo_msgs/include/yolo_msgs/yolo_msgs/msg/bounding_box2_d.h
[2.821s] -- Up-to-date: /home/xytron/xycar_ws/install/yolo_msgs/include/yolo_msgs/yolo_msgs/msg/vector2.h
[2.821s] -- Up-to-date: /home/xytron/xycar_ws/install/yolo_msgs/include/yolo_msgs/yolo_msgs/msg/key_point3_d.h
[2.821s] -- Up-to-date: /home/xytron/xycar_ws/install/yolo_msgs/include/yolo_msgs/yolo_msgs/msg/key_point2_d.h
[2.821s] -- Up-to-date: /home/xytron/xycar_ws/install/yolo_msgs/include/yolo_msgs/yolo_msgs/msg/detection.h
[2.821s] -- Up-to-date: /home/xytron/xycar_ws/install/yolo_msgs/include/yolo_msgs/yolo_msgs/msg/bounding_box3_d.h
[2.822s] -- Up-to-date: /home/xytron/xycar_ws/install/yolo_msgs/include/yolo_msgs/yolo_msgs/msg/detection_array.h
[2.822s] -- Up-to-date: /home/xytron/xycar_ws/install/yolo_msgs/include/yolo_msgs/yolo_msgs/msg/pose2_d.h
[2.822s] -- Up-to-date: /home/xytron/xycar_ws/install/yolo_msgs/include/yolo_msgs/yolo_msgs/msg/key_point2_d_array.h
[2.822s] -- Up-to-date: /home/xytron/xycar_ws/install/yolo_msgs/include/yolo_msgs/yolo_msgs/msg/mask.h
[2.822s] -- Up-to-date: /home/xytron/xycar_ws/install/yolo_msgs/include/yolo_msgs/yolo_msgs/msg/rosidl_generator_c__visibility_control.h
[2.822s] -- Up-to-date: /home/xytron/xycar_ws/install/yolo_msgs/include/yolo_msgs/yolo_msgs/msg/key_point3_d_array.h
[2.822s] -- Up-to-date: /home/xytron/xycar_ws/install/yolo_msgs/include/yolo_msgs/yolo_msgs/msg/detail
[2.822s] -- Up-to-date: /home/xytron/xycar_ws/install/yolo_msgs/include/yolo_msgs/yolo_msgs/msg/detail/vector2__struct.h
[2.822s] -- Up-to-date: /home/xytron/xycar_ws/install/yolo_msgs/include/yolo_msgs/yolo_msgs/msg/detail/detection__functions.c
[2.822s] -- Up-to-date: /home/xytron/xycar_ws/install/yolo_msgs/include/yolo_msgs/yolo_msgs/msg/detail/vector2__functions.c
[2.822s] -- Up-to-date: /home/xytron/xycar_ws/install/yolo_msgs/include/yolo_msgs/yolo_msgs/msg/detail/point2_d__functions.h
[2.823s] -- Up-to-date: /home/xytron/xycar_ws/install/yolo_msgs/include/yolo_msgs/yolo_msgs/msg/detail/detection__functions.h
[2.823s] -- Up-to-date: /home/xytron/xycar_ws/install/yolo_msgs/include/yolo_msgs/yolo_msgs/msg/detail/key_point2_d__struct.h
[2.823s] -- Up-to-date: /home/xytron/xycar_ws/install/yolo_msgs/include/yolo_msgs/yolo_msgs/msg/detail/bounding_box3_d__struct.h
[2.823s] -- Up-to-date: /home/xytron/xycar_ws/install/yolo_msgs/include/yolo_msgs/yolo_msgs/msg/detail/pose2_d__type_support.h
[2.823s] -- Up-to-date: /home/xytron/xycar_ws/install/yolo_msgs/include/yolo_msgs/yolo_msgs/msg/detail/pose2_d__struct.h
[2.823s] -- Up-to-date: /home/xytron/xycar_ws/install/yolo_msgs/include/yolo_msgs/yolo_msgs/msg/detail/key_point2_d__type_support.h
[2.823s] -- Up-to-date: /home/xytron/xycar_ws/install/yolo_msgs/include/yolo_msgs/yolo_msgs/msg/detail/detection_array__type_support.h
[2.823s] -- Up-to-date: /home/xytron/xycar_ws/install/yolo_msgs/include/yolo_msgs/yolo_msgs/msg/detail/bounding_box2_d__type_support.h
[2.823s] -- Up-to-date: /home/xytron/xycar_ws/install/yolo_msgs/include/yolo_msgs/yolo_msgs/msg/detail/point2_d__type_support.h
[2.824s] -- Up-to-date: /home/xytron/xycar_ws/install/yolo_msgs/include/yolo_msgs/yolo_msgs/msg/detail/key_point2_d__functions.c
[2.824s] -- Up-to-date: /home/xytron/xycar_ws/install/yolo_msgs/include/yolo_msgs/yolo_msgs/msg/detail/vector2__type_support.h
[2.824s] -- Up-to-date: /home/xytron/xycar_ws/install/yolo_msgs/include/yolo_msgs/yolo_msgs/msg/detail/key_point3_d_array__type_support.h
[2.824s] -- Up-to-date: /home/xytron/xycar_ws/install/yolo_msgs/include/yolo_msgs/yolo_msgs/msg/detail/point2_d__struct.h
[2.824s] -- Up-to-date: /home/xytron/xycar_ws/install/yolo_msgs/include/yolo_msgs/yolo_msgs/msg/detail/key_point2_d_array__functions.h
[2.824s] -- Up-to-date: /home/xytron/xycar_ws/install/yolo_msgs/include/yolo_msgs/yolo_msgs/msg/detail/detection__struct.h
[2.824s] -- Up-to-date: /home/xytron/xycar_ws/install/yolo_msgs/include/yolo_msgs/yolo_msgs/msg/detail/bounding_box3_d__functions.c
[2.824s] -- Up-to-date: /home/xytron/xycar_ws/install/yolo_msgs/include/yolo_msgs/yolo_msgs/msg/detail/bounding_box3_d__functions.h
[2.824s] -- Up-to-date: /home/xytron/xycar_ws/install/yolo_msgs/include/yolo_msgs/yolo_msgs/msg/detail/key_point2_d__functions.h
[2.824s] -- Up-to-date: /home/xytron/xycar_ws/install/yolo_msgs/include/yolo_msgs/yolo_msgs/msg/detail/key_point3_d_array__struct.h
[2.825s] -- Up-to-date: /home/xytron/xycar_ws/install/yolo_msgs/include/yolo_msgs/yolo_msgs/msg/detail/mask__functions.c
[2.825s] -- Up-to-date: /home/xytron/xycar_ws/install/yolo_msgs/include/yolo_msgs/yolo_msgs/msg/detail/bounding_box3_d__type_support.h
[2.825s] -- Up-to-date: /home/xytron/xycar_ws/install/yolo_msgs/include/yolo_msgs/yolo_msgs/msg/detail/bounding_box2_d__functions.h
[2.825s] -- Up-to-date: /home/xytron/xycar_ws/install/yolo_msgs/include/yolo_msgs/yolo_msgs/msg/detail/detection_array__functions.h
[2.825s] -- Up-to-date: /home/xytron/xycar_ws/install/yolo_msgs/include/yolo_msgs/yolo_msgs/msg/detail/key_point3_d__struct.h
[2.825s] -- Up-to-date: /home/xytron/xycar_ws/install/yolo_msgs/include/yolo_msgs/yolo_msgs/msg/detail/key_point2_d_array__functions.c
[2.825s] -- Up-to-date: /home/xytron/xycar_ws/install/yolo_msgs/include/yolo_msgs/yolo_msgs/msg/detail/detection_array__functions.c
[2.825s] -- Up-to-date: /home/xytron/xycar_ws/install/yolo_msgs/include/yolo_msgs/yolo_msgs/msg/detail/bounding_box2_d__functions.c
[2.831s] -- Up-to-date: /home/xytron/xycar_ws/install/yolo_msgs/include/yolo_msgs/yolo_msgs/msg/detail/pose2_d__functions.c
[2.832s] -- Up-to-date: /home/xytron/xycar_ws/install/yolo_msgs/include/yolo_msgs/yolo_msgs/msg/detail/mask__functions.h
[2.833s] -- Up-to-date: /home/xytron/xycar_ws/install/yolo_msgs/include/yolo_msgs/yolo_msgs/msg/detail/point2_d__functions.c
[2.833s] -- Up-to-date: /home/xytron/xycar_ws/install/yolo_msgs/include/yolo_msgs/yolo_msgs/msg/detail/detection__type_support.h
[2.834s] -- Up-to-date: /home/xytron/xycar_ws/install/yolo_msgs/include/yolo_msgs/yolo_msgs/msg/detail/key_point3_d__type_support.h
[2.834s] -- Up-to-date: /home/xytron/xycar_ws/install/yolo_msgs/include/yolo_msgs/yolo_msgs/msg/detail/mask__type_support.h
[2.836s] -- Up-to-date: /home/xytron/xycar_ws/install/yolo_msgs/include/yolo_msgs/yolo_msgs/msg/detail/pose2_d__functions.h
[2.836s] -- Up-to-date: /home/xytron/xycar_ws/install/yolo_msgs/include/yolo_msgs/yolo_msgs/msg/detail/vector2__functions.h
[2.837s] -- Up-to-date: /home/xytron/xycar_ws/install/yolo_msgs/include/yolo_msgs/yolo_msgs/msg/detail/key_point3_d__functions.h
[2.838s] -- Up-to-date: /home/xytron/xycar_ws/install/yolo_msgs/include/yolo_msgs/yolo_msgs/msg/detail/bounding_box2_d__struct.h
[2.838s] -- Up-to-date: /home/xytron/xycar_ws/install/yolo_msgs/include/yolo_msgs/yolo_msgs/msg/detail/key_point3_d_array__functions.c
[2.839s] -- Up-to-date: /home/xytron/xycar_ws/install/yolo_msgs/include/yolo_msgs/yolo_msgs/msg/detail/key_point3_d__functions.c
[2.839s] -- Up-to-date: /home/xytron/xycar_ws/install/yolo_msgs/include/yolo_msgs/yolo_msgs/msg/detail/key_point2_d_array__type_support.h
[2.839s] -- Up-to-date: /home/xytron/xycar_ws/install/yolo_msgs/include/yolo_msgs/yolo_msgs/msg/detail/detection_array__struct.h
[2.839s] -- Up-to-date: /home/xytron/xycar_ws/install/yolo_msgs/include/yolo_msgs/yolo_msgs/msg/detail/key_point3_d_array__functions.h
[2.840s] -- Up-to-date: /home/xytron/xycar_ws/install/yolo_msgs/include/yolo_msgs/yolo_msgs/msg/detail/mask__struct.h
[2.840s] -- Up-to-date: /home/xytron/xycar_ws/install/yolo_msgs/include/yolo_msgs/yolo_msgs/msg/detail/key_point2_d_array__struct.h
[2.840s] -- Up-to-date: /home/xytron/xycar_ws/install/yolo_msgs/include/yolo_msgs/yolo_msgs/msg/point2_d.h
[2.840s] -- Up-to-date: /home/xytron/xycar_ws/install/yolo_msgs/share/yolo_msgs/environment/library_path.sh
[2.840s] -- Up-to-date: /home/xytron/xycar_ws/install/yolo_msgs/share/yolo_msgs/environment/library_path.dsv
[2.840s] -- Up-to-date: /home/xytron/xycar_ws/install/yolo_msgs/lib/libyolo_msgs__rosidl_generator_c.so
[2.840s] -- Up-to-date: /home/xytron/xycar_ws/install/yolo_msgs/include/yolo_msgs/yolo_msgs
[2.841s] -- Up-to-date: /home/xytron/xycar_ws/install/yolo_msgs/include/yolo_msgs/yolo_msgs/srv
[2.841s] -- Up-to-date: /home/xytron/xycar_ws/install/yolo_msgs/include/yolo_msgs/yolo_msgs/srv/detail
[2.841s] -- Up-to-date: /home/xytron/xycar_ws/install/yolo_msgs/include/yolo_msgs/yolo_msgs/srv/detail/set_classes__rosidl_typesupport_fastrtps_c.h
[2.842s] -- Up-to-date: /home/xytron/xycar_ws/install/yolo_msgs/include/yolo_msgs/yolo_msgs/msg
[2.842s] -- Up-to-date: /home/xytron/xycar_ws/install/yolo_msgs/include/yolo_msgs/yolo_msgs/msg/rosidl_typesupport_fastrtps_c__visibility_control.h
[2.842s] -- Up-to-date: /home/xytron/xycar_ws/install/yolo_msgs/include/yolo_msgs/yolo_msgs/msg/detail
[2.842s] -- Up-to-date: /home/xytron/xycar_ws/install/yolo_msgs/include/yolo_msgs/yolo_msgs/msg/detail/mask__rosidl_typesupport_fastrtps_c.h
[2.842s] -- Up-to-date: /home/xytron/xycar_ws/install/yolo_msgs/include/yolo_msgs/yolo_msgs/msg/detail/key_point2_d_array__rosidl_typesupport_fastrtps_c.h
[2.842s] -- Up-to-date: /home/xytron/xycar_ws/install/yolo_msgs/include/yolo_msgs/yolo_msgs/msg/detail/vector2__rosidl_typesupport_fastrtps_c.h
[2.842s] -- Up-to-date: /home/xytron/xycar_ws/install/yolo_msgs/include/yolo_msgs/yolo_msgs/msg/detail/key_point3_d__rosidl_typesupport_fastrtps_c.h
[2.842s] -- Up-to-date: /home/xytron/xycar_ws/install/yolo_msgs/include/yolo_msgs/yolo_msgs/msg/detail/detection_array__rosidl_typesupport_fastrtps_c.h
[2.843s] -- Up-to-date: /home/xytron/xycar_ws/install/yolo_msgs/include/yolo_msgs/yolo_msgs/msg/detail/detection__rosidl_typesupport_fastrtps_c.h
[2.843s] -- Up-to-date: /home/xytron/xycar_ws/install/yolo_msgs/include/yolo_msgs/yolo_msgs/msg/detail/bounding_box2_d__rosidl_typesupport_fastrtps_c.h
[2.844s] -- Up-to-date: /home/xytron/xycar_ws/install/yolo_msgs/include/yolo_msgs/yolo_msgs/msg/detail/key_point2_d__rosidl_typesupport_fastrtps_c.h
[2.844s] -- Up-to-date: /home/xytron/xycar_ws/install/yolo_msgs/include/yolo_msgs/yolo_msgs/msg/detail/pose2_d__rosidl_typesupport_fastrtps_c.h
[2.844s] -- Up-to-date: /home/xytron/xycar_ws/install/yolo_msgs/include/yolo_msgs/yolo_msgs/msg/detail/key_point3_d_array__rosidl_typesupport_fastrtps_c.h
[2.844s] -- Up-to-date: /home/xytron/xycar_ws/install/yolo_msgs/include/yolo_msgs/yolo_msgs/msg/detail/bounding_box3_d__rosidl_typesupport_fastrtps_c.h
[2.844s] -- Up-to-date: /home/xytron/xycar_ws/install/yolo_msgs/include/yolo_msgs/yolo_msgs/msg/detail/point2_d__rosidl_typesupport_fastrtps_c.h
[2.844s] -- Up-to-date: /home/xytron/xycar_ws/install/yolo_msgs/lib/libyolo_msgs__rosidl_typesupport_fastrtps_c.so
[2.844s] -- Up-to-date: /home/xytron/xycar_ws/install/yolo_msgs/include/yolo_msgs/yolo_msgs
[2.845s] -- Up-to-date: /home/xytron/xycar_ws/install/yolo_msgs/include/yolo_msgs/yolo_msgs/srv
[2.845s] -- Up-to-date: /home/xytron/xycar_ws/install/yolo_msgs/include/yolo_msgs/yolo_msgs/srv/detail
[2.846s] -- Up-to-date: /home/xytron/xycar_ws/install/yolo_msgs/include/yolo_msgs/yolo_msgs/srv/detail/set_classes__type_support.c
[2.846s] -- Up-to-date: /home/xytron/xycar_ws/install/yolo_msgs/include/yolo_msgs/yolo_msgs/srv/detail/set_classes__rosidl_typesupport_introspection_c.h
[2.846s] -- Up-to-date: /home/xytron/xycar_ws/install/yolo_msgs/include/yolo_msgs/yolo_msgs/msg
[2.847s] -- Up-to-date: /home/xytron/xycar_ws/install/yolo_msgs/include/yolo_msgs/yolo_msgs/msg/rosidl_typesupport_introspection_c__visibility_control.h
[2.847s] -- Up-to-date: /home/xytron/xycar_ws/install/yolo_msgs/include/yolo_msgs/yolo_msgs/msg/detail
[2.847s] -- Up-to-date: /home/xytron/xycar_ws/install/yolo_msgs/include/yolo_msgs/yolo_msgs/msg/detail/bounding_box2_d__rosidl_typesupport_introspection_c.h
[2.848s] -- Up-to-date: /home/xytron/xycar_ws/install/yolo_msgs/include/yolo_msgs/yolo_msgs/msg/detail/bounding_box3_d__type_support.c
[2.848s] -- Up-to-date: /home/xytron/xycar_ws/install/yolo_msgs/include/yolo_msgs/yolo_msgs/msg/detail/key_point3_d__type_support.c
[2.848s] -- Up-to-date: /home/xytron/xycar_ws/install/yolo_msgs/include/yolo_msgs/yolo_msgs/msg/detail/key_point2_d__rosidl_typesupport_introspection_c.h
[2.848s] -- Up-to-date: /home/xytron/xycar_ws/install/yolo_msgs/include/yolo_msgs/yolo_msgs/msg/detail/key_point2_d__type_support.c
[2.848s] -- Up-to-date: /home/xytron/xycar_ws/install/yolo_msgs/include/yolo_msgs/yolo_msgs/msg/detail/bounding_box2_d__type_support.c
[2.848s] -- Up-to-date: /home/xytron/xycar_ws/install/yolo_msgs/include/yolo_msgs/yolo_msgs/msg/detail/pose2_d__rosidl_typesupport_introspection_c.h
[2.849s] -- Up-to-date: /home/xytron/xycar_ws/install/yolo_msgs/include/yolo_msgs/yolo_msgs/msg/detail/vector2__type_support.c
[2.849s] -- Up-to-date: /home/xytron/xycar_ws/install/yolo_msgs/include/yolo_msgs/yolo_msgs/msg/detail/key_point2_d_array__type_support.c
[2.849s] -- Up-to-date: /home/xytron/xycar_ws/install/yolo_msgs/include/yolo_msgs/yolo_msgs/msg/detail/bounding_box3_d__rosidl_typesupport_introspection_c.h
[2.849s] -- Up-to-date: /home/xytron/xycar_ws/install/yolo_msgs/include/yolo_msgs/yolo_msgs/msg/detail/point2_d__type_support.c
[2.849s] -- Up-to-date: /home/xytron/xycar_ws/install/yolo_msgs/include/yolo_msgs/yolo_msgs/msg/detail/mask__type_support.c
[2.849s] -- Up-to-date: /home/xytron/xycar_ws/install/yolo_msgs/include/yolo_msgs/yolo_msgs/msg/detail/detection__type_support.c
[2.849s] -- Up-to-date: /home/xytron/xycar_ws/install/yolo_msgs/include/yolo_msgs/yolo_msgs/msg/detail/key_point3_d__rosidl_typesupport_introspection_c.h
[2.849s] -- Up-to-date: /home/xytron/xycar_ws/install/yolo_msgs/include/yolo_msgs/yolo_msgs/msg/detail/detection_array__rosidl_typesupport_introspection_c.h
[2.849s] -- Up-to-date: /home/xytron/xycar_ws/install/yolo_msgs/include/yolo_msgs/yolo_msgs/msg/detail/key_point2_d_array__rosidl_typesupport_introspection_c.h
[2.850s] -- Up-to-date: /home/xytron/xycar_ws/install/yolo_msgs/include/yolo_msgs/yolo_msgs/msg/detail/point2_d__rosidl_typesupport_introspection_c.h
[2.850s] -- Up-to-date: /home/xytron/xycar_ws/install/yolo_msgs/include/yolo_msgs/yolo_msgs/msg/detail/vector2__rosidl_typesupport_introspection_c.h
[2.850s] -- Up-to-date: /home/xytron/xycar_ws/install/yolo_msgs/include/yolo_msgs/yolo_msgs/msg/detail/key_point3_d_array__rosidl_typesupport_introspection_c.h
[2.850s] -- Up-to-date: /home/xytron/xycar_ws/install/yolo_msgs/include/yolo_msgs/yolo_msgs/msg/detail/detection__rosidl_typesupport_introspection_c.h
[2.851s] -- Up-to-date: /home/xytron/xycar_ws/install/yolo_msgs/include/yolo_msgs/yolo_msgs/msg/detail/key_point3_d_array__type_support.c
[2.851s] -- Up-to-date: /home/xytron/xycar_ws/install/yolo_msgs/include/yolo_msgs/yolo_msgs/msg/detail/pose2_d__type_support.c
[2.851s] -- Up-to-date: /home/xytron/xycar_ws/install/yolo_msgs/include/yolo_msgs/yolo_msgs/msg/detail/detection_array__type_support.c
[2.851s] -- Up-to-date: /home/xytron/xycar_ws/install/yolo_msgs/include/yolo_msgs/yolo_msgs/msg/detail/mask__rosidl_typesupport_introspection_c.h
[2.851s] -- Up-to-date: /home/xytron/xycar_ws/install/yolo_msgs/lib/libyolo_msgs__rosidl_typesupport_introspection_c.so
[2.851s] -- Up-to-date: /home/xytron/xycar_ws/install/yolo_msgs/lib/libyolo_msgs__rosidl_typesupport_c.so
[2.851s] -- Up-to-date: /home/xytron/xycar_ws/install/yolo_msgs/include/yolo_msgs/yolo_msgs
[2.851s] -- Up-to-date: /home/xytron/xycar_ws/install/yolo_msgs/include/yolo_msgs/yolo_msgs/srv
[2.852s] -- Up-to-date: /home/xytron/xycar_ws/install/yolo_msgs/include/yolo_msgs/yolo_msgs/srv/set_classes.hpp
[2.852s] -- Up-to-date: /home/xytron/xycar_ws/install/yolo_msgs/include/yolo_msgs/yolo_msgs/srv/detail
[2.852s] -- Up-to-date: /home/xytron/xycar_ws/install/yolo_msgs/include/yolo_msgs/yolo_msgs/srv/detail/set_classes__builder.hpp
[2.852s] -- Up-to-date: /home/xytron/xycar_ws/install/yolo_msgs/include/yolo_msgs/yolo_msgs/srv/detail/set_classes__traits.hpp
[2.853s] -- Up-to-date: /home/xytron/xycar_ws/install/yolo_msgs/include/yolo_msgs/yolo_msgs/srv/detail/set_classes__type_support.hpp
[2.855s] -- Up-to-date: /home/xytron/xycar_ws/install/yolo_msgs/include/yolo_msgs/yolo_msgs/srv/detail/set_classes__struct.hpp
[2.857s] -- Up-to-date: /home/xytron/xycar_ws/install/yolo_msgs/include/yolo_msgs/yolo_msgs/msg
[2.861s] -- Up-to-date: /home/xytron/xycar_ws/install/yolo_msgs/include/yolo_msgs/yolo_msgs/msg/detection_array.hpp
[2.862s] -- Up-to-date: /home/xytron/xycar_ws/install/yolo_msgs/include/yolo_msgs/yolo_msgs/msg/bounding_box2_d.hpp
[2.864s] -- Up-to-date: /home/xytron/xycar_ws/install/yolo_msgs/include/yolo_msgs/yolo_msgs/msg/detection.hpp
[2.866s] -- Up-to-date: /home/xytron/xycar_ws/install/yolo_msgs/include/yolo_msgs/yolo_msgs/msg/bounding_box3_d.hpp
[2.866s] -- Up-to-date: /home/xytron/xycar_ws/install/yolo_msgs/include/yolo_msgs/yolo_msgs/msg/key_point3_d_array.hpp
[2.866s] -- Up-to-date: /home/xytron/xycar_ws/install/yolo_msgs/include/yolo_msgs/yolo_msgs/msg/key_point3_d.hpp
[2.867s] -- Up-to-date: /home/xytron/xycar_ws/install/yolo_msgs/include/yolo_msgs/yolo_msgs/msg/point2_d.hpp
[2.867s] -- Up-to-date: /home/xytron/xycar_ws/install/yolo_msgs/include/yolo_msgs/yolo_msgs/msg/mask.hpp
[2.867s] -- Up-to-date: /home/xytron/xycar_ws/install/yolo_msgs/include/yolo_msgs/yolo_msgs/msg/key_point2_d.hpp
[2.867s] -- Up-to-date: /home/xytron/xycar_ws/install/yolo_msgs/include/yolo_msgs/yolo_msgs/msg/vector2.hpp
[2.868s] -- Up-to-date: /home/xytron/xycar_ws/install/yolo_msgs/include/yolo_msgs/yolo_msgs/msg/pose2_d.hpp
[2.868s] -- Up-to-date: /home/xytron/xycar_ws/install/yolo_msgs/include/yolo_msgs/yolo_msgs/msg/rosidl_generator_cpp__visibility_control.hpp
[2.868s] -- Up-to-date: /home/xytron/xycar_ws/install/yolo_msgs/include/yolo_msgs/yolo_msgs/msg/key_point2_d_array.hpp
[2.869s] -- Up-to-date: /home/xytron/xycar_ws/install/yolo_msgs/include/yolo_msgs/yolo_msgs/msg/detail
[2.869s] -- Up-to-date: /home/xytron/xycar_ws/install/yolo_msgs/include/yolo_msgs/yolo_msgs/msg/detail/key_point2_d_array__traits.hpp
[2.870s] -- Up-to-date: /home/xytron/xycar_ws/install/yolo_msgs/include/yolo_msgs/yolo_msgs/msg/detail/bounding_box2_d__struct.hpp
[2.870s] -- Up-to-date: /home/xytron/xycar_ws/install/yolo_msgs/include/yolo_msgs/yolo_msgs/msg/detail/key_point3_d__builder.hpp
[2.870s] -- Up-to-date: /home/xytron/xycar_ws/install/yolo_msgs/include/yolo_msgs/yolo_msgs/msg/detail/bounding_box3_d__builder.hpp
[2.870s] -- Up-to-date: /home/xytron/xycar_ws/install/yolo_msgs/include/yolo_msgs/yolo_msgs/msg/detail/key_point3_d__type_support.hpp
[2.870s] -- Up-to-date: /home/xytron/xycar_ws/install/yolo_msgs/include/yolo_msgs/yolo_msgs/msg/detail/bounding_box2_d__type_support.hpp
[2.870s] -- Up-to-date: /home/xytron/xycar_ws/install/yolo_msgs/include/yolo_msgs/yolo_msgs/msg/detail/key_point2_d_array__builder.hpp
[2.870s] -- Up-to-date: /home/xytron/xycar_ws/install/yolo_msgs/include/yolo_msgs/yolo_msgs/msg/detail/bounding_box3_d__type_support.hpp
[2.871s] -- Up-to-date: /home/xytron/xycar_ws/install/yolo_msgs/include/yolo_msgs/yolo_msgs/msg/detail/key_point3_d_array__type_support.hpp
[2.871s] -- Up-to-date: /home/xytron/xycar_ws/install/yolo_msgs/include/yolo_msgs/yolo_msgs/msg/detail/mask__struct.hpp
[2.871s] -- Up-to-date: /home/xytron/xycar_ws/install/yolo_msgs/include/yolo_msgs/yolo_msgs/msg/detail/detection_array__traits.hpp
[2.871s] -- Up-to-date: /home/xytron/xycar_ws/install/yolo_msgs/include/yolo_msgs/yolo_msgs/msg/detail/bounding_box3_d__struct.hpp
[2.871s] -- Up-to-date: /home/xytron/xycar_ws/install/yolo_msgs/include/yolo_msgs/yolo_msgs/msg/detail/key_point3_d_array__builder.hpp
[2.871s] -- Up-to-date: /home/xytron/xycar_ws/install/yolo_msgs/include/yolo_msgs/yolo_msgs/msg/detail/detection_array__struct.hpp
[2.871s] -- Up-to-date: /home/xytron/xycar_ws/install/yolo_msgs/include/yolo_msgs/yolo_msgs/msg/detail/key_point3_d__struct.hpp
[2.872s] -- Up-to-date: /home/xytron/xycar_ws/install/yolo_msgs/include/yolo_msgs/yolo_msgs/msg/detail/pose2_d__traits.hpp
[2.872s] -- Up-to-date: /home/xytron/xycar_ws/install/yolo_msgs/include/yolo_msgs/yolo_msgs/msg/detail/mask__builder.hpp
[2.872s] -- Up-to-date: /home/xytron/xycar_ws/install/yolo_msgs/include/yolo_msgs/yolo_msgs/msg/detail/key_point3_d__traits.hpp
[2.872s] -- Up-to-date: /home/xytron/xycar_ws/install/yolo_msgs/include/yolo_msgs/yolo_msgs/msg/detail/point2_d__type_support.hpp
[2.872s] -- Up-to-date: /home/xytron/xycar_ws/install/yolo_msgs/include/yolo_msgs/yolo_msgs/msg/detail/detection__builder.hpp
[2.872s] -- Up-to-date: /home/xytron/xycar_ws/install/yolo_msgs/include/yolo_msgs/yolo_msgs/msg/detail/point2_d__traits.hpp
[2.872s] -- Up-to-date: /home/xytron/xycar_ws/install/yolo_msgs/include/yolo_msgs/yolo_msgs/msg/detail/point2_d__struct.hpp
[2.872s] -- Up-to-date: /home/xytron/xycar_ws/install/yolo_msgs/include/yolo_msgs/yolo_msgs/msg/detail/detection_array__type_support.hpp
[2.873s] -- Up-to-date: /home/xytron/xycar_ws/install/yolo_msgs/include/yolo_msgs/yolo_msgs/msg/detail/key_point2_d__type_support.hpp
[2.873s] -- Up-to-date: /home/xytron/xycar_ws/install/yolo_msgs/include/yolo_msgs/yolo_msgs/msg/detail/vector2__struct.hpp
[2.873s] -- Up-to-date: /home/xytron/xycar_ws/install/yolo_msgs/include/yolo_msgs/yolo_msgs/msg/detail/detection__type_support.hpp
[2.873s] -- Up-to-date: /home/xytron/xycar_ws/install/yolo_msgs/include/yolo_msgs/yolo_msgs/msg/detail/bounding_box2_d__builder.hpp
[2.873s] -- Up-to-date: /home/xytron/xycar_ws/install/yolo_msgs/include/yolo_msgs/yolo_msgs/msg/detail/pose2_d__builder.hpp
[2.873s] -- Up-to-date: /home/xytron/xycar_ws/install/yolo_msgs/include/yolo_msgs/yolo_msgs/msg/detail/key_point3_d_array__struct.hpp
[2.873s] -- Up-to-date: /home/xytron/xycar_ws/install/yolo_msgs/include/yolo_msgs/yolo_msgs/msg/detail/bounding_box2_d__traits.hpp
[2.873s] -- Up-to-date: /home/xytron/xycar_ws/install/yolo_msgs/include/yolo_msgs/yolo_msgs/msg/detail/detection_array__builder.hpp
[2.874s] -- Up-to-date: /home/xytron/xycar_ws/install/yolo_msgs/include/yolo_msgs/yolo_msgs/msg/detail/pose2_d__struct.hpp
[2.874s] -- Up-to-date: /home/xytron/xycar_ws/install/yolo_msgs/include/yolo_msgs/yolo_msgs/msg/detail/key_point2_d__traits.hpp
[2.875s] -- Up-to-date: /home/xytron/xycar_ws/install/yolo_msgs/include/yolo_msgs/yolo_msgs/msg/detail/mask__traits.hpp
[2.875s] -- Up-to-date: /home/xytron/xycar_ws/install/yolo_msgs/include/yolo_msgs/yolo_msgs/msg/detail/mask__type_support.hpp
[2.875s] -- Up-to-date: /home/xytron/xycar_ws/install/yolo_msgs/include/yolo_msgs/yolo_msgs/msg/detail/pose2_d__type_support.hpp
[2.875s] -- Up-to-date: /home/xytron/xycar_ws/install/yolo_msgs/include/yolo_msgs/yolo_msgs/msg/detail/detection__struct.hpp
[2.876s] -- Up-to-date: /home/xytron/xycar_ws/install/yolo_msgs/include/yolo_msgs/yolo_msgs/msg/detail/key_point2_d__struct.hpp
[2.876s] -- Up-to-date: /home/xytron/xycar_ws/install/yolo_msgs/include/yolo_msgs/yolo_msgs/msg/detail/key_point3_d_array__traits.hpp
[2.876s] -- Up-to-date: /home/xytron/xycar_ws/install/yolo_msgs/include/yolo_msgs/yolo_msgs/msg/detail/point2_d__builder.hpp
[2.876s] -- Up-to-date: /home/xytron/xycar_ws/install/yolo_msgs/include/yolo_msgs/yolo_msgs/msg/detail/vector2__builder.hpp
[2.876s] -- Up-to-date: /home/xytron/xycar_ws/install/yolo_msgs/include/yolo_msgs/yolo_msgs/msg/detail/vector2__traits.hpp
[2.876s] -- Up-to-date: /home/xytron/xycar_ws/install/yolo_msgs/include/yolo_msgs/yolo_msgs/msg/detail/detection__traits.hpp
[2.876s] -- Up-to-date: /home/xytron/xycar_ws/install/yolo_msgs/include/yolo_msgs/yolo_msgs/msg/detail/key_point2_d_array__struct.hpp
[2.876s] -- Up-to-date: /home/xytron/xycar_ws/install/yolo_msgs/include/yolo_msgs/yolo_msgs/msg/detail/vector2__type_support.hpp
[2.876s] -- Up-to-date: /home/xytron/xycar_ws/install/yolo_msgs/include/yolo_msgs/yolo_msgs/msg/detail/bounding_box3_d__traits.hpp
[2.877s] -- Up-to-date: /home/xytron/xycar_ws/install/yolo_msgs/include/yolo_msgs/yolo_msgs/msg/detail/key_point2_d__builder.hpp
[2.877s] -- Up-to-date: /home/xytron/xycar_ws/install/yolo_msgs/include/yolo_msgs/yolo_msgs/msg/detail/key_point2_d_array__type_support.hpp
[2.877s] -- Up-to-date: /home/xytron/xycar_ws/install/yolo_msgs/include/yolo_msgs/yolo_msgs
[2.877s] -- Up-to-date: /home/xytron/xycar_ws/install/yolo_msgs/include/yolo_msgs/yolo_msgs/srv
[2.877s] -- Up-to-date: /home/xytron/xycar_ws/install/yolo_msgs/include/yolo_msgs/yolo_msgs/srv/detail
[2.877s] -- Up-to-date: /home/xytron/xycar_ws/install/yolo_msgs/include/yolo_msgs/yolo_msgs/srv/detail/dds_fastrtps
[2.877s] -- Up-to-date: /home/xytron/xycar_ws/install/yolo_msgs/include/yolo_msgs/yolo_msgs/srv/detail/set_classes__rosidl_typesupport_fastrtps_cpp.hpp
[2.877s] -- Up-to-date: /home/xytron/xycar_ws/install/yolo_msgs/include/yolo_msgs/yolo_msgs/msg
[2.877s] -- Up-to-date: /home/xytron/xycar_ws/install/yolo_msgs/include/yolo_msgs/yolo_msgs/msg/rosidl_typesupport_fastrtps_cpp__visibility_control.h
[2.878s] -- Up-to-date: /home/xytron/xycar_ws/install/yolo_msgs/include/yolo_msgs/yolo_msgs/msg/detail
[2.878s] -- Up-to-date: /home/xytron/xycar_ws/install/yolo_msgs/include/yolo_msgs/yolo_msgs/msg/detail/detection__rosidl_typesupport_fastrtps_cpp.hpp
[2.878s] -- Up-to-date: /home/xytron/xycar_ws/install/yolo_msgs/include/yolo_msgs/yolo_msgs/msg/detail/bounding_box2_d__rosidl_typesupport_fastrtps_cpp.hpp
[2.878s] -- Up-to-date: /home/xytron/xycar_ws/install/yolo_msgs/include/yolo_msgs/yolo_msgs/msg/detail/detection_array__rosidl_typesupport_fastrtps_cpp.hpp
[2.878s] -- Up-to-date: /home/xytron/xycar_ws/install/yolo_msgs/include/yolo_msgs/yolo_msgs/msg/detail/key_point3_d_array__rosidl_typesupport_fastrtps_cpp.hpp
[2.878s] -- Up-to-date: /home/xytron/xycar_ws/install/yolo_msgs/include/yolo_msgs/yolo_msgs/msg/detail/key_point2_d__rosidl_typesupport_fastrtps_cpp.hpp
[2.878s] -- Up-to-date: /home/xytron/xycar_ws/install/yolo_msgs/include/yolo_msgs/yolo_msgs/msg/detail/key_point3_d__rosidl_typesupport_fastrtps_cpp.hpp
[2.878s] -- Up-to-date: /home/xytron/xycar_ws/install/yolo_msgs/include/yolo_msgs/yolo_msgs/msg/detail/mask__rosidl_typesupport_fastrtps_cpp.hpp
[2.879s] -- Up-to-date: /home/xytron/xycar_ws/install/yolo_msgs/include/yolo_msgs/yolo_msgs/msg/detail/point2_d__rosidl_typesupport_fastrtps_cpp.hpp
[2.879s] -- Up-to-date: /home/xytron/xycar_ws/install/yolo_msgs/include/yolo_msgs/yolo_msgs/msg/detail/pose2_d__rosidl_typesupport_fastrtps_cpp.hpp
[2.880s] -- Up-to-date: /home/xytron/xycar_ws/install/yolo_msgs/include/yolo_msgs/yolo_msgs/msg/detail/dds_fastrtps
[2.881s] -- Up-to-date: /home/xytron/xycar_ws/install/yolo_msgs/include/yolo_msgs/yolo_msgs/msg/detail/vector2__rosidl_typesupport_fastrtps_cpp.hpp
[2.881s] -- Up-to-date: /home/xytron/xycar_ws/install/yolo_msgs/include/yolo_msgs/yolo_msgs/msg/detail/bounding_box3_d__rosidl_typesupport_fastrtps_cpp.hpp
[2.881s] -- Up-to-date: /home/xytron/xycar_ws/install/yolo_msgs/include/yolo_msgs/yolo_msgs/msg/detail/key_point2_d_array__rosidl_typesupport_fastrtps_cpp.hpp
[2.881s] -- Up-to-date: /home/xytron/xycar_ws/install/yolo_msgs/lib/libyolo_msgs__rosidl_typesupport_fastrtps_cpp.so
[2.881s] -- Up-to-date: /home/xytron/xycar_ws/install/yolo_msgs/include/yolo_msgs/yolo_msgs
[2.881s] -- Up-to-date: /home/xytron/xycar_ws/install/yolo_msgs/include/yolo_msgs/yolo_msgs/srv
[2.881s] -- Up-to-date: /home/xytron/xycar_ws/install/yolo_msgs/include/yolo_msgs/yolo_msgs/srv/detail
[2.881s] -- Up-to-date: /home/xytron/xycar_ws/install/yolo_msgs/include/yolo_msgs/yolo_msgs/srv/detail/set_classes__type_support.cpp
[2.882s] -- Up-to-date: /home/xytron/xycar_ws/install/yolo_msgs/include/yolo_msgs/yolo_msgs/srv/detail/set_classes__rosidl_typesupport_introspection_cpp.hpp
[2.884s] -- Up-to-date: /home/xytron/xycar_ws/install/yolo_msgs/include/yolo_msgs/yolo_msgs/msg
[2.886s] -- Up-to-date: /home/xytron/xycar_ws/install/yolo_msgs/include/yolo_msgs/yolo_msgs/msg/detail
[2.887s] -- Up-to-date: /home/xytron/xycar_ws/install/yolo_msgs/include/yolo_msgs/yolo_msgs/msg/detail/detection_array__rosidl_typesupport_introspection_cpp.hpp
[2.888s] -- Up-to-date: /home/xytron/xycar_ws/install/yolo_msgs/include/yolo_msgs/yolo_msgs/msg/detail/vector2__type_support.cpp
[2.889s] -- Up-to-date: /home/xytron/xycar_ws/install/yolo_msgs/include/yolo_msgs/yolo_msgs/msg/detail/bounding_box3_d__rosidl_typesupport_introspection_cpp.hpp
[2.890s] -- Up-to-date: /home/xytron/xycar_ws/install/yolo_msgs/include/yolo_msgs/yolo_msgs/msg/detail/key_point2_d_array__type_support.cpp
[2.890s] -- Up-to-date: /home/xytron/xycar_ws/install/yolo_msgs/include/yolo_msgs/yolo_msgs/msg/detail/key_point2_d__type_support.cpp
[2.890s] -- Up-to-date: /home/xytron/xycar_ws/install/yolo_msgs/include/yolo_msgs/yolo_msgs/msg/detail/bounding_box3_d__type_support.cpp
[2.891s] -- Up-to-date: /home/xytron/xycar_ws/install/yolo_msgs/include/yolo_msgs/yolo_msgs/msg/detail/detection_array__type_support.cpp
[2.892s] -- Up-to-date: /home/xytron/xycar_ws/install/yolo_msgs/include/yolo_msgs/yolo_msgs/msg/detail/pose2_d__type_support.cpp
[2.892s] -- Up-to-date: /home/xytron/xycar_ws/install/yolo_msgs/include/yolo_msgs/yolo_msgs/msg/detail/key_point2_d__rosidl_typesupport_introspection_cpp.hpp
[2.892s] -- Up-to-date: /home/xytron/xycar_ws/install/yolo_msgs/include/yolo_msgs/yolo_msgs/msg/detail/vector2__rosidl_typesupport_introspection_cpp.hpp
[2.892s] -- Up-to-date: /home/xytron/xycar_ws/install/yolo_msgs/include/yolo_msgs/yolo_msgs/msg/detail/mask__rosidl_typesupport_introspection_cpp.hpp
[2.893s] -- Up-to-date: /home/xytron/xycar_ws/install/yolo_msgs/include/yolo_msgs/yolo_msgs/msg/detail/key_point3_d__rosidl_typesupport_introspection_cpp.hpp
[2.893s] -- Up-to-date: /home/xytron/xycar_ws/install/yolo_msgs/include/yolo_msgs/yolo_msgs/msg/detail/point2_d__type_support.cpp
[2.893s] -- Up-to-date: /home/xytron/xycar_ws/install/yolo_msgs/include/yolo_msgs/yolo_msgs/msg/detail/pose2_d__rosidl_typesupport_introspection_cpp.hpp
[2.893s] -- Up-to-date: /home/xytron/xycar_ws/install/yolo_msgs/include/yolo_msgs/yolo_msgs/msg/detail/key_point3_d__type_support.cpp
[2.894s] -- Up-to-date: /home/xytron/xycar_ws/install/yolo_msgs/include/yolo_msgs/yolo_msgs/msg/detail/point2_d__rosidl_typesupport_introspection_cpp.hpp
[2.894s] -- Up-to-date: /home/xytron/xycar_ws/install/yolo_msgs/include/yolo_msgs/yolo_msgs/msg/detail/mask__type_support.cpp
[2.894s] -- Up-to-date: /home/xytron/xycar_ws/install/yolo_msgs/include/yolo_msgs/yolo_msgs/msg/detail/key_point3_d_array__rosidl_typesupport_introspection_cpp.hpp
[2.894s] -- Up-to-date: /home/xytron/xycar_ws/install/yolo_msgs/include/yolo_msgs/yolo_msgs/msg/detail/bounding_box2_d__type_support.cpp
[2.894s] -- Up-to-date: /home/xytron/xycar_ws/install/yolo_msgs/include/yolo_msgs/yolo_msgs/msg/detail/key_point2_d_array__rosidl_typesupport_introspection_cpp.hpp
[2.895s] -- Up-to-date: /home/xytron/xycar_ws/install/yolo_msgs/include/yolo_msgs/yolo_msgs/msg/detail/detection__rosidl_typesupport_introspection_cpp.hpp
[2.895s] -- Up-to-date: /home/xytron/xycar_ws/install/yolo_msgs/include/yolo_msgs/yolo_msgs/msg/detail/detection__type_support.cpp
[2.895s] -- Up-to-date: /home/xytron/xycar_ws/install/yolo_msgs/include/yolo_msgs/yolo_msgs/msg/detail/key_point3_d_array__type_support.cpp
[2.895s] -- Up-to-date: /home/xytron/xycar_ws/install/yolo_msgs/include/yolo_msgs/yolo_msgs/msg/detail/bounding_box2_d__rosidl_typesupport_introspection_cpp.hpp
[2.895s] -- Up-to-date: /home/xytron/xycar_ws/install/yolo_msgs/lib/libyolo_msgs__rosidl_typesupport_introspection_cpp.so
[2.896s] -- Up-to-date: /home/xytron/xycar_ws/install/yolo_msgs/lib/libyolo_msgs__rosidl_typesupport_cpp.so
[2.896s] -- Up-to-date: /home/xytron/xycar_ws/install/yolo_msgs/share/yolo_msgs/environment/pythonpath.sh
[2.896s] -- Up-to-date: /home/xytron/xycar_ws/install/yolo_msgs/share/yolo_msgs/environment/pythonpath.dsv
[2.896s] -- Up-to-date: /home/xytron/xycar_ws/install/yolo_msgs/local/lib/python3.10/dist-packages/yolo_msgs-4.1.1-py3.10.egg-info
[2.897s] -- Installing: /home/xytron/xycar_ws/install/yolo_msgs/local/lib/python3.10/dist-packages/yolo_msgs-4.1.1-py3.10.egg-info/PKG-INFO
[2.897s] -- Installing: /home/xytron/xycar_ws/install/yolo_msgs/local/lib/python3.10/dist-packages/yolo_msgs-4.1.1-py3.10.egg-info/dependency_links.txt
[2.897s] -- Installing: /home/xytron/xycar_ws/install/yolo_msgs/local/lib/python3.10/dist-packages/yolo_msgs-4.1.1-py3.10.egg-info/top_level.txt
[2.897s] -- Installing: /home/xytron/xycar_ws/install/yolo_msgs/local/lib/python3.10/dist-packages/yolo_msgs-4.1.1-py3.10.egg-info/SOURCES.txt
[2.897s] -- Up-to-date: /home/xytron/xycar_ws/install/yolo_msgs/local/lib/python3.10/dist-packages/yolo_msgs
[2.897s] -- Up-to-date: /home/xytron/xycar_ws/install/yolo_msgs/local/lib/python3.10/dist-packages/yolo_msgs/__init__.py
[2.898s] -- Up-to-date: /home/xytron/xycar_ws/install/yolo_msgs/local/lib/python3.10/dist-packages/yolo_msgs/yolo_msgs_s__rosidl_typesupport_fastrtps_c.cpython-310-x86_64-linux-gnu.so
[2.898s] -- Up-to-date: /home/xytron/xycar_ws/install/yolo_msgs/local/lib/python3.10/dist-packages/yolo_msgs/_yolo_msgs_s.ep.rosidl_typesupport_c.c
[2.898s] -- Up-to-date: /home/xytron/xycar_ws/install/yolo_msgs/local/lib/python3.10/dist-packages/yolo_msgs/srv
[2.898s] -- Up-to-date: /home/xytron/xycar_ws/install/yolo_msgs/local/lib/python3.10/dist-packages/yolo_msgs/srv/__init__.py
[2.898s] -- Up-to-date: /home/xytron/xycar_ws/install/yolo_msgs/local/lib/python3.10/dist-packages/yolo_msgs/srv/_set_classes_s.c
[2.898s] -- Up-to-date: /home/xytron/xycar_ws/install/yolo_msgs/local/lib/python3.10/dist-packages/yolo_msgs/srv/_set_classes.py
[2.899s] -- Up-to-date: /home/xytron/xycar_ws/install/yolo_msgs/local/lib/python3.10/dist-packages/yolo_msgs/libyolo_msgs__rosidl_generator_py.so
[2.899s] -- Up-to-date: /home/xytron/xycar_ws/install/yolo_msgs/local/lib/python3.10/dist-packages/yolo_msgs/msg
[2.899s] -- Up-to-date: /home/xytron/xycar_ws/install/yolo_msgs/local/lib/python3.10/dist-packages/yolo_msgs/msg/_key_point3_d_array_s.c
[2.899s] -- Up-to-date: /home/xytron/xycar_ws/install/yolo_msgs/local/lib/python3.10/dist-packages/yolo_msgs/msg/_detection_array.py
[2.899s] -- Up-to-date: /home/xytron/xycar_ws/install/yolo_msgs/local/lib/python3.10/dist-packages/yolo_msgs/msg/__init__.py
[2.899s] -- Up-to-date: /home/xytron/xycar_ws/install/yolo_msgs/local/lib/python3.10/dist-packages/yolo_msgs/msg/_key_point2_d_array.py
[2.900s] -- Up-to-date: /home/xytron/xycar_ws/install/yolo_msgs/local/lib/python3.10/dist-packages/yolo_msgs/msg/_point2_d_s.c
[2.900s] -- Up-to-date: /home/xytron/xycar_ws/install/yolo_msgs/local/lib/python3.10/dist-packages/yolo_msgs/msg/_detection_array_s.c
[2.900s] -- Up-to-date: /home/xytron/xycar_ws/install/yolo_msgs/local/lib/python3.10/dist-packages/yolo_msgs/msg/_pose2_d.py
[2.900s] -- Up-to-date: /home/xytron/xycar_ws/install/yolo_msgs/local/lib/python3.10/dist-packages/yolo_msgs/msg/_mask_s.c
[2.900s] -- Up-to-date: /home/xytron/xycar_ws/install/yolo_msgs/local/lib/python3.10/dist-packages/yolo_msgs/msg/_bounding_box3_d.py
[2.900s] -- Up-to-date: /home/xytron/xycar_ws/install/yolo_msgs/local/lib/python3.10/dist-packages/yolo_msgs/msg/_key_point3_d_array.py
[2.900s] -- Up-to-date: /home/xytron/xycar_ws/install/yolo_msgs/local/lib/python3.10/dist-packages/yolo_msgs/msg/_pose2_d_s.c
[2.900s] -- Up-to-date: /home/xytron/xycar_ws/install/yolo_msgs/local/lib/python3.10/dist-packages/yolo_msgs/msg/_point2_d.py
[2.901s] -- Up-to-date: /home/xytron/xycar_ws/install/yolo_msgs/local/lib/python3.10/dist-packages/yolo_msgs/msg/_key_point3_d.py
[2.901s] -- Up-to-date: /home/xytron/xycar_ws/install/yolo_msgs/local/lib/python3.10/dist-packages/yolo_msgs/msg/_key_point2_d.py
[2.901s] -- Up-to-date: /home/xytron/xycar_ws/install/yolo_msgs/local/lib/python3.10/dist-packages/yolo_msgs/msg/_bounding_box3_d_s.c
[2.901s] -- Up-to-date: /home/xytron/xycar_ws/install/yolo_msgs/local/lib/python3.10/dist-packages/yolo_msgs/msg/_bounding_box2_d.py
[2.901s] -- Up-to-date: /home/xytron/xycar_ws/install/yolo_msgs/local/lib/python3.10/dist-packages/yolo_msgs/msg/_key_point3_d_s.c
[2.901s] -- Up-to-date: /home/xytron/xycar_ws/install/yolo_msgs/local/lib/python3.10/dist-packages/yolo_msgs/msg/_mask.py
[2.902s] -- Up-to-date: /home/xytron/xycar_ws/install/yolo_msgs/local/lib/python3.10/dist-packages/yolo_msgs/msg/_detection.py
[2.902s] -- Up-to-date: /home/xytron/xycar_ws/install/yolo_msgs/local/lib/python3.10/dist-packages/yolo_msgs/msg/_vector2.py
[2.902s] -- Up-to-date: /home/xytron/xycar_ws/install/yolo_msgs/local/lib/python3.10/dist-packages/yolo_msgs/msg/_key_point2_d_s.c
[2.902s] -- Up-to-date: /home/xytron/xycar_ws/install/yolo_msgs/local/lib/python3.10/dist-packages/yolo_msgs/msg/_key_point2_d_array_s.c
[2.902s] -- Up-to-date: /home/xytron/xycar_ws/install/yolo_msgs/local/lib/python3.10/dist-packages/yolo_msgs/msg/_detection_s.c
[2.902s] -- Up-to-date: /home/xytron/xycar_ws/install/yolo_msgs/local/lib/python3.10/dist-packages/yolo_msgs/msg/_bounding_box2_d_s.c
[2.902s] -- Up-to-date: /home/xytron/xycar_ws/install/yolo_msgs/local/lib/python3.10/dist-packages/yolo_msgs/msg/_vector2_s.c
[2.903s] -- Up-to-date: /home/xytron/xycar_ws/install/yolo_msgs/local/lib/python3.10/dist-packages/yolo_msgs/_yolo_msgs_s.ep.rosidl_typesupport_fastrtps_c.c
[2.903s] -- Up-to-date: /home/xytron/xycar_ws/install/yolo_msgs/local/lib/python3.10/dist-packages/yolo_msgs/_yolo_msgs_s.ep.rosidl_typesupport_introspection_c.c
[2.903s] -- Up-to-date: /home/xytron/xycar_ws/install/yolo_msgs/local/lib/python3.10/dist-packages/yolo_msgs/yolo_msgs_s__rosidl_typesupport_c.cpython-310-x86_64-linux-gnu.so
[2.903s] -- Up-to-date: /home/xytron/xycar_ws/install/yolo_msgs/local/lib/python3.10/dist-packages/yolo_msgs/yolo_msgs_s__rosidl_typesupport_introspection_c.cpython-310-x86_64-linux-gnu.so
[2.937s] Listing '/home/xytron/xycar_ws/install/yolo_msgs/local/lib/python3.10/dist-packages/yolo_msgs'...
[2.937s] Listing '/home/xytron/xycar_ws/install/yolo_msgs/local/lib/python3.10/dist-packages/yolo_msgs/msg'...
[2.938s] Listing '/home/xytron/xycar_ws/install/yolo_msgs/local/lib/python3.10/dist-packages/yolo_msgs/srv'...
[2.964s] -- Up-to-date: /home/xytron/xycar_ws/install/yolo_msgs/local/lib/python3.10/dist-packages/yolo_msgs/yolo_msgs_s__rosidl_typesupport_fastrtps_c.cpython-310-x86_64-linux-gnu.so
[2.965s] -- Up-to-date: /home/xytron/xycar_ws/install/yolo_msgs/local/lib/python3.10/dist-packages/yolo_msgs/yolo_msgs_s__rosidl_typesupport_introspection_c.cpython-310-x86_64-linux-gnu.so
[2.966s] -- Up-to-date: /home/xytron/xycar_ws/install/yolo_msgs/local/lib/python3.10/dist-packages/yolo_msgs/yolo_msgs_s__rosidl_typesupport_c.cpython-310-x86_64-linux-gnu.so
[2.970s] -- Up-to-date: /home/xytron/xycar_ws/install/yolo_msgs/lib/libyolo_msgs__rosidl_generator_py.so
[2.970s] -- Up-to-date: /home/xytron/xycar_ws/install/yolo_msgs/share/yolo_msgs/msg/Point2D.idl
[2.970s] -- Up-to-date: /home/xytron/xycar_ws/install/yolo_msgs/share/yolo_msgs/msg/Vector2.idl
[2.971s] -- Up-to-date: /home/xytron/xycar_ws/install/yolo_msgs/share/yolo_msgs/msg/Pose2D.idl
[2.971s] -- Up-to-date: /home/xytron/xycar_ws/install/yolo_msgs/share/yolo_msgs/msg/BoundingBox2D.idl
[2.971s] -- Up-to-date: /home/xytron/xycar_ws/install/yolo_msgs/share/yolo_msgs/msg/BoundingBox3D.idl
[2.971s] -- Up-to-date: /home/xytron/xycar_ws/install/yolo_msgs/share/yolo_msgs/msg/Mask.idl
[2.971s] -- Up-to-date: /home/xytron/xycar_ws/install/yolo_msgs/share/yolo_msgs/msg/KeyPoint2D.idl
[2.972s] -- Up-to-date: /home/xytron/xycar_ws/install/yolo_msgs/share/yolo_msgs/msg/KeyPoint2DArray.idl
[2.972s] -- Up-to-date: /home/xytron/xycar_ws/install/yolo_msgs/share/yolo_msgs/msg/KeyPoint3D.idl
[2.972s] -- Up-to-date: /home/xytron/xycar_ws/install/yolo_msgs/share/yolo_msgs/msg/KeyPoint3DArray.idl
[2.973s] -- Up-to-date: /home/xytron/xycar_ws/install/yolo_msgs/share/yolo_msgs/msg/Detection.idl
[2.974s] -- Up-to-date: /home/xytron/xycar_ws/install/yolo_msgs/share/yolo_msgs/msg/DetectionArray.idl
[2.975s] -- Up-to-date: /home/xytron/xycar_ws/install/yolo_msgs/share/yolo_msgs/srv/SetClasses.idl
[2.976s] -- Up-to-date: /home/xytron/xycar_ws/install/yolo_msgs/share/yolo_msgs/msg/Point2D.msg
[2.978s] -- Up-to-date: /home/xytron/xycar_ws/install/yolo_msgs/share/yolo_msgs/msg/Vector2.msg
[2.985s] -- Up-to-date: /home/xytron/xycar_ws/install/yolo_msgs/share/yolo_msgs/msg/Pose2D.msg
[2.985s] -- Up-to-date: /home/xytron/xycar_ws/install/yolo_msgs/share/yolo_msgs/msg/BoundingBox2D.msg
[2.986s] -- Up-to-date: /home/xytron/xycar_ws/install/yolo_msgs/share/yolo_msgs/msg/BoundingBox3D.msg
[2.987s] -- Up-to-date: /home/xytron/xycar_ws/install/yolo_msgs/share/yolo_msgs/msg/Mask.msg
[2.988s] -- Up-to-date: /home/xytron/xycar_ws/install/yolo_msgs/share/yolo_msgs/msg/KeyPoint2D.msg
[2.988s] -- Up-to-date: /home/xytron/xycar_ws/install/yolo_msgs/share/yolo_msgs/msg/KeyPoint2DArray.msg
[2.988s] -- Up-to-date: /home/xytron/xycar_ws/install/yolo_msgs/share/yolo_msgs/msg/KeyPoint3D.msg
[2.988s] -- Up-to-date: /home/xytron/xycar_ws/install/yolo_msgs/share/yolo_msgs/msg/KeyPoint3DArray.msg
[2.988s] -- Up-to-date: /home/xytron/xycar_ws/install/yolo_msgs/share/yolo_msgs/msg/Detection.msg
[2.989s] -- Up-to-date: /home/xytron/xycar_ws/install/yolo_msgs/share/yolo_msgs/msg/DetectionArray.msg
[2.989s] -- Up-to-date: /home/xytron/xycar_ws/install/yolo_msgs/share/yolo_msgs/srv/SetClasses.srv
[2.989s] -- Up-to-date: /home/xytron/xycar_ws/install/yolo_msgs/share/yolo_msgs/srv/SetClasses_Request.msg
[2.989s] -- Up-to-date: /home/xytron/xycar_ws/install/yolo_msgs/share/yolo_msgs/srv/SetClasses_Response.msg
[2.990s] -- Up-to-date: /home/xytron/xycar_ws/install/yolo_msgs/share/ament_index/resource_index/package_run_dependencies/yolo_msgs
[2.990s] -- Up-to-date: /home/xytron/xycar_ws/install/yolo_msgs/share/ament_index/resource_index/parent_prefix_path/yolo_msgs
[2.990s] -- Up-to-date: /home/xytron/xycar_ws/install/yolo_msgs/share/yolo_msgs/environment/ament_prefix_path.sh
[2.990s] -- Up-to-date: /home/xytron/xycar_ws/install/yolo_msgs/share/yolo_msgs/environment/ament_prefix_path.dsv
[2.990s] -- Up-to-date: /home/xytron/xycar_ws/install/yolo_msgs/share/yolo_msgs/environment/path.sh
[2.990s] -- Up-to-date: /home/xytron/xycar_ws/install/yolo_msgs/share/yolo_msgs/environment/path.dsv
[2.991s] -- Up-to-date: /home/xytron/xycar_ws/install/yolo_msgs/share/yolo_msgs/local_setup.bash
[2.991s] -- Up-to-date: /home/xytron/xycar_ws/install/yolo_msgs/share/yolo_msgs/local_setup.sh
[2.991s] -- Up-to-date: /home/xytron/xycar_ws/install/yolo_msgs/share/yolo_msgs/local_setup.zsh
[2.991s] -- Up-to-date: /home/xytron/xycar_ws/install/yolo_msgs/share/yolo_msgs/local_setup.dsv
[2.991s] -- Installing: /home/xytron/xycar_ws/install/yolo_msgs/share/yolo_msgs/package.dsv
[2.991s] -- Up-to-date: /home/xytron/xycar_ws/install/yolo_msgs/share/ament_index/resource_index/packages/yolo_msgs
[2.991s] -- Up-to-date: /home/xytron/xycar_ws/install/yolo_msgs/share/yolo_msgs/cmake/export_yolo_msgs__rosidl_generator_cExport.cmake
[2.991s] -- Up-to-date: /home/xytron/xycar_ws/install/yolo_msgs/share/yolo_msgs/cmake/export_yolo_msgs__rosidl_generator_cExport-noconfig.cmake
[2.991s] -- Up-to-date: /home/xytron/xycar_ws/install/yolo_msgs/share/yolo_msgs/cmake/export_yolo_msgs__rosidl_typesupport_fastrtps_cExport.cmake
[2.992s] -- Up-to-date: /home/xytron/xycar_ws/install/yolo_msgs/share/yolo_msgs/cmake/export_yolo_msgs__rosidl_typesupport_fastrtps_cExport-noconfig.cmake
[2.992s] -- Up-to-date: /home/xytron/xycar_ws/install/yolo_msgs/share/yolo_msgs/cmake/yolo_msgs__rosidl_typesupport_introspection_cExport.cmake
[2.992s] -- Up-to-date: /home/xytron/xycar_ws/install/yolo_msgs/share/yolo_msgs/cmake/yolo_msgs__rosidl_typesupport_introspection_cExport-noconfig.cmake
[2.992s] -- Up-to-date: /home/xytron/xycar_ws/install/yolo_msgs/share/yolo_msgs/cmake/yolo_msgs__rosidl_typesupport_cExport.cmake
[2.992s] -- Up-to-date: /home/xytron/xycar_ws/install/yolo_msgs/share/yolo_msgs/cmake/yolo_msgs__rosidl_typesupport_cExport-noconfig.cmake
[2.992s] -- Up-to-date: /home/xytron/xycar_ws/install/yolo_msgs/share/yolo_msgs/cmake/export_yolo_msgs__rosidl_generator_cppExport.cmake
[2.992s] -- Up-to-date: /home/xytron/xycar_ws/install/yolo_msgs/share/yolo_msgs/cmake/export_yolo_msgs__rosidl_typesupport_fastrtps_cppExport.cmake
[2.993s] -- Up-to-date: /home/xytron/xycar_ws/install/yolo_msgs/share/yolo_msgs/cmake/export_yolo_msgs__rosidl_typesupport_fastrtps_cppExport-noconfig.cmake
[2.993s] -- Up-to-date: /home/xytron/xycar_ws/install/yolo_msgs/share/yolo_msgs/cmake/yolo_msgs__rosidl_typesupport_introspection_cppExport.cmake
[2.993s] -- Up-to-date: /home/xytron/xycar_ws/install/yolo_msgs/share/yolo_msgs/cmake/yolo_msgs__rosidl_typesupport_introspection_cppExport-noconfig.cmake
[2.994s] -- Up-to-date: /home/xytron/xycar_ws/install/yolo_msgs/share/yolo_msgs/cmake/yolo_msgs__rosidl_typesupport_cppExport.cmake
[2.994s] -- Up-to-date: /home/xytron/xycar_ws/install/yolo_msgs/share/yolo_msgs/cmake/yolo_msgs__rosidl_typesupport_cppExport-noconfig.cmake
[2.994s] -- Up-to-date: /home/xytron/xycar_ws/install/yolo_msgs/share/yolo_msgs/cmake/export_yolo_msgs__rosidl_generator_pyExport.cmake
[2.994s] -- Up-to-date: /home/xytron/xycar_ws/install/yolo_msgs/share/yolo_msgs/cmake/export_yolo_msgs__rosidl_generator_pyExport-noconfig.cmake
[2.994s] -- Up-to-date: /home/xytron/xycar_ws/install/yolo_msgs/share/yolo_msgs/cmake/rosidl_cmake-extras.cmake
[2.994s] -- Up-to-date: /home/xytron/xycar_ws/install/yolo_msgs/share/yolo_msgs/cmake/ament_cmake_export_dependencies-extras.cmake
[2.994s] -- Up-to-date: /home/xytron/xycar_ws/install/yolo_msgs/share/yolo_msgs/cmake/ament_cmake_export_include_directories-extras.cmake
[2.994s] -- Up-to-date: /home/xytron/xycar_ws/install/yolo_msgs/share/yolo_msgs/cmake/ament_cmake_export_libraries-extras.cmake
[2.994s] -- Up-to-date: /home/xytron/xycar_ws/install/yolo_msgs/share/yolo_msgs/cmake/ament_cmake_export_targets-extras.cmake
[2.995s] -- Up-to-date: /home/xytron/xycar_ws/install/yolo_msgs/share/yolo_msgs/cmake/rosidl_cmake_export_typesupport_targets-extras.cmake
[2.995s] -- Up-to-date: /home/xytron/xycar_ws/install/yolo_msgs/share/yolo_msgs/cmake/rosidl_cmake_export_typesupport_libraries-extras.cmake
[2.995s] -- Up-to-date: /home/xytron/xycar_ws/install/yolo_msgs/share/yolo_msgs/cmake/yolo_msgsConfig.cmake
[2.995s] -- Up-to-date: /home/xytron/xycar_ws/install/yolo_msgs/share/yolo_msgs/cmake/yolo_msgsConfig-version.cmake
[2.995s] -- Up-to-date: /home/xytron/xycar_ws/install/yolo_msgs/share/yolo_msgs/package.xml
[3.041s] Invoked command in '/home/xytron/xycar_ws/build/yolo_msgs' returned '0': CMAKE_PREFIX_PATH=${CMAKE_PREFIX_PATH}:/home/xytron/xycar_ws/install/xycar_planner:/home/xytron/xycar_ws/install/control_motor:/home/xytron/xycar_ws/install/xycar_motor:/home/xytron/xycar_ws/install/xycar_imu:/home/xytron/xycar_ws/install/xycar_cam:/home/xytron/xycar_ws/install/app_ultra_viewer:/home/xytron/xycar_ws/install/app_turtlesim:/home/xytron/xycar_ws/install/app_sensor_drive:/home/xytron/xycar_ws/install/app_rule_drive_sim:/home/xytron/xycar_ws/install/app_pubsub:/home/xytron/xycar_ws/install/app_path_planning:/home/xytron/xycar_ws/install/app_hough_drive:/home/xytron/xycar_ws/install/app_cam_exposure:/home/xytron/xycar_ws/install/app_8_drive:/opt/ros/humble /usr/bin/cmake --install /home/xytron/xycar_ws/build/yolo_msgs
