-- Install configuration: ""
-- Up-to-date: /home/xytron/xycar_ws/install/app_web_controller/share/app_web_controller/launch
-- Up-to-date: /home/xytron/xycar_ws/install/app_web_controller/share/app_web_controller/launch/app_web_controller.launch.py
-- Up-to-date: /home/xytron/xycar_ws/install/app_web_controller/share/app_web_controller/launch/__pycache__
-- Up-to-date: /home/xytron/xycar_ws/install/app_web_controller/share/app_web_controller/launch/__pycache__/app_web_controller.launch.cpython-38.pyc
-- Up-to-date: /home/xytron/xycar_ws/install/app_web_controller/share/ament_index/resource_index/package_run_dependencies/app_web_controller
-- Up-to-date: /home/xytron/xycar_ws/install/app_web_controller/share/ament_index/resource_index/parent_prefix_path/app_web_controller
-- Up-to-date: /home/xytron/xycar_ws/install/app_web_controller/share/app_web_controller/environment/ament_prefix_path.sh
-- Up-to-date: /home/xytron/xycar_ws/install/app_web_controller/share/app_web_controller/environment/ament_prefix_path.dsv
-- Up-to-date: /home/xytron/xycar_ws/install/app_web_controller/share/app_web_controller/environment/path.sh
-- Up-to-date: /home/xytron/xycar_ws/install/app_web_controller/share/app_web_controller/environment/path.dsv
-- Up-to-date: /home/xytron/xycar_ws/install/app_web_controller/share/app_web_controller/local_setup.bash
-- Up-to-date: /home/xytron/xycar_ws/install/app_web_controller/share/app_web_controller/local_setup.sh
-- Up-to-date: /home/xytron/xycar_ws/install/app_web_controller/share/app_web_controller/local_setup.zsh
-- Up-to-date: /home/xytron/xycar_ws/install/app_web_controller/share/app_web_controller/local_setup.dsv
-- Installing: /home/xytron/xycar_ws/install/app_web_controller/share/app_web_controller/package.dsv
-- Up-to-date: /home/xytron/xycar_ws/install/app_web_controller/share/ament_index/resource_index/packages/app_web_controller
-- Up-to-date: /home/xytron/xycar_ws/install/app_web_controller/share/app_web_controller/cmake/app_web_controllerConfig.cmake
-- Up-to-date: /home/xytron/xycar_ws/install/app_web_controller/share/app_web_controller/cmake/app_web_controllerConfig-version.cmake
-- Up-to-date: /home/xytron/xycar_ws/install/app_web_controller/share/app_web_controller/package.xml
