[1.781s] Invoking command in '/home/xytron/xycar_ws/src/study/control_motor': CMAKE_PREFIX_PATH=/home/xytron/xycar_ws/install/xycar_msgs:/home/xytron/xycar_ws/install/yolo_msgs:/home/xytron/xycar_ws/install/xycar_ultrasonic:/home/xytron/xycar_ws/install/xycar_lidar:/home/xytron/xycar_ws/install/vesc:/home/xytron/xycar_ws/install/vesc_driver:/home/xytron/xycar_ws/install/vesc_ackermann:/home/xytron/xycar_ws/install/vesc_msgs:/home/xytron/xycar_ws/install/app_web_controller:/home/xytron/xycar_ws/install/app_viewer_all LD_LIBRARY_PATH=/home/xytron/xycar_ws/install/xycar_msgs/lib:/opt/ros/humble/lib:/home/xytron/xycar_ws/install/yolo_msgs/lib:/home/xytron/xycar_ws/install/vesc_driver/lib:/home/xytron/xycar_ws/install/vesc_ackermann/lib:/home/xytron/xycar_ws/install/vesc_msgs/lib:/opt/ros/humble/opt/rviz_ogre_vendor/lib:/opt/ros/humble/lib/x86_64-linux-gnu:/opt/ros/humble/lib PYTHONPATH=/home/xytron/xycar_ws/build/control_motor/prefix_override:/usr/lib/python3/dist-packages/colcon_core/task/python/colcon_distutils_commands:/home/xytron/xycar_ws/install/control_motor/lib/python3.10/site-packages:${PYTHONPATH} /usr/bin/python3 -W ignore:setup.py install is deprecated -W ignore:easy_install command is deprecated setup.py egg_info --egg-base ../../../build/control_motor build --build-base /home/xytron/xycar_ws/build/control_motor/build install --record /home/xytron/xycar_ws/build/control_motor/install.log --single-version-externally-managed install_data
[2.091s] running egg_info
[2.092s] writing ../../../build/control_motor/control_motor.egg-info/PKG-INFO
[2.093s] writing dependency_links to ../../../build/control_motor/control_motor.egg-info/dependency_links.txt
[2.093s] writing entry points to ../../../build/control_motor/control_motor.egg-info/entry_points.txt
[2.093s] writing requirements to ../../../build/control_motor/control_motor.egg-info/requires.txt
[2.093s] writing top-level names to ../../../build/control_motor/control_motor.egg-info/top_level.txt
[2.096s] reading manifest file '../../../build/control_motor/control_motor.egg-info/SOURCES.txt'
[2.097s] writing manifest file '../../../build/control_motor/control_motor.egg-info/SOURCES.txt'
[2.097s] running build
[2.097s] running build_py
[2.098s] copying control_motor/imu_heading_node.py -> /home/xytron/xycar_ws/build/control_motor/build/lib/control_motor
[2.098s] copying control_motor/avoidance_controller_heading.py -> /home/xytron/xycar_ws/build/control_motor/build/lib/control_motor
[2.098s] copying control_motor/vehicle_avoidance.py -> /home/xytron/xycar_ws/build/control_motor/build/lib/control_motor
[2.099s] running install
[2.099s] running install_lib
[2.100s] copying /home/xytron/xycar_ws/build/control_motor/build/lib/control_motor/imu_heading_node.py -> /home/xytron/xycar_ws/install/control_motor/lib/python3.10/site-packages/control_motor
[2.100s] copying /home/xytron/xycar_ws/build/control_motor/build/lib/control_motor/avoidance_controller_heading.py -> /home/xytron/xycar_ws/install/control_motor/lib/python3.10/site-packages/control_motor
[2.101s] copying /home/xytron/xycar_ws/build/control_motor/build/lib/control_motor/vehicle_avoidance.py -> /home/xytron/xycar_ws/install/control_motor/lib/python3.10/site-packages/control_motor
[2.102s] byte-compiling /home/xytron/xycar_ws/install/control_motor/lib/python3.10/site-packages/control_motor/imu_heading_node.py to imu_heading_node.cpython-310.pyc
[2.103s] byte-compiling /home/xytron/xycar_ws/install/control_motor/lib/python3.10/site-packages/control_motor/avoidance_controller_heading.py to avoidance_controller_heading.cpython-310.pyc
[2.105s] byte-compiling /home/xytron/xycar_ws/install/control_motor/lib/python3.10/site-packages/control_motor/vehicle_avoidance.py to vehicle_avoidance.cpython-310.pyc
[2.107s] running install_data
[2.107s] copying launch/control_motor_new_version.launch.py -> /home/xytron/xycar_ws/install/control_motor/share/control_motor/launch
[2.107s] running install_egg_info
[2.110s] removing '/home/xytron/xycar_ws/install/control_motor/lib/python3.10/site-packages/control_motor-0.0.0-py3.10.egg-info' (and everything under it)
[2.110s] Copying ../../../build/control_motor/control_motor.egg-info to /home/xytron/xycar_ws/install/control_motor/lib/python3.10/site-packages/control_motor-0.0.0-py3.10.egg-info
[2.111s] running install_scripts
[2.131s] Installing imu_heading_node script to /home/xytron/xycar_ws/install/control_motor/lib/control_motor
[2.131s] Installing is_orange script to /home/xytron/xycar_ws/install/control_motor/lib/control_motor
[2.131s] Installing is_vehicle script to /home/xytron/xycar_ws/install/control_motor/lib/control_motor
[2.132s] Installing kmu_motor_node script to /home/xytron/xycar_ws/install/control_motor/lib/control_motor
[2.132s] Installing lane_detection script to /home/xytron/xycar_ws/install/control_motor/lib/control_motor
[2.132s] Installing left_lane_detection script to /home/xytron/xycar_ws/install/control_motor/lib/control_motor
[2.132s] Installing new_lane_detection script to /home/xytron/xycar_ws/install/control_motor/lib/control_motor
[2.132s] Installing new_rubbercone_driver_node script to /home/xytron/xycar_ws/install/control_motor/lib/control_motor
[2.133s] Installing obstacle script to /home/xytron/xycar_ws/install/control_motor/lib/control_motor
[2.133s] Installing rubbercone_driver_node script to /home/xytron/xycar_ws/install/control_motor/lib/control_motor
[2.133s] Installing trafficlight script to /home/xytron/xycar_ws/install/control_motor/lib/control_motor
[2.133s] Installing vehicle_avoidance script to /home/xytron/xycar_ws/install/control_motor/lib/control_motor
[2.133s] writing list of installed files to '/home/xytron/xycar_ws/build/control_motor/install.log'
[2.176s] Invoked command in '/home/xytron/xycar_ws/src/study/control_motor' returned '0': CMAKE_PREFIX_PATH=/home/xytron/xycar_ws/install/xycar_msgs:/home/xytron/xycar_ws/install/yolo_msgs:/home/xytron/xycar_ws/install/xycar_ultrasonic:/home/xytron/xycar_ws/install/xycar_lidar:/home/xytron/xycar_ws/install/vesc:/home/xytron/xycar_ws/install/vesc_driver:/home/xytron/xycar_ws/install/vesc_ackermann:/home/xytron/xycar_ws/install/vesc_msgs:/home/xytron/xycar_ws/install/app_web_controller:/home/xytron/xycar_ws/install/app_viewer_all LD_LIBRARY_PATH=/home/xytron/xycar_ws/install/xycar_msgs/lib:/opt/ros/humble/lib:/home/xytron/xycar_ws/install/yolo_msgs/lib:/home/xytron/xycar_ws/install/vesc_driver/lib:/home/xytron/xycar_ws/install/vesc_ackermann/lib:/home/xytron/xycar_ws/install/vesc_msgs/lib:/opt/ros/humble/opt/rviz_ogre_vendor/lib:/opt/ros/humble/lib/x86_64-linux-gnu:/opt/ros/humble/lib PYTHONPATH=/home/xytron/xycar_ws/build/control_motor/prefix_override:/usr/lib/python3/dist-packages/colcon_core/task/python/colcon_distutils_commands:/home/xytron/xycar_ws/install/control_motor/lib/python3.10/site-packages:${PYTHONPATH} /usr/bin/python3 -W ignore:setup.py install is deprecated -W ignore:easy_install command is deprecated setup.py egg_info --egg-base ../../../build/control_motor build --build-base /home/xytron/xycar_ws/build/control_motor/build install --record /home/xytron/xycar_ws/build/control_motor/install.log --single-version-externally-managed install_data
