[1.085s] Invoking command in '/home/xytron/xycar_ws/build/vesc_ackermann': AMENT_PREFIX_PATH=/home/xytron/xycar_ws/install/vesc_msgs:${AMENT_PREFIX_PATH} CMAKE_PREFIX_PATH=/home/xytron/xycar_ws/install/vesc_msgs:/opt/ros/humble LD_LIBRARY_PATH=/home/xytron/xycar_ws/install/vesc_msgs/lib:${LD_LIBRARY_PATH} PYTHONPATH=/home/xytron/xycar_ws/install/vesc_msgs/local/lib/python3.10/dist-packages:${PYTHONPATH} /usr/bin/cmake --build /home/xytron/xycar_ws/build/vesc_ackermann -- -j16 -l16
[1.288s] [ 42%] Built target vesc_ackermann
[1.328s] [ 71%] Built target ackermann_to_vesc_node
[1.335s] [100%] Built target vesc_to_odom_node
[1.392s] Invoked command in '/home/xytron/xycar_ws/build/vesc_ackermann' returned '0': AMENT_PREFIX_PATH=/home/xytron/xycar_ws/install/vesc_msgs:${AMENT_PREFIX_PATH} CMAKE_PREFIX_PATH=/home/xytron/xycar_ws/install/vesc_msgs:/opt/ros/humble LD_LIBRARY_PATH=/home/xytron/xycar_ws/install/vesc_msgs/lib:${LD_LIBRARY_PATH} PYTHONPATH=/home/xytron/xycar_ws/install/vesc_msgs/local/lib/python3.10/dist-packages:${PYTHONPATH} /usr/bin/cmake --build /home/xytron/xycar_ws/build/vesc_ackermann -- -j16 -l16
[1.393s] Invoking command in '/home/xytron/xycar_ws/build/vesc_ackermann': AMENT_PREFIX_PATH=/home/xytron/xycar_ws/install/vesc_msgs:${AMENT_PREFIX_PATH} CMAKE_PREFIX_PATH=/home/xytron/xycar_ws/install/vesc_msgs:/opt/ros/humble LD_LIBRARY_PATH=/home/xytron/xycar_ws/install/vesc_msgs/lib:${LD_LIBRARY_PATH} PYTHONPATH=/home/xytron/xycar_ws/install/vesc_msgs/local/lib/python3.10/dist-packages:${PYTHONPATH} /usr/bin/cmake --install /home/xytron/xycar_ws/build/vesc_ackermann
[2.215s] -- Install configuration: ""
[2.215s] -- Up-to-date: /home/xytron/xycar_ws/install/vesc_ackermann/lib/vesc_ackermann/ackermann_to_vesc_node
[2.215s] -- Up-to-date: /home/xytron/xycar_ws/install/vesc_ackermann/lib/vesc_ackermann/vesc_to_odom_node
[2.215s] -- Up-to-date: /home/xytron/xycar_ws/install/vesc_ackermann/include
[2.216s] -- Up-to-date: /home/xytron/xycar_ws/install/vesc_ackermann/include/vesc_ackermann
[2.216s] -- Up-to-date: /home/xytron/xycar_ws/install/vesc_ackermann/include/vesc_ackermann/vesc_to_odom.hpp
[2.216s] -- Up-to-date: /home/xytron/xycar_ws/install/vesc_ackermann/include/vesc_ackermann/ackermann_to_vesc.hpp
[2.216s] -- Up-to-date: /home/xytron/xycar_ws/install/vesc_ackermann/share/vesc_ackermann/environment/library_path.sh
[2.216s] -- Up-to-date: /home/xytron/xycar_ws/install/vesc_ackermann/share/vesc_ackermann/environment/library_path.dsv
[2.216s] -- Up-to-date: /home/xytron/xycar_ws/install/vesc_ackermann/lib/libvesc_ackermann.so
[2.216s] -- Up-to-date: /home/xytron/xycar_ws/install/vesc_ackermann/share/vesc_ackermann/launch
[2.216s] -- Up-to-date: /home/xytron/xycar_ws/install/vesc_ackermann/share/vesc_ackermann/launch/ackermann_to_vesc_node.launch.xml
[2.216s] -- Up-to-date: /home/xytron/xycar_ws/install/vesc_ackermann/share/vesc_ackermann/launch/ackermann_to_vesc_node.launch.py
[2.216s] -- Up-to-date: /home/xytron/xycar_ws/install/vesc_ackermann/share/vesc_ackermann/launch/vesc_to_odom_node.launch.xml
[2.220s] -- Up-to-date: /home/xytron/xycar_ws/install/vesc_ackermann/share/ament_index/resource_index/package_run_dependencies/vesc_ackermann
[2.220s] -- Up-to-date: /home/xytron/xycar_ws/install/vesc_ackermann/share/ament_index/resource_index/parent_prefix_path/vesc_ackermann
[2.220s] -- Up-to-date: /home/xytron/xycar_ws/install/vesc_ackermann/share/vesc_ackermann/environment/ament_prefix_path.sh
[2.220s] -- Up-to-date: /home/xytron/xycar_ws/install/vesc_ackermann/share/vesc_ackermann/environment/ament_prefix_path.dsv
[2.220s] -- Up-to-date: /home/xytron/xycar_ws/install/vesc_ackermann/share/vesc_ackermann/environment/path.sh
[2.220s] -- Up-to-date: /home/xytron/xycar_ws/install/vesc_ackermann/share/vesc_ackermann/environment/path.dsv
[2.220s] -- Up-to-date: /home/xytron/xycar_ws/install/vesc_ackermann/share/vesc_ackermann/local_setup.bash
[2.220s] -- Up-to-date: /home/xytron/xycar_ws/install/vesc_ackermann/share/vesc_ackermann/local_setup.sh
[2.221s] -- Up-to-date: /home/xytron/xycar_ws/install/vesc_ackermann/share/vesc_ackermann/local_setup.zsh
[2.221s] -- Up-to-date: /home/xytron/xycar_ws/install/vesc_ackermann/share/vesc_ackermann/local_setup.dsv
[2.221s] -- Installing: /home/xytron/xycar_ws/install/vesc_ackermann/share/vesc_ackermann/package.dsv
[2.221s] -- Up-to-date: /home/xytron/xycar_ws/install/vesc_ackermann/share/ament_index/resource_index/packages/vesc_ackermann
[2.221s] -- Up-to-date: /home/xytron/xycar_ws/install/vesc_ackermann/share/ament_index/resource_index/rclcpp_components/vesc_ackermann
[2.221s] -- Up-to-date: /home/xytron/xycar_ws/install/vesc_ackermann/share/vesc_ackermann/cmake/ament_cmake_export_dependencies-extras.cmake
[2.221s] -- Up-to-date: /home/xytron/xycar_ws/install/vesc_ackermann/share/vesc_ackermann/cmake/ament_cmake_export_include_directories-extras.cmake
[2.221s] -- Up-to-date: /home/xytron/xycar_ws/install/vesc_ackermann/share/vesc_ackermann/cmake/ament_cmake_export_libraries-extras.cmake
[2.221s] -- Up-to-date: /home/xytron/xycar_ws/install/vesc_ackermann/share/vesc_ackermann/cmake/vesc_ackermannConfig.cmake
[2.221s] -- Up-to-date: /home/xytron/xycar_ws/install/vesc_ackermann/share/vesc_ackermann/cmake/vesc_ackermannConfig-version.cmake
[2.221s] -- Up-to-date: /home/xytron/xycar_ws/install/vesc_ackermann/share/vesc_ackermann/package.xml
[2.357s] Invoked command in '/home/xytron/xycar_ws/build/vesc_ackermann' returned '0': AMENT_PREFIX_PATH=/home/xytron/xycar_ws/install/vesc_msgs:${AMENT_PREFIX_PATH} CMAKE_PREFIX_PATH=/home/xytron/xycar_ws/install/vesc_msgs:/opt/ros/humble LD_LIBRARY_PATH=/home/xytron/xycar_ws/install/vesc_msgs/lib:${LD_LIBRARY_PATH} PYTHONPATH=/home/xytron/xycar_ws/install/vesc_msgs/local/lib/python3.10/dist-packages:${PYTHONPATH} /usr/bin/cmake --install /home/xytron/xycar_ws/build/vesc_ackermann
