[0.778s] Invoking command in '/home/xytron/xycar_ws/build/vesc_driver': CMAKE_PREFIX_PATH=/home/xytron/xycar_ws/install/vesc_msgs:/home/xytron/xycar_ws/install/yolo_msgs:/home/xytron/xycar_ws/install/xycar_ultrasonic:/home/xytron/xycar_ws/install/xycar_msgs:/home/xytron/xycar_ws/install/xycar_lidar:/home/xytron/xycar_ws/install/vesc:/home/xytron/xycar_ws/install/vesc_driver:/home/xytron/xycar_ws/install/vesc_ackermann:/home/xytron/xycar_ws/install/app_web_controller:/home/xytron/xycar_ws/install/app_viewer_all:/home/xytron/xycar_ws/install/xycar_planner:/home/xytron/xycar_ws/install/control_motor:/home/xytron/xycar_ws/install/xycar_motor:/home/xytron/xycar_ws/install/xycar_imu:/home/xytron/xycar_ws/install/xycar_cam:/home/xytron/xycar_ws/install/app_ultra_viewer:/home/xytron/xycar_ws/install/app_turtlesim:/home/xytron/xycar_ws/install/app_sensor_drive:/home/xytron/xycar_ws/install/app_rule_drive_sim:/home/xytron/xycar_ws/install/app_pubsub:/home/xytron/xycar_ws/install/app_path_planning:/home/xytron/xycar_ws/install/app_hough_drive:/home/xytron/xycar_ws/install/app_cam_exposure:/home/xytron/xycar_ws/install/app_8_drive:/opt/ros/humble LD_LIBRARY_PATH=/home/xytron/xycar_ws/install/vesc_msgs/lib:/opt/ros/humble/lib:/home/xytron/xycar_ws/install/yolo_msgs/lib:/home/xytron/xycar_ws/install/xycar_msgs/lib:/home/xytron/xycar_ws/install/vesc_driver/lib:/home/xytron/xycar_ws/install/vesc_ackermann/lib:/opt/ros/humble/opt/rviz_ogre_vendor/lib:/opt/ros/humble/lib/x86_64-linux-gnu:/opt/ros/humble/lib /usr/bin/cmake --build /home/xytron/xycar_ws/build/vesc_driver -- -j16 -l16
[0.905s] [ 20%] Built target vesc_driver_node
[0.918s] [ 70%] Built target vesc_driver
[0.982s] [100%] Built target vesc_device_namer
[1.083s] Invoked command in '/home/xytron/xycar_ws/build/vesc_driver' returned '0': CMAKE_PREFIX_PATH=/home/xytron/xycar_ws/install/vesc_msgs:/home/xytron/xycar_ws/install/yolo_msgs:/home/xytron/xycar_ws/install/xycar_ultrasonic:/home/xytron/xycar_ws/install/xycar_msgs:/home/xytron/xycar_ws/install/xycar_lidar:/home/xytron/xycar_ws/install/vesc:/home/xytron/xycar_ws/install/vesc_driver:/home/xytron/xycar_ws/install/vesc_ackermann:/home/xytron/xycar_ws/install/app_web_controller:/home/xytron/xycar_ws/install/app_viewer_all:/home/xytron/xycar_ws/install/xycar_planner:/home/xytron/xycar_ws/install/control_motor:/home/xytron/xycar_ws/install/xycar_motor:/home/xytron/xycar_ws/install/xycar_imu:/home/xytron/xycar_ws/install/xycar_cam:/home/xytron/xycar_ws/install/app_ultra_viewer:/home/xytron/xycar_ws/install/app_turtlesim:/home/xytron/xycar_ws/install/app_sensor_drive:/home/xytron/xycar_ws/install/app_rule_drive_sim:/home/xytron/xycar_ws/install/app_pubsub:/home/xytron/xycar_ws/install/app_path_planning:/home/xytron/xycar_ws/install/app_hough_drive:/home/xytron/xycar_ws/install/app_cam_exposure:/home/xytron/xycar_ws/install/app_8_drive:/opt/ros/humble LD_LIBRARY_PATH=/home/xytron/xycar_ws/install/vesc_msgs/lib:/opt/ros/humble/lib:/home/xytron/xycar_ws/install/yolo_msgs/lib:/home/xytron/xycar_ws/install/xycar_msgs/lib:/home/xytron/xycar_ws/install/vesc_driver/lib:/home/xytron/xycar_ws/install/vesc_ackermann/lib:/opt/ros/humble/opt/rviz_ogre_vendor/lib:/opt/ros/humble/lib/x86_64-linux-gnu:/opt/ros/humble/lib /usr/bin/cmake --build /home/xytron/xycar_ws/build/vesc_driver -- -j16 -l16
[1.085s] Invoking command in '/home/xytron/xycar_ws/build/vesc_driver': CMAKE_PREFIX_PATH=/home/xytron/xycar_ws/install/vesc_msgs:/home/xytron/xycar_ws/install/yolo_msgs:/home/xytron/xycar_ws/install/xycar_ultrasonic:/home/xytron/xycar_ws/install/xycar_msgs:/home/xytron/xycar_ws/install/xycar_lidar:/home/xytron/xycar_ws/install/vesc:/home/xytron/xycar_ws/install/vesc_driver:/home/xytron/xycar_ws/install/vesc_ackermann:/home/xytron/xycar_ws/install/app_web_controller:/home/xytron/xycar_ws/install/app_viewer_all:/home/xytron/xycar_ws/install/xycar_planner:/home/xytron/xycar_ws/install/control_motor:/home/xytron/xycar_ws/install/xycar_motor:/home/xytron/xycar_ws/install/xycar_imu:/home/xytron/xycar_ws/install/xycar_cam:/home/xytron/xycar_ws/install/app_ultra_viewer:/home/xytron/xycar_ws/install/app_turtlesim:/home/xytron/xycar_ws/install/app_sensor_drive:/home/xytron/xycar_ws/install/app_rule_drive_sim:/home/xytron/xycar_ws/install/app_pubsub:/home/xytron/xycar_ws/install/app_path_planning:/home/xytron/xycar_ws/install/app_hough_drive:/home/xytron/xycar_ws/install/app_cam_exposure:/home/xytron/xycar_ws/install/app_8_drive:/opt/ros/humble LD_LIBRARY_PATH=/home/xytron/xycar_ws/install/vesc_msgs/lib:/opt/ros/humble/lib:/home/xytron/xycar_ws/install/yolo_msgs/lib:/home/xytron/xycar_ws/install/xycar_msgs/lib:/home/xytron/xycar_ws/install/vesc_driver/lib:/home/xytron/xycar_ws/install/vesc_ackermann/lib:/opt/ros/humble/opt/rviz_ogre_vendor/lib:/opt/ros/humble/lib/x86_64-linux-gnu:/opt/ros/humble/lib /usr/bin/cmake --install /home/xytron/xycar_ws/build/vesc_driver
[1.098s] -- Install configuration: ""
[1.098s] -- Up-to-date: /home/xytron/xycar_ws/install/vesc_driver/lib/vesc_driver/vesc_driver_node
[1.098s] -- Up-to-date: /home/xytron/xycar_ws/install/vesc_driver/include
[1.099s] -- Up-to-date: /home/xytron/xycar_ws/install/vesc_driver/include/vesc_driver
[1.099s] -- Up-to-date: /home/xytron/xycar_ws/install/vesc_driver/include/vesc_driver/vesc_driver.hpp
[1.099s] -- Up-to-date: /home/xytron/xycar_ws/install/vesc_driver/include/vesc_driver/vesc_packet.hpp
[1.099s] -- Up-to-date: /home/xytron/xycar_ws/install/vesc_driver/include/vesc_driver/crc.hpp
[1.099s] -- Up-to-date: /home/xytron/xycar_ws/install/vesc_driver/include/vesc_driver/datatypes.hpp
[1.099s] -- Up-to-date: /home/xytron/xycar_ws/install/vesc_driver/include/vesc_driver/vesc_device_uuid_lookup.hpp
[1.099s] -- Up-to-date: /home/xytron/xycar_ws/install/vesc_driver/include/vesc_driver/vesc_interface.hpp
[1.099s] -- Up-to-date: /home/xytron/xycar_ws/install/vesc_driver/include/vesc_driver/vesc_packet_factory.hpp
[1.100s] -- Up-to-date: /home/xytron/xycar_ws/install/vesc_driver/share/vesc_driver/environment/library_path.sh
[1.100s] -- Up-to-date: /home/xytron/xycar_ws/install/vesc_driver/share/vesc_driver/environment/library_path.dsv
[1.100s] -- Up-to-date: /home/xytron/xycar_ws/install/vesc_driver/lib/libvesc_driver.so
[1.100s] -- Up-to-date: /home/xytron/xycar_ws/install/vesc_driver/lib/vesc_driver/vesc_device_namer
[1.101s] -- Up-to-date: /home/xytron/xycar_ws/install/vesc_driver/share/vesc_driver/launch
[1.102s] -- Up-to-date: /home/xytron/xycar_ws/install/vesc_driver/share/vesc_driver/launch/vesc_driver_node.launch.py
[1.103s] -- Up-to-date: /home/xytron/xycar_ws/install/vesc_driver/share/vesc_driver/params
[1.104s] -- Up-to-date: /home/xytron/xycar_ws/install/vesc_driver/share/vesc_driver/params/vesc_config.yaml
[1.105s] -- Up-to-date: /home/xytron/xycar_ws/install/vesc_driver/share/ament_index/resource_index/package_run_dependencies/vesc_driver
[1.106s] -- Up-to-date: /home/xytron/xycar_ws/install/vesc_driver/share/ament_index/resource_index/parent_prefix_path/vesc_driver
[1.107s] -- Up-to-date: /home/xytron/xycar_ws/install/vesc_driver/share/vesc_driver/environment/ament_prefix_path.sh
[1.108s] -- Up-to-date: /home/xytron/xycar_ws/install/vesc_driver/share/vesc_driver/environment/ament_prefix_path.dsv
[1.109s] -- Up-to-date: /home/xytron/xycar_ws/install/vesc_driver/share/vesc_driver/environment/path.sh
[1.109s] -- Up-to-date: /home/xytron/xycar_ws/install/vesc_driver/share/vesc_driver/environment/path.dsv
[1.109s] -- Up-to-date: /home/xytron/xycar_ws/install/vesc_driver/share/vesc_driver/local_setup.bash
[1.110s] -- Up-to-date: /home/xytron/xycar_ws/install/vesc_driver/share/vesc_driver/local_setup.sh
[1.110s] -- Up-to-date: /home/xytron/xycar_ws/install/vesc_driver/share/vesc_driver/local_setup.zsh
[1.110s] -- Up-to-date: /home/xytron/xycar_ws/install/vesc_driver/share/vesc_driver/local_setup.dsv
[1.110s] -- Installing: /home/xytron/xycar_ws/install/vesc_driver/share/vesc_driver/package.dsv
[1.110s] -- Up-to-date: /home/xytron/xycar_ws/install/vesc_driver/share/ament_index/resource_index/packages/vesc_driver
[1.111s] -- Up-to-date: /home/xytron/xycar_ws/install/vesc_driver/share/ament_index/resource_index/rclcpp_components/vesc_driver
[1.111s] -- Up-to-date: /home/xytron/xycar_ws/install/vesc_driver/share/vesc_driver/cmake/ament_cmake_export_dependencies-extras.cmake
[1.111s] -- Up-to-date: /home/xytron/xycar_ws/install/vesc_driver/share/vesc_driver/cmake/ament_cmake_export_include_directories-extras.cmake
[1.111s] -- Up-to-date: /home/xytron/xycar_ws/install/vesc_driver/share/vesc_driver/cmake/ament_cmake_export_libraries-extras.cmake
[1.112s] -- Up-to-date: /home/xytron/xycar_ws/install/vesc_driver/share/vesc_driver/cmake/vesc_driverConfig.cmake
[1.112s] -- Up-to-date: /home/xytron/xycar_ws/install/vesc_driver/share/vesc_driver/cmake/vesc_driverConfig-version.cmake
[1.112s] -- Up-to-date: /home/xytron/xycar_ws/install/vesc_driver/share/vesc_driver/package.xml
[1.119s] Invoked command in '/home/xytron/xycar_ws/build/vesc_driver' returned '0': CMAKE_PREFIX_PATH=/home/xytron/xycar_ws/install/vesc_msgs:/home/xytron/xycar_ws/install/yolo_msgs:/home/xytron/xycar_ws/install/xycar_ultrasonic:/home/xytron/xycar_ws/install/xycar_msgs:/home/xytron/xycar_ws/install/xycar_lidar:/home/xytron/xycar_ws/install/vesc:/home/xytron/xycar_ws/install/vesc_driver:/home/xytron/xycar_ws/install/vesc_ackermann:/home/xytron/xycar_ws/install/app_web_controller:/home/xytron/xycar_ws/install/app_viewer_all:/home/xytron/xycar_ws/install/xycar_planner:/home/xytron/xycar_ws/install/control_motor:/home/xytron/xycar_ws/install/xycar_motor:/home/xytron/xycar_ws/install/xycar_imu:/home/xytron/xycar_ws/install/xycar_cam:/home/xytron/xycar_ws/install/app_ultra_viewer:/home/xytron/xycar_ws/install/app_turtlesim:/home/xytron/xycar_ws/install/app_sensor_drive:/home/xytron/xycar_ws/install/app_rule_drive_sim:/home/xytron/xycar_ws/install/app_pubsub:/home/xytron/xycar_ws/install/app_path_planning:/home/xytron/xycar_ws/install/app_hough_drive:/home/xytron/xycar_ws/install/app_cam_exposure:/home/xytron/xycar_ws/install/app_8_drive:/opt/ros/humble LD_LIBRARY_PATH=/home/xytron/xycar_ws/install/vesc_msgs/lib:/opt/ros/humble/lib:/home/xytron/xycar_ws/install/yolo_msgs/lib:/home/xytron/xycar_ws/install/xycar_msgs/lib:/home/xytron/xycar_ws/install/vesc_driver/lib:/home/xytron/xycar_ws/install/vesc_ackermann/lib:/opt/ros/humble/opt/rviz_ogre_vendor/lib:/opt/ros/humble/lib/x86_64-linux-gnu:/opt/ros/humble/lib /usr/bin/cmake --install /home/xytron/xycar_ws/build/vesc_driver
