running egg_info
creating ../../../build/app_turtlesim/app_turtlesim.egg-info
writing ../../../build/app_turtlesim/app_turtlesim.egg-info/PKG-INFO
writing dependency_links to ../../../build/app_turtlesim/app_turtlesim.egg-info/dependency_links.txt
writing entry points to ../../../build/app_turtlesim/app_turtlesim.egg-info/entry_points.txt
writing requirements to ../../../build/app_turtlesim/app_turtlesim.egg-info/requires.txt
writing top-level names to ../../../build/app_turtlesim/app_turtlesim.egg-info/top_level.txt
writing manifest file '../../../build/app_turtlesim/app_turtlesim.egg-info/SOURCES.txt'
reading manifest file '../../../build/app_turtlesim/app_turtlesim.egg-info/SOURCES.txt'
adding license file 'LICENSE'
writing manifest file '../../../build/app_turtlesim/app_turtlesim.egg-info/SOURCES.txt'
running build
running build_py
creating /home/xytron/xycar_ws/build/app_turtlesim/build
creating /home/xytron/xycar_ws/build/app_turtlesim/build/lib
creating /home/xytron/xycar_ws/build/app_turtlesim/build/lib/app_turtlesim
copying app_turtlesim/__init__.py -> /home/xytron/xycar_ws/build/app_turtlesim/build/lib/app_turtlesim
running install
running install_lib
creating /home/xytron/xycar_ws/install/app_turtlesim/lib/python3.10/site-packages/app_turtlesim
copying /home/xytron/xycar_ws/build/app_turtlesim/build/lib/app_turtlesim/__init__.py -> /home/xytron/xycar_ws/install/app_turtlesim/lib/python3.10/site-packages/app_turtlesim
byte-compiling /home/xytron/xycar_ws/install/app_turtlesim/lib/python3.10/site-packages/app_turtlesim/__init__.py to __init__.cpython-310.pyc
running install_data
creating /home/xytron/xycar_ws/install/app_turtlesim/share/ament_index
creating /home/xytron/xycar_ws/install/app_turtlesim/share/ament_index/resource_index
creating /home/xytron/xycar_ws/install/app_turtlesim/share/ament_index/resource_index/packages
copying resource/app_turtlesim -> /home/xytron/xycar_ws/install/app_turtlesim/share/ament_index/resource_index/packages
copying package.xml -> /home/xytron/xycar_ws/install/app_turtlesim/share/app_turtlesim
creating /home/xytron/xycar_ws/install/app_turtlesim/share/app_turtlesim/launch
copying launch/app_turtlesim.launch.py -> /home/xytron/xycar_ws/install/app_turtlesim/share/app_turtlesim/launch
running install_egg_info
Copying ../../../build/app_turtlesim/app_turtlesim.egg-info to /home/xytron/xycar_ws/install/app_turtlesim/lib/python3.10/site-packages/app_turtlesim-0.0.0-py3.10.egg-info
running install_scripts
writing list of installed files to '/home/xytron/xycar_ws/build/app_turtlesim/install.log'
