[6.129s] Invoking command in '/home/xytron/xycar_ws/src/xycar_application/app_turtlesim': PYTHONPATH=/home/xytron/xycar_ws/build/app_turtlesim/prefix_override:/usr/lib/python3/dist-packages/colcon_core/task/python/colcon_distutils_commands:/home/xytron/xycar_ws/install/app_turtlesim/lib/python3.10/site-packages:${PYTHONPATH} /usr/bin/python3 -W ignore:setup.py install is deprecated -W ignore:easy_install command is deprecated setup.py egg_info --egg-base ../../../build/app_turtlesim build --build-base /home/xytron/xycar_ws/build/app_turtlesim/build install --record /home/xytron/xycar_ws/build/app_turtlesim/install.log --single-version-externally-managed install_data
[8.029s] running egg_info
[8.029s] creating ../../../build/app_turtlesim/app_turtlesim.egg-info
[8.029s] writing ../../../build/app_turtlesim/app_turtlesim.egg-info/PKG-INFO
[8.029s] writing dependency_links to ../../../build/app_turtlesim/app_turtlesim.egg-info/dependency_links.txt
[8.029s] writing entry points to ../../../build/app_turtlesim/app_turtlesim.egg-info/entry_points.txt
[8.029s] writing requirements to ../../../build/app_turtlesim/app_turtlesim.egg-info/requires.txt
[8.029s] writing top-level names to ../../../build/app_turtlesim/app_turtlesim.egg-info/top_level.txt
[8.029s] writing manifest file '../../../build/app_turtlesim/app_turtlesim.egg-info/SOURCES.txt'
[8.030s] reading manifest file '../../../build/app_turtlesim/app_turtlesim.egg-info/SOURCES.txt'
[8.030s] adding license file 'LICENSE'
[8.030s] writing manifest file '../../../build/app_turtlesim/app_turtlesim.egg-info/SOURCES.txt'
[8.030s] running build
[8.030s] running build_py
[8.030s] creating /home/xytron/xycar_ws/build/app_turtlesim/build
[8.030s] creating /home/xytron/xycar_ws/build/app_turtlesim/build/lib
[8.030s] creating /home/xytron/xycar_ws/build/app_turtlesim/build/lib/app_turtlesim
[8.030s] copying app_turtlesim/__init__.py -> /home/xytron/xycar_ws/build/app_turtlesim/build/lib/app_turtlesim
[8.030s] running install
[8.030s] running install_lib
[8.030s] creating /home/xytron/xycar_ws/install/app_turtlesim/lib/python3.10/site-packages/app_turtlesim
[8.030s] copying /home/xytron/xycar_ws/build/app_turtlesim/build/lib/app_turtlesim/__init__.py -> /home/xytron/xycar_ws/install/app_turtlesim/lib/python3.10/site-packages/app_turtlesim
[8.030s] byte-compiling /home/xytron/xycar_ws/install/app_turtlesim/lib/python3.10/site-packages/app_turtlesim/__init__.py to __init__.cpython-310.pyc
[8.030s] running install_data
[8.030s] creating /home/xytron/xycar_ws/install/app_turtlesim/share/ament_index
[8.030s] creating /home/xytron/xycar_ws/install/app_turtlesim/share/ament_index/resource_index
[8.030s] creating /home/xytron/xycar_ws/install/app_turtlesim/share/ament_index/resource_index/packages
[8.031s] copying resource/app_turtlesim -> /home/xytron/xycar_ws/install/app_turtlesim/share/ament_index/resource_index/packages
[8.031s] copying package.xml -> /home/xytron/xycar_ws/install/app_turtlesim/share/app_turtlesim
[8.031s] creating /home/xytron/xycar_ws/install/app_turtlesim/share/app_turtlesim/launch
[8.031s] copying launch/app_turtlesim.launch.py -> /home/xytron/xycar_ws/install/app_turtlesim/share/app_turtlesim/launch
[8.031s] running install_egg_info
[8.031s] Copying ../../../build/app_turtlesim/app_turtlesim.egg-info to /home/xytron/xycar_ws/install/app_turtlesim/lib/python3.10/site-packages/app_turtlesim-0.0.0-py3.10.egg-info
[8.031s] running install_scripts
[8.107s] writing list of installed files to '/home/xytron/xycar_ws/build/app_turtlesim/install.log'
[8.368s] Invoked command in '/home/xytron/xycar_ws/src/xycar_application/app_turtlesim' returned '0': PYTHONPATH=/home/xytron/xycar_ws/build/app_turtlesim/prefix_override:/usr/lib/python3/dist-packages/colcon_core/task/python/colcon_distutils_commands:/home/xytron/xycar_ws/install/app_turtlesim/lib/python3.10/site-packages:${PYTHONPATH} /usr/bin/python3 -W ignore:setup.py install is deprecated -W ignore:easy_install command is deprecated setup.py egg_info --egg-base ../../../build/app_turtlesim build --build-base /home/xytron/xycar_ws/build/app_turtlesim/build install --record /home/xytron/xycar_ws/build/app_turtlesim/install.log --single-version-externally-managed install_data
