[1.979s] Invoking command in '/home/xytron/xycar_ws/src/xycar_device/xycar_cam': PYTHONPATH=/home/xytron/xycar_ws/build/xycar_cam/prefix_override:/usr/lib/python3/dist-packages/colcon_core/task/python/colcon_distutils_commands:/home/xytron/xycar_ws/install/xycar_cam/lib/python3.10/site-packages:${PYTHONPATH} /usr/bin/python3 -W ignore:setup.py install is deprecated -W ignore:easy_install command is deprecated setup.py egg_info --egg-base ../../../build/xycar_cam build --build-base /home/xytron/xycar_ws/build/xycar_cam/build install --record /home/xytron/xycar_ws/build/xycar_cam/install.log --single-version-externally-managed install_data
[2.437s] running egg_info
[2.438s] writing ../../../build/xycar_cam/xycar_cam.egg-info/PKG-INFO
[2.439s] writing dependency_links to ../../../build/xycar_cam/xycar_cam.egg-info/dependency_links.txt
[2.439s] writing entry points to ../../../build/xycar_cam/xycar_cam.egg-info/entry_points.txt
[2.439s] writing requirements to ../../../build/xycar_cam/xycar_cam.egg-info/requires.txt
[2.440s] writing top-level names to ../../../build/xycar_cam/xycar_cam.egg-info/top_level.txt
[2.444s] reading manifest file '../../../build/xycar_cam/xycar_cam.egg-info/SOURCES.txt'
[2.446s] writing manifest file '../../../build/xycar_cam/xycar_cam.egg-info/SOURCES.txt'
[2.446s] running build
[2.446s] running build_py
[2.446s] running install
[2.447s] running install_lib
[2.450s] running install_data
[2.450s] running install_egg_info
[2.454s] removing '/home/xytron/xycar_ws/install/xycar_cam/lib/python3.10/site-packages/xycar_cam-0.0.0-py3.10.egg-info' (and everything under it)
[2.454s] Copying ../../../build/xycar_cam/xycar_cam.egg-info to /home/xytron/xycar_ws/install/xycar_cam/lib/python3.10/site-packages/xycar_cam-0.0.0-py3.10.egg-info
[2.455s] running install_scripts
[2.493s] writing list of installed files to '/home/xytron/xycar_ws/build/xycar_cam/install.log'
[2.571s] Invoked command in '/home/xytron/xycar_ws/src/xycar_device/xycar_cam' returned '0': PYTHONPATH=/home/xytron/xycar_ws/build/xycar_cam/prefix_override:/usr/lib/python3/dist-packages/colcon_core/task/python/colcon_distutils_commands:/home/xytron/xycar_ws/install/xycar_cam/lib/python3.10/site-packages:${PYTHONPATH} /usr/bin/python3 -W ignore:setup.py install is deprecated -W ignore:easy_install command is deprecated setup.py egg_info --egg-base ../../../build/xycar_cam build --build-base /home/xytron/xycar_ws/build/xycar_cam/build install --record /home/xytron/xycar_ws/build/xycar_cam/install.log --single-version-externally-managed install_data
