[2.373s] Invoking command in '/home/xytron/xycar_ws/build/app_web_controller': CMAKE_PREFIX_PATH=/opt/ros/humble /usr/bin/cmake /home/xytron/xycar_ws/src/xycar_application/app_web_controller -DCMAKE_INSTALL_PREFIX=/home/xytron/xycar_ws/install/app_web_controller
[2.932s] -- The C compiler identification is GNU 11.4.0
[2.932s] -- The CXX compiler identification is GNU 11.4.0
[2.932s] -- Detecting C compiler ABI info
[2.932s] -- Detecting C compiler ABI info - done
[2.932s] -- Check for working C compiler: /usr/bin/cc - skipped
[2.932s] -- Detecting C compile features
[2.933s] -- Detecting C compile features - done
[2.933s] -- Detecting CXX compiler ABI info
[2.933s] -- Detecting CXX compiler ABI info - done
[2.933s] -- Check for working CXX compiler: /usr/bin/c++ - skipped
[2.933s] -- Detecting CXX compile features
[2.933s] -- Detecting CXX compile features - done
[2.933s] -- Found ament_cmake: 1.3.11 (/opt/ros/humble/share/ament_cmake/cmake)
[2.933s] -- Found Python3: /usr/bin/python3 (found version "3.10.12") found components: Interpreter 
[2.933s] -- Found ament_lint_auto: 0.12.11 (/opt/ros/humble/share/ament_lint_auto/cmake)
[2.950s] -- Added test 'copyright' to check source files copyright and LICENSE
[2.964s] -- Added test 'flake8' to check Python code syntax and style conventions
[2.965s] -- Added test 'lint_cmake' to check CMake code style
[2.967s] -- Added test 'pep257' to check Python code against some of the docstring style conventions in PEP 257
[2.973s] -- Added test 'xmllint' to check XML markup files
[2.973s] -- Configuring done
[2.989s] -- Generating done
[2.991s] -- Build files have been written to: /home/xytron/xycar_ws/build/app_web_controller
[3.025s] Invoked command in '/home/xytron/xycar_ws/build/app_web_controller' returned '0': CMAKE_PREFIX_PATH=/opt/ros/humble /usr/bin/cmake /home/xytron/xycar_ws/src/xycar_application/app_web_controller -DCMAKE_INSTALL_PREFIX=/home/xytron/xycar_ws/install/app_web_controller
[3.041s] Invoking command in '/home/xytron/xycar_ws/build/app_web_controller': CMAKE_PREFIX_PATH=/opt/ros/humble /usr/bin/cmake --build /home/xytron/xycar_ws/build/app_web_controller -- -j16 -l16
[3.227s] Invoked command in '/home/xytron/xycar_ws/build/app_web_controller' returned '0': CMAKE_PREFIX_PATH=/opt/ros/humble /usr/bin/cmake --build /home/xytron/xycar_ws/build/app_web_controller -- -j16 -l16
[3.293s] Invoking command in '/home/xytron/xycar_ws/build/app_web_controller': CMAKE_PREFIX_PATH=/opt/ros/humble /usr/bin/cmake --install /home/xytron/xycar_ws/build/app_web_controller
[3.329s] -- Install configuration: ""
[3.330s] -- Installing: /home/xytron/xycar_ws/install/app_web_controller/share/app_web_controller/launch
[3.330s] -- Installing: /home/xytron/xycar_ws/install/app_web_controller/share/app_web_controller/launch/app_web_controller.launch.py
[3.330s] -- Installing: /home/xytron/xycar_ws/install/app_web_controller/share/app_web_controller/launch/__pycache__
[3.330s] -- Installing: /home/xytron/xycar_ws/install/app_web_controller/share/app_web_controller/launch/__pycache__/app_web_controller.launch.cpython-38.pyc
[3.330s] -- Installing: /home/xytron/xycar_ws/install/app_web_controller/share/ament_index/resource_index/package_run_dependencies/app_web_controller
[3.330s] -- Installing: /home/xytron/xycar_ws/install/app_web_controller/share/ament_index/resource_index/parent_prefix_path/app_web_controller
[3.334s] -- Installing: /home/xytron/xycar_ws/install/app_web_controller/share/app_web_controller/environment/ament_prefix_path.sh
[3.339s] -- Installing: /home/xytron/xycar_ws/install/app_web_controller/share/app_web_controller/environment/ament_prefix_path.dsv
[3.340s] -- Installing: /home/xytron/xycar_ws/install/app_web_controller/share/app_web_controller/environment/path.sh
[3.342s] -- Installing: /home/xytron/xycar_ws/install/app_web_controller/share/app_web_controller/environment/path.dsv
[3.343s] -- Installing: /home/xytron/xycar_ws/install/app_web_controller/share/app_web_controller/local_setup.bash
[3.344s] -- Installing: /home/xytron/xycar_ws/install/app_web_controller/share/app_web_controller/local_setup.sh
[3.346s] -- Installing: /home/xytron/xycar_ws/install/app_web_controller/share/app_web_controller/local_setup.zsh
[3.347s] -- Installing: /home/xytron/xycar_ws/install/app_web_controller/share/app_web_controller/local_setup.dsv
[3.347s] -- Installing: /home/xytron/xycar_ws/install/app_web_controller/share/app_web_controller/package.dsv
[3.348s] -- Installing: /home/xytron/xycar_ws/install/app_web_controller/share/ament_index/resource_index/packages/app_web_controller
[3.349s] -- Installing: /home/xytron/xycar_ws/install/app_web_controller/share/app_web_controller/cmake/app_web_controllerConfig.cmake
[3.349s] -- Installing: /home/xytron/xycar_ws/install/app_web_controller/share/app_web_controller/cmake/app_web_controllerConfig-version.cmake
[3.350s] -- Installing: /home/xytron/xycar_ws/install/app_web_controller/share/app_web_controller/package.xml
[3.365s] Invoked command in '/home/xytron/xycar_ws/build/app_web_controller' returned '0': CMAKE_PREFIX_PATH=/opt/ros/humble /usr/bin/cmake --install /home/xytron/xycar_ws/build/app_web_controller
