[1.309s] Invoking command in '/home/xytron/xycar_ws/src/study/control_motor': AMENT_PREFIX_PATH=/home/xytron/xycar_ws/install/xycar_msgs:${AMENT_PREFIX_PATH} CMAKE_PREFIX_PATH=/home/xytron/xycar_ws/install/xycar_msgs LD_LIBRARY_PATH=/home/xytron/xycar_ws/install/xycar_msgs/lib:${LD_LIBRARY_PATH} PYTHONPATH=/home/xytron/xycar_ws/build/control_motor/prefix_override:/usr/lib/python3/dist-packages/colcon_core/task/python/colcon_distutils_commands:/home/xytron/xycar_ws/install/control_motor/lib/python3.10/site-packages:/home/xytron/xycar_ws/install/xycar_msgs/local/lib/python3.10/dist-packages:${PYTHONPATH} /usr/bin/python3 -W ignore:setup.py install is deprecated -W ignore:easy_install command is deprecated setup.py egg_info --egg-base ../../../build/control_motor build --build-base /home/xytron/xycar_ws/build/control_motor/build install --record /home/xytron/xycar_ws/build/control_motor/install.log --single-version-externally-managed install_data
[1.593s] running egg_info
[1.594s] writing ../../../build/control_motor/control_motor.egg-info/PKG-INFO
[1.595s] writing dependency_links to ../../../build/control_motor/control_motor.egg-info/dependency_links.txt
[1.595s] writing entry points to ../../../build/control_motor/control_motor.egg-info/entry_points.txt
[1.595s] writing requirements to ../../../build/control_motor/control_motor.egg-info/requires.txt
[1.595s] writing top-level names to ../../../build/control_motor/control_motor.egg-info/top_level.txt
[1.598s] reading manifest file '../../../build/control_motor/control_motor.egg-info/SOURCES.txt'
[1.599s] writing manifest file '../../../build/control_motor/control_motor.egg-info/SOURCES.txt'
[1.599s] running build
[1.599s] running build_py
[1.600s] running install
[1.600s] running install_lib
[1.604s] running install_data
[1.604s] running install_egg_info
[1.606s] removing '/home/xytron/xycar_ws/install/control_motor/lib/python3.10/site-packages/control_motor-0.0.0-py3.10.egg-info' (and everything under it)
[1.607s] Copying ../../../build/control_motor/control_motor.egg-info to /home/xytron/xycar_ws/install/control_motor/lib/python3.10/site-packages/control_motor-0.0.0-py3.10.egg-info
[1.608s] running install_scripts
[1.628s] Installing collision_avoidance script to /home/xytron/xycar_ws/install/control_motor/lib/control_motor
[1.628s] Installing fast_rubbercone_driver_node script to /home/xytron/xycar_ws/install/control_motor/lib/control_motor
[1.628s] Installing is_orange script to /home/xytron/xycar_ws/install/control_motor/lib/control_motor
[1.628s] Installing is_vehicle script to /home/xytron/xycar_ws/install/control_motor/lib/control_motor
[1.628s] Installing kmu_motor_node script to /home/xytron/xycar_ws/install/control_motor/lib/control_motor
[1.629s] Installing lane_detection script to /home/xytron/xycar_ws/install/control_motor/lib/control_motor
[1.629s] Installing new_lane_detection script to /home/xytron/xycar_ws/install/control_motor/lib/control_motor
[1.629s] Installing obstacle script to /home/xytron/xycar_ws/install/control_motor/lib/control_motor
[1.629s] Installing rubbercone_driver_node script to /home/xytron/xycar_ws/install/control_motor/lib/control_motor
[1.629s] Installing trafficlight script to /home/xytron/xycar_ws/install/control_motor/lib/control_motor
[1.629s] writing list of installed files to '/home/xytron/xycar_ws/build/control_motor/install.log'
[1.681s] Invoked command in '/home/xytron/xycar_ws/src/study/control_motor' returned '0': AMENT_PREFIX_PATH=/home/xytron/xycar_ws/install/xycar_msgs:${AMENT_PREFIX_PATH} CMAKE_PREFIX_PATH=/home/xytron/xycar_ws/install/xycar_msgs LD_LIBRARY_PATH=/home/xytron/xycar_ws/install/xycar_msgs/lib:${LD_LIBRARY_PATH} PYTHONPATH=/home/xytron/xycar_ws/build/control_motor/prefix_override:/usr/lib/python3/dist-packages/colcon_core/task/python/colcon_distutils_commands:/home/xytron/xycar_ws/install/control_motor/lib/python3.10/site-packages:/home/xytron/xycar_ws/install/xycar_msgs/local/lib/python3.10/dist-packages:${PYTHONPATH} /usr/bin/python3 -W ignore:setup.py install is deprecated -W ignore:easy_install command is deprecated setup.py egg_info --egg-base ../../../build/control_motor build --build-base /home/xytron/xycar_ws/build/control_motor/build install --record /home/xytron/xycar_ws/build/control_motor/install.log --single-version-externally-managed install_data
