[1.899s] Invoking command in '/home/xytron/xycar_ws/src/xycar_device/xycar_imu': PYTHONPATH=/home/xytron/xycar_ws/build/xycar_imu/prefix_override:/usr/lib/python3/dist-packages/colcon_core/task/python/colcon_distutils_commands:/home/xytron/xycar_ws/install/xycar_imu/lib/python3.10/site-packages:${PYTHONPATH} /usr/bin/python3 -W ignore:setup.py install is deprecated -W ignore:easy_install command is deprecated setup.py egg_info --egg-base ../../../build/xycar_imu build --build-base /home/xytron/xycar_ws/build/xycar_imu/build install --record /home/xytron/xycar_ws/build/xycar_imu/install.log --single-version-externally-managed install_data
[2.255s] running egg_info
[2.256s] writing ../../../build/xycar_imu/xycar_imu.egg-info/PKG-INFO
[2.256s] writing dependency_links to ../../../build/xycar_imu/xycar_imu.egg-info/dependency_links.txt
[2.256s] writing entry points to ../../../build/xycar_imu/xycar_imu.egg-info/entry_points.txt
[2.256s] writing requirements to ../../../build/xycar_imu/xycar_imu.egg-info/requires.txt
[2.257s] writing top-level names to ../../../build/xycar_imu/xycar_imu.egg-info/top_level.txt
[2.259s] reading manifest file '../../../build/xycar_imu/xycar_imu.egg-info/SOURCES.txt'
[2.259s] adding license file 'LICENSE'
[2.259s] writing manifest file '../../../build/xycar_imu/xycar_imu.egg-info/SOURCES.txt'
[2.260s] running build
[2.260s] running build_py
[2.260s] running install
[2.261s] running install_lib
[2.262s] running install_data
[2.262s] running install_egg_info
[2.265s] removing '/home/xytron/xycar_ws/install/xycar_imu/lib/python3.10/site-packages/xycar_imu-1.2.0-py3.10.egg-info' (and everything under it)
[2.265s] Copying ../../../build/xycar_imu/xycar_imu.egg-info to /home/xytron/xycar_ws/install/xycar_imu/lib/python3.10/site-packages/xycar_imu-1.2.0-py3.10.egg-info
[2.266s] running install_scripts
[2.290s] Installing display_3D_visualization_node script to /home/xytron/xycar_ws/install/xycar_imu/lib/xycar_imu
[2.291s] Installing imu_node script to /home/xytron/xycar_ws/install/xycar_imu/lib/xycar_imu
[2.291s] writing list of installed files to '/home/xytron/xycar_ws/build/xycar_imu/install.log'
[2.359s] Invoked command in '/home/xytron/xycar_ws/src/xycar_device/xycar_imu' returned '0': PYTHONPATH=/home/xytron/xycar_ws/build/xycar_imu/prefix_override:/usr/lib/python3/dist-packages/colcon_core/task/python/colcon_distutils_commands:/home/xytron/xycar_ws/install/xycar_imu/lib/python3.10/site-packages:${PYTHONPATH} /usr/bin/python3 -W ignore:setup.py install is deprecated -W ignore:easy_install command is deprecated setup.py egg_info --egg-base ../../../build/xycar_imu build --build-base /home/xytron/xycar_ws/build/xycar_imu/build install --record /home/xytron/xycar_ws/build/xycar_imu/install.log --single-version-externally-managed install_data
