[0.777s] Invoking command in '/home/xytron/xycar_ws/build/vesc_ackermann': CMAKE_PREFIX_PATH=/home/xytron/xycar_ws/install/vesc_msgs:/home/xytron/xycar_ws/install/yolo_msgs:/home/xytron/xycar_ws/install/xycar_ultrasonic:/home/xytron/xycar_ws/install/xycar_msgs:/home/xytron/xycar_ws/install/xycar_lidar:/home/xytron/xycar_ws/install/vesc:/home/xytron/xycar_ws/install/vesc_driver:/home/xytron/xycar_ws/install/vesc_ackermann:/home/xytron/xycar_ws/install/app_web_controller:/home/xytron/xycar_ws/install/app_viewer_all:/home/xytron/xycar_ws/install/xycar_planner:/home/xytron/xycar_ws/install/control_motor:/home/xytron/xycar_ws/install/xycar_motor:/home/xytron/xycar_ws/install/xycar_imu:/home/xytron/xycar_ws/install/xycar_cam:/home/xytron/xycar_ws/install/app_ultra_viewer:/home/xytron/xycar_ws/install/app_turtlesim:/home/xytron/xycar_ws/install/app_sensor_drive:/home/xytron/xycar_ws/install/app_rule_drive_sim:/home/xytron/xycar_ws/install/app_pubsub:/home/xytron/xycar_ws/install/app_path_planning:/home/xytron/xycar_ws/install/app_hough_drive:/home/xytron/xycar_ws/install/app_cam_exposure:/home/xytron/xycar_ws/install/app_8_drive:/opt/ros/humble LD_LIBRARY_PATH=/home/xytron/xycar_ws/install/vesc_msgs/lib:/opt/ros/humble/lib:/home/xytron/xycar_ws/install/yolo_msgs/lib:/home/xytron/xycar_ws/install/xycar_msgs/lib:/home/xytron/xycar_ws/install/vesc_driver/lib:/home/xytron/xycar_ws/install/vesc_ackermann/lib:/opt/ros/humble/opt/rviz_ogre_vendor/lib:/opt/ros/humble/lib/x86_64-linux-gnu:/opt/ros/humble/lib /usr/bin/cmake --build /home/xytron/xycar_ws/build/vesc_ackermann -- -j16 -l16
[0.936s] [ 28%] Built target vesc_to_odom_node
[0.942s] [ 57%] Built target ackermann_to_vesc_node
[0.949s] [100%] Built target vesc_ackermann
[1.042s] Invoked command in '/home/xytron/xycar_ws/build/vesc_ackermann' returned '0': CMAKE_PREFIX_PATH=/home/xytron/xycar_ws/install/vesc_msgs:/home/xytron/xycar_ws/install/yolo_msgs:/home/xytron/xycar_ws/install/xycar_ultrasonic:/home/xytron/xycar_ws/install/xycar_msgs:/home/xytron/xycar_ws/install/xycar_lidar:/home/xytron/xycar_ws/install/vesc:/home/xytron/xycar_ws/install/vesc_driver:/home/xytron/xycar_ws/install/vesc_ackermann:/home/xytron/xycar_ws/install/app_web_controller:/home/xytron/xycar_ws/install/app_viewer_all:/home/xytron/xycar_ws/install/xycar_planner:/home/xytron/xycar_ws/install/control_motor:/home/xytron/xycar_ws/install/xycar_motor:/home/xytron/xycar_ws/install/xycar_imu:/home/xytron/xycar_ws/install/xycar_cam:/home/xytron/xycar_ws/install/app_ultra_viewer:/home/xytron/xycar_ws/install/app_turtlesim:/home/xytron/xycar_ws/install/app_sensor_drive:/home/xytron/xycar_ws/install/app_rule_drive_sim:/home/xytron/xycar_ws/install/app_pubsub:/home/xytron/xycar_ws/install/app_path_planning:/home/xytron/xycar_ws/install/app_hough_drive:/home/xytron/xycar_ws/install/app_cam_exposure:/home/xytron/xycar_ws/install/app_8_drive:/opt/ros/humble LD_LIBRARY_PATH=/home/xytron/xycar_ws/install/vesc_msgs/lib:/opt/ros/humble/lib:/home/xytron/xycar_ws/install/yolo_msgs/lib:/home/xytron/xycar_ws/install/xycar_msgs/lib:/home/xytron/xycar_ws/install/vesc_driver/lib:/home/xytron/xycar_ws/install/vesc_ackermann/lib:/opt/ros/humble/opt/rviz_ogre_vendor/lib:/opt/ros/humble/lib/x86_64-linux-gnu:/opt/ros/humble/lib /usr/bin/cmake --build /home/xytron/xycar_ws/build/vesc_ackermann -- -j16 -l16
[1.045s] Invoking command in '/home/xytron/xycar_ws/build/vesc_ackermann': CMAKE_PREFIX_PATH=/home/xytron/xycar_ws/install/vesc_msgs:/home/xytron/xycar_ws/install/yolo_msgs:/home/xytron/xycar_ws/install/xycar_ultrasonic:/home/xytron/xycar_ws/install/xycar_msgs:/home/xytron/xycar_ws/install/xycar_lidar:/home/xytron/xycar_ws/install/vesc:/home/xytron/xycar_ws/install/vesc_driver:/home/xytron/xycar_ws/install/vesc_ackermann:/home/xytron/xycar_ws/install/app_web_controller:/home/xytron/xycar_ws/install/app_viewer_all:/home/xytron/xycar_ws/install/xycar_planner:/home/xytron/xycar_ws/install/control_motor:/home/xytron/xycar_ws/install/xycar_motor:/home/xytron/xycar_ws/install/xycar_imu:/home/xytron/xycar_ws/install/xycar_cam:/home/xytron/xycar_ws/install/app_ultra_viewer:/home/xytron/xycar_ws/install/app_turtlesim:/home/xytron/xycar_ws/install/app_sensor_drive:/home/xytron/xycar_ws/install/app_rule_drive_sim:/home/xytron/xycar_ws/install/app_pubsub:/home/xytron/xycar_ws/install/app_path_planning:/home/xytron/xycar_ws/install/app_hough_drive:/home/xytron/xycar_ws/install/app_cam_exposure:/home/xytron/xycar_ws/install/app_8_drive:/opt/ros/humble LD_LIBRARY_PATH=/home/xytron/xycar_ws/install/vesc_msgs/lib:/opt/ros/humble/lib:/home/xytron/xycar_ws/install/yolo_msgs/lib:/home/xytron/xycar_ws/install/xycar_msgs/lib:/home/xytron/xycar_ws/install/vesc_driver/lib:/home/xytron/xycar_ws/install/vesc_ackermann/lib:/opt/ros/humble/opt/rviz_ogre_vendor/lib:/opt/ros/humble/lib/x86_64-linux-gnu:/opt/ros/humble/lib /usr/bin/cmake --install /home/xytron/xycar_ws/build/vesc_ackermann
[1.062s] -- Install configuration: ""
[1.062s] -- Up-to-date: /home/xytron/xycar_ws/install/vesc_ackermann/lib/vesc_ackermann/ackermann_to_vesc_node
[1.062s] -- Up-to-date: /home/xytron/xycar_ws/install/vesc_ackermann/lib/vesc_ackermann/vesc_to_odom_node
[1.062s] -- Up-to-date: /home/xytron/xycar_ws/install/vesc_ackermann/include
[1.062s] -- Up-to-date: /home/xytron/xycar_ws/install/vesc_ackermann/include/vesc_ackermann
[1.065s] -- Up-to-date: /home/xytron/xycar_ws/install/vesc_ackermann/include/vesc_ackermann/vesc_to_odom.hpp
[1.066s] -- Up-to-date: /home/xytron/xycar_ws/install/vesc_ackermann/include/vesc_ackermann/ackermann_to_vesc.hpp
[1.067s] -- Up-to-date: /home/xytron/xycar_ws/install/vesc_ackermann/share/vesc_ackermann/environment/library_path.sh
[1.069s] -- Up-to-date: /home/xytron/xycar_ws/install/vesc_ackermann/share/vesc_ackermann/environment/library_path.dsv
[1.070s] -- Up-to-date: /home/xytron/xycar_ws/install/vesc_ackermann/lib/libvesc_ackermann.so
[1.071s] -- Up-to-date: /home/xytron/xycar_ws/install/vesc_ackermann/share/vesc_ackermann/launch
[1.077s] -- Up-to-date: /home/xytron/xycar_ws/install/vesc_ackermann/share/vesc_ackermann/launch/ackermann_to_vesc_node.launch.xml
[1.079s] -- Up-to-date: /home/xytron/xycar_ws/install/vesc_ackermann/share/vesc_ackermann/launch/ackermann_to_vesc_node.launch.py
[1.080s] -- Up-to-date: /home/xytron/xycar_ws/install/vesc_ackermann/share/vesc_ackermann/launch/vesc_to_odom_node.launch.xml
[1.080s] -- Up-to-date: /home/xytron/xycar_ws/install/vesc_ackermann/share/ament_index/resource_index/package_run_dependencies/vesc_ackermann
[1.080s] -- Up-to-date: /home/xytron/xycar_ws/install/vesc_ackermann/share/ament_index/resource_index/parent_prefix_path/vesc_ackermann
[1.084s] -- Up-to-date: /home/xytron/xycar_ws/install/vesc_ackermann/share/vesc_ackermann/environment/ament_prefix_path.sh
[1.084s] -- Up-to-date: /home/xytron/xycar_ws/install/vesc_ackermann/share/vesc_ackermann/environment/ament_prefix_path.dsv
[1.085s] -- Up-to-date: /home/xytron/xycar_ws/install/vesc_ackermann/share/vesc_ackermann/environment/path.sh
[1.085s] -- Up-to-date: /home/xytron/xycar_ws/install/vesc_ackermann/share/vesc_ackermann/environment/path.dsv
[1.085s] -- Up-to-date: /home/xytron/xycar_ws/install/vesc_ackermann/share/vesc_ackermann/local_setup.bash
[1.085s] -- Up-to-date: /home/xytron/xycar_ws/install/vesc_ackermann/share/vesc_ackermann/local_setup.sh
[1.085s] -- Up-to-date: /home/xytron/xycar_ws/install/vesc_ackermann/share/vesc_ackermann/local_setup.zsh
[1.085s] -- Up-to-date: /home/xytron/xycar_ws/install/vesc_ackermann/share/vesc_ackermann/local_setup.dsv
[1.086s] -- Installing: /home/xytron/xycar_ws/install/vesc_ackermann/share/vesc_ackermann/package.dsv
[1.087s] -- Up-to-date: /home/xytron/xycar_ws/install/vesc_ackermann/share/ament_index/resource_index/packages/vesc_ackermann
[1.087s] -- Up-to-date: /home/xytron/xycar_ws/install/vesc_ackermann/share/ament_index/resource_index/rclcpp_components/vesc_ackermann
[1.087s] -- Up-to-date: /home/xytron/xycar_ws/install/vesc_ackermann/share/vesc_ackermann/cmake/ament_cmake_export_dependencies-extras.cmake
[1.087s] -- Up-to-date: /home/xytron/xycar_ws/install/vesc_ackermann/share/vesc_ackermann/cmake/ament_cmake_export_include_directories-extras.cmake
[1.088s] -- Up-to-date: /home/xytron/xycar_ws/install/vesc_ackermann/share/vesc_ackermann/cmake/ament_cmake_export_libraries-extras.cmake
[1.088s] -- Up-to-date: /home/xytron/xycar_ws/install/vesc_ackermann/share/vesc_ackermann/cmake/vesc_ackermannConfig.cmake
[1.088s] -- Up-to-date: /home/xytron/xycar_ws/install/vesc_ackermann/share/vesc_ackermann/cmake/vesc_ackermannConfig-version.cmake
[1.089s] -- Up-to-date: /home/xytron/xycar_ws/install/vesc_ackermann/share/vesc_ackermann/package.xml
[1.090s] Invoked command in '/home/xytron/xycar_ws/build/vesc_ackermann' returned '0': CMAKE_PREFIX_PATH=/home/xytron/xycar_ws/install/vesc_msgs:/home/xytron/xycar_ws/install/yolo_msgs:/home/xytron/xycar_ws/install/xycar_ultrasonic:/home/xytron/xycar_ws/install/xycar_msgs:/home/xytron/xycar_ws/install/xycar_lidar:/home/xytron/xycar_ws/install/vesc:/home/xytron/xycar_ws/install/vesc_driver:/home/xytron/xycar_ws/install/vesc_ackermann:/home/xytron/xycar_ws/install/app_web_controller:/home/xytron/xycar_ws/install/app_viewer_all:/home/xytron/xycar_ws/install/xycar_planner:/home/xytron/xycar_ws/install/control_motor:/home/xytron/xycar_ws/install/xycar_motor:/home/xytron/xycar_ws/install/xycar_imu:/home/xytron/xycar_ws/install/xycar_cam:/home/xytron/xycar_ws/install/app_ultra_viewer:/home/xytron/xycar_ws/install/app_turtlesim:/home/xytron/xycar_ws/install/app_sensor_drive:/home/xytron/xycar_ws/install/app_rule_drive_sim:/home/xytron/xycar_ws/install/app_pubsub:/home/xytron/xycar_ws/install/app_path_planning:/home/xytron/xycar_ws/install/app_hough_drive:/home/xytron/xycar_ws/install/app_cam_exposure:/home/xytron/xycar_ws/install/app_8_drive:/opt/ros/humble LD_LIBRARY_PATH=/home/xytron/xycar_ws/install/vesc_msgs/lib:/opt/ros/humble/lib:/home/xytron/xycar_ws/install/yolo_msgs/lib:/home/xytron/xycar_ws/install/xycar_msgs/lib:/home/xytron/xycar_ws/install/vesc_driver/lib:/home/xytron/xycar_ws/install/vesc_ackermann/lib:/opt/ros/humble/opt/rviz_ogre_vendor/lib:/opt/ros/humble/lib/x86_64-linux-gnu:/opt/ros/humble/lib /usr/bin/cmake --install /home/xytron/xycar_ws/build/vesc_ackermann
