[4.728s] Invoking command in '/home/xytron/xycar_ws/src/xycar_application/app_path_planning': PYTHONPATH=/home/xytron/xycar_ws/build/app_path_planning/prefix_override:/usr/lib/python3/dist-packages/colcon_core/task/python/colcon_distutils_commands:/home/xytron/xycar_ws/install/app_path_planning/lib/python3.10/site-packages:${PYTHONPATH} /usr/bin/python3 -W ignore:setup.py install is deprecated -W ignore:easy_install command is deprecated setup.py egg_info --egg-base ../../../build/app_path_planning build --build-base /home/xytron/xycar_ws/build/app_path_planning/build install --record /home/xytron/xycar_ws/build/app_path_planning/install.log --single-version-externally-managed install_data
[5.639s] running egg_info
[5.642s] writing ../../../build/app_path_planning/app_path_planning.egg-info/PKG-INFO
[5.642s] writing dependency_links to ../../../build/app_path_planning/app_path_planning.egg-info/dependency_links.txt
[5.643s] writing entry points to ../../../build/app_path_planning/app_path_planning.egg-info/entry_points.txt
[5.643s] writing requirements to ../../../build/app_path_planning/app_path_planning.egg-info/requires.txt
[5.643s] writing top-level names to ../../../build/app_path_planning/app_path_planning.egg-info/top_level.txt
[5.649s] reading manifest file '../../../build/app_path_planning/app_path_planning.egg-info/SOURCES.txt'
[5.651s] adding license file 'LICENSE'
[5.651s] writing manifest file '../../../build/app_path_planning/app_path_planning.egg-info/SOURCES.txt'
[5.651s] running build
[5.651s] running build_py
[5.653s] running install
[5.653s] running install_lib
[5.665s] running install_data
[5.665s] running install_egg_info
[5.671s] removing '/home/xytron/xycar_ws/install/app_path_planning/lib/python3.10/site-packages/app_path_planning-0.0.0-py3.10.egg-info' (and everything under it)
[5.672s] Copying ../../../build/app_path_planning/app_path_planning.egg-info to /home/xytron/xycar_ws/install/app_path_planning/lib/python3.10/site-packages/app_path_planning-0.0.0-py3.10.egg-info
[5.673s] running install_scripts
[5.752s] Installing main script to /home/xytron/xycar_ws/install/app_path_planning/lib/app_path_planning
[5.753s] writing list of installed files to '/home/xytron/xycar_ws/build/app_path_planning/install.log'
[5.983s] Invoked command in '/home/xytron/xycar_ws/src/xycar_application/app_path_planning' returned '0': PYTHONPATH=/home/xytron/xycar_ws/build/app_path_planning/prefix_override:/usr/lib/python3/dist-packages/colcon_core/task/python/colcon_distutils_commands:/home/xytron/xycar_ws/install/app_path_planning/lib/python3.10/site-packages:${PYTHONPATH} /usr/bin/python3 -W ignore:setup.py install is deprecated -W ignore:easy_install command is deprecated setup.py egg_info --egg-base ../../../build/app_path_planning build --build-base /home/xytron/xycar_ws/build/app_path_planning/build install --record /home/xytron/xycar_ws/build/app_path_planning/install.log --single-version-externally-managed install_data
