[4.729s] Invoking command in '/home/xytron/xycar_ws/src/xycar_application/app_ultra_viewer': PYTHONPATH=/home/xytron/xycar_ws/build/app_ultra_viewer/prefix_override:/usr/lib/python3/dist-packages/colcon_core/task/python/colcon_distutils_commands:/home/xytron/xycar_ws/install/app_ultra_viewer/lib/python3.10/site-packages:${PYTHONPATH} /usr/bin/python3 -W ignore:setup.py install is deprecated -W ignore:easy_install command is deprecated setup.py egg_info --egg-base ../../../build/app_ultra_viewer build --build-base /home/xytron/xycar_ws/build/app_ultra_viewer/build install --record /home/xytron/xycar_ws/build/app_ultra_viewer/install.log --single-version-externally-managed install_data
[5.647s] running egg_info
[5.648s] writing ../../../build/app_ultra_viewer/app_ultra_viewer.egg-info/PKG-INFO
[5.649s] writing dependency_links to ../../../build/app_ultra_viewer/app_ultra_viewer.egg-info/dependency_links.txt
[5.649s] writing entry points to ../../../build/app_ultra_viewer/app_ultra_viewer.egg-info/entry_points.txt
[5.650s] writing requirements to ../../../build/app_ultra_viewer/app_ultra_viewer.egg-info/requires.txt
[5.650s] writing top-level names to ../../../build/app_ultra_viewer/app_ultra_viewer.egg-info/top_level.txt
[5.658s] reading manifest file '../../../build/app_ultra_viewer/app_ultra_viewer.egg-info/SOURCES.txt'
[5.665s] writing manifest file '../../../build/app_ultra_viewer/app_ultra_viewer.egg-info/SOURCES.txt'
[5.665s] running build
[5.666s] running build_py
[5.667s] running install
[5.667s] running install_lib
[5.671s] running install_data
[5.671s] running install_egg_info
[5.675s] removing '/home/xytron/xycar_ws/install/app_ultra_viewer/lib/python3.10/site-packages/app_ultra_viewer-0.0.0-py3.10.egg-info' (and everything under it)
[5.676s] Copying ../../../build/app_ultra_viewer/app_ultra_viewer.egg-info to /home/xytron/xycar_ws/install/app_ultra_viewer/lib/python3.10/site-packages/app_ultra_viewer-0.0.0-py3.10.egg-info
[5.677s] running install_scripts
[5.746s] Installing app_ultra_viewer script to /home/xytron/xycar_ws/install/app_ultra_viewer/lib/app_ultra_viewer
[5.746s] writing list of installed files to '/home/xytron/xycar_ws/build/app_ultra_viewer/install.log'
[5.961s] Invoked command in '/home/xytron/xycar_ws/src/xycar_application/app_ultra_viewer' returned '0': PYTHONPATH=/home/xytron/xycar_ws/build/app_ultra_viewer/prefix_override:/usr/lib/python3/dist-packages/colcon_core/task/python/colcon_distutils_commands:/home/xytron/xycar_ws/install/app_ultra_viewer/lib/python3.10/site-packages:${PYTHONPATH} /usr/bin/python3 -W ignore:setup.py install is deprecated -W ignore:easy_install command is deprecated setup.py egg_info --egg-base ../../../build/app_ultra_viewer build --build-base /home/xytron/xycar_ws/build/app_ultra_viewer/build install --record /home/xytron/xycar_ws/build/app_ultra_viewer/install.log --single-version-externally-managed install_data
