[1.330s] Invoking command in '/home/xytron/xycar_ws/build/yolo_msgs': CMAKE_PREFIX_PATH=${CMAKE_PREFIX_PATH}:/home/xytron/xycar_ws/install/xycar_planner:/home/xytron/xycar_ws/install/control_motor:/home/xytron/xycar_ws/install/xycar_motor:/home/xytron/xycar_ws/install/xycar_imu:/home/xytron/xycar_ws/install/xycar_cam:/home/xytron/xycar_ws/install/app_ultra_viewer:/home/xytron/xycar_ws/install/app_turtlesim:/home/xytron/xycar_ws/install/app_sensor_drive:/home/xytron/xycar_ws/install/app_rule_drive_sim:/home/xytron/xycar_ws/install/app_pubsub:/home/xytron/xycar_ws/install/app_path_planning:/home/xytron/xycar_ws/install/app_hough_drive:/home/xytron/xycar_ws/install/app_cam_exposure:/home/xytron/xycar_ws/install/app_8_drive:/opt/ros/humble /usr/bin/cmake --build /home/xytron/xycar_ws/build/yolo_msgs -- -j16 -l16
[1.517s] [  0%] Built target yolo_msgs__cpp
[1.520s] [ 12%] Built target yolo_msgs__rosidl_generator_c
[1.531s] [ 12%] Built target ament_cmake_python_copy_yolo_msgs
[1.563s] [ 24%] Built target yolo_msgs__rosidl_typesupport_cpp
[1.570s] [ 36%] Built target yolo_msgs__rosidl_typesupport_fastrtps_cpp
[1.572s] [ 48%] Built target yolo_msgs__rosidl_typesupport_introspection_cpp
[1.578s] [ 67%] Built target yolo_msgs__rosidl_typesupport_introspection_c
[1.578s] [ 72%] Built target yolo_msgs__rosidl_typesupport_c
[1.580s] [ 84%] Built target yolo_msgs__rosidl_typesupport_fastrtps_c
[1.635s] [ 84%] Built target yolo_msgs
[1.688s] [ 85%] Built target yolo_msgs__py
[1.763s] [ 96%] Built target yolo_msgs__rosidl_generator_py
[1.840s] [100%] Built target yolo_msgs__rosidl_typesupport_fastrtps_c__pyext
[1.841s] [100%] Built target yolo_msgs__rosidl_typesupport_introspection_c__pyext
[1.841s] [100%] Built target yolo_msgs__rosidl_typesupport_c__pyext
[2.189s] running egg_info
[2.193s] writing yolo_msgs.egg-info/PKG-INFO
[2.195s] writing dependency_links to yolo_msgs.egg-info/dependency_links.txt
[2.195s] writing top-level names to yolo_msgs.egg-info/top_level.txt
[2.200s] reading manifest file 'yolo_msgs.egg-info/SOURCES.txt'
[2.201s] writing manifest file 'yolo_msgs.egg-info/SOURCES.txt'
[2.289s] [100%] Built target ament_cmake_python_build_yolo_msgs_egg
[2.473s] Invoked command in '/home/xytron/xycar_ws/build/yolo_msgs' returned '0': CMAKE_PREFIX_PATH=${CMAKE_PREFIX_PATH}:/home/xytron/xycar_ws/install/xycar_planner:/home/xytron/xycar_ws/install/control_motor:/home/xytron/xycar_ws/install/xycar_motor:/home/xytron/xycar_ws/install/xycar_imu:/home/xytron/xycar_ws/install/xycar_cam:/home/xytron/xycar_ws/install/app_ultra_viewer:/home/xytron/xycar_ws/install/app_turtlesim:/home/xytron/xycar_ws/install/app_sensor_drive:/home/xytron/xycar_ws/install/app_rule_drive_sim:/home/xytron/xycar_ws/install/app_pubsub:/home/xytron/xycar_ws/install/app_path_planning:/home/xytron/xycar_ws/install/app_hough_drive:/home/xytron/xycar_ws/install/app_cam_exposure:/home/xytron/xycar_ws/install/app_8_drive:/opt/ros/humble /usr/bin/cmake --build /home/xytron/xycar_ws/build/yolo_msgs -- -j16 -l16
[2.475s] Invoking command in '/home/xytron/xycar_ws/build/yolo_msgs': CMAKE_PREFIX_PATH=${CMAKE_PREFIX_PATH}:/home/xytron/xycar_ws/install/xycar_planner:/home/xytron/xycar_ws/install/control_motor:/home/xytron/xycar_ws/install/xycar_motor:/home/xytron/xycar_ws/install/xycar_imu:/home/xytron/xycar_ws/install/xycar_cam:/home/xytron/xycar_ws/install/app_ultra_viewer:/home/xytron/xycar_ws/install/app_turtlesim:/home/xytron/xycar_ws/install/app_sensor_drive:/home/xytron/xycar_ws/install/app_rule_drive_sim:/home/xytron/xycar_ws/install/app_pubsub:/home/xytron/xycar_ws/install/app_path_planning:/home/xytron/xycar_ws/install/app_hough_drive:/home/xytron/xycar_ws/install/app_cam_exposure:/home/xytron/xycar_ws/install/app_8_drive:/opt/ros/humble /usr/bin/cmake --install /home/xytron/xycar_ws/build/yolo_msgs
[2.510s] -- Install configuration: ""
[2.510s] -- Up-to-date: /home/xytron/xycar_ws/install/yolo_msgs/share/ament_index/resource_index/rosidl_interfaces/yolo_msgs
[2.510s] -- Up-to-date: /home/xytron/xycar_ws/install/yolo_msgs/include/yolo_msgs/yolo_msgs
[2.510s] -- Up-to-date: /home/xytron/xycar_ws/install/yolo_msgs/include/yolo_msgs/yolo_msgs/srv
[2.511s] -- Up-to-date: /home/xytron/xycar_ws/install/yolo_msgs/include/yolo_msgs/yolo_msgs/srv/set_classes.h
[2.511s] -- Up-to-date: /home/xytron/xycar_ws/install/yolo_msgs/include/yolo_msgs/yolo_msgs/srv/detail
[2.511s] -- Up-to-date: /home/xytron/xycar_ws/install/yolo_msgs/include/yolo_msgs/yolo_msgs/srv/detail/set_classes__functions.h
[2.511s] -- Up-to-date: /home/xytron/xycar_ws/install/yolo_msgs/include/yolo_msgs/yolo_msgs/srv/detail/set_classes__functions.c
[2.511s] -- Up-to-date: /home/xytron/xycar_ws/install/yolo_msgs/include/yolo_msgs/yolo_msgs/srv/detail/set_classes__type_support.h
[2.511s] -- Up-to-date: /home/xytron/xycar_ws/install/yolo_msgs/include/yolo_msgs/yolo_msgs/srv/detail/set_classes__struct.h
[2.511s] -- Up-to-date: /home/xytron/xycar_ws/install/yolo_msgs/include/yolo_msgs/yolo_msgs/msg
[2.512s] -- Up-to-date: /home/xytron/xycar_ws/install/yolo_msgs/include/yolo_msgs/yolo_msgs/msg/bounding_box2_d.h
[2.512s] -- Up-to-date: /home/xytron/xycar_ws/install/yolo_msgs/include/yolo_msgs/yolo_msgs/msg/vector2.h
[2.512s] -- Up-to-date: /home/xytron/xycar_ws/install/yolo_msgs/include/yolo_msgs/yolo_msgs/msg/key_point3_d.h
[2.512s] -- Up-to-date: /home/xytron/xycar_ws/install/yolo_msgs/include/yolo_msgs/yolo_msgs/msg/key_point2_d.h
[2.512s] -- Up-to-date: /home/xytron/xycar_ws/install/yolo_msgs/include/yolo_msgs/yolo_msgs/msg/detection.h
[2.512s] -- Up-to-date: /home/xytron/xycar_ws/install/yolo_msgs/include/yolo_msgs/yolo_msgs/msg/bounding_box3_d.h
[2.513s] -- Up-to-date: /home/xytron/xycar_ws/install/yolo_msgs/include/yolo_msgs/yolo_msgs/msg/detection_array.h
[2.513s] -- Up-to-date: /home/xytron/xycar_ws/install/yolo_msgs/include/yolo_msgs/yolo_msgs/msg/pose2_d.h
[2.513s] -- Up-to-date: /home/xytron/xycar_ws/install/yolo_msgs/include/yolo_msgs/yolo_msgs/msg/key_point2_d_array.h
[2.513s] -- Up-to-date: /home/xytron/xycar_ws/install/yolo_msgs/include/yolo_msgs/yolo_msgs/msg/mask.h
[2.513s] -- Up-to-date: /home/xytron/xycar_ws/install/yolo_msgs/include/yolo_msgs/yolo_msgs/msg/rosidl_generator_c__visibility_control.h
[2.513s] -- Up-to-date: /home/xytron/xycar_ws/install/yolo_msgs/include/yolo_msgs/yolo_msgs/msg/key_point3_d_array.h
[2.513s] -- Up-to-date: /home/xytron/xycar_ws/install/yolo_msgs/include/yolo_msgs/yolo_msgs/msg/detail
[2.513s] -- Up-to-date: /home/xytron/xycar_ws/install/yolo_msgs/include/yolo_msgs/yolo_msgs/msg/detail/vector2__struct.h
[2.514s] -- Up-to-date: /home/xytron/xycar_ws/install/yolo_msgs/include/yolo_msgs/yolo_msgs/msg/detail/detection__functions.c
[2.514s] -- Up-to-date: /home/xytron/xycar_ws/install/yolo_msgs/include/yolo_msgs/yolo_msgs/msg/detail/vector2__functions.c
[2.514s] -- Up-to-date: /home/xytron/xycar_ws/install/yolo_msgs/include/yolo_msgs/yolo_msgs/msg/detail/point2_d__functions.h
[2.514s] -- Up-to-date: /home/xytron/xycar_ws/install/yolo_msgs/include/yolo_msgs/yolo_msgs/msg/detail/detection__functions.h
[2.515s] -- Up-to-date: /home/xytron/xycar_ws/install/yolo_msgs/include/yolo_msgs/yolo_msgs/msg/detail/key_point2_d__struct.h
[2.515s] -- Up-to-date: /home/xytron/xycar_ws/install/yolo_msgs/include/yolo_msgs/yolo_msgs/msg/detail/bounding_box3_d__struct.h
[2.515s] -- Up-to-date: /home/xytron/xycar_ws/install/yolo_msgs/include/yolo_msgs/yolo_msgs/msg/detail/pose2_d__type_support.h
[2.516s] -- Up-to-date: /home/xytron/xycar_ws/install/yolo_msgs/include/yolo_msgs/yolo_msgs/msg/detail/pose2_d__struct.h
[2.516s] -- Up-to-date: /home/xytron/xycar_ws/install/yolo_msgs/include/yolo_msgs/yolo_msgs/msg/detail/key_point2_d__type_support.h
[2.516s] -- Up-to-date: /home/xytron/xycar_ws/install/yolo_msgs/include/yolo_msgs/yolo_msgs/msg/detail/detection_array__type_support.h
[2.516s] -- Up-to-date: /home/xytron/xycar_ws/install/yolo_msgs/include/yolo_msgs/yolo_msgs/msg/detail/bounding_box2_d__type_support.h
[2.516s] -- Up-to-date: /home/xytron/xycar_ws/install/yolo_msgs/include/yolo_msgs/yolo_msgs/msg/detail/point2_d__type_support.h
[2.516s] -- Up-to-date: /home/xytron/xycar_ws/install/yolo_msgs/include/yolo_msgs/yolo_msgs/msg/detail/key_point2_d__functions.c
[2.516s] -- Up-to-date: /home/xytron/xycar_ws/install/yolo_msgs/include/yolo_msgs/yolo_msgs/msg/detail/vector2__type_support.h
[2.517s] -- Up-to-date: /home/xytron/xycar_ws/install/yolo_msgs/include/yolo_msgs/yolo_msgs/msg/detail/key_point3_d_array__type_support.h
[2.517s] -- Up-to-date: /home/xytron/xycar_ws/install/yolo_msgs/include/yolo_msgs/yolo_msgs/msg/detail/point2_d__struct.h
[2.517s] -- Up-to-date: /home/xytron/xycar_ws/install/yolo_msgs/include/yolo_msgs/yolo_msgs/msg/detail/key_point2_d_array__functions.h
[2.517s] -- Up-to-date: /home/xytron/xycar_ws/install/yolo_msgs/include/yolo_msgs/yolo_msgs/msg/detail/detection__struct.h
[2.517s] -- Up-to-date: /home/xytron/xycar_ws/install/yolo_msgs/include/yolo_msgs/yolo_msgs/msg/detail/bounding_box3_d__functions.c
[2.517s] -- Up-to-date: /home/xytron/xycar_ws/install/yolo_msgs/include/yolo_msgs/yolo_msgs/msg/detail/bounding_box3_d__functions.h
[2.518s] -- Up-to-date: /home/xytron/xycar_ws/install/yolo_msgs/include/yolo_msgs/yolo_msgs/msg/detail/key_point2_d__functions.h
[2.518s] -- Up-to-date: /home/xytron/xycar_ws/install/yolo_msgs/include/yolo_msgs/yolo_msgs/msg/detail/key_point3_d_array__struct.h
[2.518s] -- Up-to-date: /home/xytron/xycar_ws/install/yolo_msgs/include/yolo_msgs/yolo_msgs/msg/detail/mask__functions.c
[2.518s] -- Up-to-date: /home/xytron/xycar_ws/install/yolo_msgs/include/yolo_msgs/yolo_msgs/msg/detail/bounding_box3_d__type_support.h
[2.518s] -- Up-to-date: /home/xytron/xycar_ws/install/yolo_msgs/include/yolo_msgs/yolo_msgs/msg/detail/bounding_box2_d__functions.h
[2.518s] -- Up-to-date: /home/xytron/xycar_ws/install/yolo_msgs/include/yolo_msgs/yolo_msgs/msg/detail/detection_array__functions.h
[2.518s] -- Up-to-date: /home/xytron/xycar_ws/install/yolo_msgs/include/yolo_msgs/yolo_msgs/msg/detail/key_point3_d__struct.h
[2.518s] -- Up-to-date: /home/xytron/xycar_ws/install/yolo_msgs/include/yolo_msgs/yolo_msgs/msg/detail/key_point2_d_array__functions.c
[2.518s] -- Up-to-date: /home/xytron/xycar_ws/install/yolo_msgs/include/yolo_msgs/yolo_msgs/msg/detail/detection_array__functions.c
[2.519s] -- Up-to-date: /home/xytron/xycar_ws/install/yolo_msgs/include/yolo_msgs/yolo_msgs/msg/detail/bounding_box2_d__functions.c
[2.519s] -- Up-to-date: /home/xytron/xycar_ws/install/yolo_msgs/include/yolo_msgs/yolo_msgs/msg/detail/pose2_d__functions.c
[2.519s] -- Up-to-date: /home/xytron/xycar_ws/install/yolo_msgs/include/yolo_msgs/yolo_msgs/msg/detail/mask__functions.h
[2.519s] -- Up-to-date: /home/xytron/xycar_ws/install/yolo_msgs/include/yolo_msgs/yolo_msgs/msg/detail/point2_d__functions.c
[2.519s] -- Up-to-date: /home/xytron/xycar_ws/install/yolo_msgs/include/yolo_msgs/yolo_msgs/msg/detail/detection__type_support.h
[2.519s] -- Up-to-date: /home/xytron/xycar_ws/install/yolo_msgs/include/yolo_msgs/yolo_msgs/msg/detail/key_point3_d__type_support.h
[2.520s] -- Up-to-date: /home/xytron/xycar_ws/install/yolo_msgs/include/yolo_msgs/yolo_msgs/msg/detail/mask__type_support.h
[2.520s] -- Up-to-date: /home/xytron/xycar_ws/install/yolo_msgs/include/yolo_msgs/yolo_msgs/msg/detail/pose2_d__functions.h
[2.520s] -- Up-to-date: /home/xytron/xycar_ws/install/yolo_msgs/include/yolo_msgs/yolo_msgs/msg/detail/vector2__functions.h
[2.522s] -- Up-to-date: /home/xytron/xycar_ws/install/yolo_msgs/include/yolo_msgs/yolo_msgs/msg/detail/key_point3_d__functions.h
[2.522s] -- Up-to-date: /home/xytron/xycar_ws/install/yolo_msgs/include/yolo_msgs/yolo_msgs/msg/detail/bounding_box2_d__struct.h
[2.522s] -- Up-to-date: /home/xytron/xycar_ws/install/yolo_msgs/include/yolo_msgs/yolo_msgs/msg/detail/key_point3_d_array__functions.c
[2.522s] -- Up-to-date: /home/xytron/xycar_ws/install/yolo_msgs/include/yolo_msgs/yolo_msgs/msg/detail/key_point3_d__functions.c
[2.522s] -- Up-to-date: /home/xytron/xycar_ws/install/yolo_msgs/include/yolo_msgs/yolo_msgs/msg/detail/key_point2_d_array__type_support.h
[2.522s] -- Up-to-date: /home/xytron/xycar_ws/install/yolo_msgs/include/yolo_msgs/yolo_msgs/msg/detail/detection_array__struct.h
[2.523s] -- Up-to-date: /home/xytron/xycar_ws/install/yolo_msgs/include/yolo_msgs/yolo_msgs/msg/detail/key_point3_d_array__functions.h
[2.523s] -- Up-to-date: /home/xytron/xycar_ws/install/yolo_msgs/include/yolo_msgs/yolo_msgs/msg/detail/mask__struct.h
[2.523s] -- Up-to-date: /home/xytron/xycar_ws/install/yolo_msgs/include/yolo_msgs/yolo_msgs/msg/detail/key_point2_d_array__struct.h
[2.524s] -- Up-to-date: /home/xytron/xycar_ws/install/yolo_msgs/include/yolo_msgs/yolo_msgs/msg/point2_d.h
[2.524s] -- Up-to-date: /home/xytron/xycar_ws/install/yolo_msgs/share/yolo_msgs/environment/library_path.sh
[2.525s] -- Up-to-date: /home/xytron/xycar_ws/install/yolo_msgs/share/yolo_msgs/environment/library_path.dsv
[2.525s] -- Up-to-date: /home/xytron/xycar_ws/install/yolo_msgs/lib/libyolo_msgs__rosidl_generator_c.so
[2.526s] -- Up-to-date: /home/xytron/xycar_ws/install/yolo_msgs/include/yolo_msgs/yolo_msgs
[2.527s] -- Up-to-date: /home/xytron/xycar_ws/install/yolo_msgs/include/yolo_msgs/yolo_msgs/srv
[2.528s] -- Up-to-date: /home/xytron/xycar_ws/install/yolo_msgs/include/yolo_msgs/yolo_msgs/srv/detail
[2.530s] -- Up-to-date: /home/xytron/xycar_ws/install/yolo_msgs/include/yolo_msgs/yolo_msgs/srv/detail/set_classes__rosidl_typesupport_fastrtps_c.h
[2.532s] -- Up-to-date: /home/xytron/xycar_ws/install/yolo_msgs/include/yolo_msgs/yolo_msgs/msg
[2.533s] -- Up-to-date: /home/xytron/xycar_ws/install/yolo_msgs/include/yolo_msgs/yolo_msgs/msg/rosidl_typesupport_fastrtps_c__visibility_control.h
[2.534s] -- Up-to-date: /home/xytron/xycar_ws/install/yolo_msgs/include/yolo_msgs/yolo_msgs/msg/detail
[2.535s] -- Up-to-date: /home/xytron/xycar_ws/install/yolo_msgs/include/yolo_msgs/yolo_msgs/msg/detail/mask__rosidl_typesupport_fastrtps_c.h
[2.535s] -- Up-to-date: /home/xytron/xycar_ws/install/yolo_msgs/include/yolo_msgs/yolo_msgs/msg/detail/key_point2_d_array__rosidl_typesupport_fastrtps_c.h
[2.536s] -- Up-to-date: /home/xytron/xycar_ws/install/yolo_msgs/include/yolo_msgs/yolo_msgs/msg/detail/vector2__rosidl_typesupport_fastrtps_c.h
[2.536s] -- Up-to-date: /home/xytron/xycar_ws/install/yolo_msgs/include/yolo_msgs/yolo_msgs/msg/detail/key_point3_d__rosidl_typesupport_fastrtps_c.h
[2.537s] -- Up-to-date: /home/xytron/xycar_ws/install/yolo_msgs/include/yolo_msgs/yolo_msgs/msg/detail/detection_array__rosidl_typesupport_fastrtps_c.h
[2.537s] -- Up-to-date: /home/xytron/xycar_ws/install/yolo_msgs/include/yolo_msgs/yolo_msgs/msg/detail/detection__rosidl_typesupport_fastrtps_c.h
[2.537s] -- Up-to-date: /home/xytron/xycar_ws/install/yolo_msgs/include/yolo_msgs/yolo_msgs/msg/detail/bounding_box2_d__rosidl_typesupport_fastrtps_c.h
[2.538s] -- Up-to-date: /home/xytron/xycar_ws/install/yolo_msgs/include/yolo_msgs/yolo_msgs/msg/detail/key_point2_d__rosidl_typesupport_fastrtps_c.h
[2.538s] -- Up-to-date: /home/xytron/xycar_ws/install/yolo_msgs/include/yolo_msgs/yolo_msgs/msg/detail/pose2_d__rosidl_typesupport_fastrtps_c.h
[2.538s] -- Up-to-date: /home/xytron/xycar_ws/install/yolo_msgs/include/yolo_msgs/yolo_msgs/msg/detail/key_point3_d_array__rosidl_typesupport_fastrtps_c.h
[2.538s] -- Up-to-date: /home/xytron/xycar_ws/install/yolo_msgs/include/yolo_msgs/yolo_msgs/msg/detail/bounding_box3_d__rosidl_typesupport_fastrtps_c.h
[2.539s] -- Up-to-date: /home/xytron/xycar_ws/install/yolo_msgs/include/yolo_msgs/yolo_msgs/msg/detail/point2_d__rosidl_typesupport_fastrtps_c.h
[2.539s] -- Up-to-date: /home/xytron/xycar_ws/install/yolo_msgs/lib/libyolo_msgs__rosidl_typesupport_fastrtps_c.so
[2.539s] -- Up-to-date: /home/xytron/xycar_ws/install/yolo_msgs/include/yolo_msgs/yolo_msgs
[2.540s] -- Up-to-date: /home/xytron/xycar_ws/install/yolo_msgs/include/yolo_msgs/yolo_msgs/srv
[2.540s] -- Up-to-date: /home/xytron/xycar_ws/install/yolo_msgs/include/yolo_msgs/yolo_msgs/srv/detail
[2.540s] -- Up-to-date: /home/xytron/xycar_ws/install/yolo_msgs/include/yolo_msgs/yolo_msgs/srv/detail/set_classes__type_support.c
[2.541s] -- Up-to-date: /home/xytron/xycar_ws/install/yolo_msgs/include/yolo_msgs/yolo_msgs/srv/detail/set_classes__rosidl_typesupport_introspection_c.h
[2.541s] -- Up-to-date: /home/xytron/xycar_ws/install/yolo_msgs/include/yolo_msgs/yolo_msgs/msg
[2.541s] -- Up-to-date: /home/xytron/xycar_ws/install/yolo_msgs/include/yolo_msgs/yolo_msgs/msg/rosidl_typesupport_introspection_c__visibility_control.h
[2.541s] -- Up-to-date: /home/xytron/xycar_ws/install/yolo_msgs/include/yolo_msgs/yolo_msgs/msg/detail
[2.542s] -- Up-to-date: /home/xytron/xycar_ws/install/yolo_msgs/include/yolo_msgs/yolo_msgs/msg/detail/bounding_box2_d__rosidl_typesupport_introspection_c.h
[2.542s] -- Up-to-date: /home/xytron/xycar_ws/install/yolo_msgs/include/yolo_msgs/yolo_msgs/msg/detail/bounding_box3_d__type_support.c
[2.542s] -- Up-to-date: /home/xytron/xycar_ws/install/yolo_msgs/include/yolo_msgs/yolo_msgs/msg/detail/key_point3_d__type_support.c
[2.544s] -- Up-to-date: /home/xytron/xycar_ws/install/yolo_msgs/include/yolo_msgs/yolo_msgs/msg/detail/key_point2_d__rosidl_typesupport_introspection_c.h
[2.544s] -- Up-to-date: /home/xytron/xycar_ws/install/yolo_msgs/include/yolo_msgs/yolo_msgs/msg/detail/key_point2_d__type_support.c
[2.544s] -- Up-to-date: /home/xytron/xycar_ws/install/yolo_msgs/include/yolo_msgs/yolo_msgs/msg/detail/bounding_box2_d__type_support.c
[2.545s] -- Up-to-date: /home/xytron/xycar_ws/install/yolo_msgs/include/yolo_msgs/yolo_msgs/msg/detail/pose2_d__rosidl_typesupport_introspection_c.h
[2.545s] -- Up-to-date: /home/xytron/xycar_ws/install/yolo_msgs/include/yolo_msgs/yolo_msgs/msg/detail/vector2__type_support.c
[2.545s] -- Up-to-date: /home/xytron/xycar_ws/install/yolo_msgs/include/yolo_msgs/yolo_msgs/msg/detail/key_point2_d_array__type_support.c
[2.545s] -- Up-to-date: /home/xytron/xycar_ws/install/yolo_msgs/include/yolo_msgs/yolo_msgs/msg/detail/bounding_box3_d__rosidl_typesupport_introspection_c.h
[2.545s] -- Up-to-date: /home/xytron/xycar_ws/install/yolo_msgs/include/yolo_msgs/yolo_msgs/msg/detail/point2_d__type_support.c
[2.545s] -- Up-to-date: /home/xytron/xycar_ws/install/yolo_msgs/include/yolo_msgs/yolo_msgs/msg/detail/mask__type_support.c
[2.545s] -- Up-to-date: /home/xytron/xycar_ws/install/yolo_msgs/include/yolo_msgs/yolo_msgs/msg/detail/detection__type_support.c
[2.546s] -- Up-to-date: /home/xytron/xycar_ws/install/yolo_msgs/include/yolo_msgs/yolo_msgs/msg/detail/key_point3_d__rosidl_typesupport_introspection_c.h
[2.546s] -- Up-to-date: /home/xytron/xycar_ws/install/yolo_msgs/include/yolo_msgs/yolo_msgs/msg/detail/detection_array__rosidl_typesupport_introspection_c.h
[2.546s] -- Up-to-date: /home/xytron/xycar_ws/install/yolo_msgs/include/yolo_msgs/yolo_msgs/msg/detail/key_point2_d_array__rosidl_typesupport_introspection_c.h
[2.546s] -- Up-to-date: /home/xytron/xycar_ws/install/yolo_msgs/include/yolo_msgs/yolo_msgs/msg/detail/point2_d__rosidl_typesupport_introspection_c.h
[2.546s] -- Up-to-date: /home/xytron/xycar_ws/install/yolo_msgs/include/yolo_msgs/yolo_msgs/msg/detail/vector2__rosidl_typesupport_introspection_c.h
[2.546s] -- Up-to-date: /home/xytron/xycar_ws/install/yolo_msgs/include/yolo_msgs/yolo_msgs/msg/detail/key_point3_d_array__rosidl_typesupport_introspection_c.h
[2.546s] -- Up-to-date: /home/xytron/xycar_ws/install/yolo_msgs/include/yolo_msgs/yolo_msgs/msg/detail/detection__rosidl_typesupport_introspection_c.h
[2.546s] -- Up-to-date: /home/xytron/xycar_ws/install/yolo_msgs/include/yolo_msgs/yolo_msgs/msg/detail/key_point3_d_array__type_support.c
[2.547s] -- Up-to-date: /home/xytron/xycar_ws/install/yolo_msgs/include/yolo_msgs/yolo_msgs/msg/detail/pose2_d__type_support.c
[2.547s] -- Up-to-date: /home/xytron/xycar_ws/install/yolo_msgs/include/yolo_msgs/yolo_msgs/msg/detail/detection_array__type_support.c
[2.547s] -- Up-to-date: /home/xytron/xycar_ws/install/yolo_msgs/include/yolo_msgs/yolo_msgs/msg/detail/mask__rosidl_typesupport_introspection_c.h
[2.547s] -- Up-to-date: /home/xytron/xycar_ws/install/yolo_msgs/lib/libyolo_msgs__rosidl_typesupport_introspection_c.so
[2.547s] -- Up-to-date: /home/xytron/xycar_ws/install/yolo_msgs/lib/libyolo_msgs__rosidl_typesupport_c.so
[2.547s] -- Up-to-date: /home/xytron/xycar_ws/install/yolo_msgs/include/yolo_msgs/yolo_msgs
[2.547s] -- Up-to-date: /home/xytron/xycar_ws/install/yolo_msgs/include/yolo_msgs/yolo_msgs/srv
[2.548s] -- Up-to-date: /home/xytron/xycar_ws/install/yolo_msgs/include/yolo_msgs/yolo_msgs/srv/set_classes.hpp
[2.548s] -- Up-to-date: /home/xytron/xycar_ws/install/yolo_msgs/include/yolo_msgs/yolo_msgs/srv/detail
[2.548s] -- Up-to-date: /home/xytron/xycar_ws/install/yolo_msgs/include/yolo_msgs/yolo_msgs/srv/detail/set_classes__builder.hpp
[2.548s] -- Up-to-date: /home/xytron/xycar_ws/install/yolo_msgs/include/yolo_msgs/yolo_msgs/srv/detail/set_classes__traits.hpp
[2.548s] -- Up-to-date: /home/xytron/xycar_ws/install/yolo_msgs/include/yolo_msgs/yolo_msgs/srv/detail/set_classes__type_support.hpp
[2.548s] -- Up-to-date: /home/xytron/xycar_ws/install/yolo_msgs/include/yolo_msgs/yolo_msgs/srv/detail/set_classes__struct.hpp
[2.548s] -- Up-to-date: /home/xytron/xycar_ws/install/yolo_msgs/include/yolo_msgs/yolo_msgs/msg
[2.548s] -- Up-to-date: /home/xytron/xycar_ws/install/yolo_msgs/include/yolo_msgs/yolo_msgs/msg/detection_array.hpp
[2.548s] -- Up-to-date: /home/xytron/xycar_ws/install/yolo_msgs/include/yolo_msgs/yolo_msgs/msg/bounding_box2_d.hpp
[2.549s] -- Up-to-date: /home/xytron/xycar_ws/install/yolo_msgs/include/yolo_msgs/yolo_msgs/msg/detection.hpp
[2.549s] -- Up-to-date: /home/xytron/xycar_ws/install/yolo_msgs/include/yolo_msgs/yolo_msgs/msg/bounding_box3_d.hpp
[2.549s] -- Up-to-date: /home/xytron/xycar_ws/install/yolo_msgs/include/yolo_msgs/yolo_msgs/msg/key_point3_d_array.hpp
[2.549s] -- Up-to-date: /home/xytron/xycar_ws/install/yolo_msgs/include/yolo_msgs/yolo_msgs/msg/key_point3_d.hpp
[2.549s] -- Up-to-date: /home/xytron/xycar_ws/install/yolo_msgs/include/yolo_msgs/yolo_msgs/msg/point2_d.hpp
[2.549s] -- Up-to-date: /home/xytron/xycar_ws/install/yolo_msgs/include/yolo_msgs/yolo_msgs/msg/mask.hpp
[2.549s] -- Up-to-date: /home/xytron/xycar_ws/install/yolo_msgs/include/yolo_msgs/yolo_msgs/msg/key_point2_d.hpp
[2.549s] -- Up-to-date: /home/xytron/xycar_ws/install/yolo_msgs/include/yolo_msgs/yolo_msgs/msg/vector2.hpp
[2.549s] -- Up-to-date: /home/xytron/xycar_ws/install/yolo_msgs/include/yolo_msgs/yolo_msgs/msg/pose2_d.hpp
[2.550s] -- Up-to-date: /home/xytron/xycar_ws/install/yolo_msgs/include/yolo_msgs/yolo_msgs/msg/rosidl_generator_cpp__visibility_control.hpp
[2.550s] -- Up-to-date: /home/xytron/xycar_ws/install/yolo_msgs/include/yolo_msgs/yolo_msgs/msg/key_point2_d_array.hpp
[2.550s] -- Up-to-date: /home/xytron/xycar_ws/install/yolo_msgs/include/yolo_msgs/yolo_msgs/msg/detail
[2.550s] -- Up-to-date: /home/xytron/xycar_ws/install/yolo_msgs/include/yolo_msgs/yolo_msgs/msg/detail/key_point2_d_array__traits.hpp
[2.550s] -- Up-to-date: /home/xytron/xycar_ws/install/yolo_msgs/include/yolo_msgs/yolo_msgs/msg/detail/bounding_box2_d__struct.hpp
[2.550s] -- Up-to-date: /home/xytron/xycar_ws/install/yolo_msgs/include/yolo_msgs/yolo_msgs/msg/detail/key_point3_d__builder.hpp
[2.551s] -- Up-to-date: /home/xytron/xycar_ws/install/yolo_msgs/include/yolo_msgs/yolo_msgs/msg/detail/bounding_box3_d__builder.hpp
[2.551s] -- Up-to-date: /home/xytron/xycar_ws/install/yolo_msgs/include/yolo_msgs/yolo_msgs/msg/detail/key_point3_d__type_support.hpp
[2.551s] -- Up-to-date: /home/xytron/xycar_ws/install/yolo_msgs/include/yolo_msgs/yolo_msgs/msg/detail/bounding_box2_d__type_support.hpp
[2.551s] -- Up-to-date: /home/xytron/xycar_ws/install/yolo_msgs/include/yolo_msgs/yolo_msgs/msg/detail/key_point2_d_array__builder.hpp
[2.551s] -- Up-to-date: /home/xytron/xycar_ws/install/yolo_msgs/include/yolo_msgs/yolo_msgs/msg/detail/bounding_box3_d__type_support.hpp
[2.551s] -- Up-to-date: /home/xytron/xycar_ws/install/yolo_msgs/include/yolo_msgs/yolo_msgs/msg/detail/key_point3_d_array__type_support.hpp
[2.551s] -- Up-to-date: /home/xytron/xycar_ws/install/yolo_msgs/include/yolo_msgs/yolo_msgs/msg/detail/mask__struct.hpp
[2.551s] -- Up-to-date: /home/xytron/xycar_ws/install/yolo_msgs/include/yolo_msgs/yolo_msgs/msg/detail/detection_array__traits.hpp
[2.551s] -- Up-to-date: /home/xytron/xycar_ws/install/yolo_msgs/include/yolo_msgs/yolo_msgs/msg/detail/bounding_box3_d__struct.hpp
[2.551s] -- Up-to-date: /home/xytron/xycar_ws/install/yolo_msgs/include/yolo_msgs/yolo_msgs/msg/detail/key_point3_d_array__builder.hpp
[2.552s] -- Up-to-date: /home/xytron/xycar_ws/install/yolo_msgs/include/yolo_msgs/yolo_msgs/msg/detail/detection_array__struct.hpp
[2.552s] -- Up-to-date: /home/xytron/xycar_ws/install/yolo_msgs/include/yolo_msgs/yolo_msgs/msg/detail/key_point3_d__struct.hpp
[2.552s] -- Up-to-date: /home/xytron/xycar_ws/install/yolo_msgs/include/yolo_msgs/yolo_msgs/msg/detail/pose2_d__traits.hpp
[2.552s] -- Up-to-date: /home/xytron/xycar_ws/install/yolo_msgs/include/yolo_msgs/yolo_msgs/msg/detail/mask__builder.hpp
[2.552s] -- Up-to-date: /home/xytron/xycar_ws/install/yolo_msgs/include/yolo_msgs/yolo_msgs/msg/detail/key_point3_d__traits.hpp
[2.552s] -- Up-to-date: /home/xytron/xycar_ws/install/yolo_msgs/include/yolo_msgs/yolo_msgs/msg/detail/point2_d__type_support.hpp
[2.552s] -- Up-to-date: /home/xytron/xycar_ws/install/yolo_msgs/include/yolo_msgs/yolo_msgs/msg/detail/detection__builder.hpp
[2.552s] -- Up-to-date: /home/xytron/xycar_ws/install/yolo_msgs/include/yolo_msgs/yolo_msgs/msg/detail/point2_d__traits.hpp
[2.552s] -- Up-to-date: /home/xytron/xycar_ws/install/yolo_msgs/include/yolo_msgs/yolo_msgs/msg/detail/point2_d__struct.hpp
[2.552s] -- Up-to-date: /home/xytron/xycar_ws/install/yolo_msgs/include/yolo_msgs/yolo_msgs/msg/detail/detection_array__type_support.hpp
[2.552s] -- Up-to-date: /home/xytron/xycar_ws/install/yolo_msgs/include/yolo_msgs/yolo_msgs/msg/detail/key_point2_d__type_support.hpp
[2.553s] -- Up-to-date: /home/xytron/xycar_ws/install/yolo_msgs/include/yolo_msgs/yolo_msgs/msg/detail/vector2__struct.hpp
[2.553s] -- Up-to-date: /home/xytron/xycar_ws/install/yolo_msgs/include/yolo_msgs/yolo_msgs/msg/detail/detection__type_support.hpp
[2.553s] -- Up-to-date: /home/xytron/xycar_ws/install/yolo_msgs/include/yolo_msgs/yolo_msgs/msg/detail/bounding_box2_d__builder.hpp
[2.553s] -- Up-to-date: /home/xytron/xycar_ws/install/yolo_msgs/include/yolo_msgs/yolo_msgs/msg/detail/pose2_d__builder.hpp
[2.553s] -- Up-to-date: /home/xytron/xycar_ws/install/yolo_msgs/include/yolo_msgs/yolo_msgs/msg/detail/key_point3_d_array__struct.hpp
[2.553s] -- Up-to-date: /home/xytron/xycar_ws/install/yolo_msgs/include/yolo_msgs/yolo_msgs/msg/detail/bounding_box2_d__traits.hpp
[2.553s] -- Up-to-date: /home/xytron/xycar_ws/install/yolo_msgs/include/yolo_msgs/yolo_msgs/msg/detail/detection_array__builder.hpp
[2.553s] -- Up-to-date: /home/xytron/xycar_ws/install/yolo_msgs/include/yolo_msgs/yolo_msgs/msg/detail/pose2_d__struct.hpp
[2.553s] -- Up-to-date: /home/xytron/xycar_ws/install/yolo_msgs/include/yolo_msgs/yolo_msgs/msg/detail/key_point2_d__traits.hpp
[2.553s] -- Up-to-date: /home/xytron/xycar_ws/install/yolo_msgs/include/yolo_msgs/yolo_msgs/msg/detail/mask__traits.hpp
[2.553s] -- Up-to-date: /home/xytron/xycar_ws/install/yolo_msgs/include/yolo_msgs/yolo_msgs/msg/detail/mask__type_support.hpp
[2.553s] -- Up-to-date: /home/xytron/xycar_ws/install/yolo_msgs/include/yolo_msgs/yolo_msgs/msg/detail/pose2_d__type_support.hpp
[2.554s] -- Up-to-date: /home/xytron/xycar_ws/install/yolo_msgs/include/yolo_msgs/yolo_msgs/msg/detail/detection__struct.hpp
[2.554s] -- Up-to-date: /home/xytron/xycar_ws/install/yolo_msgs/include/yolo_msgs/yolo_msgs/msg/detail/key_point2_d__struct.hpp
[2.554s] -- Up-to-date: /home/xytron/xycar_ws/install/yolo_msgs/include/yolo_msgs/yolo_msgs/msg/detail/key_point3_d_array__traits.hpp
[2.554s] -- Up-to-date: /home/xytron/xycar_ws/install/yolo_msgs/include/yolo_msgs/yolo_msgs/msg/detail/point2_d__builder.hpp
[2.554s] -- Up-to-date: /home/xytron/xycar_ws/install/yolo_msgs/include/yolo_msgs/yolo_msgs/msg/detail/vector2__builder.hpp
[2.554s] -- Up-to-date: /home/xytron/xycar_ws/install/yolo_msgs/include/yolo_msgs/yolo_msgs/msg/detail/vector2__traits.hpp
[2.554s] -- Up-to-date: /home/xytron/xycar_ws/install/yolo_msgs/include/yolo_msgs/yolo_msgs/msg/detail/detection__traits.hpp
[2.554s] -- Up-to-date: /home/xytron/xycar_ws/install/yolo_msgs/include/yolo_msgs/yolo_msgs/msg/detail/key_point2_d_array__struct.hpp
[2.554s] -- Up-to-date: /home/xytron/xycar_ws/install/yolo_msgs/include/yolo_msgs/yolo_msgs/msg/detail/vector2__type_support.hpp
[2.554s] -- Up-to-date: /home/xytron/xycar_ws/install/yolo_msgs/include/yolo_msgs/yolo_msgs/msg/detail/bounding_box3_d__traits.hpp
[2.554s] -- Up-to-date: /home/xytron/xycar_ws/install/yolo_msgs/include/yolo_msgs/yolo_msgs/msg/detail/key_point2_d__builder.hpp
[2.554s] -- Up-to-date: /home/xytron/xycar_ws/install/yolo_msgs/include/yolo_msgs/yolo_msgs/msg/detail/key_point2_d_array__type_support.hpp
[2.555s] -- Up-to-date: /home/xytron/xycar_ws/install/yolo_msgs/include/yolo_msgs/yolo_msgs
[2.555s] -- Up-to-date: /home/xytron/xycar_ws/install/yolo_msgs/include/yolo_msgs/yolo_msgs/srv
[2.555s] -- Up-to-date: /home/xytron/xycar_ws/install/yolo_msgs/include/yolo_msgs/yolo_msgs/srv/detail
[2.555s] -- Up-to-date: /home/xytron/xycar_ws/install/yolo_msgs/include/yolo_msgs/yolo_msgs/srv/detail/dds_fastrtps
[2.555s] -- Up-to-date: /home/xytron/xycar_ws/install/yolo_msgs/include/yolo_msgs/yolo_msgs/srv/detail/set_classes__rosidl_typesupport_fastrtps_cpp.hpp
[2.555s] -- Up-to-date: /home/xytron/xycar_ws/install/yolo_msgs/include/yolo_msgs/yolo_msgs/msg
[2.555s] -- Up-to-date: /home/xytron/xycar_ws/install/yolo_msgs/include/yolo_msgs/yolo_msgs/msg/rosidl_typesupport_fastrtps_cpp__visibility_control.h
[2.555s] -- Up-to-date: /home/xytron/xycar_ws/install/yolo_msgs/include/yolo_msgs/yolo_msgs/msg/detail
[2.555s] -- Up-to-date: /home/xytron/xycar_ws/install/yolo_msgs/include/yolo_msgs/yolo_msgs/msg/detail/detection__rosidl_typesupport_fastrtps_cpp.hpp
[2.556s] -- Up-to-date: /home/xytron/xycar_ws/install/yolo_msgs/include/yolo_msgs/yolo_msgs/msg/detail/bounding_box2_d__rosidl_typesupport_fastrtps_cpp.hpp
[2.557s] -- Up-to-date: /home/xytron/xycar_ws/install/yolo_msgs/include/yolo_msgs/yolo_msgs/msg/detail/detection_array__rosidl_typesupport_fastrtps_cpp.hpp
[2.557s] -- Up-to-date: /home/xytron/xycar_ws/install/yolo_msgs/include/yolo_msgs/yolo_msgs/msg/detail/key_point3_d_array__rosidl_typesupport_fastrtps_cpp.hpp
[2.557s] -- Up-to-date: /home/xytron/xycar_ws/install/yolo_msgs/include/yolo_msgs/yolo_msgs/msg/detail/key_point2_d__rosidl_typesupport_fastrtps_cpp.hpp
[2.557s] -- Up-to-date: /home/xytron/xycar_ws/install/yolo_msgs/include/yolo_msgs/yolo_msgs/msg/detail/key_point3_d__rosidl_typesupport_fastrtps_cpp.hpp
[2.557s] -- Up-to-date: /home/xytron/xycar_ws/install/yolo_msgs/include/yolo_msgs/yolo_msgs/msg/detail/mask__rosidl_typesupport_fastrtps_cpp.hpp
[2.557s] -- Up-to-date: /home/xytron/xycar_ws/install/yolo_msgs/include/yolo_msgs/yolo_msgs/msg/detail/point2_d__rosidl_typesupport_fastrtps_cpp.hpp
[2.557s] -- Up-to-date: /home/xytron/xycar_ws/install/yolo_msgs/include/yolo_msgs/yolo_msgs/msg/detail/pose2_d__rosidl_typesupport_fastrtps_cpp.hpp
[2.558s] -- Up-to-date: /home/xytron/xycar_ws/install/yolo_msgs/include/yolo_msgs/yolo_msgs/msg/detail/dds_fastrtps
[2.558s] -- Up-to-date: /home/xytron/xycar_ws/install/yolo_msgs/include/yolo_msgs/yolo_msgs/msg/detail/vector2__rosidl_typesupport_fastrtps_cpp.hpp
[2.558s] -- Up-to-date: /home/xytron/xycar_ws/install/yolo_msgs/include/yolo_msgs/yolo_msgs/msg/detail/bounding_box3_d__rosidl_typesupport_fastrtps_cpp.hpp
[2.558s] -- Up-to-date: /home/xytron/xycar_ws/install/yolo_msgs/include/yolo_msgs/yolo_msgs/msg/detail/key_point2_d_array__rosidl_typesupport_fastrtps_cpp.hpp
[2.558s] -- Up-to-date: /home/xytron/xycar_ws/install/yolo_msgs/lib/libyolo_msgs__rosidl_typesupport_fastrtps_cpp.so
[2.559s] -- Up-to-date: /home/xytron/xycar_ws/install/yolo_msgs/include/yolo_msgs/yolo_msgs
[2.559s] -- Up-to-date: /home/xytron/xycar_ws/install/yolo_msgs/include/yolo_msgs/yolo_msgs/srv
[2.559s] -- Up-to-date: /home/xytron/xycar_ws/install/yolo_msgs/include/yolo_msgs/yolo_msgs/srv/detail
[2.559s] -- Up-to-date: /home/xytron/xycar_ws/install/yolo_msgs/include/yolo_msgs/yolo_msgs/srv/detail/set_classes__type_support.cpp
[2.559s] -- Up-to-date: /home/xytron/xycar_ws/install/yolo_msgs/include/yolo_msgs/yolo_msgs/srv/detail/set_classes__rosidl_typesupport_introspection_cpp.hpp
[2.559s] -- Up-to-date: /home/xytron/xycar_ws/install/yolo_msgs/include/yolo_msgs/yolo_msgs/msg
[2.560s] -- Up-to-date: /home/xytron/xycar_ws/install/yolo_msgs/include/yolo_msgs/yolo_msgs/msg/detail
[2.560s] -- Up-to-date: /home/xytron/xycar_ws/install/yolo_msgs/include/yolo_msgs/yolo_msgs/msg/detail/detection_array__rosidl_typesupport_introspection_cpp.hpp
[2.560s] -- Up-to-date: /home/xytron/xycar_ws/install/yolo_msgs/include/yolo_msgs/yolo_msgs/msg/detail/vector2__type_support.cpp
[2.560s] -- Up-to-date: /home/xytron/xycar_ws/install/yolo_msgs/include/yolo_msgs/yolo_msgs/msg/detail/bounding_box3_d__rosidl_typesupport_introspection_cpp.hpp
[2.560s] -- Up-to-date: /home/xytron/xycar_ws/install/yolo_msgs/include/yolo_msgs/yolo_msgs/msg/detail/key_point2_d_array__type_support.cpp
[2.560s] -- Up-to-date: /home/xytron/xycar_ws/install/yolo_msgs/include/yolo_msgs/yolo_msgs/msg/detail/key_point2_d__type_support.cpp
[2.560s] -- Up-to-date: /home/xytron/xycar_ws/install/yolo_msgs/include/yolo_msgs/yolo_msgs/msg/detail/bounding_box3_d__type_support.cpp
[2.561s] -- Up-to-date: /home/xytron/xycar_ws/install/yolo_msgs/include/yolo_msgs/yolo_msgs/msg/detail/detection_array__type_support.cpp
[2.561s] -- Up-to-date: /home/xytron/xycar_ws/install/yolo_msgs/include/yolo_msgs/yolo_msgs/msg/detail/pose2_d__type_support.cpp
[2.564s] -- Up-to-date: /home/xytron/xycar_ws/install/yolo_msgs/include/yolo_msgs/yolo_msgs/msg/detail/key_point2_d__rosidl_typesupport_introspection_cpp.hpp
[2.565s] -- Up-to-date: /home/xytron/xycar_ws/install/yolo_msgs/include/yolo_msgs/yolo_msgs/msg/detail/vector2__rosidl_typesupport_introspection_cpp.hpp
[2.568s] -- Up-to-date: /home/xytron/xycar_ws/install/yolo_msgs/include/yolo_msgs/yolo_msgs/msg/detail/mask__rosidl_typesupport_introspection_cpp.hpp
[2.570s] -- Up-to-date: /home/xytron/xycar_ws/install/yolo_msgs/include/yolo_msgs/yolo_msgs/msg/detail/key_point3_d__rosidl_typesupport_introspection_cpp.hpp
[2.570s] -- Up-to-date: /home/xytron/xycar_ws/install/yolo_msgs/include/yolo_msgs/yolo_msgs/msg/detail/point2_d__type_support.cpp
[2.571s] -- Up-to-date: /home/xytron/xycar_ws/install/yolo_msgs/include/yolo_msgs/yolo_msgs/msg/detail/pose2_d__rosidl_typesupport_introspection_cpp.hpp
[2.571s] -- Up-to-date: /home/xytron/xycar_ws/install/yolo_msgs/include/yolo_msgs/yolo_msgs/msg/detail/key_point3_d__type_support.cpp
[2.572s] -- Up-to-date: /home/xytron/xycar_ws/install/yolo_msgs/include/yolo_msgs/yolo_msgs/msg/detail/point2_d__rosidl_typesupport_introspection_cpp.hpp
[2.572s] -- Up-to-date: /home/xytron/xycar_ws/install/yolo_msgs/include/yolo_msgs/yolo_msgs/msg/detail/mask__type_support.cpp
[2.573s] -- Up-to-date: /home/xytron/xycar_ws/install/yolo_msgs/include/yolo_msgs/yolo_msgs/msg/detail/key_point3_d_array__rosidl_typesupport_introspection_cpp.hpp
[2.573s] -- Up-to-date: /home/xytron/xycar_ws/install/yolo_msgs/include/yolo_msgs/yolo_msgs/msg/detail/bounding_box2_d__type_support.cpp
[2.573s] -- Up-to-date: /home/xytron/xycar_ws/install/yolo_msgs/include/yolo_msgs/yolo_msgs/msg/detail/key_point2_d_array__rosidl_typesupport_introspection_cpp.hpp
[2.573s] -- Up-to-date: /home/xytron/xycar_ws/install/yolo_msgs/include/yolo_msgs/yolo_msgs/msg/detail/detection__rosidl_typesupport_introspection_cpp.hpp
[2.574s] -- Up-to-date: /home/xytron/xycar_ws/install/yolo_msgs/include/yolo_msgs/yolo_msgs/msg/detail/detection__type_support.cpp
[2.574s] -- Up-to-date: /home/xytron/xycar_ws/install/yolo_msgs/include/yolo_msgs/yolo_msgs/msg/detail/key_point3_d_array__type_support.cpp
[2.574s] -- Up-to-date: /home/xytron/xycar_ws/install/yolo_msgs/include/yolo_msgs/yolo_msgs/msg/detail/bounding_box2_d__rosidl_typesupport_introspection_cpp.hpp
[2.576s] -- Up-to-date: /home/xytron/xycar_ws/install/yolo_msgs/lib/libyolo_msgs__rosidl_typesupport_introspection_cpp.so
[2.577s] -- Up-to-date: /home/xytron/xycar_ws/install/yolo_msgs/lib/libyolo_msgs__rosidl_typesupport_cpp.so
[2.577s] -- Up-to-date: /home/xytron/xycar_ws/install/yolo_msgs/share/yolo_msgs/environment/pythonpath.sh
[2.577s] -- Up-to-date: /home/xytron/xycar_ws/install/yolo_msgs/share/yolo_msgs/environment/pythonpath.dsv
[2.577s] -- Up-to-date: /home/xytron/xycar_ws/install/yolo_msgs/local/lib/python3.10/dist-packages/yolo_msgs-4.1.1-py3.10.egg-info
[2.578s] -- Installing: /home/xytron/xycar_ws/install/yolo_msgs/local/lib/python3.10/dist-packages/yolo_msgs-4.1.1-py3.10.egg-info/PKG-INFO
[2.578s] -- Installing: /home/xytron/xycar_ws/install/yolo_msgs/local/lib/python3.10/dist-packages/yolo_msgs-4.1.1-py3.10.egg-info/dependency_links.txt
[2.578s] -- Installing: /home/xytron/xycar_ws/install/yolo_msgs/local/lib/python3.10/dist-packages/yolo_msgs-4.1.1-py3.10.egg-info/top_level.txt
[2.578s] -- Installing: /home/xytron/xycar_ws/install/yolo_msgs/local/lib/python3.10/dist-packages/yolo_msgs-4.1.1-py3.10.egg-info/SOURCES.txt
[2.579s] -- Up-to-date: /home/xytron/xycar_ws/install/yolo_msgs/local/lib/python3.10/dist-packages/yolo_msgs
[2.579s] -- Up-to-date: /home/xytron/xycar_ws/install/yolo_msgs/local/lib/python3.10/dist-packages/yolo_msgs/__init__.py
[2.579s] -- Up-to-date: /home/xytron/xycar_ws/install/yolo_msgs/local/lib/python3.10/dist-packages/yolo_msgs/yolo_msgs_s__rosidl_typesupport_fastrtps_c.cpython-310-x86_64-linux-gnu.so
[2.579s] -- Up-to-date: /home/xytron/xycar_ws/install/yolo_msgs/local/lib/python3.10/dist-packages/yolo_msgs/_yolo_msgs_s.ep.rosidl_typesupport_c.c
[2.580s] -- Up-to-date: /home/xytron/xycar_ws/install/yolo_msgs/local/lib/python3.10/dist-packages/yolo_msgs/srv
[2.580s] -- Up-to-date: /home/xytron/xycar_ws/install/yolo_msgs/local/lib/python3.10/dist-packages/yolo_msgs/srv/__init__.py
[2.580s] -- Up-to-date: /home/xytron/xycar_ws/install/yolo_msgs/local/lib/python3.10/dist-packages/yolo_msgs/srv/_set_classes_s.c
[2.580s] -- Up-to-date: /home/xytron/xycar_ws/install/yolo_msgs/local/lib/python3.10/dist-packages/yolo_msgs/srv/_set_classes.py
[2.580s] -- Up-to-date: /home/xytron/xycar_ws/install/yolo_msgs/local/lib/python3.10/dist-packages/yolo_msgs/libyolo_msgs__rosidl_generator_py.so
[2.581s] -- Up-to-date: /home/xytron/xycar_ws/install/yolo_msgs/local/lib/python3.10/dist-packages/yolo_msgs/msg
[2.581s] -- Up-to-date: /home/xytron/xycar_ws/install/yolo_msgs/local/lib/python3.10/dist-packages/yolo_msgs/msg/_key_point3_d_array_s.c
[2.581s] -- Up-to-date: /home/xytron/xycar_ws/install/yolo_msgs/local/lib/python3.10/dist-packages/yolo_msgs/msg/_detection_array.py
[2.581s] -- Up-to-date: /home/xytron/xycar_ws/install/yolo_msgs/local/lib/python3.10/dist-packages/yolo_msgs/msg/__init__.py
[2.581s] -- Up-to-date: /home/xytron/xycar_ws/install/yolo_msgs/local/lib/python3.10/dist-packages/yolo_msgs/msg/_key_point2_d_array.py
[2.581s] -- Up-to-date: /home/xytron/xycar_ws/install/yolo_msgs/local/lib/python3.10/dist-packages/yolo_msgs/msg/_point2_d_s.c
[2.581s] -- Up-to-date: /home/xytron/xycar_ws/install/yolo_msgs/local/lib/python3.10/dist-packages/yolo_msgs/msg/_detection_array_s.c
[2.581s] -- Up-to-date: /home/xytron/xycar_ws/install/yolo_msgs/local/lib/python3.10/dist-packages/yolo_msgs/msg/_pose2_d.py
[2.581s] -- Up-to-date: /home/xytron/xycar_ws/install/yolo_msgs/local/lib/python3.10/dist-packages/yolo_msgs/msg/_mask_s.c
[2.582s] -- Up-to-date: /home/xytron/xycar_ws/install/yolo_msgs/local/lib/python3.10/dist-packages/yolo_msgs/msg/_bounding_box3_d.py
[2.582s] -- Up-to-date: /home/xytron/xycar_ws/install/yolo_msgs/local/lib/python3.10/dist-packages/yolo_msgs/msg/_key_point3_d_array.py
[2.582s] -- Up-to-date: /home/xytron/xycar_ws/install/yolo_msgs/local/lib/python3.10/dist-packages/yolo_msgs/msg/_pose2_d_s.c
[2.583s] -- Up-to-date: /home/xytron/xycar_ws/install/yolo_msgs/local/lib/python3.10/dist-packages/yolo_msgs/msg/_point2_d.py
[2.583s] -- Up-to-date: /home/xytron/xycar_ws/install/yolo_msgs/local/lib/python3.10/dist-packages/yolo_msgs/msg/_key_point3_d.py
[2.583s] -- Up-to-date: /home/xytron/xycar_ws/install/yolo_msgs/local/lib/python3.10/dist-packages/yolo_msgs/msg/_key_point2_d.py
[2.583s] -- Up-to-date: /home/xytron/xycar_ws/install/yolo_msgs/local/lib/python3.10/dist-packages/yolo_msgs/msg/_bounding_box3_d_s.c
[2.583s] -- Up-to-date: /home/xytron/xycar_ws/install/yolo_msgs/local/lib/python3.10/dist-packages/yolo_msgs/msg/_bounding_box2_d.py
[2.583s] -- Up-to-date: /home/xytron/xycar_ws/install/yolo_msgs/local/lib/python3.10/dist-packages/yolo_msgs/msg/_key_point3_d_s.c
[2.583s] -- Up-to-date: /home/xytron/xycar_ws/install/yolo_msgs/local/lib/python3.10/dist-packages/yolo_msgs/msg/_mask.py
[2.583s] -- Up-to-date: /home/xytron/xycar_ws/install/yolo_msgs/local/lib/python3.10/dist-packages/yolo_msgs/msg/_detection.py
[2.584s] -- Up-to-date: /home/xytron/xycar_ws/install/yolo_msgs/local/lib/python3.10/dist-packages/yolo_msgs/msg/_vector2.py
[2.584s] -- Up-to-date: /home/xytron/xycar_ws/install/yolo_msgs/local/lib/python3.10/dist-packages/yolo_msgs/msg/_key_point2_d_s.c
[2.584s] -- Up-to-date: /home/xytron/xycar_ws/install/yolo_msgs/local/lib/python3.10/dist-packages/yolo_msgs/msg/_key_point2_d_array_s.c
[2.584s] -- Up-to-date: /home/xytron/xycar_ws/install/yolo_msgs/local/lib/python3.10/dist-packages/yolo_msgs/msg/_detection_s.c
[2.584s] -- Up-to-date: /home/xytron/xycar_ws/install/yolo_msgs/local/lib/python3.10/dist-packages/yolo_msgs/msg/_bounding_box2_d_s.c
[2.584s] -- Up-to-date: /home/xytron/xycar_ws/install/yolo_msgs/local/lib/python3.10/dist-packages/yolo_msgs/msg/_vector2_s.c
[2.585s] -- Up-to-date: /home/xytron/xycar_ws/install/yolo_msgs/local/lib/python3.10/dist-packages/yolo_msgs/_yolo_msgs_s.ep.rosidl_typesupport_fastrtps_c.c
[2.585s] -- Up-to-date: /home/xytron/xycar_ws/install/yolo_msgs/local/lib/python3.10/dist-packages/yolo_msgs/_yolo_msgs_s.ep.rosidl_typesupport_introspection_c.c
[2.585s] -- Up-to-date: /home/xytron/xycar_ws/install/yolo_msgs/local/lib/python3.10/dist-packages/yolo_msgs/yolo_msgs_s__rosidl_typesupport_c.cpython-310-x86_64-linux-gnu.so
[2.585s] -- Up-to-date: /home/xytron/xycar_ws/install/yolo_msgs/local/lib/python3.10/dist-packages/yolo_msgs/yolo_msgs_s__rosidl_typesupport_introspection_c.cpython-310-x86_64-linux-gnu.so
[2.619s] Listing '/home/xytron/xycar_ws/install/yolo_msgs/local/lib/python3.10/dist-packages/yolo_msgs'...
[2.619s] Listing '/home/xytron/xycar_ws/install/yolo_msgs/local/lib/python3.10/dist-packages/yolo_msgs/msg'...
[2.619s] Listing '/home/xytron/xycar_ws/install/yolo_msgs/local/lib/python3.10/dist-packages/yolo_msgs/srv'...
[2.645s] -- Up-to-date: /home/xytron/xycar_ws/install/yolo_msgs/local/lib/python3.10/dist-packages/yolo_msgs/yolo_msgs_s__rosidl_typesupport_fastrtps_c.cpython-310-x86_64-linux-gnu.so
[2.645s] -- Up-to-date: /home/xytron/xycar_ws/install/yolo_msgs/local/lib/python3.10/dist-packages/yolo_msgs/yolo_msgs_s__rosidl_typesupport_introspection_c.cpython-310-x86_64-linux-gnu.so
[2.646s] -- Up-to-date: /home/xytron/xycar_ws/install/yolo_msgs/local/lib/python3.10/dist-packages/yolo_msgs/yolo_msgs_s__rosidl_typesupport_c.cpython-310-x86_64-linux-gnu.so
[2.646s] -- Up-to-date: /home/xytron/xycar_ws/install/yolo_msgs/lib/libyolo_msgs__rosidl_generator_py.so
[2.646s] -- Up-to-date: /home/xytron/xycar_ws/install/yolo_msgs/share/yolo_msgs/msg/Point2D.idl
[2.647s] -- Up-to-date: /home/xytron/xycar_ws/install/yolo_msgs/share/yolo_msgs/msg/Vector2.idl
[2.647s] -- Up-to-date: /home/xytron/xycar_ws/install/yolo_msgs/share/yolo_msgs/msg/Pose2D.idl
[2.647s] -- Up-to-date: /home/xytron/xycar_ws/install/yolo_msgs/share/yolo_msgs/msg/BoundingBox2D.idl
[2.647s] -- Up-to-date: /home/xytron/xycar_ws/install/yolo_msgs/share/yolo_msgs/msg/BoundingBox3D.idl
[2.647s] -- Up-to-date: /home/xytron/xycar_ws/install/yolo_msgs/share/yolo_msgs/msg/Mask.idl
[2.647s] -- Up-to-date: /home/xytron/xycar_ws/install/yolo_msgs/share/yolo_msgs/msg/KeyPoint2D.idl
[2.647s] -- Up-to-date: /home/xytron/xycar_ws/install/yolo_msgs/share/yolo_msgs/msg/KeyPoint2DArray.idl
[2.648s] -- Up-to-date: /home/xytron/xycar_ws/install/yolo_msgs/share/yolo_msgs/msg/KeyPoint3D.idl
[2.648s] -- Up-to-date: /home/xytron/xycar_ws/install/yolo_msgs/share/yolo_msgs/msg/KeyPoint3DArray.idl
[2.648s] -- Up-to-date: /home/xytron/xycar_ws/install/yolo_msgs/share/yolo_msgs/msg/Detection.idl
[2.648s] -- Up-to-date: /home/xytron/xycar_ws/install/yolo_msgs/share/yolo_msgs/msg/DetectionArray.idl
[2.648s] -- Up-to-date: /home/xytron/xycar_ws/install/yolo_msgs/share/yolo_msgs/srv/SetClasses.idl
[2.649s] -- Up-to-date: /home/xytron/xycar_ws/install/yolo_msgs/share/yolo_msgs/msg/Point2D.msg
[2.649s] -- Up-to-date: /home/xytron/xycar_ws/install/yolo_msgs/share/yolo_msgs/msg/Vector2.msg
[2.649s] -- Up-to-date: /home/xytron/xycar_ws/install/yolo_msgs/share/yolo_msgs/msg/Pose2D.msg
[2.649s] -- Up-to-date: /home/xytron/xycar_ws/install/yolo_msgs/share/yolo_msgs/msg/BoundingBox2D.msg
[2.649s] -- Up-to-date: /home/xytron/xycar_ws/install/yolo_msgs/share/yolo_msgs/msg/BoundingBox3D.msg
[2.649s] -- Up-to-date: /home/xytron/xycar_ws/install/yolo_msgs/share/yolo_msgs/msg/Mask.msg
[2.649s] -- Up-to-date: /home/xytron/xycar_ws/install/yolo_msgs/share/yolo_msgs/msg/KeyPoint2D.msg
[2.649s] -- Up-to-date: /home/xytron/xycar_ws/install/yolo_msgs/share/yolo_msgs/msg/KeyPoint2DArray.msg
[2.649s] -- Up-to-date: /home/xytron/xycar_ws/install/yolo_msgs/share/yolo_msgs/msg/KeyPoint3D.msg
[2.649s] -- Up-to-date: /home/xytron/xycar_ws/install/yolo_msgs/share/yolo_msgs/msg/KeyPoint3DArray.msg
[2.649s] -- Up-to-date: /home/xytron/xycar_ws/install/yolo_msgs/share/yolo_msgs/msg/Detection.msg
[2.651s] -- Up-to-date: /home/xytron/xycar_ws/install/yolo_msgs/share/yolo_msgs/msg/DetectionArray.msg
[2.662s] -- Up-to-date: /home/xytron/xycar_ws/install/yolo_msgs/share/yolo_msgs/srv/SetClasses.srv
[2.663s] -- Up-to-date: /home/xytron/xycar_ws/install/yolo_msgs/share/yolo_msgs/srv/SetClasses_Request.msg
[2.663s] -- Up-to-date: /home/xytron/xycar_ws/install/yolo_msgs/share/yolo_msgs/srv/SetClasses_Response.msg
[2.663s] -- Up-to-date: /home/xytron/xycar_ws/install/yolo_msgs/share/ament_index/resource_index/package_run_dependencies/yolo_msgs
[2.663s] -- Up-to-date: /home/xytron/xycar_ws/install/yolo_msgs/share/ament_index/resource_index/parent_prefix_path/yolo_msgs
[2.664s] -- Up-to-date: /home/xytron/xycar_ws/install/yolo_msgs/share/yolo_msgs/environment/ament_prefix_path.sh
[2.664s] -- Up-to-date: /home/xytron/xycar_ws/install/yolo_msgs/share/yolo_msgs/environment/ament_prefix_path.dsv
[2.664s] -- Up-to-date: /home/xytron/xycar_ws/install/yolo_msgs/share/yolo_msgs/environment/path.sh
[2.664s] -- Up-to-date: /home/xytron/xycar_ws/install/yolo_msgs/share/yolo_msgs/environment/path.dsv
[2.664s] -- Up-to-date: /home/xytron/xycar_ws/install/yolo_msgs/share/yolo_msgs/local_setup.bash
[2.665s] -- Up-to-date: /home/xytron/xycar_ws/install/yolo_msgs/share/yolo_msgs/local_setup.sh
[2.665s] -- Up-to-date: /home/xytron/xycar_ws/install/yolo_msgs/share/yolo_msgs/local_setup.zsh
[2.665s] -- Up-to-date: /home/xytron/xycar_ws/install/yolo_msgs/share/yolo_msgs/local_setup.dsv
[2.665s] -- Installing: /home/xytron/xycar_ws/install/yolo_msgs/share/yolo_msgs/package.dsv
[2.665s] -- Up-to-date: /home/xytron/xycar_ws/install/yolo_msgs/share/ament_index/resource_index/packages/yolo_msgs
[2.665s] -- Up-to-date: /home/xytron/xycar_ws/install/yolo_msgs/share/yolo_msgs/cmake/export_yolo_msgs__rosidl_generator_cExport.cmake
[2.666s] -- Up-to-date: /home/xytron/xycar_ws/install/yolo_msgs/share/yolo_msgs/cmake/export_yolo_msgs__rosidl_generator_cExport-noconfig.cmake
[2.666s] -- Up-to-date: /home/xytron/xycar_ws/install/yolo_msgs/share/yolo_msgs/cmake/export_yolo_msgs__rosidl_typesupport_fastrtps_cExport.cmake
[2.666s] -- Up-to-date: /home/xytron/xycar_ws/install/yolo_msgs/share/yolo_msgs/cmake/export_yolo_msgs__rosidl_typesupport_fastrtps_cExport-noconfig.cmake
[2.666s] -- Up-to-date: /home/xytron/xycar_ws/install/yolo_msgs/share/yolo_msgs/cmake/yolo_msgs__rosidl_typesupport_introspection_cExport.cmake
[2.666s] -- Up-to-date: /home/xytron/xycar_ws/install/yolo_msgs/share/yolo_msgs/cmake/yolo_msgs__rosidl_typesupport_introspection_cExport-noconfig.cmake
[2.666s] -- Up-to-date: /home/xytron/xycar_ws/install/yolo_msgs/share/yolo_msgs/cmake/yolo_msgs__rosidl_typesupport_cExport.cmake
[2.667s] -- Up-to-date: /home/xytron/xycar_ws/install/yolo_msgs/share/yolo_msgs/cmake/yolo_msgs__rosidl_typesupport_cExport-noconfig.cmake
[2.667s] -- Up-to-date: /home/xytron/xycar_ws/install/yolo_msgs/share/yolo_msgs/cmake/export_yolo_msgs__rosidl_generator_cppExport.cmake
[2.667s] -- Up-to-date: /home/xytron/xycar_ws/install/yolo_msgs/share/yolo_msgs/cmake/export_yolo_msgs__rosidl_typesupport_fastrtps_cppExport.cmake
[2.667s] -- Up-to-date: /home/xytron/xycar_ws/install/yolo_msgs/share/yolo_msgs/cmake/export_yolo_msgs__rosidl_typesupport_fastrtps_cppExport-noconfig.cmake
[2.671s] -- Up-to-date: /home/xytron/xycar_ws/install/yolo_msgs/share/yolo_msgs/cmake/yolo_msgs__rosidl_typesupport_introspection_cppExport.cmake
[2.671s] -- Up-to-date: /home/xytron/xycar_ws/install/yolo_msgs/share/yolo_msgs/cmake/yolo_msgs__rosidl_typesupport_introspection_cppExport-noconfig.cmake
[2.671s] -- Up-to-date: /home/xytron/xycar_ws/install/yolo_msgs/share/yolo_msgs/cmake/yolo_msgs__rosidl_typesupport_cppExport.cmake
[2.671s] -- Up-to-date: /home/xytron/xycar_ws/install/yolo_msgs/share/yolo_msgs/cmake/yolo_msgs__rosidl_typesupport_cppExport-noconfig.cmake
[2.671s] -- Up-to-date: /home/xytron/xycar_ws/install/yolo_msgs/share/yolo_msgs/cmake/export_yolo_msgs__rosidl_generator_pyExport.cmake
[2.671s] -- Up-to-date: /home/xytron/xycar_ws/install/yolo_msgs/share/yolo_msgs/cmake/export_yolo_msgs__rosidl_generator_pyExport-noconfig.cmake
[2.671s] -- Up-to-date: /home/xytron/xycar_ws/install/yolo_msgs/share/yolo_msgs/cmake/rosidl_cmake-extras.cmake
[2.672s] -- Up-to-date: /home/xytron/xycar_ws/install/yolo_msgs/share/yolo_msgs/cmake/ament_cmake_export_dependencies-extras.cmake
[2.672s] -- Up-to-date: /home/xytron/xycar_ws/install/yolo_msgs/share/yolo_msgs/cmake/ament_cmake_export_include_directories-extras.cmake
[2.672s] -- Up-to-date: /home/xytron/xycar_ws/install/yolo_msgs/share/yolo_msgs/cmake/ament_cmake_export_libraries-extras.cmake
[2.672s] -- Up-to-date: /home/xytron/xycar_ws/install/yolo_msgs/share/yolo_msgs/cmake/ament_cmake_export_targets-extras.cmake
[2.672s] -- Up-to-date: /home/xytron/xycar_ws/install/yolo_msgs/share/yolo_msgs/cmake/rosidl_cmake_export_typesupport_targets-extras.cmake
[2.672s] -- Up-to-date: /home/xytron/xycar_ws/install/yolo_msgs/share/yolo_msgs/cmake/rosidl_cmake_export_typesupport_libraries-extras.cmake
[2.673s] -- Up-to-date: /home/xytron/xycar_ws/install/yolo_msgs/share/yolo_msgs/cmake/yolo_msgsConfig.cmake
[2.673s] -- Up-to-date: /home/xytron/xycar_ws/install/yolo_msgs/share/yolo_msgs/cmake/yolo_msgsConfig-version.cmake
[2.673s] -- Up-to-date: /home/xytron/xycar_ws/install/yolo_msgs/share/yolo_msgs/package.xml
[2.680s] Invoked command in '/home/xytron/xycar_ws/build/yolo_msgs' returned '0': CMAKE_PREFIX_PATH=${CMAKE_PREFIX_PATH}:/home/xytron/xycar_ws/install/xycar_planner:/home/xytron/xycar_ws/install/control_motor:/home/xytron/xycar_ws/install/xycar_motor:/home/xytron/xycar_ws/install/xycar_imu:/home/xytron/xycar_ws/install/xycar_cam:/home/xytron/xycar_ws/install/app_ultra_viewer:/home/xytron/xycar_ws/install/app_turtlesim:/home/xytron/xycar_ws/install/app_sensor_drive:/home/xytron/xycar_ws/install/app_rule_drive_sim:/home/xytron/xycar_ws/install/app_pubsub:/home/xytron/xycar_ws/install/app_path_planning:/home/xytron/xycar_ws/install/app_hough_drive:/home/xytron/xycar_ws/install/app_cam_exposure:/home/xytron/xycar_ws/install/app_8_drive:/opt/ros/humble /usr/bin/cmake --install /home/xytron/xycar_ws/build/yolo_msgs
