[0.087s] Invoking command in '/home/xytron/xycar_ws/build/vesc_msgs': CMAKE_PREFIX_PATH=${CMAKE_PREFIX_PATH}:/home/xytron/xycar_ws/install/xycar_planner:/home/xytron/xycar_ws/install/control_motor:/home/xytron/xycar_ws/install/xycar_motor:/home/xytron/xycar_ws/install/xycar_imu:/home/xytron/xycar_ws/install/xycar_cam:/home/xytron/xycar_ws/install/app_ultra_viewer:/home/xytron/xycar_ws/install/app_turtlesim:/home/xytron/xycar_ws/install/app_sensor_drive:/home/xytron/xycar_ws/install/app_rule_drive_sim:/home/xytron/xycar_ws/install/app_pubsub:/home/xytron/xycar_ws/install/app_path_planning:/home/xytron/xycar_ws/install/app_hough_drive:/home/xytron/xycar_ws/install/app_cam_exposure:/home/xytron/xycar_ws/install/app_8_drive:/opt/ros/humble /usr/bin/cmake --build /home/xytron/xycar_ws/build/vesc_msgs -- -j16 -l16
[1.810s] [  1%] Built target vesc_msgs__cpp
[1.810s] [ 12%] Built target vesc_msgs__rosidl_generator_c
[1.810s] [ 12%] Built target ament_cmake_python_copy_vesc_msgs
[1.811s] [ 23%] Built target vesc_msgs__rosidl_typesupport_fastrtps_cpp
[1.811s] [ 34%] Built target vesc_msgs__rosidl_typesupport_cpp
[1.811s] [ 63%] Built target vesc_msgs__rosidl_typesupport_c
[1.811s] [ 63%] Built target vesc_msgs__rosidl_typesupport_introspection_c
[1.811s] [ 67%] Built target vesc_msgs__rosidl_typesupport_fastrtps_c
[1.811s] [ 78%] Built target vesc_msgs__rosidl_typesupport_introspection_cpp
[1.811s] [ 78%] Built target vesc_msgs
[1.811s] [ 80%] Built target vesc_msgs__py
[1.812s] [ 89%] Built target vesc_msgs__rosidl_generator_py
[1.812s] [ 92%] Built target vesc_msgs__rosidl_typesupport_fastrtps_c__pyext
[1.812s] [ 96%] Built target vesc_msgs__rosidl_typesupport_c__pyext
[1.812s] [100%] Built target vesc_msgs__rosidl_typesupport_introspection_c__pyext
[1.813s] running egg_info
[1.813s] writing vesc_msgs.egg-info/PKG-INFO
[1.813s] writing dependency_links to vesc_msgs.egg-info/dependency_links.txt
[1.813s] writing top-level names to vesc_msgs.egg-info/top_level.txt
[1.813s] reading manifest file 'vesc_msgs.egg-info/SOURCES.txt'
[1.813s] writing manifest file 'vesc_msgs.egg-info/SOURCES.txt'
[1.813s] [100%] Built target ament_cmake_python_build_vesc_msgs_egg
[1.839s] Invoked command in '/home/xytron/xycar_ws/build/vesc_msgs' returned '0': CMAKE_PREFIX_PATH=${CMAKE_PREFIX_PATH}:/home/xytron/xycar_ws/install/xycar_planner:/home/xytron/xycar_ws/install/control_motor:/home/xytron/xycar_ws/install/xycar_motor:/home/xytron/xycar_ws/install/xycar_imu:/home/xytron/xycar_ws/install/xycar_cam:/home/xytron/xycar_ws/install/app_ultra_viewer:/home/xytron/xycar_ws/install/app_turtlesim:/home/xytron/xycar_ws/install/app_sensor_drive:/home/xytron/xycar_ws/install/app_rule_drive_sim:/home/xytron/xycar_ws/install/app_pubsub:/home/xytron/xycar_ws/install/app_path_planning:/home/xytron/xycar_ws/install/app_hough_drive:/home/xytron/xycar_ws/install/app_cam_exposure:/home/xytron/xycar_ws/install/app_8_drive:/opt/ros/humble /usr/bin/cmake --build /home/xytron/xycar_ws/build/vesc_msgs -- -j16 -l16
[1.841s] Invoking command in '/home/xytron/xycar_ws/build/vesc_msgs': CMAKE_PREFIX_PATH=${CMAKE_PREFIX_PATH}:/home/xytron/xycar_ws/install/xycar_planner:/home/xytron/xycar_ws/install/control_motor:/home/xytron/xycar_ws/install/xycar_motor:/home/xytron/xycar_ws/install/xycar_imu:/home/xytron/xycar_ws/install/xycar_cam:/home/xytron/xycar_ws/install/app_ultra_viewer:/home/xytron/xycar_ws/install/app_turtlesim:/home/xytron/xycar_ws/install/app_sensor_drive:/home/xytron/xycar_ws/install/app_rule_drive_sim:/home/xytron/xycar_ws/install/app_pubsub:/home/xytron/xycar_ws/install/app_path_planning:/home/xytron/xycar_ws/install/app_hough_drive:/home/xytron/xycar_ws/install/app_cam_exposure:/home/xytron/xycar_ws/install/app_8_drive:/opt/ros/humble /usr/bin/cmake --install /home/xytron/xycar_ws/build/vesc_msgs
[1.870s] -- Install configuration: ""
[1.870s] -- Up-to-date: /home/xytron/xycar_ws/install/vesc_msgs/share/ament_index/resource_index/rosidl_interfaces/vesc_msgs
[1.870s] -- Up-to-date: /home/xytron/xycar_ws/install/vesc_msgs/include/vesc_msgs/vesc_msgs
[1.871s] -- Up-to-date: /home/xytron/xycar_ws/install/vesc_msgs/include/vesc_msgs/vesc_msgs/msg
[1.871s] -- Up-to-date: /home/xytron/xycar_ws/install/vesc_msgs/include/vesc_msgs/vesc_msgs/msg/vesc_state_stamped.h
[1.871s] -- Up-to-date: /home/xytron/xycar_ws/install/vesc_msgs/include/vesc_msgs/vesc_msgs/msg/vesc_state.h
[1.871s] -- Up-to-date: /home/xytron/xycar_ws/install/vesc_msgs/include/vesc_msgs/vesc_msgs/msg/vesc_imu.h
[1.871s] -- Up-to-date: /home/xytron/xycar_ws/install/vesc_msgs/include/vesc_msgs/vesc_msgs/msg/vesc_imu_stamped.h
[1.873s] -- Up-to-date: /home/xytron/xycar_ws/install/vesc_msgs/include/vesc_msgs/vesc_msgs/msg/rosidl_generator_c__visibility_control.h
[1.873s] -- Up-to-date: /home/xytron/xycar_ws/install/vesc_msgs/include/vesc_msgs/vesc_msgs/msg/detail
[1.873s] -- Up-to-date: /home/xytron/xycar_ws/install/vesc_msgs/include/vesc_msgs/vesc_msgs/msg/detail/vesc_state__functions.h
[1.874s] -- Up-to-date: /home/xytron/xycar_ws/install/vesc_msgs/include/vesc_msgs/vesc_msgs/msg/detail/vesc_imu_stamped__type_support.h
[1.874s] -- Up-to-date: /home/xytron/xycar_ws/install/vesc_msgs/include/vesc_msgs/vesc_msgs/msg/detail/vesc_imu__functions.h
[1.874s] -- Up-to-date: /home/xytron/xycar_ws/install/vesc_msgs/include/vesc_msgs/vesc_msgs/msg/detail/vesc_state__type_support.h
[1.874s] -- Up-to-date: /home/xytron/xycar_ws/install/vesc_msgs/include/vesc_msgs/vesc_msgs/msg/detail/vesc_imu__struct.h
[1.874s] -- Up-to-date: /home/xytron/xycar_ws/install/vesc_msgs/include/vesc_msgs/vesc_msgs/msg/detail/vesc_imu__type_support.h
[1.875s] -- Up-to-date: /home/xytron/xycar_ws/install/vesc_msgs/include/vesc_msgs/vesc_msgs/msg/detail/vesc_state_stamped__functions.h
[1.875s] -- Up-to-date: /home/xytron/xycar_ws/install/vesc_msgs/include/vesc_msgs/vesc_msgs/msg/detail/vesc_state_stamped__struct.h
[1.875s] -- Up-to-date: /home/xytron/xycar_ws/install/vesc_msgs/include/vesc_msgs/vesc_msgs/msg/detail/vesc_state_stamped__type_support.h
[1.877s] -- Up-to-date: /home/xytron/xycar_ws/install/vesc_msgs/include/vesc_msgs/vesc_msgs/msg/detail/vesc_state__functions.c
[1.878s] -- Up-to-date: /home/xytron/xycar_ws/install/vesc_msgs/include/vesc_msgs/vesc_msgs/msg/detail/vesc_imu__functions.c
[1.878s] -- Up-to-date: /home/xytron/xycar_ws/install/vesc_msgs/include/vesc_msgs/vesc_msgs/msg/detail/vesc_imu_stamped__functions.c
[1.878s] -- Up-to-date: /home/xytron/xycar_ws/install/vesc_msgs/include/vesc_msgs/vesc_msgs/msg/detail/vesc_state_stamped__functions.c
[1.878s] -- Up-to-date: /home/xytron/xycar_ws/install/vesc_msgs/include/vesc_msgs/vesc_msgs/msg/detail/vesc_state__struct.h
[1.878s] -- Up-to-date: /home/xytron/xycar_ws/install/vesc_msgs/include/vesc_msgs/vesc_msgs/msg/detail/vesc_imu_stamped__struct.h
[1.878s] -- Up-to-date: /home/xytron/xycar_ws/install/vesc_msgs/include/vesc_msgs/vesc_msgs/msg/detail/vesc_imu_stamped__functions.h
[1.879s] -- Up-to-date: /home/xytron/xycar_ws/install/vesc_msgs/share/vesc_msgs/environment/library_path.sh
[1.879s] -- Up-to-date: /home/xytron/xycar_ws/install/vesc_msgs/share/vesc_msgs/environment/library_path.dsv
[1.879s] -- Up-to-date: /home/xytron/xycar_ws/install/vesc_msgs/lib/libvesc_msgs__rosidl_generator_c.so
[1.879s] -- Up-to-date: /home/xytron/xycar_ws/install/vesc_msgs/include/vesc_msgs/vesc_msgs
[1.879s] -- Up-to-date: /home/xytron/xycar_ws/install/vesc_msgs/include/vesc_msgs/vesc_msgs/msg
[1.879s] -- Up-to-date: /home/xytron/xycar_ws/install/vesc_msgs/include/vesc_msgs/vesc_msgs/msg/rosidl_typesupport_fastrtps_c__visibility_control.h
[1.880s] -- Up-to-date: /home/xytron/xycar_ws/install/vesc_msgs/include/vesc_msgs/vesc_msgs/msg/detail
[1.880s] -- Up-to-date: /home/xytron/xycar_ws/install/vesc_msgs/include/vesc_msgs/vesc_msgs/msg/detail/vesc_state__rosidl_typesupport_fastrtps_c.h
[1.880s] -- Up-to-date: /home/xytron/xycar_ws/install/vesc_msgs/include/vesc_msgs/vesc_msgs/msg/detail/vesc_imu__rosidl_typesupport_fastrtps_c.h
[1.880s] -- Up-to-date: /home/xytron/xycar_ws/install/vesc_msgs/include/vesc_msgs/vesc_msgs/msg/detail/vesc_state_stamped__rosidl_typesupport_fastrtps_c.h
[1.887s] -- Up-to-date: /home/xytron/xycar_ws/install/vesc_msgs/include/vesc_msgs/vesc_msgs/msg/detail/vesc_imu_stamped__rosidl_typesupport_fastrtps_c.h
[1.888s] -- Up-to-date: /home/xytron/xycar_ws/install/vesc_msgs/lib/libvesc_msgs__rosidl_typesupport_fastrtps_c.so
[1.889s] -- Up-to-date: /home/xytron/xycar_ws/install/vesc_msgs/include/vesc_msgs/vesc_msgs
[1.889s] -- Up-to-date: /home/xytron/xycar_ws/install/vesc_msgs/include/vesc_msgs/vesc_msgs/msg
[1.890s] -- Up-to-date: /home/xytron/xycar_ws/install/vesc_msgs/include/vesc_msgs/vesc_msgs/msg/rosidl_typesupport_introspection_c__visibility_control.h
[1.894s] -- Up-to-date: /home/xytron/xycar_ws/install/vesc_msgs/include/vesc_msgs/vesc_msgs/msg/detail
[1.894s] -- Up-to-date: /home/xytron/xycar_ws/install/vesc_msgs/include/vesc_msgs/vesc_msgs/msg/detail/vesc_state_stamped__type_support.c
[1.894s] -- Up-to-date: /home/xytron/xycar_ws/install/vesc_msgs/include/vesc_msgs/vesc_msgs/msg/detail/vesc_imu__type_support.c
[1.894s] -- Up-to-date: /home/xytron/xycar_ws/install/vesc_msgs/include/vesc_msgs/vesc_msgs/msg/detail/vesc_state_stamped__rosidl_typesupport_introspection_c.h
[1.895s] -- Up-to-date: /home/xytron/xycar_ws/install/vesc_msgs/include/vesc_msgs/vesc_msgs/msg/detail/vesc_imu_stamped__type_support.c
[1.895s] -- Up-to-date: /home/xytron/xycar_ws/install/vesc_msgs/include/vesc_msgs/vesc_msgs/msg/detail/vesc_imu_stamped__rosidl_typesupport_introspection_c.h
[1.895s] -- Up-to-date: /home/xytron/xycar_ws/install/vesc_msgs/include/vesc_msgs/vesc_msgs/msg/detail/vesc_imu__rosidl_typesupport_introspection_c.h
[1.895s] -- Up-to-date: /home/xytron/xycar_ws/install/vesc_msgs/include/vesc_msgs/vesc_msgs/msg/detail/vesc_state__type_support.c
[1.896s] -- Up-to-date: /home/xytron/xycar_ws/install/vesc_msgs/include/vesc_msgs/vesc_msgs/msg/detail/vesc_state__rosidl_typesupport_introspection_c.h
[1.896s] -- Up-to-date: /home/xytron/xycar_ws/install/vesc_msgs/lib/libvesc_msgs__rosidl_typesupport_introspection_c.so
[1.896s] -- Up-to-date: /home/xytron/xycar_ws/install/vesc_msgs/lib/libvesc_msgs__rosidl_typesupport_c.so
[1.897s] -- Up-to-date: /home/xytron/xycar_ws/install/vesc_msgs/include/vesc_msgs/vesc_msgs
[1.897s] -- Up-to-date: /home/xytron/xycar_ws/install/vesc_msgs/include/vesc_msgs/vesc_msgs/msg
[1.897s] -- Up-to-date: /home/xytron/xycar_ws/install/vesc_msgs/include/vesc_msgs/vesc_msgs/msg/vesc_imu_stamped.hpp
[1.897s] -- Up-to-date: /home/xytron/xycar_ws/install/vesc_msgs/include/vesc_msgs/vesc_msgs/msg/vesc_state_stamped.hpp
[1.898s] -- Up-to-date: /home/xytron/xycar_ws/install/vesc_msgs/include/vesc_msgs/vesc_msgs/msg/vesc_imu.hpp
[1.898s] -- Up-to-date: /home/xytron/xycar_ws/install/vesc_msgs/include/vesc_msgs/vesc_msgs/msg/rosidl_generator_cpp__visibility_control.hpp
[1.898s] -- Up-to-date: /home/xytron/xycar_ws/install/vesc_msgs/include/vesc_msgs/vesc_msgs/msg/detail
[1.899s] -- Up-to-date: /home/xytron/xycar_ws/install/vesc_msgs/include/vesc_msgs/vesc_msgs/msg/detail/vesc_state_stamped__traits.hpp
[1.900s] -- Up-to-date: /home/xytron/xycar_ws/install/vesc_msgs/include/vesc_msgs/vesc_msgs/msg/detail/vesc_state__traits.hpp
[1.900s] -- Up-to-date: /home/xytron/xycar_ws/install/vesc_msgs/include/vesc_msgs/vesc_msgs/msg/detail/vesc_imu_stamped__struct.hpp
[1.901s] -- Up-to-date: /home/xytron/xycar_ws/install/vesc_msgs/include/vesc_msgs/vesc_msgs/msg/detail/vesc_imu__traits.hpp
[1.901s] -- Up-to-date: /home/xytron/xycar_ws/install/vesc_msgs/include/vesc_msgs/vesc_msgs/msg/detail/vesc_imu__type_support.hpp
[1.901s] -- Up-to-date: /home/xytron/xycar_ws/install/vesc_msgs/include/vesc_msgs/vesc_msgs/msg/detail/vesc_state__builder.hpp
[1.901s] -- Up-to-date: /home/xytron/xycar_ws/install/vesc_msgs/include/vesc_msgs/vesc_msgs/msg/detail/vesc_state__type_support.hpp
[1.901s] -- Up-to-date: /home/xytron/xycar_ws/install/vesc_msgs/include/vesc_msgs/vesc_msgs/msg/detail/vesc_state_stamped__type_support.hpp
[1.901s] -- Up-to-date: /home/xytron/xycar_ws/install/vesc_msgs/include/vesc_msgs/vesc_msgs/msg/detail/vesc_imu_stamped__traits.hpp
[1.901s] -- Up-to-date: /home/xytron/xycar_ws/install/vesc_msgs/include/vesc_msgs/vesc_msgs/msg/detail/vesc_imu_stamped__builder.hpp
[1.901s] -- Up-to-date: /home/xytron/xycar_ws/install/vesc_msgs/include/vesc_msgs/vesc_msgs/msg/detail/vesc_state_stamped__struct.hpp
[1.902s] -- Up-to-date: /home/xytron/xycar_ws/install/vesc_msgs/include/vesc_msgs/vesc_msgs/msg/detail/vesc_state_stamped__builder.hpp
[1.902s] -- Up-to-date: /home/xytron/xycar_ws/install/vesc_msgs/include/vesc_msgs/vesc_msgs/msg/detail/vesc_state__struct.hpp
[1.902s] -- Up-to-date: /home/xytron/xycar_ws/install/vesc_msgs/include/vesc_msgs/vesc_msgs/msg/detail/vesc_imu_stamped__type_support.hpp
[1.902s] -- Up-to-date: /home/xytron/xycar_ws/install/vesc_msgs/include/vesc_msgs/vesc_msgs/msg/detail/vesc_imu__struct.hpp
[1.902s] -- Up-to-date: /home/xytron/xycar_ws/install/vesc_msgs/include/vesc_msgs/vesc_msgs/msg/detail/vesc_imu__builder.hpp
[1.902s] -- Up-to-date: /home/xytron/xycar_ws/install/vesc_msgs/include/vesc_msgs/vesc_msgs/msg/vesc_state.hpp
[1.903s] -- Up-to-date: /home/xytron/xycar_ws/install/vesc_msgs/include/vesc_msgs/vesc_msgs
[1.903s] -- Up-to-date: /home/xytron/xycar_ws/install/vesc_msgs/include/vesc_msgs/vesc_msgs/msg
[1.903s] -- Up-to-date: /home/xytron/xycar_ws/install/vesc_msgs/include/vesc_msgs/vesc_msgs/msg/rosidl_typesupport_fastrtps_cpp__visibility_control.h
[1.903s] -- Up-to-date: /home/xytron/xycar_ws/install/vesc_msgs/include/vesc_msgs/vesc_msgs/msg/detail
[1.903s] -- Up-to-date: /home/xytron/xycar_ws/install/vesc_msgs/include/vesc_msgs/vesc_msgs/msg/detail/vesc_state__rosidl_typesupport_fastrtps_cpp.hpp
[1.903s] -- Up-to-date: /home/xytron/xycar_ws/install/vesc_msgs/include/vesc_msgs/vesc_msgs/msg/detail/vesc_state_stamped__rosidl_typesupport_fastrtps_cpp.hpp
[1.903s] -- Up-to-date: /home/xytron/xycar_ws/install/vesc_msgs/include/vesc_msgs/vesc_msgs/msg/detail/vesc_imu__rosidl_typesupport_fastrtps_cpp.hpp
[1.903s] -- Up-to-date: /home/xytron/xycar_ws/install/vesc_msgs/include/vesc_msgs/vesc_msgs/msg/detail/dds_fastrtps
[1.904s] -- Up-to-date: /home/xytron/xycar_ws/install/vesc_msgs/include/vesc_msgs/vesc_msgs/msg/detail/vesc_imu_stamped__rosidl_typesupport_fastrtps_cpp.hpp
[1.904s] -- Up-to-date: /home/xytron/xycar_ws/install/vesc_msgs/lib/libvesc_msgs__rosidl_typesupport_fastrtps_cpp.so
[1.904s] -- Up-to-date: /home/xytron/xycar_ws/install/vesc_msgs/include/vesc_msgs/vesc_msgs
[1.904s] -- Up-to-date: /home/xytron/xycar_ws/install/vesc_msgs/include/vesc_msgs/vesc_msgs/msg
[1.904s] -- Up-to-date: /home/xytron/xycar_ws/install/vesc_msgs/include/vesc_msgs/vesc_msgs/msg/detail
[1.904s] -- Up-to-date: /home/xytron/xycar_ws/install/vesc_msgs/include/vesc_msgs/vesc_msgs/msg/detail/vesc_imu_stamped__type_support.cpp
[1.905s] -- Up-to-date: /home/xytron/xycar_ws/install/vesc_msgs/include/vesc_msgs/vesc_msgs/msg/detail/vesc_state__type_support.cpp
[1.905s] -- Up-to-date: /home/xytron/xycar_ws/install/vesc_msgs/include/vesc_msgs/vesc_msgs/msg/detail/vesc_state_stamped__type_support.cpp
[1.907s] -- Up-to-date: /home/xytron/xycar_ws/install/vesc_msgs/include/vesc_msgs/vesc_msgs/msg/detail/vesc_imu__type_support.cpp
[1.907s] -- Up-to-date: /home/xytron/xycar_ws/install/vesc_msgs/include/vesc_msgs/vesc_msgs/msg/detail/vesc_state__rosidl_typesupport_introspection_cpp.hpp
[1.908s] -- Up-to-date: /home/xytron/xycar_ws/install/vesc_msgs/include/vesc_msgs/vesc_msgs/msg/detail/vesc_state_stamped__rosidl_typesupport_introspection_cpp.hpp
[1.911s] -- Up-to-date: /home/xytron/xycar_ws/install/vesc_msgs/include/vesc_msgs/vesc_msgs/msg/detail/vesc_imu_stamped__rosidl_typesupport_introspection_cpp.hpp
[1.919s] -- Up-to-date: /home/xytron/xycar_ws/install/vesc_msgs/include/vesc_msgs/vesc_msgs/msg/detail/vesc_imu__rosidl_typesupport_introspection_cpp.hpp
[1.919s] -- Up-to-date: /home/xytron/xycar_ws/install/vesc_msgs/lib/libvesc_msgs__rosidl_typesupport_introspection_cpp.so
[1.920s] -- Up-to-date: /home/xytron/xycar_ws/install/vesc_msgs/lib/libvesc_msgs__rosidl_typesupport_cpp.so
[1.922s] -- Up-to-date: /home/xytron/xycar_ws/install/vesc_msgs/share/vesc_msgs/environment/pythonpath.sh
[1.922s] -- Up-to-date: /home/xytron/xycar_ws/install/vesc_msgs/share/vesc_msgs/environment/pythonpath.dsv
[1.922s] -- Up-to-date: /home/xytron/xycar_ws/install/vesc_msgs/local/lib/python3.10/dist-packages/vesc_msgs-1.2.0-py3.10.egg-info
[1.922s] -- Installing: /home/xytron/xycar_ws/install/vesc_msgs/local/lib/python3.10/dist-packages/vesc_msgs-1.2.0-py3.10.egg-info/PKG-INFO
[1.928s] -- Installing: /home/xytron/xycar_ws/install/vesc_msgs/local/lib/python3.10/dist-packages/vesc_msgs-1.2.0-py3.10.egg-info/dependency_links.txt
[1.928s] -- Installing: /home/xytron/xycar_ws/install/vesc_msgs/local/lib/python3.10/dist-packages/vesc_msgs-1.2.0-py3.10.egg-info/top_level.txt
[1.928s] -- Installing: /home/xytron/xycar_ws/install/vesc_msgs/local/lib/python3.10/dist-packages/vesc_msgs-1.2.0-py3.10.egg-info/SOURCES.txt
[1.929s] -- Up-to-date: /home/xytron/xycar_ws/install/vesc_msgs/local/lib/python3.10/dist-packages/vesc_msgs
[1.931s] -- Up-to-date: /home/xytron/xycar_ws/install/vesc_msgs/local/lib/python3.10/dist-packages/vesc_msgs/__init__.py
[1.931s] -- Up-to-date: /home/xytron/xycar_ws/install/vesc_msgs/local/lib/python3.10/dist-packages/vesc_msgs/vesc_msgs_s__rosidl_typesupport_c.cpython-310-x86_64-linux-gnu.so
[1.931s] -- Up-to-date: /home/xytron/xycar_ws/install/vesc_msgs/local/lib/python3.10/dist-packages/vesc_msgs/_vesc_msgs_s.ep.rosidl_typesupport_c.c
[1.931s] -- Up-to-date: /home/xytron/xycar_ws/install/vesc_msgs/local/lib/python3.10/dist-packages/vesc_msgs/msg
[1.931s] -- Up-to-date: /home/xytron/xycar_ws/install/vesc_msgs/local/lib/python3.10/dist-packages/vesc_msgs/msg/__init__.py
[1.932s] -- Up-to-date: /home/xytron/xycar_ws/install/vesc_msgs/local/lib/python3.10/dist-packages/vesc_msgs/msg/_vesc_state_s.c
[1.932s] -- Up-to-date: /home/xytron/xycar_ws/install/vesc_msgs/local/lib/python3.10/dist-packages/vesc_msgs/msg/_vesc_state_stamped_s.c
[1.932s] -- Up-to-date: /home/xytron/xycar_ws/install/vesc_msgs/local/lib/python3.10/dist-packages/vesc_msgs/msg/_vesc_imu_stamped_s.c
[1.932s] -- Up-to-date: /home/xytron/xycar_ws/install/vesc_msgs/local/lib/python3.10/dist-packages/vesc_msgs/msg/_vesc_state.py
[1.932s] -- Up-to-date: /home/xytron/xycar_ws/install/vesc_msgs/local/lib/python3.10/dist-packages/vesc_msgs/msg/_vesc_imu_stamped.py
[1.932s] -- Up-to-date: /home/xytron/xycar_ws/install/vesc_msgs/local/lib/python3.10/dist-packages/vesc_msgs/msg/_vesc_imu.py
[1.932s] -- Up-to-date: /home/xytron/xycar_ws/install/vesc_msgs/local/lib/python3.10/dist-packages/vesc_msgs/msg/_vesc_state_stamped.py
[1.932s] -- Up-to-date: /home/xytron/xycar_ws/install/vesc_msgs/local/lib/python3.10/dist-packages/vesc_msgs/msg/_vesc_imu_s.c
[1.932s] -- Up-to-date: /home/xytron/xycar_ws/install/vesc_msgs/local/lib/python3.10/dist-packages/vesc_msgs/vesc_msgs_s__rosidl_typesupport_introspection_c.cpython-310-x86_64-linux-gnu.so
[1.933s] -- Up-to-date: /home/xytron/xycar_ws/install/vesc_msgs/local/lib/python3.10/dist-packages/vesc_msgs/_vesc_msgs_s.ep.rosidl_typesupport_fastrtps_c.c
[1.933s] -- Up-to-date: /home/xytron/xycar_ws/install/vesc_msgs/local/lib/python3.10/dist-packages/vesc_msgs/_vesc_msgs_s.ep.rosidl_typesupport_introspection_c.c
[1.933s] -- Up-to-date: /home/xytron/xycar_ws/install/vesc_msgs/local/lib/python3.10/dist-packages/vesc_msgs/vesc_msgs_s__rosidl_typesupport_fastrtps_c.cpython-310-x86_64-linux-gnu.so
[1.933s] -- Up-to-date: /home/xytron/xycar_ws/install/vesc_msgs/local/lib/python3.10/dist-packages/vesc_msgs/libvesc_msgs__rosidl_generator_py.so
[1.996s] Listing '/home/xytron/xycar_ws/install/vesc_msgs/local/lib/python3.10/dist-packages/vesc_msgs'...
[1.997s] Listing '/home/xytron/xycar_ws/install/vesc_msgs/local/lib/python3.10/dist-packages/vesc_msgs/msg'...
[2.013s] -- Up-to-date: /home/xytron/xycar_ws/install/vesc_msgs/local/lib/python3.10/dist-packages/vesc_msgs/vesc_msgs_s__rosidl_typesupport_fastrtps_c.cpython-310-x86_64-linux-gnu.so
[2.014s] -- Up-to-date: /home/xytron/xycar_ws/install/vesc_msgs/local/lib/python3.10/dist-packages/vesc_msgs/vesc_msgs_s__rosidl_typesupport_introspection_c.cpython-310-x86_64-linux-gnu.so
[2.014s] -- Up-to-date: /home/xytron/xycar_ws/install/vesc_msgs/local/lib/python3.10/dist-packages/vesc_msgs/vesc_msgs_s__rosidl_typesupport_c.cpython-310-x86_64-linux-gnu.so
[2.015s] -- Up-to-date: /home/xytron/xycar_ws/install/vesc_msgs/lib/libvesc_msgs__rosidl_generator_py.so
[2.015s] -- Up-to-date: /home/xytron/xycar_ws/install/vesc_msgs/share/vesc_msgs/msg/VescState.idl
[2.015s] -- Up-to-date: /home/xytron/xycar_ws/install/vesc_msgs/share/vesc_msgs/msg/VescStateStamped.idl
[2.015s] -- Up-to-date: /home/xytron/xycar_ws/install/vesc_msgs/share/vesc_msgs/msg/VescImu.idl
[2.015s] -- Up-to-date: /home/xytron/xycar_ws/install/vesc_msgs/share/vesc_msgs/msg/VescImuStamped.idl
[2.015s] -- Up-to-date: /home/xytron/xycar_ws/install/vesc_msgs/share/vesc_msgs/msg/VescState.msg
[2.015s] -- Up-to-date: /home/xytron/xycar_ws/install/vesc_msgs/share/vesc_msgs/msg/VescStateStamped.msg
[2.015s] -- Up-to-date: /home/xytron/xycar_ws/install/vesc_msgs/share/vesc_msgs/msg/VescImu.msg
[2.015s] -- Up-to-date: /home/xytron/xycar_ws/install/vesc_msgs/share/vesc_msgs/msg/VescImuStamped.msg
[2.018s] -- Up-to-date: /home/xytron/xycar_ws/install/vesc_msgs/share/ament_index/resource_index/package_run_dependencies/vesc_msgs
[2.018s] -- Up-to-date: /home/xytron/xycar_ws/install/vesc_msgs/share/ament_index/resource_index/parent_prefix_path/vesc_msgs
[2.019s] -- Up-to-date: /home/xytron/xycar_ws/install/vesc_msgs/share/vesc_msgs/environment/ament_prefix_path.sh
[2.020s] -- Up-to-date: /home/xytron/xycar_ws/install/vesc_msgs/share/vesc_msgs/environment/ament_prefix_path.dsv
[2.021s] -- Up-to-date: /home/xytron/xycar_ws/install/vesc_msgs/share/vesc_msgs/environment/path.sh
[2.022s] -- Up-to-date: /home/xytron/xycar_ws/install/vesc_msgs/share/vesc_msgs/environment/path.dsv
[2.023s] -- Up-to-date: /home/xytron/xycar_ws/install/vesc_msgs/share/vesc_msgs/local_setup.bash
[2.027s] -- Up-to-date: /home/xytron/xycar_ws/install/vesc_msgs/share/vesc_msgs/local_setup.sh
[2.027s] -- Up-to-date: /home/xytron/xycar_ws/install/vesc_msgs/share/vesc_msgs/local_setup.zsh
[2.027s] -- Up-to-date: /home/xytron/xycar_ws/install/vesc_msgs/share/vesc_msgs/local_setup.dsv
[2.028s] -- Installing: /home/xytron/xycar_ws/install/vesc_msgs/share/vesc_msgs/package.dsv
[2.038s] -- Up-to-date: /home/xytron/xycar_ws/install/vesc_msgs/share/ament_index/resource_index/packages/vesc_msgs
[2.038s] -- Up-to-date: /home/xytron/xycar_ws/install/vesc_msgs/share/vesc_msgs/cmake/export_vesc_msgs__rosidl_generator_cExport.cmake
[2.038s] -- Up-to-date: /home/xytron/xycar_ws/install/vesc_msgs/share/vesc_msgs/cmake/export_vesc_msgs__rosidl_generator_cExport-noconfig.cmake
[2.038s] -- Up-to-date: /home/xytron/xycar_ws/install/vesc_msgs/share/vesc_msgs/cmake/export_vesc_msgs__rosidl_typesupport_fastrtps_cExport.cmake
[2.040s] -- Up-to-date: /home/xytron/xycar_ws/install/vesc_msgs/share/vesc_msgs/cmake/export_vesc_msgs__rosidl_typesupport_fastrtps_cExport-noconfig.cmake
[2.042s] -- Up-to-date: /home/xytron/xycar_ws/install/vesc_msgs/share/vesc_msgs/cmake/vesc_msgs__rosidl_typesupport_introspection_cExport.cmake
[2.042s] -- Up-to-date: /home/xytron/xycar_ws/install/vesc_msgs/share/vesc_msgs/cmake/vesc_msgs__rosidl_typesupport_introspection_cExport-noconfig.cmake
[2.042s] -- Up-to-date: /home/xytron/xycar_ws/install/vesc_msgs/share/vesc_msgs/cmake/vesc_msgs__rosidl_typesupport_cExport.cmake
[2.042s] -- Up-to-date: /home/xytron/xycar_ws/install/vesc_msgs/share/vesc_msgs/cmake/vesc_msgs__rosidl_typesupport_cExport-noconfig.cmake
[2.043s] -- Up-to-date: /home/xytron/xycar_ws/install/vesc_msgs/share/vesc_msgs/cmake/export_vesc_msgs__rosidl_generator_cppExport.cmake
[2.044s] -- Up-to-date: /home/xytron/xycar_ws/install/vesc_msgs/share/vesc_msgs/cmake/export_vesc_msgs__rosidl_typesupport_fastrtps_cppExport.cmake
[2.044s] -- Up-to-date: /home/xytron/xycar_ws/install/vesc_msgs/share/vesc_msgs/cmake/export_vesc_msgs__rosidl_typesupport_fastrtps_cppExport-noconfig.cmake
[2.049s] -- Up-to-date: /home/xytron/xycar_ws/install/vesc_msgs/share/vesc_msgs/cmake/vesc_msgs__rosidl_typesupport_introspection_cppExport.cmake
[2.052s] -- Up-to-date: /home/xytron/xycar_ws/install/vesc_msgs/share/vesc_msgs/cmake/vesc_msgs__rosidl_typesupport_introspection_cppExport-noconfig.cmake
[2.052s] -- Up-to-date: /home/xytron/xycar_ws/install/vesc_msgs/share/vesc_msgs/cmake/vesc_msgs__rosidl_typesupport_cppExport.cmake
[2.063s] -- Up-to-date: /home/xytron/xycar_ws/install/vesc_msgs/share/vesc_msgs/cmake/vesc_msgs__rosidl_typesupport_cppExport-noconfig.cmake
[2.063s] -- Up-to-date: /home/xytron/xycar_ws/install/vesc_msgs/share/vesc_msgs/cmake/export_vesc_msgs__rosidl_generator_pyExport.cmake
[2.063s] -- Up-to-date: /home/xytron/xycar_ws/install/vesc_msgs/share/vesc_msgs/cmake/export_vesc_msgs__rosidl_generator_pyExport-noconfig.cmake
[2.063s] -- Up-to-date: /home/xytron/xycar_ws/install/vesc_msgs/share/vesc_msgs/cmake/rosidl_cmake-extras.cmake
[2.064s] -- Up-to-date: /home/xytron/xycar_ws/install/vesc_msgs/share/vesc_msgs/cmake/ament_cmake_export_dependencies-extras.cmake
[2.064s] -- Up-to-date: /home/xytron/xycar_ws/install/vesc_msgs/share/vesc_msgs/cmake/ament_cmake_export_include_directories-extras.cmake
[2.064s] -- Up-to-date: /home/xytron/xycar_ws/install/vesc_msgs/share/vesc_msgs/cmake/ament_cmake_export_libraries-extras.cmake
[2.064s] -- Up-to-date: /home/xytron/xycar_ws/install/vesc_msgs/share/vesc_msgs/cmake/ament_cmake_export_targets-extras.cmake
[2.064s] -- Up-to-date: /home/xytron/xycar_ws/install/vesc_msgs/share/vesc_msgs/cmake/rosidl_cmake_export_typesupport_targets-extras.cmake
[2.064s] -- Up-to-date: /home/xytron/xycar_ws/install/vesc_msgs/share/vesc_msgs/cmake/rosidl_cmake_export_typesupport_libraries-extras.cmake
[2.064s] -- Up-to-date: /home/xytron/xycar_ws/install/vesc_msgs/share/vesc_msgs/cmake/vesc_msgsConfig.cmake
[2.064s] -- Up-to-date: /home/xytron/xycar_ws/install/vesc_msgs/share/vesc_msgs/cmake/vesc_msgsConfig-version.cmake
[2.064s] -- Up-to-date: /home/xytron/xycar_ws/install/vesc_msgs/share/vesc_msgs/package.xml
[2.084s] Invoked command in '/home/xytron/xycar_ws/build/vesc_msgs' returned '0': CMAKE_PREFIX_PATH=${CMAKE_PREFIX_PATH}:/home/xytron/xycar_ws/install/xycar_planner:/home/xytron/xycar_ws/install/control_motor:/home/xytron/xycar_ws/install/xycar_motor:/home/xytron/xycar_ws/install/xycar_imu:/home/xytron/xycar_ws/install/xycar_cam:/home/xytron/xycar_ws/install/app_ultra_viewer:/home/xytron/xycar_ws/install/app_turtlesim:/home/xytron/xycar_ws/install/app_sensor_drive:/home/xytron/xycar_ws/install/app_rule_drive_sim:/home/xytron/xycar_ws/install/app_pubsub:/home/xytron/xycar_ws/install/app_path_planning:/home/xytron/xycar_ws/install/app_hough_drive:/home/xytron/xycar_ws/install/app_cam_exposure:/home/xytron/xycar_ws/install/app_8_drive:/opt/ros/humble /usr/bin/cmake --install /home/xytron/xycar_ws/build/vesc_msgs
