[0.148s] Invoking command in '/home/xytron/xycar_ws/build/xycar_msgs': CMAKE_PREFIX_PATH=${CMAKE_PREFIX_PATH}:/home/xytron/xycar_ws/install/xycar_planner:/home/xytron/xycar_ws/install/control_motor:/home/xytron/xycar_ws/install/xycar_motor:/home/xytron/xycar_ws/install/xycar_imu:/home/xytron/xycar_ws/install/xycar_cam:/home/xytron/xycar_ws/install/app_ultra_viewer:/home/xytron/xycar_ws/install/app_turtlesim:/home/xytron/xycar_ws/install/app_sensor_drive:/home/xytron/xycar_ws/install/app_rule_drive_sim:/home/xytron/xycar_ws/install/app_pubsub:/home/xytron/xycar_ws/install/app_path_planning:/home/xytron/xycar_ws/install/app_hough_drive:/home/xytron/xycar_ws/install/app_cam_exposure:/home/xytron/xycar_ws/install/app_8_drive:/opt/ros/humble /usr/bin/cmake --build /home/xytron/xycar_ws/build/xycar_msgs -- -j16 -l16
[2.724s] [  2%] Built target xycar_msgs__cpp
[2.724s] [ 12%] Built target xycar_msgs__rosidl_generator_c
[2.726s] [ 12%] Built target ament_cmake_python_copy_xycar_msgs
[2.726s] [ 23%] Built target xycar_msgs__rosidl_typesupport_fastrtps_cpp
[2.726s] [ 33%] Built target xycar_msgs__rosidl_typesupport_introspection_c
[2.726s] [ 43%] Built target xycar_msgs__rosidl_typesupport_introspection_cpp
[2.727s] [ 53%] Built target xycar_msgs__rosidl_typesupport_c
[2.727s] [ 74%] Built target xycar_msgs__rosidl_typesupport_cpp
[2.728s] [ 74%] Built target xycar_msgs__rosidl_typesupport_fastrtps_c
[2.728s] [ 74%] Built target xycar_msgs
[2.728s] [ 76%] Built target xycar_msgs__py
[2.728s] [ 84%] Built target xycar_msgs__rosidl_generator_py
[2.728s] [ 89%] Built target xycar_msgs__rosidl_typesupport_c__pyext
[2.728s] [ 94%] Built target xycar_msgs__rosidl_typesupport_fastrtps_c__pyext
[2.728s] [100%] Built target xycar_msgs__rosidl_typesupport_introspection_c__pyext
[2.728s] running egg_info
[2.728s] writing xycar_msgs.egg-info/PKG-INFO
[2.728s] writing dependency_links to xycar_msgs.egg-info/dependency_links.txt
[2.728s] writing top-level names to xycar_msgs.egg-info/top_level.txt
[2.729s] reading manifest file 'xycar_msgs.egg-info/SOURCES.txt'
[2.729s] writing manifest file 'xycar_msgs.egg-info/SOURCES.txt'
[2.729s] [100%] Built target ament_cmake_python_build_xycar_msgs_egg
[2.742s] Invoked command in '/home/xytron/xycar_ws/build/xycar_msgs' returned '0': CMAKE_PREFIX_PATH=${CMAKE_PREFIX_PATH}:/home/xytron/xycar_ws/install/xycar_planner:/home/xytron/xycar_ws/install/control_motor:/home/xytron/xycar_ws/install/xycar_motor:/home/xytron/xycar_ws/install/xycar_imu:/home/xytron/xycar_ws/install/xycar_cam:/home/xytron/xycar_ws/install/app_ultra_viewer:/home/xytron/xycar_ws/install/app_turtlesim:/home/xytron/xycar_ws/install/app_sensor_drive:/home/xytron/xycar_ws/install/app_rule_drive_sim:/home/xytron/xycar_ws/install/app_pubsub:/home/xytron/xycar_ws/install/app_path_planning:/home/xytron/xycar_ws/install/app_hough_drive:/home/xytron/xycar_ws/install/app_cam_exposure:/home/xytron/xycar_ws/install/app_8_drive:/opt/ros/humble /usr/bin/cmake --build /home/xytron/xycar_ws/build/xycar_msgs -- -j16 -l16
[2.760s] Invoking command in '/home/xytron/xycar_ws/build/xycar_msgs': CMAKE_PREFIX_PATH=${CMAKE_PREFIX_PATH}:/home/xytron/xycar_ws/install/xycar_planner:/home/xytron/xycar_ws/install/control_motor:/home/xytron/xycar_ws/install/xycar_motor:/home/xytron/xycar_ws/install/xycar_imu:/home/xytron/xycar_ws/install/xycar_cam:/home/xytron/xycar_ws/install/app_ultra_viewer:/home/xytron/xycar_ws/install/app_turtlesim:/home/xytron/xycar_ws/install/app_sensor_drive:/home/xytron/xycar_ws/install/app_rule_drive_sim:/home/xytron/xycar_ws/install/app_pubsub:/home/xytron/xycar_ws/install/app_path_planning:/home/xytron/xycar_ws/install/app_hough_drive:/home/xytron/xycar_ws/install/app_cam_exposure:/home/xytron/xycar_ws/install/app_8_drive:/opt/ros/humble /usr/bin/cmake --install /home/xytron/xycar_ws/build/xycar_msgs
[2.788s] -- Install configuration: ""
[2.789s] -- Up-to-date: /home/xytron/xycar_ws/install/xycar_msgs/share/ament_index/resource_index/rosidl_interfaces/xycar_msgs
[2.789s] -- Up-to-date: /home/xytron/xycar_ws/install/xycar_msgs/include/xycar_msgs/xycar_msgs
[2.789s] -- Up-to-date: /home/xytron/xycar_ws/install/xycar_msgs/include/xycar_msgs/xycar_msgs/msg
[2.789s] -- Up-to-date: /home/xytron/xycar_ws/install/xycar_msgs/include/xycar_msgs/xycar_msgs/msg/xycar_motor.h
[2.789s] -- Up-to-date: /home/xytron/xycar_ws/install/xycar_msgs/include/xycar_msgs/xycar_msgs/msg/rosidl_generator_c__visibility_control.h
[2.790s] -- Up-to-date: /home/xytron/xycar_ws/install/xycar_msgs/include/xycar_msgs/xycar_msgs/msg/xycar_ultrasonic.h
[2.790s] -- Up-to-date: /home/xytron/xycar_ws/install/xycar_msgs/include/xycar_msgs/xycar_msgs/msg/detail
[2.790s] -- Up-to-date: /home/xytron/xycar_ws/install/xycar_msgs/include/xycar_msgs/xycar_msgs/msg/detail/xycar_ultrasonic__functions.c
[2.790s] -- Up-to-date: /home/xytron/xycar_ws/install/xycar_msgs/include/xycar_msgs/xycar_msgs/msg/detail/xycar_ultrasonic__functions.h
[2.790s] -- Up-to-date: /home/xytron/xycar_ws/install/xycar_msgs/include/xycar_msgs/xycar_msgs/msg/detail/xycar_motor__functions.c
[2.790s] -- Up-to-date: /home/xytron/xycar_ws/install/xycar_msgs/include/xycar_msgs/xycar_msgs/msg/detail/xycar_motor__functions.h
[2.790s] -- Up-to-date: /home/xytron/xycar_ws/install/xycar_msgs/include/xycar_msgs/xycar_msgs/msg/detail/xycar_motor__type_support.h
[2.790s] -- Up-to-date: /home/xytron/xycar_ws/install/xycar_msgs/include/xycar_msgs/xycar_msgs/msg/detail/xycar_ultrasonic__struct.h
[2.790s] -- Up-to-date: /home/xytron/xycar_ws/install/xycar_msgs/include/xycar_msgs/xycar_msgs/msg/detail/xycar_motor__struct.h
[2.790s] -- Up-to-date: /home/xytron/xycar_ws/install/xycar_msgs/include/xycar_msgs/xycar_msgs/msg/detail/xycar_ultrasonic__type_support.h
[2.791s] -- Up-to-date: /home/xytron/xycar_ws/install/xycar_msgs/share/xycar_msgs/environment/library_path.sh
[2.791s] -- Up-to-date: /home/xytron/xycar_ws/install/xycar_msgs/share/xycar_msgs/environment/library_path.dsv
[2.791s] -- Up-to-date: /home/xytron/xycar_ws/install/xycar_msgs/lib/libxycar_msgs__rosidl_generator_c.so
[2.792s] -- Up-to-date: /home/xytron/xycar_ws/install/xycar_msgs/include/xycar_msgs/xycar_msgs
[2.792s] -- Up-to-date: /home/xytron/xycar_ws/install/xycar_msgs/include/xycar_msgs/xycar_msgs/msg
[2.792s] -- Up-to-date: /home/xytron/xycar_ws/install/xycar_msgs/include/xycar_msgs/xycar_msgs/msg/rosidl_typesupport_fastrtps_c__visibility_control.h
[2.792s] -- Up-to-date: /home/xytron/xycar_ws/install/xycar_msgs/include/xycar_msgs/xycar_msgs/msg/detail
[2.792s] -- Up-to-date: /home/xytron/xycar_ws/install/xycar_msgs/include/xycar_msgs/xycar_msgs/msg/detail/xycar_motor__rosidl_typesupport_fastrtps_c.h
[2.798s] -- Up-to-date: /home/xytron/xycar_ws/install/xycar_msgs/include/xycar_msgs/xycar_msgs/msg/detail/xycar_ultrasonic__rosidl_typesupport_fastrtps_c.h
[2.802s] -- Up-to-date: /home/xytron/xycar_ws/install/xycar_msgs/lib/libxycar_msgs__rosidl_typesupport_fastrtps_c.so
[2.803s] -- Up-to-date: /home/xytron/xycar_ws/install/xycar_msgs/include/xycar_msgs/xycar_msgs
[2.804s] -- Up-to-date: /home/xytron/xycar_ws/install/xycar_msgs/include/xycar_msgs/xycar_msgs/msg
[2.806s] -- Up-to-date: /home/xytron/xycar_ws/install/xycar_msgs/include/xycar_msgs/xycar_msgs/msg/rosidl_typesupport_introspection_c__visibility_control.h
[2.809s] -- Up-to-date: /home/xytron/xycar_ws/install/xycar_msgs/include/xycar_msgs/xycar_msgs/msg/detail
[2.809s] -- Up-to-date: /home/xytron/xycar_ws/install/xycar_msgs/include/xycar_msgs/xycar_msgs/msg/detail/xycar_ultrasonic__type_support.c
[2.809s] -- Up-to-date: /home/xytron/xycar_ws/install/xycar_msgs/include/xycar_msgs/xycar_msgs/msg/detail/xycar_motor__rosidl_typesupport_introspection_c.h
[2.809s] -- Up-to-date: /home/xytron/xycar_ws/install/xycar_msgs/include/xycar_msgs/xycar_msgs/msg/detail/xycar_ultrasonic__rosidl_typesupport_introspection_c.h
[2.810s] -- Up-to-date: /home/xytron/xycar_ws/install/xycar_msgs/include/xycar_msgs/xycar_msgs/msg/detail/xycar_motor__type_support.c
[2.810s] -- Up-to-date: /home/xytron/xycar_ws/install/xycar_msgs/lib/libxycar_msgs__rosidl_typesupport_introspection_c.so
[2.810s] -- Up-to-date: /home/xytron/xycar_ws/install/xycar_msgs/lib/libxycar_msgs__rosidl_typesupport_c.so
[2.811s] -- Up-to-date: /home/xytron/xycar_ws/install/xycar_msgs/include/xycar_msgs/xycar_msgs
[2.812s] -- Up-to-date: /home/xytron/xycar_ws/install/xycar_msgs/include/xycar_msgs/xycar_msgs/msg
[2.812s] -- Up-to-date: /home/xytron/xycar_ws/install/xycar_msgs/include/xycar_msgs/xycar_msgs/msg/xycar_motor.hpp
[2.812s] -- Up-to-date: /home/xytron/xycar_ws/install/xycar_msgs/include/xycar_msgs/xycar_msgs/msg/rosidl_generator_cpp__visibility_control.hpp
[2.813s] -- Up-to-date: /home/xytron/xycar_ws/install/xycar_msgs/include/xycar_msgs/xycar_msgs/msg/detail
[2.813s] -- Up-to-date: /home/xytron/xycar_ws/install/xycar_msgs/include/xycar_msgs/xycar_msgs/msg/detail/xycar_motor__traits.hpp
[2.813s] -- Up-to-date: /home/xytron/xycar_ws/install/xycar_msgs/include/xycar_msgs/xycar_msgs/msg/detail/xycar_ultrasonic__builder.hpp
[2.813s] -- Up-to-date: /home/xytron/xycar_ws/install/xycar_msgs/include/xycar_msgs/xycar_msgs/msg/detail/xycar_ultrasonic__traits.hpp
[2.813s] -- Up-to-date: /home/xytron/xycar_ws/install/xycar_msgs/include/xycar_msgs/xycar_msgs/msg/detail/xycar_ultrasonic__type_support.hpp
[2.816s] -- Up-to-date: /home/xytron/xycar_ws/install/xycar_msgs/include/xycar_msgs/xycar_msgs/msg/detail/xycar_ultrasonic__struct.hpp
[2.817s] -- Up-to-date: /home/xytron/xycar_ws/install/xycar_msgs/include/xycar_msgs/xycar_msgs/msg/detail/xycar_motor__struct.hpp
[2.818s] -- Up-to-date: /home/xytron/xycar_ws/install/xycar_msgs/include/xycar_msgs/xycar_msgs/msg/detail/xycar_motor__builder.hpp
[2.819s] -- Up-to-date: /home/xytron/xycar_ws/install/xycar_msgs/include/xycar_msgs/xycar_msgs/msg/detail/xycar_motor__type_support.hpp
[2.823s] -- Up-to-date: /home/xytron/xycar_ws/install/xycar_msgs/include/xycar_msgs/xycar_msgs/msg/xycar_ultrasonic.hpp
[2.824s] -- Up-to-date: /home/xytron/xycar_ws/install/xycar_msgs/include/xycar_msgs/xycar_msgs
[2.825s] -- Up-to-date: /home/xytron/xycar_ws/install/xycar_msgs/include/xycar_msgs/xycar_msgs/msg
[2.828s] -- Up-to-date: /home/xytron/xycar_ws/install/xycar_msgs/include/xycar_msgs/xycar_msgs/msg/rosidl_typesupport_fastrtps_cpp__visibility_control.h
[2.830s] -- Up-to-date: /home/xytron/xycar_ws/install/xycar_msgs/include/xycar_msgs/xycar_msgs/msg/detail
[2.836s] -- Up-to-date: /home/xytron/xycar_ws/install/xycar_msgs/include/xycar_msgs/xycar_msgs/msg/detail/xycar_ultrasonic__rosidl_typesupport_fastrtps_cpp.hpp
[2.840s] -- Up-to-date: /home/xytron/xycar_ws/install/xycar_msgs/include/xycar_msgs/xycar_msgs/msg/detail/dds_fastrtps
[2.846s] -- Up-to-date: /home/xytron/xycar_ws/install/xycar_msgs/include/xycar_msgs/xycar_msgs/msg/detail/xycar_motor__rosidl_typesupport_fastrtps_cpp.hpp
[2.848s] -- Up-to-date: /home/xytron/xycar_ws/install/xycar_msgs/lib/libxycar_msgs__rosidl_typesupport_fastrtps_cpp.so
[2.851s] -- Up-to-date: /home/xytron/xycar_ws/install/xycar_msgs/include/xycar_msgs/xycar_msgs
[2.852s] -- Up-to-date: /home/xytron/xycar_ws/install/xycar_msgs/include/xycar_msgs/xycar_msgs/msg
[2.853s] -- Up-to-date: /home/xytron/xycar_ws/install/xycar_msgs/include/xycar_msgs/xycar_msgs/msg/detail
[2.856s] -- Up-to-date: /home/xytron/xycar_ws/install/xycar_msgs/include/xycar_msgs/xycar_msgs/msg/detail/xycar_motor__rosidl_typesupport_introspection_cpp.hpp
[2.857s] -- Up-to-date: /home/xytron/xycar_ws/install/xycar_msgs/include/xycar_msgs/xycar_msgs/msg/detail/xycar_ultrasonic__type_support.cpp
[2.857s] -- Up-to-date: /home/xytron/xycar_ws/install/xycar_msgs/include/xycar_msgs/xycar_msgs/msg/detail/xycar_ultrasonic__rosidl_typesupport_introspection_cpp.hpp
[2.857s] -- Up-to-date: /home/xytron/xycar_ws/install/xycar_msgs/include/xycar_msgs/xycar_msgs/msg/detail/xycar_motor__type_support.cpp
[2.857s] -- Up-to-date: /home/xytron/xycar_ws/install/xycar_msgs/lib/libxycar_msgs__rosidl_typesupport_introspection_cpp.so
[2.858s] -- Up-to-date: /home/xytron/xycar_ws/install/xycar_msgs/lib/libxycar_msgs__rosidl_typesupport_cpp.so
[2.858s] -- Up-to-date: /home/xytron/xycar_ws/install/xycar_msgs/share/xycar_msgs/environment/pythonpath.sh
[2.858s] -- Up-to-date: /home/xytron/xycar_ws/install/xycar_msgs/share/xycar_msgs/environment/pythonpath.dsv
[2.858s] -- Up-to-date: /home/xytron/xycar_ws/install/xycar_msgs/local/lib/python3.10/dist-packages/xycar_msgs-0.0.0-py3.10.egg-info
[2.858s] -- Installing: /home/xytron/xycar_ws/install/xycar_msgs/local/lib/python3.10/dist-packages/xycar_msgs-0.0.0-py3.10.egg-info/PKG-INFO
[2.858s] -- Installing: /home/xytron/xycar_ws/install/xycar_msgs/local/lib/python3.10/dist-packages/xycar_msgs-0.0.0-py3.10.egg-info/dependency_links.txt
[2.859s] -- Installing: /home/xytron/xycar_ws/install/xycar_msgs/local/lib/python3.10/dist-packages/xycar_msgs-0.0.0-py3.10.egg-info/top_level.txt
[2.859s] -- Installing: /home/xytron/xycar_ws/install/xycar_msgs/local/lib/python3.10/dist-packages/xycar_msgs-0.0.0-py3.10.egg-info/SOURCES.txt
[2.859s] -- Up-to-date: /home/xytron/xycar_ws/install/xycar_msgs/local/lib/python3.10/dist-packages/xycar_msgs
[2.859s] -- Up-to-date: /home/xytron/xycar_ws/install/xycar_msgs/local/lib/python3.10/dist-packages/xycar_msgs/xycar_msgs_s__rosidl_typesupport_introspection_c.cpython-310-x86_64-linux-gnu.so
[2.859s] -- Up-to-date: /home/xytron/xycar_ws/install/xycar_msgs/local/lib/python3.10/dist-packages/xycar_msgs/__init__.py
[2.859s] -- Up-to-date: /home/xytron/xycar_ws/install/xycar_msgs/local/lib/python3.10/dist-packages/xycar_msgs/_xycar_msgs_s.ep.rosidl_typesupport_fastrtps_c.c
[2.859s] -- Up-to-date: /home/xytron/xycar_ws/install/xycar_msgs/local/lib/python3.10/dist-packages/xycar_msgs/msg
[2.859s] -- Up-to-date: /home/xytron/xycar_ws/install/xycar_msgs/local/lib/python3.10/dist-packages/xycar_msgs/msg/__init__.py
[2.868s] -- Up-to-date: /home/xytron/xycar_ws/install/xycar_msgs/local/lib/python3.10/dist-packages/xycar_msgs/msg/_xycar_ultrasonic_s.c
[2.868s] -- Up-to-date: /home/xytron/xycar_ws/install/xycar_msgs/local/lib/python3.10/dist-packages/xycar_msgs/msg/_xycar_ultrasonic.py
[2.868s] -- Up-to-date: /home/xytron/xycar_ws/install/xycar_msgs/local/lib/python3.10/dist-packages/xycar_msgs/msg/_xycar_motor.py
[2.868s] -- Up-to-date: /home/xytron/xycar_ws/install/xycar_msgs/local/lib/python3.10/dist-packages/xycar_msgs/msg/_xycar_motor_s.c
[2.869s] -- Up-to-date: /home/xytron/xycar_ws/install/xycar_msgs/local/lib/python3.10/dist-packages/xycar_msgs/_xycar_msgs_s.ep.rosidl_typesupport_c.c
[2.869s] -- Up-to-date: /home/xytron/xycar_ws/install/xycar_msgs/local/lib/python3.10/dist-packages/xycar_msgs/_xycar_msgs_s.ep.rosidl_typesupport_introspection_c.c
[2.869s] -- Up-to-date: /home/xytron/xycar_ws/install/xycar_msgs/local/lib/python3.10/dist-packages/xycar_msgs/xycar_msgs_s__rosidl_typesupport_c.cpython-310-x86_64-linux-gnu.so
[2.869s] -- Up-to-date: /home/xytron/xycar_ws/install/xycar_msgs/local/lib/python3.10/dist-packages/xycar_msgs/libxycar_msgs__rosidl_generator_py.so
[2.869s] -- Up-to-date: /home/xytron/xycar_ws/install/xycar_msgs/local/lib/python3.10/dist-packages/xycar_msgs/xycar_msgs_s__rosidl_typesupport_fastrtps_c.cpython-310-x86_64-linux-gnu.so
[2.967s] Listing '/home/xytron/xycar_ws/install/xycar_msgs/local/lib/python3.10/dist-packages/xycar_msgs'...
[2.967s] Listing '/home/xytron/xycar_ws/install/xycar_msgs/local/lib/python3.10/dist-packages/xycar_msgs/msg'...
[2.967s] -- Up-to-date: /home/xytron/xycar_ws/install/xycar_msgs/local/lib/python3.10/dist-packages/xycar_msgs/xycar_msgs_s__rosidl_typesupport_fastrtps_c.cpython-310-x86_64-linux-gnu.so
[2.967s] -- Up-to-date: /home/xytron/xycar_ws/install/xycar_msgs/local/lib/python3.10/dist-packages/xycar_msgs/xycar_msgs_s__rosidl_typesupport_introspection_c.cpython-310-x86_64-linux-gnu.so
[2.967s] -- Up-to-date: /home/xytron/xycar_ws/install/xycar_msgs/local/lib/python3.10/dist-packages/xycar_msgs/xycar_msgs_s__rosidl_typesupport_c.cpython-310-x86_64-linux-gnu.so
[2.968s] -- Up-to-date: /home/xytron/xycar_ws/install/xycar_msgs/lib/libxycar_msgs__rosidl_generator_py.so
[2.968s] -- Up-to-date: /home/xytron/xycar_ws/install/xycar_msgs/share/xycar_msgs/msg/XycarMotor.idl
[2.970s] -- Up-to-date: /home/xytron/xycar_ws/install/xycar_msgs/share/xycar_msgs/msg/XycarUltrasonic.idl
[2.970s] -- Up-to-date: /home/xytron/xycar_ws/install/xycar_msgs/share/xycar_msgs/msg/XycarMotor.msg
[2.970s] -- Up-to-date: /home/xytron/xycar_ws/install/xycar_msgs/share/xycar_msgs/msg/XycarUltrasonic.msg
[2.970s] -- Up-to-date: /home/xytron/xycar_ws/install/xycar_msgs/share/ament_index/resource_index/package_run_dependencies/xycar_msgs
[2.971s] -- Up-to-date: /home/xytron/xycar_ws/install/xycar_msgs/share/ament_index/resource_index/parent_prefix_path/xycar_msgs
[2.971s] -- Up-to-date: /home/xytron/xycar_ws/install/xycar_msgs/share/xycar_msgs/environment/ament_prefix_path.sh
[2.971s] -- Up-to-date: /home/xytron/xycar_ws/install/xycar_msgs/share/xycar_msgs/environment/ament_prefix_path.dsv
[2.972s] -- Up-to-date: /home/xytron/xycar_ws/install/xycar_msgs/share/xycar_msgs/environment/path.sh
[2.973s] -- Up-to-date: /home/xytron/xycar_ws/install/xycar_msgs/share/xycar_msgs/environment/path.dsv
[2.973s] -- Up-to-date: /home/xytron/xycar_ws/install/xycar_msgs/share/xycar_msgs/local_setup.bash
[2.973s] -- Up-to-date: /home/xytron/xycar_ws/install/xycar_msgs/share/xycar_msgs/local_setup.sh
[2.973s] -- Up-to-date: /home/xytron/xycar_ws/install/xycar_msgs/share/xycar_msgs/local_setup.zsh
[2.973s] -- Up-to-date: /home/xytron/xycar_ws/install/xycar_msgs/share/xycar_msgs/local_setup.dsv
[2.973s] -- Installing: /home/xytron/xycar_ws/install/xycar_msgs/share/xycar_msgs/package.dsv
[2.973s] -- Up-to-date: /home/xytron/xycar_ws/install/xycar_msgs/share/ament_index/resource_index/packages/xycar_msgs
[2.973s] -- Up-to-date: /home/xytron/xycar_ws/install/xycar_msgs/share/xycar_msgs/cmake/export_xycar_msgs__rosidl_generator_cExport.cmake
[2.973s] -- Up-to-date: /home/xytron/xycar_ws/install/xycar_msgs/share/xycar_msgs/cmake/export_xycar_msgs__rosidl_generator_cExport-noconfig.cmake
[2.973s] -- Up-to-date: /home/xytron/xycar_ws/install/xycar_msgs/share/xycar_msgs/cmake/export_xycar_msgs__rosidl_typesupport_fastrtps_cExport.cmake
[2.973s] -- Up-to-date: /home/xytron/xycar_ws/install/xycar_msgs/share/xycar_msgs/cmake/export_xycar_msgs__rosidl_typesupport_fastrtps_cExport-noconfig.cmake
[2.974s] -- Up-to-date: /home/xytron/xycar_ws/install/xycar_msgs/share/xycar_msgs/cmake/xycar_msgs__rosidl_typesupport_introspection_cExport.cmake
[2.974s] -- Up-to-date: /home/xytron/xycar_ws/install/xycar_msgs/share/xycar_msgs/cmake/xycar_msgs__rosidl_typesupport_introspection_cExport-noconfig.cmake
[2.974s] -- Up-to-date: /home/xytron/xycar_ws/install/xycar_msgs/share/xycar_msgs/cmake/xycar_msgs__rosidl_typesupport_cExport.cmake
[2.974s] -- Up-to-date: /home/xytron/xycar_ws/install/xycar_msgs/share/xycar_msgs/cmake/xycar_msgs__rosidl_typesupport_cExport-noconfig.cmake
[2.974s] -- Up-to-date: /home/xytron/xycar_ws/install/xycar_msgs/share/xycar_msgs/cmake/export_xycar_msgs__rosidl_generator_cppExport.cmake
[2.974s] -- Up-to-date: /home/xytron/xycar_ws/install/xycar_msgs/share/xycar_msgs/cmake/export_xycar_msgs__rosidl_typesupport_fastrtps_cppExport.cmake
[2.974s] -- Up-to-date: /home/xytron/xycar_ws/install/xycar_msgs/share/xycar_msgs/cmake/export_xycar_msgs__rosidl_typesupport_fastrtps_cppExport-noconfig.cmake
[2.974s] -- Up-to-date: /home/xytron/xycar_ws/install/xycar_msgs/share/xycar_msgs/cmake/xycar_msgs__rosidl_typesupport_introspection_cppExport.cmake
[2.974s] -- Up-to-date: /home/xytron/xycar_ws/install/xycar_msgs/share/xycar_msgs/cmake/xycar_msgs__rosidl_typesupport_introspection_cppExport-noconfig.cmake
[2.974s] -- Up-to-date: /home/xytron/xycar_ws/install/xycar_msgs/share/xycar_msgs/cmake/xycar_msgs__rosidl_typesupport_cppExport.cmake
[2.974s] -- Up-to-date: /home/xytron/xycar_ws/install/xycar_msgs/share/xycar_msgs/cmake/xycar_msgs__rosidl_typesupport_cppExport-noconfig.cmake
[2.974s] -- Up-to-date: /home/xytron/xycar_ws/install/xycar_msgs/share/xycar_msgs/cmake/export_xycar_msgs__rosidl_generator_pyExport.cmake
[2.975s] -- Up-to-date: /home/xytron/xycar_ws/install/xycar_msgs/share/xycar_msgs/cmake/export_xycar_msgs__rosidl_generator_pyExport-noconfig.cmake
[2.975s] -- Up-to-date: /home/xytron/xycar_ws/install/xycar_msgs/share/xycar_msgs/cmake/rosidl_cmake-extras.cmake
[2.975s] -- Up-to-date: /home/xytron/xycar_ws/install/xycar_msgs/share/xycar_msgs/cmake/ament_cmake_export_dependencies-extras.cmake
[2.975s] -- Up-to-date: /home/xytron/xycar_ws/install/xycar_msgs/share/xycar_msgs/cmake/ament_cmake_export_include_directories-extras.cmake
[2.975s] -- Up-to-date: /home/xytron/xycar_ws/install/xycar_msgs/share/xycar_msgs/cmake/ament_cmake_export_libraries-extras.cmake
[2.975s] -- Up-to-date: /home/xytron/xycar_ws/install/xycar_msgs/share/xycar_msgs/cmake/ament_cmake_export_targets-extras.cmake
[2.975s] -- Up-to-date: /home/xytron/xycar_ws/install/xycar_msgs/share/xycar_msgs/cmake/rosidl_cmake_export_typesupport_targets-extras.cmake
[2.975s] -- Up-to-date: /home/xytron/xycar_ws/install/xycar_msgs/share/xycar_msgs/cmake/rosidl_cmake_export_typesupport_libraries-extras.cmake
[2.975s] -- Up-to-date: /home/xytron/xycar_ws/install/xycar_msgs/share/xycar_msgs/cmake/xycar_msgsConfig.cmake
[2.975s] -- Up-to-date: /home/xytron/xycar_ws/install/xycar_msgs/share/xycar_msgs/cmake/xycar_msgsConfig-version.cmake
[2.977s] -- Up-to-date: /home/xytron/xycar_ws/install/xycar_msgs/share/xycar_msgs/package.xml
[3.004s] Invoked command in '/home/xytron/xycar_ws/build/xycar_msgs' returned '0': CMAKE_PREFIX_PATH=${CMAKE_PREFIX_PATH}:/home/xytron/xycar_ws/install/xycar_planner:/home/xytron/xycar_ws/install/control_motor:/home/xytron/xycar_ws/install/xycar_motor:/home/xytron/xycar_ws/install/xycar_imu:/home/xytron/xycar_ws/install/xycar_cam:/home/xytron/xycar_ws/install/app_ultra_viewer:/home/xytron/xycar_ws/install/app_turtlesim:/home/xytron/xycar_ws/install/app_sensor_drive:/home/xytron/xycar_ws/install/app_rule_drive_sim:/home/xytron/xycar_ws/install/app_pubsub:/home/xytron/xycar_ws/install/app_path_planning:/home/xytron/xycar_ws/install/app_hough_drive:/home/xytron/xycar_ws/install/app_cam_exposure:/home/xytron/xycar_ws/install/app_8_drive:/opt/ros/humble /usr/bin/cmake --install /home/xytron/xycar_ws/build/xycar_msgs
