running egg_info
creating ../../../build/xycar_motor/xycar_motor.egg-info
writing ../../../build/xycar_motor/xycar_motor.egg-info/PKG-INFO
writing dependency_links to ../../../build/xycar_motor/xycar_motor.egg-info/dependency_links.txt
writing entry points to ../../../build/xycar_motor/xycar_motor.egg-info/entry_points.txt
writing requirements to ../../../build/xycar_motor/xycar_motor.egg-info/requires.txt
writing top-level names to ../../../build/xycar_motor/xycar_motor.egg-info/top_level.txt
writing manifest file '../../../build/xycar_motor/xycar_motor.egg-info/SOURCES.txt'
reading manifest file '../../../build/xycar_motor/xycar_motor.egg-info/SOURCES.txt'
writing manifest file '../../../build/xycar_motor/xycar_motor.egg-info/SOURCES.txt'
running build
running build_py
creating /home/xytron/xycar_ws/build/xycar_motor/build
creating /home/xytron/xycar_ws/build/xycar_motor/build/lib
creating /home/xytron/xycar_ws/build/xycar_motor/build/lib/xycar_motor
copying xycar_motor/__init__.py -> /home/xytron/xycar_ws/build/xycar_motor/build/lib/xycar_motor
copying xycar_motor/vesc_test.py -> /home/xytron/xycar_ws/build/xycar_motor/build/lib/xycar_motor
copying xycar_motor/motor_test.py -> /home/xytron/xycar_ws/build/xycar_motor/build/lib/xycar_motor
copying xycar_motor/xycar_motor.py -> /home/xytron/xycar_ws/build/xycar_motor/build/lib/xycar_motor
running install
running install_lib
creating /home/xytron/xycar_ws/install/xycar_motor/lib/python3.10/site-packages/xycar_motor
copying /home/xytron/xycar_ws/build/xycar_motor/build/lib/xycar_motor/__init__.py -> /home/xytron/xycar_ws/install/xycar_motor/lib/python3.10/site-packages/xycar_motor
copying /home/xytron/xycar_ws/build/xycar_motor/build/lib/xycar_motor/vesc_test.py -> /home/xytron/xycar_ws/install/xycar_motor/lib/python3.10/site-packages/xycar_motor
copying /home/xytron/xycar_ws/build/xycar_motor/build/lib/xycar_motor/motor_test.py -> /home/xytron/xycar_ws/install/xycar_motor/lib/python3.10/site-packages/xycar_motor
copying /home/xytron/xycar_ws/build/xycar_motor/build/lib/xycar_motor/xycar_motor.py -> /home/xytron/xycar_ws/install/xycar_motor/lib/python3.10/site-packages/xycar_motor
byte-compiling /home/xytron/xycar_ws/install/xycar_motor/lib/python3.10/site-packages/xycar_motor/__init__.py to __init__.cpython-310.pyc
byte-compiling /home/xytron/xycar_ws/install/xycar_motor/lib/python3.10/site-packages/xycar_motor/vesc_test.py to vesc_test.cpython-310.pyc
byte-compiling /home/xytron/xycar_ws/install/xycar_motor/lib/python3.10/site-packages/xycar_motor/motor_test.py to motor_test.cpython-310.pyc
byte-compiling /home/xytron/xycar_ws/install/xycar_motor/lib/python3.10/site-packages/xycar_motor/xycar_motor.py to xycar_motor.cpython-310.pyc
running install_data
creating /home/xytron/xycar_ws/install/xycar_motor/share/ament_index
creating /home/xytron/xycar_ws/install/xycar_motor/share/ament_index/resource_index
creating /home/xytron/xycar_ws/install/xycar_motor/share/ament_index/resource_index/packages
copying resource/xycar_motor -> /home/xytron/xycar_ws/install/xycar_motor/share/ament_index/resource_index/packages
copying package.xml -> /home/xytron/xycar_ws/install/xycar_motor/share/xycar_motor
creating /home/xytron/xycar_ws/install/xycar_motor/share/xycar_motor/launch
copying launch/motor_test.launch.py -> /home/xytron/xycar_ws/install/xycar_motor/share/xycar_motor/launch
copying launch/xycar_motor.launch.py -> /home/xytron/xycar_ws/install/xycar_motor/share/xycar_motor/launch
copying launch/vesc_test.launch.py -> /home/xytron/xycar_ws/install/xycar_motor/share/xycar_motor/launch
running install_egg_info
Copying ../../../build/xycar_motor/xycar_motor.egg-info to /home/xytron/xycar_ws/install/xycar_motor/lib/python3.10/site-packages/xycar_motor-0.0.0-py3.10.egg-info
running install_scripts
Installing motor_test script to /home/xytron/xycar_ws/install/xycar_motor/lib/xycar_motor
Installing vesc_test script to /home/xytron/xycar_ws/install/xycar_motor/lib/xycar_motor
Installing xycar_motor script to /home/xytron/xycar_ws/install/xycar_motor/lib/xycar_motor
writing list of installed files to '/home/xytron/xycar_ws/build/xycar_motor/install.log'
