[1.371s] Invoking command in '/home/xytron/xycar_ws/build/xycar_ultrasonic': CMAKE_PREFIX_PATH=${CMAKE_PREFIX_PATH}:/home/xytron/xycar_ws/install/xycar_planner:/home/xytron/xycar_ws/install/control_motor:/home/xytron/xycar_ws/install/xycar_motor:/home/xytron/xycar_ws/install/xycar_imu:/home/xytron/xycar_ws/install/xycar_cam:/home/xytron/xycar_ws/install/app_ultra_viewer:/home/xytron/xycar_ws/install/app_turtlesim:/home/xytron/xycar_ws/install/app_sensor_drive:/home/xytron/xycar_ws/install/app_rule_drive_sim:/home/xytron/xycar_ws/install/app_pubsub:/home/xytron/xycar_ws/install/app_path_planning:/home/xytron/xycar_ws/install/app_hough_drive:/home/xytron/xycar_ws/install/app_cam_exposure:/home/xytron/xycar_ws/install/app_8_drive:/opt/ros/humble /usr/bin/cmake --build /home/xytron/xycar_ws/build/xycar_ultrasonic -- -j16 -l16
[1.475s] [100%] Built target xycar_ultrasonic
[1.507s] Invoked command in '/home/xytron/xycar_ws/build/xycar_ultrasonic' returned '0': CMAKE_PREFIX_PATH=${CMAKE_PREFIX_PATH}:/home/xytron/xycar_ws/install/xycar_planner:/home/xytron/xycar_ws/install/control_motor:/home/xytron/xycar_ws/install/xycar_motor:/home/xytron/xycar_ws/install/xycar_imu:/home/xytron/xycar_ws/install/xycar_cam:/home/xytron/xycar_ws/install/app_ultra_viewer:/home/xytron/xycar_ws/install/app_turtlesim:/home/xytron/xycar_ws/install/app_sensor_drive:/home/xytron/xycar_ws/install/app_rule_drive_sim:/home/xytron/xycar_ws/install/app_pubsub:/home/xytron/xycar_ws/install/app_path_planning:/home/xytron/xycar_ws/install/app_hough_drive:/home/xytron/xycar_ws/install/app_cam_exposure:/home/xytron/xycar_ws/install/app_8_drive:/opt/ros/humble /usr/bin/cmake --build /home/xytron/xycar_ws/build/xycar_ultrasonic -- -j16 -l16
[1.510s] Invoking command in '/home/xytron/xycar_ws/build/xycar_ultrasonic': CMAKE_PREFIX_PATH=${CMAKE_PREFIX_PATH}:/home/xytron/xycar_ws/install/xycar_planner:/home/xytron/xycar_ws/install/control_motor:/home/xytron/xycar_ws/install/xycar_motor:/home/xytron/xycar_ws/install/xycar_imu:/home/xytron/xycar_ws/install/xycar_cam:/home/xytron/xycar_ws/install/app_ultra_viewer:/home/xytron/xycar_ws/install/app_turtlesim:/home/xytron/xycar_ws/install/app_sensor_drive:/home/xytron/xycar_ws/install/app_rule_drive_sim:/home/xytron/xycar_ws/install/app_pubsub:/home/xytron/xycar_ws/install/app_path_planning:/home/xytron/xycar_ws/install/app_hough_drive:/home/xytron/xycar_ws/install/app_cam_exposure:/home/xytron/xycar_ws/install/app_8_drive:/opt/ros/humble /usr/bin/cmake --install /home/xytron/xycar_ws/build/xycar_ultrasonic
[1.537s] -- Install configuration: ""
[1.537s] -- Up-to-date: /home/xytron/xycar_ws/install/xycar_ultrasonic/lib/xycar_ultrasonic/xycar_ultrasonic
[1.537s] -- Up-to-date: /home/xytron/xycar_ws/install/xycar_ultrasonic/share/xycar_ultrasonic/launch
[1.537s] -- Up-to-date: /home/xytron/xycar_ws/install/xycar_ultrasonic/share/xycar_ultrasonic/launch/xycar_ultrasonic.launch.py
[1.537s] -- Up-to-date: /home/xytron/xycar_ws/install/xycar_ultrasonic/share/xycar_ultrasonic/launch/xycar_ultrasonic_viewer.launch.py
[1.537s] -- Up-to-date: /home/xytron/xycar_ws/install/xycar_ultrasonic/share/ament_index/resource_index/package_run_dependencies/xycar_ultrasonic
[1.539s] -- Up-to-date: /home/xytron/xycar_ws/install/xycar_ultrasonic/share/ament_index/resource_index/parent_prefix_path/xycar_ultrasonic
[1.539s] -- Up-to-date: /home/xytron/xycar_ws/install/xycar_ultrasonic/share/xycar_ultrasonic/environment/ament_prefix_path.sh
[1.540s] -- Up-to-date: /home/xytron/xycar_ws/install/xycar_ultrasonic/share/xycar_ultrasonic/environment/ament_prefix_path.dsv
[1.541s] -- Up-to-date: /home/xytron/xycar_ws/install/xycar_ultrasonic/share/xycar_ultrasonic/environment/path.sh
[1.541s] -- Up-to-date: /home/xytron/xycar_ws/install/xycar_ultrasonic/share/xycar_ultrasonic/environment/path.dsv
[1.541s] -- Up-to-date: /home/xytron/xycar_ws/install/xycar_ultrasonic/share/xycar_ultrasonic/local_setup.bash
[1.541s] -- Up-to-date: /home/xytron/xycar_ws/install/xycar_ultrasonic/share/xycar_ultrasonic/local_setup.sh
[1.541s] -- Up-to-date: /home/xytron/xycar_ws/install/xycar_ultrasonic/share/xycar_ultrasonic/local_setup.zsh
[1.541s] -- Up-to-date: /home/xytron/xycar_ws/install/xycar_ultrasonic/share/xycar_ultrasonic/local_setup.dsv
[1.541s] -- Installing: /home/xytron/xycar_ws/install/xycar_ultrasonic/share/xycar_ultrasonic/package.dsv
[1.541s] -- Up-to-date: /home/xytron/xycar_ws/install/xycar_ultrasonic/share/ament_index/resource_index/packages/xycar_ultrasonic
[1.541s] -- Up-to-date: /home/xytron/xycar_ws/install/xycar_ultrasonic/share/xycar_ultrasonic/cmake/xycar_ultrasonicConfig.cmake
[1.541s] -- Up-to-date: /home/xytron/xycar_ws/install/xycar_ultrasonic/share/xycar_ultrasonic/cmake/xycar_ultrasonicConfig-version.cmake
[1.541s] -- Up-to-date: /home/xytron/xycar_ws/install/xycar_ultrasonic/share/xycar_ultrasonic/package.xml
[1.542s] Invoked command in '/home/xytron/xycar_ws/build/xycar_ultrasonic' returned '0': CMAKE_PREFIX_PATH=${CMAKE_PREFIX_PATH}:/home/xytron/xycar_ws/install/xycar_planner:/home/xytron/xycar_ws/install/control_motor:/home/xytron/xycar_ws/install/xycar_motor:/home/xytron/xycar_ws/install/xycar_imu:/home/xytron/xycar_ws/install/xycar_cam:/home/xytron/xycar_ws/install/app_ultra_viewer:/home/xytron/xycar_ws/install/app_turtlesim:/home/xytron/xycar_ws/install/app_sensor_drive:/home/xytron/xycar_ws/install/app_rule_drive_sim:/home/xytron/xycar_ws/install/app_pubsub:/home/xytron/xycar_ws/install/app_path_planning:/home/xytron/xycar_ws/install/app_hough_drive:/home/xytron/xycar_ws/install/app_cam_exposure:/home/xytron/xycar_ws/install/app_8_drive:/opt/ros/humble /usr/bin/cmake --install /home/xytron/xycar_ws/build/xycar_ultrasonic
