[0.064s] Invoking command in '/home/xytron/xycar_ws/build/vesc_msgs': CMAKE_PREFIX_PATH=${CMAKE_PREFIX_PATH}:/home/xytron/xycar_ws/install/xycar_planner:/home/xytron/xycar_ws/install/control_motor:/home/xytron/xycar_ws/install/xycar_motor:/home/xytron/xycar_ws/install/xycar_imu:/home/xytron/xycar_ws/install/xycar_cam:/home/xytron/xycar_ws/install/app_ultra_viewer:/home/xytron/xycar_ws/install/app_turtlesim:/home/xytron/xycar_ws/install/app_sensor_drive:/home/xytron/xycar_ws/install/app_rule_drive_sim:/home/xytron/xycar_ws/install/app_pubsub:/home/xytron/xycar_ws/install/app_path_planning:/home/xytron/xycar_ws/install/app_hough_drive:/home/xytron/xycar_ws/install/app_cam_exposure:/home/xytron/xycar_ws/install/app_8_drive:/opt/ros/humble /usr/bin/cmake --build /home/xytron/xycar_ws/build/vesc_msgs -- -j16 -l16
[1.584s] [  1%] Built target vesc_msgs__cpp
[1.585s] [ 12%] Built target vesc_msgs__rosidl_generator_c
[1.585s] [ 12%] Built target ament_cmake_python_copy_vesc_msgs
[1.585s] [ 23%] Built target vesc_msgs__rosidl_typesupport_cpp
[1.585s] [ 34%] Built target vesc_msgs__rosidl_typesupport_fastrtps_cpp
[1.585s] [ 45%] Built target vesc_msgs__rosidl_typesupport_introspection_cpp
[1.585s] [ 56%] Built target vesc_msgs__rosidl_typesupport_introspection_c
[1.585s] [ 67%] Built target vesc_msgs__rosidl_typesupport_fastrtps_c
[1.585s] [ 78%] Built target vesc_msgs__rosidl_typesupport_c
[1.585s] [ 78%] Built target vesc_msgs
[1.585s] [ 80%] Built target vesc_msgs__py
[1.585s] [ 89%] Built target vesc_msgs__rosidl_generator_py
[1.585s] [ 98%] Built target vesc_msgs__rosidl_typesupport_fastrtps_c__pyext
[1.586s] [100%] Built target vesc_msgs__rosidl_typesupport_c__pyext
[1.586s] [100%] Built target vesc_msgs__rosidl_typesupport_introspection_c__pyext
[1.586s] running egg_info
[1.586s] writing vesc_msgs.egg-info/PKG-INFO
[1.586s] writing dependency_links to vesc_msgs.egg-info/dependency_links.txt
[1.586s] writing top-level names to vesc_msgs.egg-info/top_level.txt
[1.586s] reading manifest file 'vesc_msgs.egg-info/SOURCES.txt'
[1.586s] writing manifest file 'vesc_msgs.egg-info/SOURCES.txt'
[1.586s] [100%] Built target ament_cmake_python_build_vesc_msgs_egg
[1.605s] Invoked command in '/home/xytron/xycar_ws/build/vesc_msgs' returned '0': CMAKE_PREFIX_PATH=${CMAKE_PREFIX_PATH}:/home/xytron/xycar_ws/install/xycar_planner:/home/xytron/xycar_ws/install/control_motor:/home/xytron/xycar_ws/install/xycar_motor:/home/xytron/xycar_ws/install/xycar_imu:/home/xytron/xycar_ws/install/xycar_cam:/home/xytron/xycar_ws/install/app_ultra_viewer:/home/xytron/xycar_ws/install/app_turtlesim:/home/xytron/xycar_ws/install/app_sensor_drive:/home/xytron/xycar_ws/install/app_rule_drive_sim:/home/xytron/xycar_ws/install/app_pubsub:/home/xytron/xycar_ws/install/app_path_planning:/home/xytron/xycar_ws/install/app_hough_drive:/home/xytron/xycar_ws/install/app_cam_exposure:/home/xytron/xycar_ws/install/app_8_drive:/opt/ros/humble /usr/bin/cmake --build /home/xytron/xycar_ws/build/vesc_msgs -- -j16 -l16
[1.607s] Invoking command in '/home/xytron/xycar_ws/build/vesc_msgs': CMAKE_PREFIX_PATH=${CMAKE_PREFIX_PATH}:/home/xytron/xycar_ws/install/xycar_planner:/home/xytron/xycar_ws/install/control_motor:/home/xytron/xycar_ws/install/xycar_motor:/home/xytron/xycar_ws/install/xycar_imu:/home/xytron/xycar_ws/install/xycar_cam:/home/xytron/xycar_ws/install/app_ultra_viewer:/home/xytron/xycar_ws/install/app_turtlesim:/home/xytron/xycar_ws/install/app_sensor_drive:/home/xytron/xycar_ws/install/app_rule_drive_sim:/home/xytron/xycar_ws/install/app_pubsub:/home/xytron/xycar_ws/install/app_path_planning:/home/xytron/xycar_ws/install/app_hough_drive:/home/xytron/xycar_ws/install/app_cam_exposure:/home/xytron/xycar_ws/install/app_8_drive:/opt/ros/humble /usr/bin/cmake --install /home/xytron/xycar_ws/build/vesc_msgs
[1.617s] -- Install configuration: ""
[1.619s] -- Up-to-date: /home/xytron/xycar_ws/install/vesc_msgs/share/ament_index/resource_index/rosidl_interfaces/vesc_msgs
[1.619s] -- Up-to-date: /home/xytron/xycar_ws/install/vesc_msgs/include/vesc_msgs/vesc_msgs
[1.621s] -- Up-to-date: /home/xytron/xycar_ws/install/vesc_msgs/include/vesc_msgs/vesc_msgs/msg
[1.622s] -- Up-to-date: /home/xytron/xycar_ws/install/vesc_msgs/include/vesc_msgs/vesc_msgs/msg/vesc_state_stamped.h
[1.628s] -- Up-to-date: /home/xytron/xycar_ws/install/vesc_msgs/include/vesc_msgs/vesc_msgs/msg/vesc_state.h
[1.631s] -- Up-to-date: /home/xytron/xycar_ws/install/vesc_msgs/include/vesc_msgs/vesc_msgs/msg/vesc_imu.h
[1.634s] -- Up-to-date: /home/xytron/xycar_ws/install/vesc_msgs/include/vesc_msgs/vesc_msgs/msg/vesc_imu_stamped.h
[1.636s] -- Up-to-date: /home/xytron/xycar_ws/install/vesc_msgs/include/vesc_msgs/vesc_msgs/msg/rosidl_generator_c__visibility_control.h
[1.636s] -- Up-to-date: /home/xytron/xycar_ws/install/vesc_msgs/include/vesc_msgs/vesc_msgs/msg/detail
[1.637s] -- Up-to-date: /home/xytron/xycar_ws/install/vesc_msgs/include/vesc_msgs/vesc_msgs/msg/detail/vesc_state__functions.h
[1.637s] -- Up-to-date: /home/xytron/xycar_ws/install/vesc_msgs/include/vesc_msgs/vesc_msgs/msg/detail/vesc_imu_stamped__type_support.h
[1.637s] -- Up-to-date: /home/xytron/xycar_ws/install/vesc_msgs/include/vesc_msgs/vesc_msgs/msg/detail/vesc_imu__functions.h
[1.637s] -- Up-to-date: /home/xytron/xycar_ws/install/vesc_msgs/include/vesc_msgs/vesc_msgs/msg/detail/vesc_state__type_support.h
[1.637s] -- Up-to-date: /home/xytron/xycar_ws/install/vesc_msgs/include/vesc_msgs/vesc_msgs/msg/detail/vesc_imu__struct.h
[1.638s] -- Up-to-date: /home/xytron/xycar_ws/install/vesc_msgs/include/vesc_msgs/vesc_msgs/msg/detail/vesc_imu__type_support.h
[1.638s] -- Up-to-date: /home/xytron/xycar_ws/install/vesc_msgs/include/vesc_msgs/vesc_msgs/msg/detail/vesc_state_stamped__functions.h
[1.638s] -- Up-to-date: /home/xytron/xycar_ws/install/vesc_msgs/include/vesc_msgs/vesc_msgs/msg/detail/vesc_state_stamped__struct.h
[1.638s] -- Up-to-date: /home/xytron/xycar_ws/install/vesc_msgs/include/vesc_msgs/vesc_msgs/msg/detail/vesc_state_stamped__type_support.h
[1.638s] -- Up-to-date: /home/xytron/xycar_ws/install/vesc_msgs/include/vesc_msgs/vesc_msgs/msg/detail/vesc_state__functions.c
[1.639s] -- Up-to-date: /home/xytron/xycar_ws/install/vesc_msgs/include/vesc_msgs/vesc_msgs/msg/detail/vesc_imu__functions.c
[1.639s] -- Up-to-date: /home/xytron/xycar_ws/install/vesc_msgs/include/vesc_msgs/vesc_msgs/msg/detail/vesc_imu_stamped__functions.c
[1.639s] -- Up-to-date: /home/xytron/xycar_ws/install/vesc_msgs/include/vesc_msgs/vesc_msgs/msg/detail/vesc_state_stamped__functions.c
[1.639s] -- Up-to-date: /home/xytron/xycar_ws/install/vesc_msgs/include/vesc_msgs/vesc_msgs/msg/detail/vesc_state__struct.h
[1.640s] -- Up-to-date: /home/xytron/xycar_ws/install/vesc_msgs/include/vesc_msgs/vesc_msgs/msg/detail/vesc_imu_stamped__struct.h
[1.640s] -- Up-to-date: /home/xytron/xycar_ws/install/vesc_msgs/include/vesc_msgs/vesc_msgs/msg/detail/vesc_imu_stamped__functions.h
[1.640s] -- Up-to-date: /home/xytron/xycar_ws/install/vesc_msgs/share/vesc_msgs/environment/library_path.sh
[1.640s] -- Up-to-date: /home/xytron/xycar_ws/install/vesc_msgs/share/vesc_msgs/environment/library_path.dsv
[1.641s] -- Up-to-date: /home/xytron/xycar_ws/install/vesc_msgs/lib/libvesc_msgs__rosidl_generator_c.so
[1.641s] -- Up-to-date: /home/xytron/xycar_ws/install/vesc_msgs/include/vesc_msgs/vesc_msgs
[1.641s] -- Up-to-date: /home/xytron/xycar_ws/install/vesc_msgs/include/vesc_msgs/vesc_msgs/msg
[1.641s] -- Up-to-date: /home/xytron/xycar_ws/install/vesc_msgs/include/vesc_msgs/vesc_msgs/msg/rosidl_typesupport_fastrtps_c__visibility_control.h
[1.641s] -- Up-to-date: /home/xytron/xycar_ws/install/vesc_msgs/include/vesc_msgs/vesc_msgs/msg/detail
[1.641s] -- Up-to-date: /home/xytron/xycar_ws/install/vesc_msgs/include/vesc_msgs/vesc_msgs/msg/detail/vesc_state__rosidl_typesupport_fastrtps_c.h
[1.641s] -- Up-to-date: /home/xytron/xycar_ws/install/vesc_msgs/include/vesc_msgs/vesc_msgs/msg/detail/vesc_imu__rosidl_typesupport_fastrtps_c.h
[1.642s] -- Up-to-date: /home/xytron/xycar_ws/install/vesc_msgs/include/vesc_msgs/vesc_msgs/msg/detail/vesc_state_stamped__rosidl_typesupport_fastrtps_c.h
[1.642s] -- Up-to-date: /home/xytron/xycar_ws/install/vesc_msgs/include/vesc_msgs/vesc_msgs/msg/detail/vesc_imu_stamped__rosidl_typesupport_fastrtps_c.h
[1.666s] -- Up-to-date: /home/xytron/xycar_ws/install/vesc_msgs/lib/libvesc_msgs__rosidl_typesupport_fastrtps_c.so
[1.666s] -- Up-to-date: /home/xytron/xycar_ws/install/vesc_msgs/include/vesc_msgs/vesc_msgs
[1.666s] -- Up-to-date: /home/xytron/xycar_ws/install/vesc_msgs/include/vesc_msgs/vesc_msgs/msg
[1.666s] -- Up-to-date: /home/xytron/xycar_ws/install/vesc_msgs/include/vesc_msgs/vesc_msgs/msg/rosidl_typesupport_introspection_c__visibility_control.h
[1.666s] -- Up-to-date: /home/xytron/xycar_ws/install/vesc_msgs/include/vesc_msgs/vesc_msgs/msg/detail
[1.667s] -- Up-to-date: /home/xytron/xycar_ws/install/vesc_msgs/include/vesc_msgs/vesc_msgs/msg/detail/vesc_state_stamped__type_support.c
[1.667s] -- Up-to-date: /home/xytron/xycar_ws/install/vesc_msgs/include/vesc_msgs/vesc_msgs/msg/detail/vesc_imu__type_support.c
[1.667s] -- Up-to-date: /home/xytron/xycar_ws/install/vesc_msgs/include/vesc_msgs/vesc_msgs/msg/detail/vesc_state_stamped__rosidl_typesupport_introspection_c.h
[1.667s] -- Up-to-date: /home/xytron/xycar_ws/install/vesc_msgs/include/vesc_msgs/vesc_msgs/msg/detail/vesc_imu_stamped__type_support.c
[1.667s] -- Up-to-date: /home/xytron/xycar_ws/install/vesc_msgs/include/vesc_msgs/vesc_msgs/msg/detail/vesc_imu_stamped__rosidl_typesupport_introspection_c.h
[1.667s] -- Up-to-date: /home/xytron/xycar_ws/install/vesc_msgs/include/vesc_msgs/vesc_msgs/msg/detail/vesc_imu__rosidl_typesupport_introspection_c.h
[1.667s] -- Up-to-date: /home/xytron/xycar_ws/install/vesc_msgs/include/vesc_msgs/vesc_msgs/msg/detail/vesc_state__type_support.c
[1.668s] -- Up-to-date: /home/xytron/xycar_ws/install/vesc_msgs/include/vesc_msgs/vesc_msgs/msg/detail/vesc_state__rosidl_typesupport_introspection_c.h
[1.668s] -- Up-to-date: /home/xytron/xycar_ws/install/vesc_msgs/lib/libvesc_msgs__rosidl_typesupport_introspection_c.so
[1.668s] -- Up-to-date: /home/xytron/xycar_ws/install/vesc_msgs/lib/libvesc_msgs__rosidl_typesupport_c.so
[1.668s] -- Up-to-date: /home/xytron/xycar_ws/install/vesc_msgs/include/vesc_msgs/vesc_msgs
[1.668s] -- Up-to-date: /home/xytron/xycar_ws/install/vesc_msgs/include/vesc_msgs/vesc_msgs/msg
[1.668s] -- Up-to-date: /home/xytron/xycar_ws/install/vesc_msgs/include/vesc_msgs/vesc_msgs/msg/vesc_imu_stamped.hpp
[1.669s] -- Up-to-date: /home/xytron/xycar_ws/install/vesc_msgs/include/vesc_msgs/vesc_msgs/msg/vesc_state_stamped.hpp
[1.669s] -- Up-to-date: /home/xytron/xycar_ws/install/vesc_msgs/include/vesc_msgs/vesc_msgs/msg/vesc_imu.hpp
[1.669s] -- Up-to-date: /home/xytron/xycar_ws/install/vesc_msgs/include/vesc_msgs/vesc_msgs/msg/rosidl_generator_cpp__visibility_control.hpp
[1.669s] -- Up-to-date: /home/xytron/xycar_ws/install/vesc_msgs/include/vesc_msgs/vesc_msgs/msg/detail
[1.669s] -- Up-to-date: /home/xytron/xycar_ws/install/vesc_msgs/include/vesc_msgs/vesc_msgs/msg/detail/vesc_state_stamped__traits.hpp
[1.670s] -- Up-to-date: /home/xytron/xycar_ws/install/vesc_msgs/include/vesc_msgs/vesc_msgs/msg/detail/vesc_state__traits.hpp
[1.670s] -- Up-to-date: /home/xytron/xycar_ws/install/vesc_msgs/include/vesc_msgs/vesc_msgs/msg/detail/vesc_imu_stamped__struct.hpp
[1.670s] -- Up-to-date: /home/xytron/xycar_ws/install/vesc_msgs/include/vesc_msgs/vesc_msgs/msg/detail/vesc_imu__traits.hpp
[1.670s] -- Up-to-date: /home/xytron/xycar_ws/install/vesc_msgs/include/vesc_msgs/vesc_msgs/msg/detail/vesc_imu__type_support.hpp
[1.670s] -- Up-to-date: /home/xytron/xycar_ws/install/vesc_msgs/include/vesc_msgs/vesc_msgs/msg/detail/vesc_state__builder.hpp
[1.670s] -- Up-to-date: /home/xytron/xycar_ws/install/vesc_msgs/include/vesc_msgs/vesc_msgs/msg/detail/vesc_state__type_support.hpp
[1.675s] -- Up-to-date: /home/xytron/xycar_ws/install/vesc_msgs/include/vesc_msgs/vesc_msgs/msg/detail/vesc_state_stamped__type_support.hpp
[1.675s] -- Up-to-date: /home/xytron/xycar_ws/install/vesc_msgs/include/vesc_msgs/vesc_msgs/msg/detail/vesc_imu_stamped__traits.hpp
[1.675s] -- Up-to-date: /home/xytron/xycar_ws/install/vesc_msgs/include/vesc_msgs/vesc_msgs/msg/detail/vesc_imu_stamped__builder.hpp
[1.675s] -- Up-to-date: /home/xytron/xycar_ws/install/vesc_msgs/include/vesc_msgs/vesc_msgs/msg/detail/vesc_state_stamped__struct.hpp
[1.675s] -- Up-to-date: /home/xytron/xycar_ws/install/vesc_msgs/include/vesc_msgs/vesc_msgs/msg/detail/vesc_state_stamped__builder.hpp
[1.676s] -- Up-to-date: /home/xytron/xycar_ws/install/vesc_msgs/include/vesc_msgs/vesc_msgs/msg/detail/vesc_state__struct.hpp
[1.676s] -- Up-to-date: /home/xytron/xycar_ws/install/vesc_msgs/include/vesc_msgs/vesc_msgs/msg/detail/vesc_imu_stamped__type_support.hpp
[1.676s] -- Up-to-date: /home/xytron/xycar_ws/install/vesc_msgs/include/vesc_msgs/vesc_msgs/msg/detail/vesc_imu__struct.hpp
[1.676s] -- Up-to-date: /home/xytron/xycar_ws/install/vesc_msgs/include/vesc_msgs/vesc_msgs/msg/detail/vesc_imu__builder.hpp
[1.676s] -- Up-to-date: /home/xytron/xycar_ws/install/vesc_msgs/include/vesc_msgs/vesc_msgs/msg/vesc_state.hpp
[1.676s] -- Up-to-date: /home/xytron/xycar_ws/install/vesc_msgs/include/vesc_msgs/vesc_msgs
[1.677s] -- Up-to-date: /home/xytron/xycar_ws/install/vesc_msgs/include/vesc_msgs/vesc_msgs/msg
[1.680s] -- Up-to-date: /home/xytron/xycar_ws/install/vesc_msgs/include/vesc_msgs/vesc_msgs/msg/rosidl_typesupport_fastrtps_cpp__visibility_control.h
[1.681s] -- Up-to-date: /home/xytron/xycar_ws/install/vesc_msgs/include/vesc_msgs/vesc_msgs/msg/detail
[1.682s] -- Up-to-date: /home/xytron/xycar_ws/install/vesc_msgs/include/vesc_msgs/vesc_msgs/msg/detail/vesc_state__rosidl_typesupport_fastrtps_cpp.hpp
[1.683s] -- Up-to-date: /home/xytron/xycar_ws/install/vesc_msgs/include/vesc_msgs/vesc_msgs/msg/detail/vesc_state_stamped__rosidl_typesupport_fastrtps_cpp.hpp
[1.684s] -- Up-to-date: /home/xytron/xycar_ws/install/vesc_msgs/include/vesc_msgs/vesc_msgs/msg/detail/vesc_imu__rosidl_typesupport_fastrtps_cpp.hpp
[1.684s] -- Up-to-date: /home/xytron/xycar_ws/install/vesc_msgs/include/vesc_msgs/vesc_msgs/msg/detail/dds_fastrtps
[1.684s] -- Up-to-date: /home/xytron/xycar_ws/install/vesc_msgs/include/vesc_msgs/vesc_msgs/msg/detail/vesc_imu_stamped__rosidl_typesupport_fastrtps_cpp.hpp
[1.685s] -- Up-to-date: /home/xytron/xycar_ws/install/vesc_msgs/lib/libvesc_msgs__rosidl_typesupport_fastrtps_cpp.so
[1.686s] -- Up-to-date: /home/xytron/xycar_ws/install/vesc_msgs/include/vesc_msgs/vesc_msgs
[1.687s] -- Up-to-date: /home/xytron/xycar_ws/install/vesc_msgs/include/vesc_msgs/vesc_msgs/msg
[1.687s] -- Up-to-date: /home/xytron/xycar_ws/install/vesc_msgs/include/vesc_msgs/vesc_msgs/msg/detail
[1.687s] -- Up-to-date: /home/xytron/xycar_ws/install/vesc_msgs/include/vesc_msgs/vesc_msgs/msg/detail/vesc_imu_stamped__type_support.cpp
[1.687s] -- Up-to-date: /home/xytron/xycar_ws/install/vesc_msgs/include/vesc_msgs/vesc_msgs/msg/detail/vesc_state__type_support.cpp
[1.688s] -- Up-to-date: /home/xytron/xycar_ws/install/vesc_msgs/include/vesc_msgs/vesc_msgs/msg/detail/vesc_state_stamped__type_support.cpp
[1.688s] -- Up-to-date: /home/xytron/xycar_ws/install/vesc_msgs/include/vesc_msgs/vesc_msgs/msg/detail/vesc_imu__type_support.cpp
[1.699s] -- Up-to-date: /home/xytron/xycar_ws/install/vesc_msgs/include/vesc_msgs/vesc_msgs/msg/detail/vesc_state__rosidl_typesupport_introspection_cpp.hpp
[1.699s] -- Up-to-date: /home/xytron/xycar_ws/install/vesc_msgs/include/vesc_msgs/vesc_msgs/msg/detail/vesc_state_stamped__rosidl_typesupport_introspection_cpp.hpp
[1.700s] -- Up-to-date: /home/xytron/xycar_ws/install/vesc_msgs/include/vesc_msgs/vesc_msgs/msg/detail/vesc_imu_stamped__rosidl_typesupport_introspection_cpp.hpp
[1.701s] -- Up-to-date: /home/xytron/xycar_ws/install/vesc_msgs/include/vesc_msgs/vesc_msgs/msg/detail/vesc_imu__rosidl_typesupport_introspection_cpp.hpp
[1.701s] -- Up-to-date: /home/xytron/xycar_ws/install/vesc_msgs/lib/libvesc_msgs__rosidl_typesupport_introspection_cpp.so
[1.702s] -- Up-to-date: /home/xytron/xycar_ws/install/vesc_msgs/lib/libvesc_msgs__rosidl_typesupport_cpp.so
[1.702s] -- Up-to-date: /home/xytron/xycar_ws/install/vesc_msgs/share/vesc_msgs/environment/pythonpath.sh
[1.702s] -- Up-to-date: /home/xytron/xycar_ws/install/vesc_msgs/share/vesc_msgs/environment/pythonpath.dsv
[1.702s] -- Up-to-date: /home/xytron/xycar_ws/install/vesc_msgs/local/lib/python3.10/dist-packages/vesc_msgs-1.2.0-py3.10.egg-info
[1.703s] -- Installing: /home/xytron/xycar_ws/install/vesc_msgs/local/lib/python3.10/dist-packages/vesc_msgs-1.2.0-py3.10.egg-info/PKG-INFO
[1.719s] -- Installing: /home/xytron/xycar_ws/install/vesc_msgs/local/lib/python3.10/dist-packages/vesc_msgs-1.2.0-py3.10.egg-info/dependency_links.txt
[1.719s] -- Installing: /home/xytron/xycar_ws/install/vesc_msgs/local/lib/python3.10/dist-packages/vesc_msgs-1.2.0-py3.10.egg-info/top_level.txt
[1.719s] -- Installing: /home/xytron/xycar_ws/install/vesc_msgs/local/lib/python3.10/dist-packages/vesc_msgs-1.2.0-py3.10.egg-info/SOURCES.txt
[1.719s] -- Up-to-date: /home/xytron/xycar_ws/install/vesc_msgs/local/lib/python3.10/dist-packages/vesc_msgs
[1.720s] -- Up-to-date: /home/xytron/xycar_ws/install/vesc_msgs/local/lib/python3.10/dist-packages/vesc_msgs/__init__.py
[1.720s] -- Up-to-date: /home/xytron/xycar_ws/install/vesc_msgs/local/lib/python3.10/dist-packages/vesc_msgs/vesc_msgs_s__rosidl_typesupport_c.cpython-310-x86_64-linux-gnu.so
[1.720s] -- Up-to-date: /home/xytron/xycar_ws/install/vesc_msgs/local/lib/python3.10/dist-packages/vesc_msgs/_vesc_msgs_s.ep.rosidl_typesupport_c.c
[1.720s] -- Up-to-date: /home/xytron/xycar_ws/install/vesc_msgs/local/lib/python3.10/dist-packages/vesc_msgs/msg
[1.720s] -- Up-to-date: /home/xytron/xycar_ws/install/vesc_msgs/local/lib/python3.10/dist-packages/vesc_msgs/msg/__init__.py
[1.720s] -- Up-to-date: /home/xytron/xycar_ws/install/vesc_msgs/local/lib/python3.10/dist-packages/vesc_msgs/msg/_vesc_state_s.c
[1.721s] -- Up-to-date: /home/xytron/xycar_ws/install/vesc_msgs/local/lib/python3.10/dist-packages/vesc_msgs/msg/_vesc_state_stamped_s.c
[1.721s] -- Up-to-date: /home/xytron/xycar_ws/install/vesc_msgs/local/lib/python3.10/dist-packages/vesc_msgs/msg/_vesc_imu_stamped_s.c
[1.721s] -- Up-to-date: /home/xytron/xycar_ws/install/vesc_msgs/local/lib/python3.10/dist-packages/vesc_msgs/msg/_vesc_state.py
[1.721s] -- Up-to-date: /home/xytron/xycar_ws/install/vesc_msgs/local/lib/python3.10/dist-packages/vesc_msgs/msg/_vesc_imu_stamped.py
[1.721s] -- Up-to-date: /home/xytron/xycar_ws/install/vesc_msgs/local/lib/python3.10/dist-packages/vesc_msgs/msg/_vesc_imu.py
[1.722s] -- Up-to-date: /home/xytron/xycar_ws/install/vesc_msgs/local/lib/python3.10/dist-packages/vesc_msgs/msg/_vesc_state_stamped.py
[1.722s] -- Up-to-date: /home/xytron/xycar_ws/install/vesc_msgs/local/lib/python3.10/dist-packages/vesc_msgs/msg/_vesc_imu_s.c
[1.722s] -- Up-to-date: /home/xytron/xycar_ws/install/vesc_msgs/local/lib/python3.10/dist-packages/vesc_msgs/vesc_msgs_s__rosidl_typesupport_introspection_c.cpython-310-x86_64-linux-gnu.so
[1.722s] -- Up-to-date: /home/xytron/xycar_ws/install/vesc_msgs/local/lib/python3.10/dist-packages/vesc_msgs/_vesc_msgs_s.ep.rosidl_typesupport_fastrtps_c.c
[1.722s] -- Up-to-date: /home/xytron/xycar_ws/install/vesc_msgs/local/lib/python3.10/dist-packages/vesc_msgs/_vesc_msgs_s.ep.rosidl_typesupport_introspection_c.c
[1.722s] -- Up-to-date: /home/xytron/xycar_ws/install/vesc_msgs/local/lib/python3.10/dist-packages/vesc_msgs/vesc_msgs_s__rosidl_typesupport_fastrtps_c.cpython-310-x86_64-linux-gnu.so
[1.723s] -- Up-to-date: /home/xytron/xycar_ws/install/vesc_msgs/local/lib/python3.10/dist-packages/vesc_msgs/libvesc_msgs__rosidl_generator_py.so
[1.765s] Listing '/home/xytron/xycar_ws/install/vesc_msgs/local/lib/python3.10/dist-packages/vesc_msgs'...
[1.766s] Listing '/home/xytron/xycar_ws/install/vesc_msgs/local/lib/python3.10/dist-packages/vesc_msgs/msg'...
[1.801s] -- Up-to-date: /home/xytron/xycar_ws/install/vesc_msgs/local/lib/python3.10/dist-packages/vesc_msgs/vesc_msgs_s__rosidl_typesupport_fastrtps_c.cpython-310-x86_64-linux-gnu.so
[1.804s] -- Up-to-date: /home/xytron/xycar_ws/install/vesc_msgs/local/lib/python3.10/dist-packages/vesc_msgs/vesc_msgs_s__rosidl_typesupport_introspection_c.cpython-310-x86_64-linux-gnu.so
[1.807s] -- Up-to-date: /home/xytron/xycar_ws/install/vesc_msgs/local/lib/python3.10/dist-packages/vesc_msgs/vesc_msgs_s__rosidl_typesupport_c.cpython-310-x86_64-linux-gnu.so
[1.809s] -- Up-to-date: /home/xytron/xycar_ws/install/vesc_msgs/lib/libvesc_msgs__rosidl_generator_py.so
[1.810s] -- Up-to-date: /home/xytron/xycar_ws/install/vesc_msgs/share/vesc_msgs/msg/VescState.idl
[1.810s] -- Up-to-date: /home/xytron/xycar_ws/install/vesc_msgs/share/vesc_msgs/msg/VescStateStamped.idl
[1.810s] -- Up-to-date: /home/xytron/xycar_ws/install/vesc_msgs/share/vesc_msgs/msg/VescImu.idl
[1.810s] -- Up-to-date: /home/xytron/xycar_ws/install/vesc_msgs/share/vesc_msgs/msg/VescImuStamped.idl
[1.819s] -- Up-to-date: /home/xytron/xycar_ws/install/vesc_msgs/share/vesc_msgs/msg/VescState.msg
[1.820s] -- Up-to-date: /home/xytron/xycar_ws/install/vesc_msgs/share/vesc_msgs/msg/VescStateStamped.msg
[1.820s] -- Up-to-date: /home/xytron/xycar_ws/install/vesc_msgs/share/vesc_msgs/msg/VescImu.msg
[1.821s] -- Up-to-date: /home/xytron/xycar_ws/install/vesc_msgs/share/vesc_msgs/msg/VescImuStamped.msg
[1.822s] -- Up-to-date: /home/xytron/xycar_ws/install/vesc_msgs/share/ament_index/resource_index/package_run_dependencies/vesc_msgs
[1.822s] -- Up-to-date: /home/xytron/xycar_ws/install/vesc_msgs/share/ament_index/resource_index/parent_prefix_path/vesc_msgs
[1.822s] -- Up-to-date: /home/xytron/xycar_ws/install/vesc_msgs/share/vesc_msgs/environment/ament_prefix_path.sh
[1.822s] -- Up-to-date: /home/xytron/xycar_ws/install/vesc_msgs/share/vesc_msgs/environment/ament_prefix_path.dsv
[1.823s] -- Up-to-date: /home/xytron/xycar_ws/install/vesc_msgs/share/vesc_msgs/environment/path.sh
[1.823s] -- Up-to-date: /home/xytron/xycar_ws/install/vesc_msgs/share/vesc_msgs/environment/path.dsv
[1.823s] -- Up-to-date: /home/xytron/xycar_ws/install/vesc_msgs/share/vesc_msgs/local_setup.bash
[1.823s] -- Up-to-date: /home/xytron/xycar_ws/install/vesc_msgs/share/vesc_msgs/local_setup.sh
[1.824s] -- Up-to-date: /home/xytron/xycar_ws/install/vesc_msgs/share/vesc_msgs/local_setup.zsh
[1.825s] -- Up-to-date: /home/xytron/xycar_ws/install/vesc_msgs/share/vesc_msgs/local_setup.dsv
[1.825s] -- Installing: /home/xytron/xycar_ws/install/vesc_msgs/share/vesc_msgs/package.dsv
[1.825s] -- Up-to-date: /home/xytron/xycar_ws/install/vesc_msgs/share/ament_index/resource_index/packages/vesc_msgs
[1.826s] -- Up-to-date: /home/xytron/xycar_ws/install/vesc_msgs/share/vesc_msgs/cmake/export_vesc_msgs__rosidl_generator_cExport.cmake
[1.826s] -- Up-to-date: /home/xytron/xycar_ws/install/vesc_msgs/share/vesc_msgs/cmake/export_vesc_msgs__rosidl_generator_cExport-noconfig.cmake
[1.827s] -- Up-to-date: /home/xytron/xycar_ws/install/vesc_msgs/share/vesc_msgs/cmake/export_vesc_msgs__rosidl_typesupport_fastrtps_cExport.cmake
[1.827s] -- Up-to-date: /home/xytron/xycar_ws/install/vesc_msgs/share/vesc_msgs/cmake/export_vesc_msgs__rosidl_typesupport_fastrtps_cExport-noconfig.cmake
[1.827s] -- Up-to-date: /home/xytron/xycar_ws/install/vesc_msgs/share/vesc_msgs/cmake/vesc_msgs__rosidl_typesupport_introspection_cExport.cmake
[1.827s] -- Up-to-date: /home/xytron/xycar_ws/install/vesc_msgs/share/vesc_msgs/cmake/vesc_msgs__rosidl_typesupport_introspection_cExport-noconfig.cmake
[1.828s] -- Up-to-date: /home/xytron/xycar_ws/install/vesc_msgs/share/vesc_msgs/cmake/vesc_msgs__rosidl_typesupport_cExport.cmake
[1.829s] -- Up-to-date: /home/xytron/xycar_ws/install/vesc_msgs/share/vesc_msgs/cmake/vesc_msgs__rosidl_typesupport_cExport-noconfig.cmake
[1.829s] -- Up-to-date: /home/xytron/xycar_ws/install/vesc_msgs/share/vesc_msgs/cmake/export_vesc_msgs__rosidl_generator_cppExport.cmake
[1.829s] -- Up-to-date: /home/xytron/xycar_ws/install/vesc_msgs/share/vesc_msgs/cmake/export_vesc_msgs__rosidl_typesupport_fastrtps_cppExport.cmake
[1.829s] -- Up-to-date: /home/xytron/xycar_ws/install/vesc_msgs/share/vesc_msgs/cmake/export_vesc_msgs__rosidl_typesupport_fastrtps_cppExport-noconfig.cmake
[1.830s] -- Up-to-date: /home/xytron/xycar_ws/install/vesc_msgs/share/vesc_msgs/cmake/vesc_msgs__rosidl_typesupport_introspection_cppExport.cmake
[1.830s] -- Up-to-date: /home/xytron/xycar_ws/install/vesc_msgs/share/vesc_msgs/cmake/vesc_msgs__rosidl_typesupport_introspection_cppExport-noconfig.cmake
[1.830s] -- Up-to-date: /home/xytron/xycar_ws/install/vesc_msgs/share/vesc_msgs/cmake/vesc_msgs__rosidl_typesupport_cppExport.cmake
[1.830s] -- Up-to-date: /home/xytron/xycar_ws/install/vesc_msgs/share/vesc_msgs/cmake/vesc_msgs__rosidl_typesupport_cppExport-noconfig.cmake
[1.830s] -- Up-to-date: /home/xytron/xycar_ws/install/vesc_msgs/share/vesc_msgs/cmake/export_vesc_msgs__rosidl_generator_pyExport.cmake
[1.830s] -- Up-to-date: /home/xytron/xycar_ws/install/vesc_msgs/share/vesc_msgs/cmake/export_vesc_msgs__rosidl_generator_pyExport-noconfig.cmake
[1.830s] -- Up-to-date: /home/xytron/xycar_ws/install/vesc_msgs/share/vesc_msgs/cmake/rosidl_cmake-extras.cmake
[1.830s] -- Up-to-date: /home/xytron/xycar_ws/install/vesc_msgs/share/vesc_msgs/cmake/ament_cmake_export_dependencies-extras.cmake
[1.831s] -- Up-to-date: /home/xytron/xycar_ws/install/vesc_msgs/share/vesc_msgs/cmake/ament_cmake_export_include_directories-extras.cmake
[1.831s] -- Up-to-date: /home/xytron/xycar_ws/install/vesc_msgs/share/vesc_msgs/cmake/ament_cmake_export_libraries-extras.cmake
[1.831s] -- Up-to-date: /home/xytron/xycar_ws/install/vesc_msgs/share/vesc_msgs/cmake/ament_cmake_export_targets-extras.cmake
[1.831s] -- Up-to-date: /home/xytron/xycar_ws/install/vesc_msgs/share/vesc_msgs/cmake/rosidl_cmake_export_typesupport_targets-extras.cmake
[1.832s] -- Up-to-date: /home/xytron/xycar_ws/install/vesc_msgs/share/vesc_msgs/cmake/rosidl_cmake_export_typesupport_libraries-extras.cmake
[1.837s] -- Up-to-date: /home/xytron/xycar_ws/install/vesc_msgs/share/vesc_msgs/cmake/vesc_msgsConfig.cmake
[1.840s] -- Up-to-date: /home/xytron/xycar_ws/install/vesc_msgs/share/vesc_msgs/cmake/vesc_msgsConfig-version.cmake
[1.841s] -- Up-to-date: /home/xytron/xycar_ws/install/vesc_msgs/share/vesc_msgs/package.xml
[1.857s] Invoked command in '/home/xytron/xycar_ws/build/vesc_msgs' returned '0': CMAKE_PREFIX_PATH=${CMAKE_PREFIX_PATH}:/home/xytron/xycar_ws/install/xycar_planner:/home/xytron/xycar_ws/install/control_motor:/home/xytron/xycar_ws/install/xycar_motor:/home/xytron/xycar_ws/install/xycar_imu:/home/xytron/xycar_ws/install/xycar_cam:/home/xytron/xycar_ws/install/app_ultra_viewer:/home/xytron/xycar_ws/install/app_turtlesim:/home/xytron/xycar_ws/install/app_sensor_drive:/home/xytron/xycar_ws/install/app_rule_drive_sim:/home/xytron/xycar_ws/install/app_pubsub:/home/xytron/xycar_ws/install/app_path_planning:/home/xytron/xycar_ws/install/app_hough_drive:/home/xytron/xycar_ws/install/app_cam_exposure:/home/xytron/xycar_ws/install/app_8_drive:/opt/ros/humble /usr/bin/cmake --install /home/xytron/xycar_ws/build/vesc_msgs
