running egg_info
creating ../../../build/app_pubsub/app_pubsub.egg-info
writing ../../../build/app_pubsub/app_pubsub.egg-info/PKG-INFO
writing dependency_links to ../../../build/app_pubsub/app_pubsub.egg-info/dependency_links.txt
writing entry points to ../../../build/app_pubsub/app_pubsub.egg-info/entry_points.txt
writing requirements to ../../../build/app_pubsub/app_pubsub.egg-info/requires.txt
writing top-level names to ../../../build/app_pubsub/app_pubsub.egg-info/top_level.txt
writing manifest file '../../../build/app_pubsub/app_pubsub.egg-info/SOURCES.txt'
reading manifest file '../../../build/app_pubsub/app_pubsub.egg-info/SOURCES.txt'
adding license file 'LICENSE'
writing manifest file '../../../build/app_pubsub/app_pubsub.egg-info/SOURCES.txt'
running build
running build_py
creating /home/xytron/xycar_ws/build/app_pubsub/build
creating /home/xytron/xycar_ws/build/app_pubsub/build/lib
creating /home/xytron/xycar_ws/build/app_pubsub/build/lib/app_pubsub
copying app_pubsub/__init__.py -> /home/xytron/xycar_ws/build/app_pubsub/build/lib/app_pubsub
running install
running install_lib
creating /home/xytron/xycar_ws/install/app_pubsub/lib/python3.10/site-packages/app_pubsub
copying /home/xytron/xycar_ws/build/app_pubsub/build/lib/app_pubsub/__init__.py -> /home/xytron/xycar_ws/install/app_pubsub/lib/python3.10/site-packages/app_pubsub
byte-compiling /home/xytron/xycar_ws/install/app_pubsub/lib/python3.10/site-packages/app_pubsub/__init__.py to __init__.cpython-310.pyc
running install_data
creating /home/xytron/xycar_ws/install/app_pubsub/share/ament_index
creating /home/xytron/xycar_ws/install/app_pubsub/share/ament_index/resource_index
creating /home/xytron/xycar_ws/install/app_pubsub/share/ament_index/resource_index/packages
copying resource/app_pubsub -> /home/xytron/xycar_ws/install/app_pubsub/share/ament_index/resource_index/packages
copying package.xml -> /home/xytron/xycar_ws/install/app_pubsub/share/app_pubsub
creating /home/xytron/xycar_ws/install/app_pubsub/share/app_pubsub/launch
copying launch/app_pubsub.launch.py -> /home/xytron/xycar_ws/install/app_pubsub/share/app_pubsub/launch
running install_egg_info
Copying ../../../build/app_pubsub/app_pubsub.egg-info to /home/xytron/xycar_ws/install/app_pubsub/lib/python3.10/site-packages/app_pubsub-0.0.0-py3.10.egg-info
running install_scripts
writing list of installed files to '/home/xytron/xycar_ws/build/app_pubsub/install.log'
