[2.900s] Invoking command in '/home/xytron/xycar_ws/src/xycar_device/xycar_imu': PYTHONPATH=/home/xytron/xycar_ws/build/xycar_imu/prefix_override:/usr/lib/python3/dist-packages/colcon_core/task/python/colcon_distutils_commands:/home/xytron/xycar_ws/install/xycar_imu/lib/python3.10/site-packages:${PYTHONPATH} /usr/bin/python3 -W ignore:setup.py install is deprecated -W ignore:easy_install command is deprecated setup.py egg_info --egg-base ../../../build/xycar_imu build --build-base /home/xytron/xycar_ws/build/xycar_imu/build install --record /home/xytron/xycar_ws/build/xycar_imu/install.log --single-version-externally-managed install_data
[3.507s] running egg_info
[3.508s] writing ../../../build/xycar_imu/xycar_imu.egg-info/PKG-INFO
[3.509s] writing dependency_links to ../../../build/xycar_imu/xycar_imu.egg-info/dependency_links.txt
[3.509s] writing entry points to ../../../build/xycar_imu/xycar_imu.egg-info/entry_points.txt
[3.509s] writing requirements to ../../../build/xycar_imu/xycar_imu.egg-info/requires.txt
[3.509s] writing top-level names to ../../../build/xycar_imu/xycar_imu.egg-info/top_level.txt
[3.513s] reading manifest file '../../../build/xycar_imu/xycar_imu.egg-info/SOURCES.txt'
[3.513s] adding license file 'LICENSE'
[3.516s] writing manifest file '../../../build/xycar_imu/xycar_imu.egg-info/SOURCES.txt'
[3.516s] running build
[3.517s] running build_py
[3.517s] running install
[3.518s] running install_lib
[3.519s] running install_data
[3.519s] running install_egg_info
[3.524s] removing '/home/xytron/xycar_ws/install/xycar_imu/lib/python3.10/site-packages/xycar_imu-1.2.0-py3.10.egg-info' (and everything under it)
[3.524s] Copying ../../../build/xycar_imu/xycar_imu.egg-info to /home/xytron/xycar_ws/install/xycar_imu/lib/python3.10/site-packages/xycar_imu-1.2.0-py3.10.egg-info
[3.526s] running install_scripts
[3.559s] Installing display_3D_visualization_node script to /home/xytron/xycar_ws/install/xycar_imu/lib/xycar_imu
[3.559s] Installing imu_node script to /home/xytron/xycar_ws/install/xycar_imu/lib/xycar_imu
[3.559s] writing list of installed files to '/home/xytron/xycar_ws/build/xycar_imu/install.log'
[3.642s] Invoked command in '/home/xytron/xycar_ws/src/xycar_device/xycar_imu' returned '0': PYTHONPATH=/home/xytron/xycar_ws/build/xycar_imu/prefix_override:/usr/lib/python3/dist-packages/colcon_core/task/python/colcon_distutils_commands:/home/xytron/xycar_ws/install/xycar_imu/lib/python3.10/site-packages:${PYTHONPATH} /usr/bin/python3 -W ignore:setup.py install is deprecated -W ignore:easy_install command is deprecated setup.py egg_info --egg-base ../../../build/xycar_imu build --build-base /home/xytron/xycar_ws/build/xycar_imu/build install --record /home/xytron/xycar_ws/build/xycar_imu/install.log --single-version-externally-managed install_data
