[4.761s] Invoking command in '/home/xytron/xycar_ws/src/xycar_application/app_rule_drive_sim': PYTHONPATH=/home/xytron/xycar_ws/build/app_rule_drive_sim/prefix_override:/usr/lib/python3/dist-packages/colcon_core/task/python/colcon_distutils_commands:/home/xytron/xycar_ws/install/app_rule_drive_sim/lib/python3.10/site-packages:${PYTHONPATH} /usr/bin/python3 -W ignore:setup.py install is deprecated -W ignore:easy_install command is deprecated setup.py egg_info --egg-base ../../../build/app_rule_drive_sim build --build-base /home/xytron/xycar_ws/build/app_rule_drive_sim/build install --record /home/xytron/xycar_ws/build/app_rule_drive_sim/install.log --single-version-externally-managed install_data
[5.649s] running egg_info
[5.650s] writing ../../../build/app_rule_drive_sim/app_rule_drive_sim.egg-info/PKG-INFO
[5.651s] writing dependency_links to ../../../build/app_rule_drive_sim/app_rule_drive_sim.egg-info/dependency_links.txt
[5.651s] writing entry points to ../../../build/app_rule_drive_sim/app_rule_drive_sim.egg-info/entry_points.txt
[5.654s] writing requirements to ../../../build/app_rule_drive_sim/app_rule_drive_sim.egg-info/requires.txt
[5.654s] writing top-level names to ../../../build/app_rule_drive_sim/app_rule_drive_sim.egg-info/top_level.txt
[5.660s] reading manifest file '../../../build/app_rule_drive_sim/app_rule_drive_sim.egg-info/SOURCES.txt'
[5.660s] writing manifest file '../../../build/app_rule_drive_sim/app_rule_drive_sim.egg-info/SOURCES.txt'
[5.660s] running build
[5.660s] running build_py
[5.662s] running install
[5.662s] running install_lib
[5.669s] running install_data
[5.672s] running install_egg_info
[5.681s] removing '/home/xytron/xycar_ws/install/app_rule_drive_sim/lib/python3.10/site-packages/app_rule_drive_sim-0.0.0-py3.10.egg-info' (and everything under it)
[5.681s] Copying ../../../build/app_rule_drive_sim/app_rule_drive_sim.egg-info to /home/xytron/xycar_ws/install/app_rule_drive_sim/lib/python3.10/site-packages/app_rule_drive_sim-0.0.0-py3.10.egg-info
[5.681s] running install_scripts
[5.778s] Installing drive script to /home/xytron/xycar_ws/install/app_rule_drive_sim/lib/app_rule_drive_sim
[5.778s] writing list of installed files to '/home/xytron/xycar_ws/build/app_rule_drive_sim/install.log'
[6.091s] Invoked command in '/home/xytron/xycar_ws/src/xycar_application/app_rule_drive_sim' returned '0': PYTHONPATH=/home/xytron/xycar_ws/build/app_rule_drive_sim/prefix_override:/usr/lib/python3/dist-packages/colcon_core/task/python/colcon_distutils_commands:/home/xytron/xycar_ws/install/app_rule_drive_sim/lib/python3.10/site-packages:${PYTHONPATH} /usr/bin/python3 -W ignore:setup.py install is deprecated -W ignore:easy_install command is deprecated setup.py egg_info --egg-base ../../../build/app_rule_drive_sim build --build-base /home/xytron/xycar_ws/build/app_rule_drive_sim/build install --record /home/xytron/xycar_ws/build/app_rule_drive_sim/install.log --single-version-externally-managed install_data
