[6.089s] Invoking command in '/home/xytron/xycar_ws/src/xycar_device/xycar_imu': PYTHONPATH=/home/xytron/xycar_ws/build/xycar_imu/prefix_override:/usr/lib/python3/dist-packages/colcon_core/task/python/colcon_distutils_commands:/home/xytron/xycar_ws/install/xycar_imu/lib/python3.10/site-packages:${PYTHONPATH} /usr/bin/python3 -W ignore:setup.py install is deprecated -W ignore:easy_install command is deprecated setup.py egg_info --egg-base ../../../build/xycar_imu build --build-base /home/xytron/xycar_ws/build/xycar_imu/build install --record /home/xytron/xycar_ws/build/xycar_imu/install.log --single-version-externally-managed install_data
[7.836s] running egg_info
[7.836s] creating ../../../build/xycar_imu/xycar_imu.egg-info
[7.836s] writing ../../../build/xycar_imu/xycar_imu.egg-info/PKG-INFO
[7.837s] writing dependency_links to ../../../build/xycar_imu/xycar_imu.egg-info/dependency_links.txt
[7.838s] writing entry points to ../../../build/xycar_imu/xycar_imu.egg-info/entry_points.txt
[7.838s] writing requirements to ../../../build/xycar_imu/xycar_imu.egg-info/requires.txt
[7.838s] writing top-level names to ../../../build/xycar_imu/xycar_imu.egg-info/top_level.txt
[7.838s] writing manifest file '../../../build/xycar_imu/xycar_imu.egg-info/SOURCES.txt'
[7.838s] reading manifest file '../../../build/xycar_imu/xycar_imu.egg-info/SOURCES.txt'
[7.838s] adding license file 'LICENSE'
[7.839s] writing manifest file '../../../build/xycar_imu/xycar_imu.egg-info/SOURCES.txt'
[7.839s] running build
[7.839s] running build_py
[7.859s] creating /home/xytron/xycar_ws/build/xycar_imu/build
[7.863s] creating /home/xytron/xycar_ws/build/xycar_imu/build/lib
[7.863s] creating /home/xytron/xycar_ws/build/xycar_imu/build/lib/xycar_imu
[7.864s] copying src/xycar_imu/__init__.py -> /home/xytron/xycar_ws/build/xycar_imu/build/lib/xycar_imu
[7.864s] copying src/xycar_imu/display_3D_visualization.py -> /home/xytron/xycar_ws/build/xycar_imu/build/lib/xycar_imu
[7.864s] copying src/xycar_imu/imu_node.py -> /home/xytron/xycar_ws/build/xycar_imu/build/lib/xycar_imu
[7.864s] creating /home/xytron/xycar_ws/build/xycar_imu/build/lib/xycar_imu/lib
[7.864s] copying src/xycar_imu/lib/__init__.py -> /home/xytron/xycar_ws/build/xycar_imu/build/lib/xycar_imu/lib
[7.864s] copying src/xycar_imu/lib/serial_commands.py -> /home/xytron/xycar_ws/build/xycar_imu/build/lib/xycar_imu/lib
[7.865s] running install
[7.865s] running install_lib
[7.865s] creating /home/xytron/xycar_ws/install/xycar_imu/lib/python3.10/site-packages/xycar_imu
[7.865s] copying /home/xytron/xycar_ws/build/xycar_imu/build/lib/xycar_imu/__init__.py -> /home/xytron/xycar_ws/install/xycar_imu/lib/python3.10/site-packages/xycar_imu
[7.878s] copying /home/xytron/xycar_ws/build/xycar_imu/build/lib/xycar_imu/display_3D_visualization.py -> /home/xytron/xycar_ws/install/xycar_imu/lib/python3.10/site-packages/xycar_imu
[7.878s] creating /home/xytron/xycar_ws/install/xycar_imu/lib/python3.10/site-packages/xycar_imu/lib
[7.878s] copying /home/xytron/xycar_ws/build/xycar_imu/build/lib/xycar_imu/lib/__init__.py -> /home/xytron/xycar_ws/install/xycar_imu/lib/python3.10/site-packages/xycar_imu/lib
[7.878s] copying /home/xytron/xycar_ws/build/xycar_imu/build/lib/xycar_imu/lib/serial_commands.py -> /home/xytron/xycar_ws/install/xycar_imu/lib/python3.10/site-packages/xycar_imu/lib
[7.878s] copying /home/xytron/xycar_ws/build/xycar_imu/build/lib/xycar_imu/imu_node.py -> /home/xytron/xycar_ws/install/xycar_imu/lib/python3.10/site-packages/xycar_imu
[7.879s] byte-compiling /home/xytron/xycar_ws/install/xycar_imu/lib/python3.10/site-packages/xycar_imu/__init__.py to __init__.cpython-310.pyc
[7.879s] byte-compiling /home/xytron/xycar_ws/install/xycar_imu/lib/python3.10/site-packages/xycar_imu/display_3D_visualization.py to display_3D_visualization.cpython-310.pyc
[7.880s] byte-compiling /home/xytron/xycar_ws/install/xycar_imu/lib/python3.10/site-packages/xycar_imu/lib/__init__.py to __init__.cpython-310.pyc
[7.880s] byte-compiling /home/xytron/xycar_ws/install/xycar_imu/lib/python3.10/site-packages/xycar_imu/lib/serial_commands.py to serial_commands.cpython-310.pyc
[7.882s] byte-compiling /home/xytron/xycar_ws/install/xycar_imu/lib/python3.10/site-packages/xycar_imu/imu_node.py to imu_node.cpython-310.pyc
[7.883s] running install_data
[7.884s] creating /home/xytron/xycar_ws/install/xycar_imu/share/ament_index
[7.884s] creating /home/xytron/xycar_ws/install/xycar_imu/share/ament_index/resource_index
[7.885s] creating /home/xytron/xycar_ws/install/xycar_imu/share/ament_index/resource_index/packages
[7.899s] copying resource/xycar_imu -> /home/xytron/xycar_ws/install/xycar_imu/share/ament_index/resource_index/packages
[7.899s] copying package.xml -> /home/xytron/xycar_ws/install/xycar_imu/share/xycar_imu
[7.899s] creating /home/xytron/xycar_ws/install/xycar_imu/share/xycar_imu/launch
[7.899s] copying launch/xycar_imu_and_display.launch.py -> /home/xytron/xycar_ws/install/xycar_imu/share/xycar_imu/launch
[7.900s] copying launch/xycar_imu.launch.py -> /home/xytron/xycar_ws/install/xycar_imu/share/xycar_imu/launch
[7.900s] copying launch/razor-pub-diags.launch.py -> /home/xytron/xycar_ws/install/xycar_imu/share/xycar_imu/launch
[7.900s] copying launch/xycar_imu_viewer.launch.py -> /home/xytron/xycar_ws/install/xycar_imu/share/xycar_imu/launch
[7.900s] copying launch/xycar_imu_display.launch.py -> /home/xytron/xycar_ws/install/xycar_imu/share/xycar_imu/launch
[7.900s] creating /home/xytron/xycar_ws/install/xycar_imu/share/xycar_imu/config
[7.900s] copying config/xycar_imu.yaml -> /home/xytron/xycar_ws/install/xycar_imu/share/xycar_imu/config
[7.900s] copying config/razor_diags.yaml -> /home/xytron/xycar_ws/install/xycar_imu/share/xycar_imu/config
[7.900s] copying config/razor.yaml -> /home/xytron/xycar_ws/install/xycar_imu/share/xycar_imu/config
[7.900s] running install_egg_info
[7.900s] Copying ../../../build/xycar_imu/xycar_imu.egg-info to /home/xytron/xycar_ws/install/xycar_imu/lib/python3.10/site-packages/xycar_imu-1.2.0-py3.10.egg-info
[7.900s] running install_scripts
[7.900s] Installing display_3D_visualization_node script to /home/xytron/xycar_ws/install/xycar_imu/lib/xycar_imu
[7.900s] Installing imu_node script to /home/xytron/xycar_ws/install/xycar_imu/lib/xycar_imu
[7.901s] writing list of installed files to '/home/xytron/xycar_ws/build/xycar_imu/install.log'
[8.004s] Invoked command in '/home/xytron/xycar_ws/src/xycar_device/xycar_imu' returned '0': PYTHONPATH=/home/xytron/xycar_ws/build/xycar_imu/prefix_override:/usr/lib/python3/dist-packages/colcon_core/task/python/colcon_distutils_commands:/home/xytron/xycar_ws/install/xycar_imu/lib/python3.10/site-packages:${PYTHONPATH} /usr/bin/python3 -W ignore:setup.py install is deprecated -W ignore:easy_install command is deprecated setup.py egg_info --egg-base ../../../build/xycar_imu build --build-base /home/xytron/xycar_ws/build/xycar_imu/build install --record /home/xytron/xycar_ws/build/xycar_imu/install.log --single-version-externally-managed install_data
