[0.419s] Invoking command in '/home/xytron/xycar_ws/build/vesc_driver': CMAKE_PREFIX_PATH=/home/xytron/xycar_ws/install/vesc_msgs:/home/xytron/xycar_ws/install/yolo_msgs:/home/xytron/xycar_ws/install/xycar_ultrasonic:/home/xytron/xycar_ws/install/xycar_msgs:/home/xytron/xycar_ws/install/xycar_lidar:/home/xytron/xycar_ws/install/vesc:/home/xytron/xycar_ws/install/vesc_driver:/home/xytron/xycar_ws/install/vesc_ackermann:/home/xytron/xycar_ws/install/app_web_controller:/home/xytron/xycar_ws/install/app_viewer_all:/home/xytron/xycar_ws/install/xycar_planner:/home/xytron/xycar_ws/install/control_motor:/home/xytron/xycar_ws/install/xycar_motor:/home/xytron/xycar_ws/install/xycar_imu:/home/xytron/xycar_ws/install/xycar_cam:/home/xytron/xycar_ws/install/app_ultra_viewer:/home/xytron/xycar_ws/install/app_turtlesim:/home/xytron/xycar_ws/install/app_sensor_drive:/home/xytron/xycar_ws/install/app_rule_drive_sim:/home/xytron/xycar_ws/install/app_pubsub:/home/xytron/xycar_ws/install/app_path_planning:/home/xytron/xycar_ws/install/app_hough_drive:/home/xytron/xycar_ws/install/app_cam_exposure:/home/xytron/xycar_ws/install/app_8_drive:/opt/ros/humble LD_LIBRARY_PATH=/home/xytron/xycar_ws/install/vesc_msgs/lib:/opt/ros/humble/lib:/home/xytron/xycar_ws/install/yolo_msgs/lib:/home/xytron/xycar_ws/install/xycar_msgs/lib:/home/xytron/xycar_ws/install/vesc_driver/lib:/home/xytron/xycar_ws/install/vesc_ackermann/lib:/opt/ros/humble/opt/rviz_ogre_vendor/lib:/opt/ros/humble/lib/x86_64-linux-gnu:/opt/ros/humble/lib /usr/bin/cmake --build /home/xytron/xycar_ws/build/vesc_driver -- -j16 -l16
[0.515s] [ 20%] Built target vesc_driver_node
[0.525s] [ 70%] Built target vesc_driver
[0.565s] [100%] Built target vesc_device_namer
[0.621s] Invoked command in '/home/xytron/xycar_ws/build/vesc_driver' returned '0': CMAKE_PREFIX_PATH=/home/xytron/xycar_ws/install/vesc_msgs:/home/xytron/xycar_ws/install/yolo_msgs:/home/xytron/xycar_ws/install/xycar_ultrasonic:/home/xytron/xycar_ws/install/xycar_msgs:/home/xytron/xycar_ws/install/xycar_lidar:/home/xytron/xycar_ws/install/vesc:/home/xytron/xycar_ws/install/vesc_driver:/home/xytron/xycar_ws/install/vesc_ackermann:/home/xytron/xycar_ws/install/app_web_controller:/home/xytron/xycar_ws/install/app_viewer_all:/home/xytron/xycar_ws/install/xycar_planner:/home/xytron/xycar_ws/install/control_motor:/home/xytron/xycar_ws/install/xycar_motor:/home/xytron/xycar_ws/install/xycar_imu:/home/xytron/xycar_ws/install/xycar_cam:/home/xytron/xycar_ws/install/app_ultra_viewer:/home/xytron/xycar_ws/install/app_turtlesim:/home/xytron/xycar_ws/install/app_sensor_drive:/home/xytron/xycar_ws/install/app_rule_drive_sim:/home/xytron/xycar_ws/install/app_pubsub:/home/xytron/xycar_ws/install/app_path_planning:/home/xytron/xycar_ws/install/app_hough_drive:/home/xytron/xycar_ws/install/app_cam_exposure:/home/xytron/xycar_ws/install/app_8_drive:/opt/ros/humble LD_LIBRARY_PATH=/home/xytron/xycar_ws/install/vesc_msgs/lib:/opt/ros/humble/lib:/home/xytron/xycar_ws/install/yolo_msgs/lib:/home/xytron/xycar_ws/install/xycar_msgs/lib:/home/xytron/xycar_ws/install/vesc_driver/lib:/home/xytron/xycar_ws/install/vesc_ackermann/lib:/opt/ros/humble/opt/rviz_ogre_vendor/lib:/opt/ros/humble/lib/x86_64-linux-gnu:/opt/ros/humble/lib /usr/bin/cmake --build /home/xytron/xycar_ws/build/vesc_driver -- -j16 -l16
[0.622s] Invoking command in '/home/xytron/xycar_ws/build/vesc_driver': CMAKE_PREFIX_PATH=/home/xytron/xycar_ws/install/vesc_msgs:/home/xytron/xycar_ws/install/yolo_msgs:/home/xytron/xycar_ws/install/xycar_ultrasonic:/home/xytron/xycar_ws/install/xycar_msgs:/home/xytron/xycar_ws/install/xycar_lidar:/home/xytron/xycar_ws/install/vesc:/home/xytron/xycar_ws/install/vesc_driver:/home/xytron/xycar_ws/install/vesc_ackermann:/home/xytron/xycar_ws/install/app_web_controller:/home/xytron/xycar_ws/install/app_viewer_all:/home/xytron/xycar_ws/install/xycar_planner:/home/xytron/xycar_ws/install/control_motor:/home/xytron/xycar_ws/install/xycar_motor:/home/xytron/xycar_ws/install/xycar_imu:/home/xytron/xycar_ws/install/xycar_cam:/home/xytron/xycar_ws/install/app_ultra_viewer:/home/xytron/xycar_ws/install/app_turtlesim:/home/xytron/xycar_ws/install/app_sensor_drive:/home/xytron/xycar_ws/install/app_rule_drive_sim:/home/xytron/xycar_ws/install/app_pubsub:/home/xytron/xycar_ws/install/app_path_planning:/home/xytron/xycar_ws/install/app_hough_drive:/home/xytron/xycar_ws/install/app_cam_exposure:/home/xytron/xycar_ws/install/app_8_drive:/opt/ros/humble LD_LIBRARY_PATH=/home/xytron/xycar_ws/install/vesc_msgs/lib:/opt/ros/humble/lib:/home/xytron/xycar_ws/install/yolo_msgs/lib:/home/xytron/xycar_ws/install/xycar_msgs/lib:/home/xytron/xycar_ws/install/vesc_driver/lib:/home/xytron/xycar_ws/install/vesc_ackermann/lib:/opt/ros/humble/opt/rviz_ogre_vendor/lib:/opt/ros/humble/lib/x86_64-linux-gnu:/opt/ros/humble/lib /usr/bin/cmake --install /home/xytron/xycar_ws/build/vesc_driver
[0.631s] -- Install configuration: ""
[0.631s] -- Up-to-date: /home/xytron/xycar_ws/install/vesc_driver/lib/vesc_driver/vesc_driver_node
[0.631s] -- Up-to-date: /home/xytron/xycar_ws/install/vesc_driver/include
[0.632s] -- Up-to-date: /home/xytron/xycar_ws/install/vesc_driver/include/vesc_driver
[0.632s] -- Up-to-date: /home/xytron/xycar_ws/install/vesc_driver/include/vesc_driver/vesc_driver.hpp
[0.632s] -- Up-to-date: /home/xytron/xycar_ws/install/vesc_driver/include/vesc_driver/vesc_packet.hpp
[0.632s] -- Up-to-date: /home/xytron/xycar_ws/install/vesc_driver/include/vesc_driver/crc.hpp
[0.632s] -- Up-to-date: /home/xytron/xycar_ws/install/vesc_driver/include/vesc_driver/datatypes.hpp
[0.632s] -- Up-to-date: /home/xytron/xycar_ws/install/vesc_driver/include/vesc_driver/vesc_device_uuid_lookup.hpp
[0.632s] -- Up-to-date: /home/xytron/xycar_ws/install/vesc_driver/include/vesc_driver/vesc_interface.hpp
[0.632s] -- Up-to-date: /home/xytron/xycar_ws/install/vesc_driver/include/vesc_driver/vesc_packet_factory.hpp
[0.632s] -- Up-to-date: /home/xytron/xycar_ws/install/vesc_driver/share/vesc_driver/environment/library_path.sh
[0.633s] -- Up-to-date: /home/xytron/xycar_ws/install/vesc_driver/share/vesc_driver/environment/library_path.dsv
[0.633s] -- Up-to-date: /home/xytron/xycar_ws/install/vesc_driver/lib/libvesc_driver.so
[0.633s] -- Up-to-date: /home/xytron/xycar_ws/install/vesc_driver/lib/vesc_driver/vesc_device_namer
[0.633s] -- Up-to-date: /home/xytron/xycar_ws/install/vesc_driver/share/vesc_driver/launch
[0.633s] -- Up-to-date: /home/xytron/xycar_ws/install/vesc_driver/share/vesc_driver/launch/vesc_driver_node.launch.py
[0.633s] -- Up-to-date: /home/xytron/xycar_ws/install/vesc_driver/share/vesc_driver/params
[0.633s] -- Up-to-date: /home/xytron/xycar_ws/install/vesc_driver/share/vesc_driver/params/vesc_config.yaml
[0.633s] -- Up-to-date: /home/xytron/xycar_ws/install/vesc_driver/share/ament_index/resource_index/package_run_dependencies/vesc_driver
[0.633s] -- Up-to-date: /home/xytron/xycar_ws/install/vesc_driver/share/ament_index/resource_index/parent_prefix_path/vesc_driver
[0.634s] -- Up-to-date: /home/xytron/xycar_ws/install/vesc_driver/share/vesc_driver/environment/ament_prefix_path.sh
[0.634s] -- Up-to-date: /home/xytron/xycar_ws/install/vesc_driver/share/vesc_driver/environment/ament_prefix_path.dsv
[0.634s] -- Up-to-date: /home/xytron/xycar_ws/install/vesc_driver/share/vesc_driver/environment/path.sh
[0.634s] -- Up-to-date: /home/xytron/xycar_ws/install/vesc_driver/share/vesc_driver/environment/path.dsv
[0.634s] -- Up-to-date: /home/xytron/xycar_ws/install/vesc_driver/share/vesc_driver/local_setup.bash
[0.634s] -- Up-to-date: /home/xytron/xycar_ws/install/vesc_driver/share/vesc_driver/local_setup.sh
[0.634s] -- Up-to-date: /home/xytron/xycar_ws/install/vesc_driver/share/vesc_driver/local_setup.zsh
[0.634s] -- Up-to-date: /home/xytron/xycar_ws/install/vesc_driver/share/vesc_driver/local_setup.dsv
[0.634s] -- Installing: /home/xytron/xycar_ws/install/vesc_driver/share/vesc_driver/package.dsv
[0.634s] -- Up-to-date: /home/xytron/xycar_ws/install/vesc_driver/share/ament_index/resource_index/packages/vesc_driver
[0.634s] -- Up-to-date: /home/xytron/xycar_ws/install/vesc_driver/share/ament_index/resource_index/rclcpp_components/vesc_driver
[0.635s] -- Up-to-date: /home/xytron/xycar_ws/install/vesc_driver/share/vesc_driver/cmake/ament_cmake_export_dependencies-extras.cmake
[0.635s] -- Up-to-date: /home/xytron/xycar_ws/install/vesc_driver/share/vesc_driver/cmake/ament_cmake_export_include_directories-extras.cmake
[0.635s] -- Up-to-date: /home/xytron/xycar_ws/install/vesc_driver/share/vesc_driver/cmake/ament_cmake_export_libraries-extras.cmake
[0.635s] -- Up-to-date: /home/xytron/xycar_ws/install/vesc_driver/share/vesc_driver/cmake/vesc_driverConfig.cmake
[0.635s] -- Up-to-date: /home/xytron/xycar_ws/install/vesc_driver/share/vesc_driver/cmake/vesc_driverConfig-version.cmake
[0.635s] -- Up-to-date: /home/xytron/xycar_ws/install/vesc_driver/share/vesc_driver/package.xml
[0.637s] Invoked command in '/home/xytron/xycar_ws/build/vesc_driver' returned '0': CMAKE_PREFIX_PATH=/home/xytron/xycar_ws/install/vesc_msgs:/home/xytron/xycar_ws/install/yolo_msgs:/home/xytron/xycar_ws/install/xycar_ultrasonic:/home/xytron/xycar_ws/install/xycar_msgs:/home/xytron/xycar_ws/install/xycar_lidar:/home/xytron/xycar_ws/install/vesc:/home/xytron/xycar_ws/install/vesc_driver:/home/xytron/xycar_ws/install/vesc_ackermann:/home/xytron/xycar_ws/install/app_web_controller:/home/xytron/xycar_ws/install/app_viewer_all:/home/xytron/xycar_ws/install/xycar_planner:/home/xytron/xycar_ws/install/control_motor:/home/xytron/xycar_ws/install/xycar_motor:/home/xytron/xycar_ws/install/xycar_imu:/home/xytron/xycar_ws/install/xycar_cam:/home/xytron/xycar_ws/install/app_ultra_viewer:/home/xytron/xycar_ws/install/app_turtlesim:/home/xytron/xycar_ws/install/app_sensor_drive:/home/xytron/xycar_ws/install/app_rule_drive_sim:/home/xytron/xycar_ws/install/app_pubsub:/home/xytron/xycar_ws/install/app_path_planning:/home/xytron/xycar_ws/install/app_hough_drive:/home/xytron/xycar_ws/install/app_cam_exposure:/home/xytron/xycar_ws/install/app_8_drive:/opt/ros/humble LD_LIBRARY_PATH=/home/xytron/xycar_ws/install/vesc_msgs/lib:/opt/ros/humble/lib:/home/xytron/xycar_ws/install/yolo_msgs/lib:/home/xytron/xycar_ws/install/xycar_msgs/lib:/home/xytron/xycar_ws/install/vesc_driver/lib:/home/xytron/xycar_ws/install/vesc_ackermann/lib:/opt/ros/humble/opt/rviz_ogre_vendor/lib:/opt/ros/humble/lib/x86_64-linux-gnu:/opt/ros/humble/lib /usr/bin/cmake --install /home/xytron/xycar_ws/build/vesc_driver
