[4.764s] Invoking command in '/home/xytron/xycar_ws/src/xycar_application/app_rule_drive_sim': PYTHONPATH=/home/xytron/xycar_ws/build/app_rule_drive_sim/prefix_override:/usr/lib/python3/dist-packages/colcon_core/task/python/colcon_distutils_commands:/home/xytron/xycar_ws/install/app_rule_drive_sim/lib/python3.10/site-packages:${PYTHONPATH} /usr/bin/python3 -W ignore:setup.py install is deprecated -W ignore:easy_install command is deprecated setup.py egg_info --egg-base ../../../build/app_rule_drive_sim build --build-base /home/xytron/xycar_ws/build/app_rule_drive_sim/build install --record /home/xytron/xycar_ws/build/app_rule_drive_sim/install.log --single-version-externally-managed install_data
[5.558s] running egg_info
[5.560s] writing ../../../build/app_rule_drive_sim/app_rule_drive_sim.egg-info/PKG-INFO
[5.560s] writing dependency_links to ../../../build/app_rule_drive_sim/app_rule_drive_sim.egg-info/dependency_links.txt
[5.560s] writing entry points to ../../../build/app_rule_drive_sim/app_rule_drive_sim.egg-info/entry_points.txt
[5.561s] writing requirements to ../../../build/app_rule_drive_sim/app_rule_drive_sim.egg-info/requires.txt
[5.561s] writing top-level names to ../../../build/app_rule_drive_sim/app_rule_drive_sim.egg-info/top_level.txt
[5.569s] reading manifest file '../../../build/app_rule_drive_sim/app_rule_drive_sim.egg-info/SOURCES.txt'
[5.575s] writing manifest file '../../../build/app_rule_drive_sim/app_rule_drive_sim.egg-info/SOURCES.txt'
[5.575s] running build
[5.576s] running build_py
[5.577s] running install
[5.579s] running install_lib
[5.581s] running install_data
[5.582s] running install_egg_info
[5.585s] removing '/home/xytron/xycar_ws/install/app_rule_drive_sim/lib/python3.10/site-packages/app_rule_drive_sim-0.0.0-py3.10.egg-info' (and everything under it)
[5.585s] Copying ../../../build/app_rule_drive_sim/app_rule_drive_sim.egg-info to /home/xytron/xycar_ws/install/app_rule_drive_sim/lib/python3.10/site-packages/app_rule_drive_sim-0.0.0-py3.10.egg-info
[5.586s] running install_scripts
[5.642s] Installing drive script to /home/xytron/xycar_ws/install/app_rule_drive_sim/lib/app_rule_drive_sim
[5.649s] writing list of installed files to '/home/xytron/xycar_ws/build/app_rule_drive_sim/install.log'
[5.783s] Invoked command in '/home/xytron/xycar_ws/src/xycar_application/app_rule_drive_sim' returned '0': PYTHONPATH=/home/xytron/xycar_ws/build/app_rule_drive_sim/prefix_override:/usr/lib/python3/dist-packages/colcon_core/task/python/colcon_distutils_commands:/home/xytron/xycar_ws/install/app_rule_drive_sim/lib/python3.10/site-packages:${PYTHONPATH} /usr/bin/python3 -W ignore:setup.py install is deprecated -W ignore:easy_install command is deprecated setup.py egg_info --egg-base ../../../build/app_rule_drive_sim build --build-base /home/xytron/xycar_ws/build/app_rule_drive_sim/build install --record /home/xytron/xycar_ws/build/app_rule_drive_sim/install.log --single-version-externally-managed install_data
