[0.109s] Invoking command in '/home/xytron/xycar_ws/build/vesc_ackermann': CMAKE_PREFIX_PATH=/home/xytron/xycar_ws/install/vesc_msgs:/home/xytron/xycar_ws/install/yolo_msgs:/home/xytron/xycar_ws/install/xycar_ultrasonic:/home/xytron/xycar_ws/install/xycar_msgs:/home/xytron/xycar_ws/install/xycar_lidar:/home/xytron/xycar_ws/install/vesc:/home/xytron/xycar_ws/install/vesc_driver:/home/xytron/xycar_ws/install/vesc_ackermann:/home/xytron/xycar_ws/install/app_web_controller:/home/xytron/xycar_ws/install/app_viewer_all:/home/xytron/xycar_ws/install/xycar_planner:/home/xytron/xycar_ws/install/control_motor:/home/xytron/xycar_ws/install/xycar_motor:/home/xytron/xycar_ws/install/xycar_imu:/home/xytron/xycar_ws/install/xycar_cam:/home/xytron/xycar_ws/install/app_ultra_viewer:/home/xytron/xycar_ws/install/app_turtlesim:/home/xytron/xycar_ws/install/app_sensor_drive:/home/xytron/xycar_ws/install/app_rule_drive_sim:/home/xytron/xycar_ws/install/app_pubsub:/home/xytron/xycar_ws/install/app_path_planning:/home/xytron/xycar_ws/install/app_hough_drive:/home/xytron/xycar_ws/install/app_cam_exposure:/home/xytron/xycar_ws/install/app_8_drive:/opt/ros/humble LD_LIBRARY_PATH=/home/xytron/xycar_ws/install/vesc_msgs/lib:/opt/ros/humble/lib:/home/xytron/xycar_ws/install/yolo_msgs/lib:/home/xytron/xycar_ws/install/xycar_msgs/lib:/home/xytron/xycar_ws/install/vesc_driver/lib:/home/xytron/xycar_ws/install/vesc_ackermann/lib:/opt/ros/humble/opt/rviz_ogre_vendor/lib:/opt/ros/humble/lib/x86_64-linux-gnu:/opt/ros/humble/lib /usr/bin/cmake --build /home/xytron/xycar_ws/build/vesc_ackermann -- -j16 -l16
[0.224s] [ 28%] Built target ackermann_to_vesc_node
[0.228s] [ 57%] Built target vesc_to_odom_node
[0.235s] [100%] Built target vesc_ackermann
[0.757s] Invoked command in '/home/xytron/xycar_ws/build/vesc_ackermann' returned '0': CMAKE_PREFIX_PATH=/home/xytron/xycar_ws/install/vesc_msgs:/home/xytron/xycar_ws/install/yolo_msgs:/home/xytron/xycar_ws/install/xycar_ultrasonic:/home/xytron/xycar_ws/install/xycar_msgs:/home/xytron/xycar_ws/install/xycar_lidar:/home/xytron/xycar_ws/install/vesc:/home/xytron/xycar_ws/install/vesc_driver:/home/xytron/xycar_ws/install/vesc_ackermann:/home/xytron/xycar_ws/install/app_web_controller:/home/xytron/xycar_ws/install/app_viewer_all:/home/xytron/xycar_ws/install/xycar_planner:/home/xytron/xycar_ws/install/control_motor:/home/xytron/xycar_ws/install/xycar_motor:/home/xytron/xycar_ws/install/xycar_imu:/home/xytron/xycar_ws/install/xycar_cam:/home/xytron/xycar_ws/install/app_ultra_viewer:/home/xytron/xycar_ws/install/app_turtlesim:/home/xytron/xycar_ws/install/app_sensor_drive:/home/xytron/xycar_ws/install/app_rule_drive_sim:/home/xytron/xycar_ws/install/app_pubsub:/home/xytron/xycar_ws/install/app_path_planning:/home/xytron/xycar_ws/install/app_hough_drive:/home/xytron/xycar_ws/install/app_cam_exposure:/home/xytron/xycar_ws/install/app_8_drive:/opt/ros/humble LD_LIBRARY_PATH=/home/xytron/xycar_ws/install/vesc_msgs/lib:/opt/ros/humble/lib:/home/xytron/xycar_ws/install/yolo_msgs/lib:/home/xytron/xycar_ws/install/xycar_msgs/lib:/home/xytron/xycar_ws/install/vesc_driver/lib:/home/xytron/xycar_ws/install/vesc_ackermann/lib:/opt/ros/humble/opt/rviz_ogre_vendor/lib:/opt/ros/humble/lib/x86_64-linux-gnu:/opt/ros/humble/lib /usr/bin/cmake --build /home/xytron/xycar_ws/build/vesc_ackermann -- -j16 -l16
[0.759s] Invoking command in '/home/xytron/xycar_ws/build/vesc_ackermann': CMAKE_PREFIX_PATH=/home/xytron/xycar_ws/install/vesc_msgs:/home/xytron/xycar_ws/install/yolo_msgs:/home/xytron/xycar_ws/install/xycar_ultrasonic:/home/xytron/xycar_ws/install/xycar_msgs:/home/xytron/xycar_ws/install/xycar_lidar:/home/xytron/xycar_ws/install/vesc:/home/xytron/xycar_ws/install/vesc_driver:/home/xytron/xycar_ws/install/vesc_ackermann:/home/xytron/xycar_ws/install/app_web_controller:/home/xytron/xycar_ws/install/app_viewer_all:/home/xytron/xycar_ws/install/xycar_planner:/home/xytron/xycar_ws/install/control_motor:/home/xytron/xycar_ws/install/xycar_motor:/home/xytron/xycar_ws/install/xycar_imu:/home/xytron/xycar_ws/install/xycar_cam:/home/xytron/xycar_ws/install/app_ultra_viewer:/home/xytron/xycar_ws/install/app_turtlesim:/home/xytron/xycar_ws/install/app_sensor_drive:/home/xytron/xycar_ws/install/app_rule_drive_sim:/home/xytron/xycar_ws/install/app_pubsub:/home/xytron/xycar_ws/install/app_path_planning:/home/xytron/xycar_ws/install/app_hough_drive:/home/xytron/xycar_ws/install/app_cam_exposure:/home/xytron/xycar_ws/install/app_8_drive:/opt/ros/humble LD_LIBRARY_PATH=/home/xytron/xycar_ws/install/vesc_msgs/lib:/opt/ros/humble/lib:/home/xytron/xycar_ws/install/yolo_msgs/lib:/home/xytron/xycar_ws/install/xycar_msgs/lib:/home/xytron/xycar_ws/install/vesc_driver/lib:/home/xytron/xycar_ws/install/vesc_ackermann/lib:/opt/ros/humble/opt/rviz_ogre_vendor/lib:/opt/ros/humble/lib/x86_64-linux-gnu:/opt/ros/humble/lib /usr/bin/cmake --install /home/xytron/xycar_ws/build/vesc_ackermann
[0.791s] -- Install configuration: ""
[0.795s] -- Up-to-date: /home/xytron/xycar_ws/install/vesc_ackermann/lib/vesc_ackermann/ackermann_to_vesc_node
[0.798s] -- Up-to-date: /home/xytron/xycar_ws/install/vesc_ackermann/lib/vesc_ackermann/vesc_to_odom_node
[0.799s] -- Up-to-date: /home/xytron/xycar_ws/install/vesc_ackermann/include
[0.799s] -- Up-to-date: /home/xytron/xycar_ws/install/vesc_ackermann/include/vesc_ackermann
[0.802s] -- Up-to-date: /home/xytron/xycar_ws/install/vesc_ackermann/include/vesc_ackermann/vesc_to_odom.hpp
[0.803s] -- Up-to-date: /home/xytron/xycar_ws/install/vesc_ackermann/include/vesc_ackermann/ackermann_to_vesc.hpp
[0.805s] -- Up-to-date: /home/xytron/xycar_ws/install/vesc_ackermann/share/vesc_ackermann/environment/library_path.sh
[0.805s] -- Up-to-date: /home/xytron/xycar_ws/install/vesc_ackermann/share/vesc_ackermann/environment/library_path.dsv
[0.805s] -- Up-to-date: /home/xytron/xycar_ws/install/vesc_ackermann/lib/libvesc_ackermann.so
[0.805s] -- Up-to-date: /home/xytron/xycar_ws/install/vesc_ackermann/share/vesc_ackermann/launch
[0.805s] -- Up-to-date: /home/xytron/xycar_ws/install/vesc_ackermann/share/vesc_ackermann/launch/ackermann_to_vesc_node.launch.xml
[0.805s] -- Up-to-date: /home/xytron/xycar_ws/install/vesc_ackermann/share/vesc_ackermann/launch/ackermann_to_vesc_node.launch.py
[0.805s] -- Up-to-date: /home/xytron/xycar_ws/install/vesc_ackermann/share/vesc_ackermann/launch/vesc_to_odom_node.launch.xml
[0.806s] -- Up-to-date: /home/xytron/xycar_ws/install/vesc_ackermann/share/ament_index/resource_index/package_run_dependencies/vesc_ackermann
[0.806s] -- Up-to-date: /home/xytron/xycar_ws/install/vesc_ackermann/share/ament_index/resource_index/parent_prefix_path/vesc_ackermann
[0.806s] -- Up-to-date: /home/xytron/xycar_ws/install/vesc_ackermann/share/vesc_ackermann/environment/ament_prefix_path.sh
[0.806s] -- Up-to-date: /home/xytron/xycar_ws/install/vesc_ackermann/share/vesc_ackermann/environment/ament_prefix_path.dsv
[0.806s] -- Up-to-date: /home/xytron/xycar_ws/install/vesc_ackermann/share/vesc_ackermann/environment/path.sh
[0.806s] -- Up-to-date: /home/xytron/xycar_ws/install/vesc_ackermann/share/vesc_ackermann/environment/path.dsv
[0.806s] -- Up-to-date: /home/xytron/xycar_ws/install/vesc_ackermann/share/vesc_ackermann/local_setup.bash
[0.806s] -- Up-to-date: /home/xytron/xycar_ws/install/vesc_ackermann/share/vesc_ackermann/local_setup.sh
[0.807s] -- Up-to-date: /home/xytron/xycar_ws/install/vesc_ackermann/share/vesc_ackermann/local_setup.zsh
[0.807s] -- Up-to-date: /home/xytron/xycar_ws/install/vesc_ackermann/share/vesc_ackermann/local_setup.dsv
[0.807s] -- Installing: /home/xytron/xycar_ws/install/vesc_ackermann/share/vesc_ackermann/package.dsv
[0.807s] -- Up-to-date: /home/xytron/xycar_ws/install/vesc_ackermann/share/ament_index/resource_index/packages/vesc_ackermann
[0.807s] -- Up-to-date: /home/xytron/xycar_ws/install/vesc_ackermann/share/ament_index/resource_index/rclcpp_components/vesc_ackermann
[0.807s] -- Up-to-date: /home/xytron/xycar_ws/install/vesc_ackermann/share/vesc_ackermann/cmake/ament_cmake_export_dependencies-extras.cmake
[0.808s] -- Up-to-date: /home/xytron/xycar_ws/install/vesc_ackermann/share/vesc_ackermann/cmake/ament_cmake_export_include_directories-extras.cmake
[0.808s] -- Up-to-date: /home/xytron/xycar_ws/install/vesc_ackermann/share/vesc_ackermann/cmake/ament_cmake_export_libraries-extras.cmake
[0.808s] -- Up-to-date: /home/xytron/xycar_ws/install/vesc_ackermann/share/vesc_ackermann/cmake/vesc_ackermannConfig.cmake
[0.808s] -- Up-to-date: /home/xytron/xycar_ws/install/vesc_ackermann/share/vesc_ackermann/cmake/vesc_ackermannConfig-version.cmake
[0.808s] -- Up-to-date: /home/xytron/xycar_ws/install/vesc_ackermann/share/vesc_ackermann/package.xml
[0.863s] Invoked command in '/home/xytron/xycar_ws/build/vesc_ackermann' returned '0': CMAKE_PREFIX_PATH=/home/xytron/xycar_ws/install/vesc_msgs:/home/xytron/xycar_ws/install/yolo_msgs:/home/xytron/xycar_ws/install/xycar_ultrasonic:/home/xytron/xycar_ws/install/xycar_msgs:/home/xytron/xycar_ws/install/xycar_lidar:/home/xytron/xycar_ws/install/vesc:/home/xytron/xycar_ws/install/vesc_driver:/home/xytron/xycar_ws/install/vesc_ackermann:/home/xytron/xycar_ws/install/app_web_controller:/home/xytron/xycar_ws/install/app_viewer_all:/home/xytron/xycar_ws/install/xycar_planner:/home/xytron/xycar_ws/install/control_motor:/home/xytron/xycar_ws/install/xycar_motor:/home/xytron/xycar_ws/install/xycar_imu:/home/xytron/xycar_ws/install/xycar_cam:/home/xytron/xycar_ws/install/app_ultra_viewer:/home/xytron/xycar_ws/install/app_turtlesim:/home/xytron/xycar_ws/install/app_sensor_drive:/home/xytron/xycar_ws/install/app_rule_drive_sim:/home/xytron/xycar_ws/install/app_pubsub:/home/xytron/xycar_ws/install/app_path_planning:/home/xytron/xycar_ws/install/app_hough_drive:/home/xytron/xycar_ws/install/app_cam_exposure:/home/xytron/xycar_ws/install/app_8_drive:/opt/ros/humble LD_LIBRARY_PATH=/home/xytron/xycar_ws/install/vesc_msgs/lib:/opt/ros/humble/lib:/home/xytron/xycar_ws/install/yolo_msgs/lib:/home/xytron/xycar_ws/install/xycar_msgs/lib:/home/xytron/xycar_ws/install/vesc_driver/lib:/home/xytron/xycar_ws/install/vesc_ackermann/lib:/opt/ros/humble/opt/rviz_ogre_vendor/lib:/opt/ros/humble/lib/x86_64-linux-gnu:/opt/ros/humble/lib /usr/bin/cmake --install /home/xytron/xycar_ws/build/vesc_ackermann
