[2.801s] Invoking command in '/home/xytron/xycar_ws/src/xycar_device/xycar_motor': PYTHONPATH=/home/xytron/xycar_ws/build/xycar_motor/prefix_override:/usr/lib/python3/dist-packages/colcon_core/task/python/colcon_distutils_commands:/home/xytron/xycar_ws/install/xycar_motor/lib/python3.10/site-packages:${PYTHONPATH} /usr/bin/python3 -W ignore:setup.py install is deprecated -W ignore:easy_install command is deprecated setup.py egg_info --egg-base ../../../build/xycar_motor build --build-base /home/xytron/xycar_ws/build/xycar_motor/build install --record /home/xytron/xycar_ws/build/xycar_motor/install.log --single-version-externally-managed install_data
[3.459s] running egg_info
[3.460s] writing ../../../build/xycar_motor/xycar_motor.egg-info/PKG-INFO
[3.460s] writing dependency_links to ../../../build/xycar_motor/xycar_motor.egg-info/dependency_links.txt
[3.460s] writing entry points to ../../../build/xycar_motor/xycar_motor.egg-info/entry_points.txt
[3.461s] writing requirements to ../../../build/xycar_motor/xycar_motor.egg-info/requires.txt
[3.461s] writing top-level names to ../../../build/xycar_motor/xycar_motor.egg-info/top_level.txt
[3.464s] reading manifest file '../../../build/xycar_motor/xycar_motor.egg-info/SOURCES.txt'
[3.465s] writing manifest file '../../../build/xycar_motor/xycar_motor.egg-info/SOURCES.txt'
[3.465s] running build
[3.465s] running build_py
[3.466s] running install
[3.466s] running install_lib
[3.468s] running install_data
[3.468s] running install_egg_info
[3.478s] removing '/home/xytron/xycar_ws/install/xycar_motor/lib/python3.10/site-packages/xycar_motor-0.0.0-py3.10.egg-info' (and everything under it)
[3.479s] Copying ../../../build/xycar_motor/xycar_motor.egg-info to /home/xytron/xycar_ws/install/xycar_motor/lib/python3.10/site-packages/xycar_motor-0.0.0-py3.10.egg-info
[3.481s] running install_scripts
[3.516s] Installing motor_test script to /home/xytron/xycar_ws/install/xycar_motor/lib/xycar_motor
[3.517s] Installing vesc_test script to /home/xytron/xycar_ws/install/xycar_motor/lib/xycar_motor
[3.518s] Installing xycar_motor script to /home/xytron/xycar_ws/install/xycar_motor/lib/xycar_motor
[3.518s] writing list of installed files to '/home/xytron/xycar_ws/build/xycar_motor/install.log'
[3.586s] Invoked command in '/home/xytron/xycar_ws/src/xycar_device/xycar_motor' returned '0': PYTHONPATH=/home/xytron/xycar_ws/build/xycar_motor/prefix_override:/usr/lib/python3/dist-packages/colcon_core/task/python/colcon_distutils_commands:/home/xytron/xycar_ws/install/xycar_motor/lib/python3.10/site-packages:${PYTHONPATH} /usr/bin/python3 -W ignore:setup.py install is deprecated -W ignore:easy_install command is deprecated setup.py egg_info --egg-base ../../../build/xycar_motor build --build-base /home/xytron/xycar_ws/build/xycar_motor/build install --record /home/xytron/xycar_ws/build/xycar_motor/install.log --single-version-externally-managed install_data
